2025-06-20 00:29:47,447 - ------ ----- ----- Generation num ----- ----- ----- 0
2025-06-20 00:29:47,448 - ['MPHOSPH6', 'ADCY9', 'ENO3', 'WDR61', 'POLR2G', 'AR', 'CASP7', 'PIK3R5', 'ANAPC1', 'PPP2R5B', 'SPDYA', 'NAA38', 'CDK1', 'PPP2R5C', 'POLR2I', 'PDE1A', 'CCNB2', 'NFKBIA', 'TNFRSF1A', 'CASP3', 'PRKAR1B', 'CFLAR', 'PRKACB', 'PAICS', 'POLE4', 'PPP2R5A', 'PDE6G', 'CNOT1', 'PDE6D', 'PAPSS2', 'IKBKB', 'EXOSC4', 'BUB1', 'CAMK2A', 'AKT3', 'AIFM1', 'ADSL', 'DAPP1'] : 0.028533813104028666
2025-06-20 00:29:47,448 - ['CANT1', 'PDE6C', 'PPP2CA', 'PDE4C', 'XRN2', 'PPAT', 'CALM3', 'NFATC2', 'PRUNE', 'PPP1CB', 'POLA2', 'SYK', 'PRPS1', 'PDE4A', 'POLR2J', 'CD79A', 'ENPP1', 'INS', 'NME1-NME2', 'PIK3CB', 'ADSS', 'NFKBIE', 'FADD', 'MALT1', 'PIK3CG', 'PRKACA', 'PDE1C', 'C1D', 'PAICS', 'IGF1R', 'PPP3CC'] : 0.004805636000186858
2025-06-20 00:29:47,449 - ['POLR3G', 'CHUK', 'DAPP1', 'ENTPD4', 'BCL2', 'PDE11A', 'SMC1B', 'PRKACG', 'PPP2R5E', 'PRKACG', 'PKMYT1', 'CAMK2A', 'POLR2J3', 'PRKAR2B'] : 0.0
2025-06-20 00:29:47,449 - ['PAPSS1', 'LSM6', 'AKT3', 'ESPL1', 'PAICS', 'PIK3AP1', 'CNOT6', 'CASP9', 'LSM4', 'TP53', 'PIK3R3', 'PPP2R5A', 'PIK3R5', 'PRIM1', 'PPP2R5E', 'HPRT1', 'PPP3CA', 'CNOT8', 'PDE1C', 'PPP3R2', 'PRIM2', 'EXOSC5', 'PIK3CB', 'BCL2', 'ADCY10', 'PIK3R2', 'MYD88', 'MAPK1', 'CALM3', 'PDE9A', 'BID', 'MAP2K2', 'POLR3K', 'CHP2', 'PNPT1', 'POLA2', 'CD19', 'PRKACG', 'GUCY2F'] : 0.022467897828134215
2025-06-20 00:29:47,449 - ['PGR', 'CDK1', 'SLK', 'CASP10', 'NME2', 'CD79B', 'PIK3R5', 'PRKAR1B', 'PIK3R3', 'PPAT', 'PNP', 'IMPDH1', 'PDE4B', 'ITPR1', 'CNOT6L', 'VAV3', 'LOC728622', 'SMC1B', 'ZCCHC7', 'PRKACA', 'PIK3CD', 'TNF', 'CNOT1'] : 0.0
2025-06-20 00:29:47,449 - ['AIFM1', 'POLR2G', 'SMC1A', 'HSPD1', 'CASP6', 'MAPK3', 'POLD3', 'ENO2', 'REC8', 'MAP3K14', 'CNOT10', 'MAPK1', 'RRM2', 'LSM2', 'PIK3CA', 'VAV3', 'NTRK1', 'AK5', 'ENO1', 'DFFA', 'RPS6KA3', 'PRIM2', 'PTTG1', 'ENTPD2', 'DFFB', 'CNOT4', 'AKT2', 'PDE1A', 'PPP3R2', 'NAA38', 'PIK3CD', 'NT5C2'] : 0.0187076866503783
2025-06-20 00:29:47,449 - ['POLR2D', 'BUB1', 'ENTPD6', 'RAC3', 'SKIV2L', 'ENTPD2', 'IGF1R', 'AKT3', 'CHP2', 'NPR1', 'CDC23', 'POLR2J3', 'PLCZ1', 'GUK1', 'BAD', 'CHP', 'C17orf48', 'NFKBIA', 'CR2', 'PPP2CA', 'CD22', 'PARN', 'DDX6', 'GART', 'TNFRSF10B', 'EXOSC7', 'CAMK2B', 'PRIM2', 'PDE1B', 'POLR2C', 'PPP3CC', 'DAPP1', 'EXOSC8', 'ITPR3', 'LSM3', 'RRM2', 'TNF', 'XRN2', 'C1DP2'] : 0.016793512265211568
2025-06-20 00:29:47,449 - ['NT5C1A', 'PPP2R5D', 'NTRK1', 'PPP3R2', 'GMPS', 'TNFRSF10D', 'PDE4B', 'PRKX', 'PIK3CA', 'IRAK1'] : 0.024981807421457683
2025-06-20 00:29:47,449 - ['POLR3K', 'PLCG2', 'SMC1A', 'CNOT8', 'NT5C3', 'RRM2', 'AKT1', 'ANAPC10', 'POLD1', 'CASP8', 'IL3', 'SKP1', 'POLR1C', 'ENDOG', 'TRADD', 'PPP2R1A', 'MAD2L2', 'POLR3D', 'DCP1A', 'NT5C2', 'CHP2', 'TP53', 'PIK3CG', 'SOS2', 'CHUK', 'MAD2L1', 'YWHAH', 'XDH', 'POLE', 'AKT2', 'MAPK1'] : 0.03114161668273223
2025-06-20 00:29:47,449 - ['PIK3R3', 'NUDT9', 'ENTPD4', 'MAPK3', 'ADCY7', 'CNOT1', 'GUCY1B3', 'EXOSC7', 'AK4', 'PIK3R5', 'BTK', 'CANT1', 'DCP1A', 'CHP2', 'LSM7'] : 0.0
2025-06-20 00:29:47,449 - ['RPS6KA2', 'AKT2', 'PDE10A', 'MYD88', 'ADCY6', 'IL3'] : 0.0
2025-06-20 00:29:47,449 - ['PKLR', 'GSK3B', 'RELA', 'SLK', 'FCGR2B', 'CDC20', 'PPP2R5D', 'INPP5D', 'PPP3CB', 'PIK3R5', 'CASP9', 'NME3', 'ADSSL1', 'EXOG', 'ADCY6', 'GMPR2', 'C1DP3', 'ANAPC10', 'BID'] : 0.007029588544318038
2025-06-20 00:29:47,449 - ['NFATC3', 'TNFRSF1A', 'POLR3K', 'CUL1', 'IRAK4', 'CD81', 'SLK', 'ENPP3', 'SMC1B', 'C17orf48', 'PIK3CB', 'BCL2L1', 'POLD1', 'CDK1', 'MAP2K2', 'FAS', 'PDE1C', 'ENTPD1', 'NFAT5', 'ANAPC2', 'NME6', 'AURKA', 'PPP2CB', 'POLR2F', 'POLR1B'] : 0.031956435481790654
2025-06-20 00:29:47,449 - ['PPP3CB', 'LYN', 'MAPK1', 'ENTPD4', 'XRN1', 'CHUK', 'CCNB1', 'NME5', 'REC8', 'BIRC2', 'POLR3A', 'NGF', 'CD72', 'IKBKB', 'XRN2', 'PPP2R5C', 'POLE', 'ITPR3', 'ADCY7'] : 0.01929304760943834
2025-06-20 00:29:47,449 - ['ADCY7', 'LOC651610', 'GMPS', 'DDX6', 'DFFB', 'PIK3R5', 'POLR1B', 'CAPN2', 'FHIT', 'CHUK', 'PRKAR2B', 'AK5', 'CAMK2D', 'PPP3R1', 'CNOT4', 'CASP6', 'PIK3CD', 'AKT3', 'ENTPD8', 'PIK3CG', 'MAP2K1', 'ENTPD6', 'ADSL', 'NUDT5', 'NT5C3', 'CDC20', 'PTTG1', 'NME5', 'GART', 'ENTPD3', 'IMPDH1', 'AK7', 'CHUK', 'NFKBIE', 'PDE9A', 'VAV2', 'IL3', 'GUCY1A3', 'PPP3CC'] : 0.006659578499257436
2025-06-20 00:29:47,450 - ['ENTPD8', 'NME2', 'MYD88', 'PDE4A', 'VAV3', 'LSM4', 'C17orf48', 'CHP2', 'NME5', 'GSK3B', 'PDE8B', 'PPP2R5E', 'GMPR', 'BAX', 'CAPN2', 'EXOSC8', 'PTTG2'] : 0.0
2025-06-20 00:29:47,450 - ['PRPS1', 'TP53', 'DCP1A', 'TNFSF10', 'DCPS', 'ADCY1', 'POLR3G', 'POLR2H', 'CCNE2', 'ADCY10', 'POLR2C', 'KRAS', 'ADCY5', 'ENO3'] : 0.037835678802257605
2025-06-20 00:29:47,450 - ['PPP2R5E', 'MAPK12', 'ENTPD5', 'FBXW11', 'TNFSF10', 'CAPN2', 'EXOG', 'PRKACB', 'BAX', 'NFATC3', 'ADCY6', 'EXOSC9', 'ADCY2', 'SOS1', 'VAV3', 'POLR1B', 'CNOT3', 'PAPSS2', 'LSM2', 'PDE1B'] : 0.02589492747744483
2025-06-20 00:29:47,450 - ['ANAPC7', 'PDE10A', 'CDK1', 'NUDT2', 'LOC728622', 'XRN2', 'RRM2', 'ADCY2', 'PIK3CG', 'BTK', 'INPP5D', 'PPP3CB', 'POLR2J3', 'PPP3CA'] : 0.0
2025-06-20 00:29:47,450 - ['ENPP3', 'EDC4', 'CDC26', 'LOC728622', 'NT5M', 'CHP', 'ENPP1', 'EXOSC8', 'NFATC2', 'POLD1', 'PDE1A', 'ANAPC10', 'C1DP2', 'SOS2', 'YWHAH', 'HPRT1', 'SPDYA', 'CFLAR', 'CDK1', 'MOS', 'CCNE2', 'PDE4A'] : 0.005844003172441187
2025-06-20 00:29:47,450 - ['PGR', 'HRAS', 'SKIV2L', 'NME1', 'INPP5D', 'RPS6KA6', 'CDC16', 'IL3', 'XRN1'] : 0.0
2025-06-20 00:29:47,450 - ['EXOSC6', 'POLR3A', 'RAF1', 'CNOT10', 'GUCY2F', 'ADK', 'CYCS', 'LOC650621', 'FBXW11', 'FASLG', 'CHP2', 'PPP3CA', 'CD79B', 'ADCY7', 'NME4', 'PDE6B', 'PDE4A', 'POLR3B', 'PDE6D', 'SPDYC', 'POLR2D', 'PPP2R1A', 'ENTPD2', 'PPP3R1', 'IKBKB', 'CNOT6L', 'TNFRSF10D', 'PRUNE', 'RRM2', 'ENDOD1', 'CALM3', 'CDC26', 'ENTPD4'] : 0.02971550472754986
2025-06-20 00:29:47,450 - ['SPDYA', 'ENTPD5', 'GUCY1A3', 'ENO2', 'PDE6A', 'ENDOG', 'CANT1', 'PDE6B', 'PRUNE', 'PDE11A', 'SOS2', 'CASP6', 'ADCY2', 'PDE9A', 'IL1B', 'PPP2R5D', 'RPS6KA6', 'POLR3GL', 'POLR2L', 'NT5M', 'ITPR2', 'PDE10A', 'AKT2', 'GMPR2', 'CDC23', 'ADCY8', 'PPP2R5A', 'CASP9', 'CCNE1', 'ENO1'] : 0.009565368144744374
2025-06-20 00:29:47,450 - ['POLR1E', 'POLR2I', 'CHP2', 'CHUK', 'REC8', 'LSM5', 'C1DP2', 'PIK3R3', 'BLNK', 'CD22'] : 0.04541415965330623
2025-06-20 00:29:47,450 - ['NPR1', 'PIK3R5', 'PRKCB', 'NAA38', 'MALT1', 'MAP2K2', 'PPP2CA', 'MOS', 'AKT2', 'CR2', 'ANAPC2', 'TRADD', 'PRKAR1B', 'AMPD1', 'PRKX', 'CNOT2', 'EDC4', 'POLR2C', 'PPP3R1', 'EXOSC5', 'TNFRSF10A', 'PAPOLG', 'POLR1D', 'ZNRD1', 'CNOT7', 'CAMK2A', 'TNFSF10'] : 0.03612316412212779
2025-06-20 00:29:47,450 - ['ADCY6', 'PRKAR1B', 'PAPOLG', 'NFKBIE', 'CANT1', 'PRPS2'] : 0.0
2025-06-20 00:29:47,450 - ['AMPD1', 'GO:0012354', 'PPP3CA', 'FASLG', 'NT5C3', 'ENPP1', 'DFFA', 'CDK2', 'GMPS', 'PDE2A', 'ADCY3', 'STAG3', 'PPP3R1', 'MAPK1', 'LSM6', 'GUCY1A3', 'PAPOLG'] : 0.035283709947340355
2025-06-20 00:29:47,450 - ['PLCZ1', 'SOS2', 'PRKACA', 'C17orf48', 'DFFA', 'RIPK1', 'ADCY8', 'ADCY2', 'EXOG'] : 0.009335141002744117
2025-06-20 00:29:47,450 - ['DIS3', 'PAPSS1', 'PDE3B', 'PIK3R5', 'PIK3CB', 'PIK3CD', 'EXOSC9', 'MAD2L1', 'PIK3CD', 'DDX6', 'SMC1A', 'INPP5D', 'LSM7', 'NME4', 'EXOSC4', 'CNOT2', 'LOC728622', 'PPP2R1A', 'PPP2R5B', 'CDC16', 'AKT2', 'YWHAB', 'CAMK2B', 'SKP1', 'EXOSC5', 'LOC650621', 'PIK3CG', 'GUCY1B3'] : 0.03837070075720859
2025-06-20 00:29:47,450 - ['PFAS', 'PDE8B', 'CAMK2B', 'YWHAH', 'NFKBIA', 'CASP6', 'PRKACB', 'APAF1', 'CUL1', 'PPP2CA', 'POLR3G', 'ZCCHC7', 'PAPOLG', 'TNF', 'POLR3F', 'RASGRP3', 'BAD', 'ANAPC11', 'XDH', 'CCNB2', 'PRKACA', 'AKT1', 'CDK1', 'MAD2L1', 'PRKACA', 'SLK', 'NFKBIE', 'PIK3CG', 'ITPR3', 'IL3', 'ADCY2', 'MAP2K1', 'RAC2', 'CASP7', 'PPP3CB', 'CARD11', 'ENPP1', 'ADCY4', 'CD72'] : 0.014795618994164057
2025-06-20 00:29:47,515 - Finished with child num after mutate ['PPP3R1', 'ADCY3', 'YWHAB', 'ENPP1', 'NT5C3', 'STAG3', 'GO:0012354', 'PDE2A', 'MAPK1', 'BLNK', 'GUCY1A3', 'DFFA', 'PPP3CA', 'FASLG', 'AMPD1', 'PAPOLG', 'CDK2'] 
2025-06-20 00:29:47,572 - Finished with child num after mutate ['POLR2I', 'NXT1', 'CD22', 'CHP2', 'PIK3R3', 'POLR1E', 'GMPS', 'REC8', 'LSM5', 'CHUK'] 
2025-06-20 00:29:47,573 - ------ ----- ----- Generation num ----- ----- ----- 1
2025-06-20 00:29:47,631 - Finished with child num after mutate ['POLR2I', 'UBA52', 'CD22', 'CHP2', 'PIK3R3', 'POLR1E', 'BLNK', 'REC8', 'LSM5', 'CHUK'] 
2025-06-20 00:29:47,706 - Finished with child num after mutate ['PPP3R1', 'ADCY3', 'YWHAB', 'ATG9A', 'NT5C3', 'STAG3', 'GO:0012354', 'PDE2A', 'MAPK1', 'BLNK', 'GUCY1A3', 'DFFA', 'PPP3CA', 'FASLG', 'AMPD1', 'PAPOLG', 'CDK2'] 
2025-06-20 00:29:47,707 - ------ ----- ----- Generation num ----- ----- ----- 2
2025-06-20 00:29:47,782 - Finished with child num after mutate ['PPP3R1', 'ADCY3', 'TRPC6', 'STAG3', 'GO:0012354', 'CD22', 'PDE2A', 'MAPK1', 'BLNK', 'GUCY1A3', 'DFFA', 'PPP3CA', 'ATG9A', 'FASLG', 'AMPD1', 'PAPOLG', 'CDK2'] 
2025-06-20 00:29:47,852 - Finished with child num after mutate ['IL5', 'UBA52', 'POLR2I', 'CHP2', 'PIK3R3', 'POLR1E', 'BLNK', 'REC8', 'LSM5', 'CHUK'] 
2025-06-20 00:29:47,852 - ------ ----- ----- Generation num ----- ----- ----- 3
2025-06-20 00:29:47,916 - Finished with child num after mutate ['UBA52', 'POLR2I', 'IL5', 'ZNF143', 'PIK3R3', 'POLR1E', 'BLNK', 'REC8', 'LSM5', 'CHUK'] 
2025-06-20 00:29:47,973 - Finished with child num after mutate ['UBA52', 'POLR2I', 'IL5', 'URM1', 'PIK3R3', 'POLR1E', 'BLNK', 'REC8', 'LSM5', 'CHUK'] 
2025-06-20 00:29:47,973 - ------ ----- ----- Generation num ----- ----- ----- 4
2025-06-20 00:29:48,033 - Finished with child num after mutate ['UBA52', 'POLR2I', 'IL5', 'PKLR', 'PIK3R3', 'POLR1E', 'BLNK', 'REC8', 'LSM5', 'CHUK'] 
2025-06-20 00:29:48,095 - Finished with child num after mutate ['UBA52', 'IL5', 'POLR2I', 'ZNF143', 'PIK3R3', 'POLR1E', 'BLNK', 'NELFE', 'LSM5', 'CHUK'] 
2025-06-20 00:29:48,095 - ------ ----- ----- Generation num ----- ----- ----- 5
2025-06-20 00:29:48,155 - Finished with child num after mutate ['UBA52', 'POLR2I', 'IL5', 'ERCC6L2', 'PIK3R3', 'POLR1E', 'BLNK', 'REC8', 'LSM5', 'CHUK'] 
2025-06-20 00:29:48,216 - Finished with child num after mutate ['UBA52', 'POLR2I', 'IL5', 'ZNF143', 'PIK3R3', 'POLR1E', 'ARHGAP35', 'NELFE', 'LSM5', 'CHUK'] 
2025-06-20 00:29:48,217 - ------ ----- ----- Generation num ----- ----- ----- 6
2025-06-20 00:29:48,275 - Finished with child num after mutate ['UBA52', 'IL5', 'POLR2I', 'ZNF143', 'PIK3R3', 'POLR1E', 'BLNK', 'PPIE', 'LSM5', 'CHUK'] 
2025-06-20 00:29:48,333 - Finished with child num after mutate ['ERCC6L2', 'UBA52', 'IL5', 'POLR2I', 'PIK3R3', 'POLR1E', 'BLNK', 'NPR2', 'LSM5', 'CHUK'] 
2025-06-20 00:29:48,334 - ------ ----- ----- Generation num ----- ----- ----- 7
2025-06-20 00:29:48,394 - Finished with child num after mutate ['UBA52', 'POLR2I', 'IL5', 'ZNF143', 'PIK3R3', 'POLR1E', 'HDAC3', 'NELFE', 'LSM5', 'CHUK'] 
2025-06-20 00:29:48,455 - Finished with child num after mutate ['UBA52', 'POLR2I', 'IL5', 'ZNF143', 'PPIE', 'PIK3R3', 'POLR1E', 'STUB1', 'LSM5', 'CHUK'] 
2025-06-20 00:29:48,456 - ------ ----- ----- Generation num ----- ----- ----- 8
2025-06-20 00:29:48,520 - Finished with child num after mutate ['STUB1', 'UBA52', 'IL5', 'POLR2I', 'PPIE', 'DNAH8', 'PIK3R3', 'POLR1E', 'LSM5', 'CHUK'] 
2025-06-20 00:29:48,580 - Finished with child num after mutate ['UBA52', 'POLR2I', 'IL5', 'ZNF143', 'PPIE', 'PIK3R3', 'POLR1E', 'PPCS', 'LSM5', 'CHUK'] 
2025-06-20 00:29:48,581 - ------ ----- ----- Generation num ----- ----- ----- 9
2025-06-20 00:29:48,638 - Finished with child num after mutate ['STUB1', 'UBA52', 'IL5', 'POLR2I', 'PPIE', 'TRAF3IP1', 'POLR1E', 'LSM5', 'CHUK'] 
2025-06-20 00:29:48,695 - Finished with child num after mutate ['UBA52', 'IL5', 'POLR2I', 'PPIE', 'ZNF143', 'POP4', 'PIK3R3', 'LSM5', 'CHUK'] 
2025-06-20 00:29:48,696 - ------ ----- ----- Generation num ----- ----- ----- 10
2025-06-20 00:29:48,696 - ['STUB1', 'UBA52', 'IL5', 'POLR2I', 'PPIE', 'TRAF3IP1', 'POLR1E', 'LSM5', 'CHUK'] : 0.12438115568120711
2025-06-20 00:29:48,696 - ['UBA52', 'IL5', 'POLR2I', 'PPIE', 'ZNF143', 'POP4', 'PIK3R3', 'LSM5', 'CHUK'] : 0.10292482878220036
2025-06-20 00:29:48,696 - ['PPP2R5E', 'MAPK12', 'ENTPD5', 'FBXW11', 'TNFSF10', 'CAPN2', 'EXOG', 'PRKACB', 'BAX', 'NFATC3', 'ADCY6', 'EXOSC9', 'ADCY2', 'SOS1', 'VAV3', 'POLR1B', 'CNOT3', 'PAPSS2', 'LSM2', 'PDE1B'] : 0.02589492747744483
2025-06-20 00:29:48,696 - ['MPHOSPH6', 'ADCY9', 'ENO3', 'WDR61', 'POLR2G', 'AR', 'CASP7', 'PIK3R5', 'ANAPC1', 'PPP2R5B', 'SPDYA', 'NAA38', 'CDK1', 'PPP2R5C', 'POLR2I', 'PDE1A', 'CCNB2', 'NFKBIA', 'TNFRSF1A', 'CASP3', 'PRKAR1B', 'CFLAR', 'PRKACB', 'PAICS', 'POLE4', 'PPP2R5A', 'PDE6G', 'CNOT1', 'PDE6D', 'PAPSS2', 'IKBKB', 'EXOSC4', 'BUB1', 'CAMK2A', 'AKT3', 'AIFM1', 'ADSL', 'DAPP1'] : 0.028533813104028666
2025-06-20 00:29:48,696 - ['EXOSC6', 'POLR3A', 'RAF1', 'CNOT10', 'GUCY2F', 'ADK', 'CYCS', 'LOC650621', 'FBXW11', 'FASLG', 'CHP2', 'PPP3CA', 'CD79B', 'ADCY7', 'NME4', 'PDE6B', 'PDE4A', 'POLR3B', 'PDE6D', 'SPDYC', 'POLR2D', 'PPP2R1A', 'ENTPD2', 'PPP3R1', 'IKBKB', 'CNOT6L', 'TNFRSF10D', 'PRUNE', 'RRM2', 'ENDOD1', 'CALM3', 'CDC26', 'ENTPD4'] : 0.02971550472754986
2025-06-20 00:29:48,696 - ['POLR3K', 'PLCG2', 'SMC1A', 'CNOT8', 'NT5C3', 'RRM2', 'AKT1', 'ANAPC10', 'POLD1', 'CASP8', 'IL3', 'SKP1', 'POLR1C', 'ENDOG', 'TRADD', 'PPP2R1A', 'MAD2L2', 'POLR3D', 'DCP1A', 'NT5C2', 'CHP2', 'TP53', 'PIK3CG', 'SOS2', 'CHUK', 'MAD2L1', 'YWHAH', 'XDH', 'POLE', 'AKT2', 'MAPK1'] : 0.03114161668273223
2025-06-20 00:29:48,696 - ['NFATC3', 'TNFRSF1A', 'POLR3K', 'CUL1', 'IRAK4', 'CD81', 'SLK', 'ENPP3', 'SMC1B', 'C17orf48', 'PIK3CB', 'BCL2L1', 'POLD1', 'CDK1', 'MAP2K2', 'FAS', 'PDE1C', 'ENTPD1', 'NFAT5', 'ANAPC2', 'NME6', 'AURKA', 'PPP2CB', 'POLR2F', 'POLR1B'] : 0.031956435481790654
2025-06-20 00:29:48,696 - ['AMPD1', 'GO:0012354', 'PPP3CA', 'FASLG', 'NT5C3', 'ENPP1', 'DFFA', 'CDK2', 'GMPS', 'PDE2A', 'ADCY3', 'STAG3', 'PPP3R1', 'MAPK1', 'LSM6', 'GUCY1A3', 'PAPOLG'] : 0.035283709947340355
2025-06-20 00:29:48,696 - ['NPR1', 'PIK3R5', 'PRKCB', 'NAA38', 'MALT1', 'MAP2K2', 'PPP2CA', 'MOS', 'AKT2', 'CR2', 'ANAPC2', 'TRADD', 'PRKAR1B', 'AMPD1', 'PRKX', 'CNOT2', 'EDC4', 'POLR2C', 'PPP3R1', 'EXOSC5', 'TNFRSF10A', 'PAPOLG', 'POLR1D', 'ZNRD1', 'CNOT7', 'CAMK2A', 'TNFSF10'] : 0.03612316412212779
2025-06-20 00:29:48,696 - ['PRPS1', 'TP53', 'DCP1A', 'TNFSF10', 'DCPS', 'ADCY1', 'POLR3G', 'POLR2H', 'CCNE2', 'ADCY10', 'POLR2C', 'KRAS', 'ADCY5', 'ENO3'] : 0.037835678802257605
2025-06-20 00:29:48,696 - ['DIS3', 'PAPSS1', 'PDE3B', 'PIK3R5', 'PIK3CB', 'PIK3CD', 'EXOSC9', 'MAD2L1', 'PIK3CD', 'DDX6', 'SMC1A', 'INPP5D', 'LSM7', 'NME4', 'EXOSC4', 'CNOT2', 'LOC728622', 'PPP2R1A', 'PPP2R5B', 'CDC16', 'AKT2', 'YWHAB', 'CAMK2B', 'SKP1', 'EXOSC5', 'LOC650621', 'PIK3CG', 'GUCY1B3'] : 0.03837070075720859
2025-06-20 00:29:48,696 - ['POLR2I', 'NXT1', 'CD22', 'CHP2', 'PIK3R3', 'POLR1E', 'GMPS', 'REC8', 'LSM5', 'CHUK'] : 0.03962366565092006
2025-06-20 00:29:48,696 - ['POLR1E', 'POLR2I', 'CHP2', 'CHUK', 'REC8', 'LSM5', 'C1DP2', 'PIK3R3', 'BLNK', 'CD22'] : 0.04541415965330623
2025-06-20 00:29:48,696 - ['PPP3R1', 'ADCY3', 'YWHAB', 'ENPP1', 'NT5C3', 'STAG3', 'GO:0012354', 'PDE2A', 'MAPK1', 'BLNK', 'GUCY1A3', 'DFFA', 'PPP3CA', 'FASLG', 'AMPD1', 'PAPOLG', 'CDK2'] : 0.04981398648211742
2025-06-20 00:29:48,696 - ['PPP3R1', 'ADCY3', 'YWHAB', 'ATG9A', 'NT5C3', 'STAG3', 'GO:0012354', 'PDE2A', 'MAPK1', 'BLNK', 'GUCY1A3', 'DFFA', 'PPP3CA', 'FASLG', 'AMPD1', 'PAPOLG', 'CDK2'] : 0.05189254004442202
2025-06-20 00:29:48,696 - ['PPP3R1', 'ADCY3', 'TRPC6', 'STAG3', 'GO:0012354', 'CD22', 'PDE2A', 'MAPK1', 'BLNK', 'GUCY1A3', 'DFFA', 'PPP3CA', 'ATG9A', 'FASLG', 'AMPD1', 'PAPOLG', 'CDK2'] : 0.05310912799483996
2025-06-20 00:29:48,696 - ['POLR2I', 'UBA52', 'CD22', 'CHP2', 'PIK3R3', 'POLR1E', 'BLNK', 'REC8', 'LSM5', 'CHUK'] : 0.059059750439106815
2025-06-20 00:29:48,696 - ['IL5', 'UBA52', 'POLR2I', 'CHP2', 'PIK3R3', 'POLR1E', 'BLNK', 'REC8', 'LSM5', 'CHUK'] : 0.07094690587620056
2025-06-20 00:29:48,696 - ['UBA52', 'POLR2I', 'IL5', 'URM1', 'PIK3R3', 'POLR1E', 'BLNK', 'REC8', 'LSM5', 'CHUK'] : 0.0777529143878909
2025-06-20 00:29:48,697 - ['UBA52', 'POLR2I', 'IL5', 'ZNF143', 'PIK3R3', 'POLR1E', 'BLNK', 'REC8', 'LSM5', 'CHUK'] : 0.08259738081770422
2025-06-20 00:29:48,697 - ['UBA52', 'POLR2I', 'IL5', 'ERCC6L2', 'PIK3R3', 'POLR1E', 'BLNK', 'REC8', 'LSM5', 'CHUK'] : 0.08430253240455438
2025-06-20 00:29:48,697 - ['UBA52', 'POLR2I', 'IL5', 'PKLR', 'PIK3R3', 'POLR1E', 'BLNK', 'REC8', 'LSM5', 'CHUK'] : 0.08726617922723823
2025-06-20 00:29:48,697 - ['ERCC6L2', 'UBA52', 'IL5', 'POLR2I', 'PIK3R3', 'POLR1E', 'BLNK', 'NPR2', 'LSM5', 'CHUK'] : 0.09432385526585806
2025-06-20 00:29:48,697 - ['UBA52', 'IL5', 'POLR2I', 'ZNF143', 'PIK3R3', 'POLR1E', 'BLNK', 'NELFE', 'LSM5', 'CHUK'] : 0.09507360304407463
2025-06-20 00:29:48,697 - ['UBA52', 'POLR2I', 'IL5', 'ZNF143', 'PIK3R3', 'POLR1E', 'ARHGAP35', 'NELFE', 'LSM5', 'CHUK'] : 0.09579688707688325
2025-06-20 00:29:48,697 - ['UBA52', 'POLR2I', 'IL5', 'ZNF143', 'PPIE', 'PIK3R3', 'POLR1E', 'PPCS', 'LSM5', 'CHUK'] : 0.09653522250482618
2025-06-20 00:29:48,697 - ['UBA52', 'IL5', 'POLR2I', 'ZNF143', 'PIK3R3', 'POLR1E', 'BLNK', 'PPIE', 'LSM5', 'CHUK'] : 0.09661826409464117
2025-06-20 00:29:48,697 - ['UBA52', 'POLR2I', 'IL5', 'ZNF143', 'PIK3R3', 'POLR1E', 'HDAC3', 'NELFE', 'LSM5', 'CHUK'] : 0.1078048587431349
2025-06-20 00:29:48,697 - ['STUB1', 'UBA52', 'IL5', 'POLR2I', 'PPIE', 'DNAH8', 'PIK3R3', 'POLR1E', 'LSM5', 'CHUK'] : 0.11469818924490792
2025-06-20 00:29:48,697 - ['UBA52', 'POLR2I', 'IL5', 'ZNF143', 'PPIE', 'PIK3R3', 'POLR1E', 'STUB1', 'LSM5', 'CHUK'] : 0.12076467674844257
2025-06-20 00:29:48,775 - Finished with child num after mutate ['STUB1', 'UBA52', 'IL5', 'POLR2I', 'PPIE', 'HNRNPR', 'PIK3R3', 'POLR1E', 'LSM5', 'CHUK'] 
2025-06-20 00:29:48,867 - Finished with child num after mutate ['STUB1', 'UBA52', 'IL5', 'POLR2I', 'PPIE', 'CRNKL1', 'PIK3R3', 'POLR1E', 'LSM5', 'CHUK'] 
2025-06-20 00:29:48,867 - ------ ----- ----- Generation num ----- ----- ----- 11
2025-06-20 00:29:48,926 - Finished with child num after mutate ['STUB1', 'UBA52', 'IL5', 'POLR2I', 'PPIE', 'FEN1', 'PIK3R3', 'POLR1E', 'LSM5', 'CHUK'] 
2025-06-20 00:29:48,988 - Finished with child num after mutate ['STUB1', 'UBA52', 'IL5', 'POLR2I', 'PPIE', 'CRNKL1', 'TAF6', 'POLR1E', 'LSM5', 'CHUK'] 
2025-06-20 00:29:48,989 - ------ ----- ----- Generation num ----- ----- ----- 12
2025-06-20 00:29:49,046 - Finished with child num after mutate ['STUB1', 'UBA52', 'IL5', 'POLR2I', 'PPIE', 'CCT7', 'POLR1E', 'LSM5'] 
2025-06-20 00:29:49,105 - Finished with child num after mutate ['STUB1', 'UBA52', 'IL5', 'POLR2I', 'PPIE', 'PIK3R3', 'POLR1E', 'LYAR', 'CHUK'] 
2025-06-20 00:29:49,106 - ------ ----- ----- Generation num ----- ----- ----- 13
2025-06-20 00:29:49,165 - Finished with child num after mutate ['STUB1', 'UBA52', 'IL5', 'POLR2I', 'PPIE', 'CRNKL1', 'SNRPE', 'TAF6', 'LSM5', 'CHUK'] 
2025-06-20 00:29:49,223 - Finished with child num after mutate ['STUB1', 'UBA52', 'IL5', 'POLR2I', 'PPIE', 'RPRD2', 'LSM5', 'CCT7'] 
2025-06-20 00:29:49,223 - ------ ----- ----- Generation num ----- ----- ----- 14
2025-06-20 00:29:49,281 - Finished with child num after mutate ['STUB1', 'UBA52', 'IL5', 'POLR2I', 'RFC2', 'RPRD2', 'LSM5', 'CCT7'] 
2025-06-20 00:29:49,337 - Finished with child num after mutate ['STUB1', 'UBA52', 'IL5', 'POLR2I', 'MNAT1', 'CRNKL1', 'SNRPE', 'TAF6', 'LSM5', 'CHUK'] 
2025-06-20 00:29:49,339 - ------ ----- ----- Generation num ----- ----- ----- 15
2025-06-20 00:29:49,419 - Finished with child num after mutate ['STUB1', 'UBA52', 'ADCY5', 'POLR2I', 'RFC2', 'LSM5', 'CCT7'] 
2025-06-20 00:29:49,479 - Finished with child num after mutate ['STUB1', 'UBA52', 'IL5', 'POLR2I', 'PPIE', 'RPRD2', 'BRCC3', 'LSM5'] 
2025-06-20 00:29:49,480 - ------ ----- ----- Generation num ----- ----- ----- 16
2025-06-20 00:29:49,539 - Finished with child num after mutate ['STUB1', 'UBA52', 'POLR2I', 'SRSF2', 'RFC2', 'LSM5', 'CCT7'] 
2025-06-20 00:29:49,611 - Finished with child num after mutate ['STUB1', 'UBA52', 'IL5', 'POLR2I', 'PPIE', 'DDX5', 'LSM5', 'CCT7'] 
2025-06-20 00:29:49,612 - ------ ----- ----- Generation num ----- ----- ----- 17
2025-06-20 00:29:49,668 - Finished with child num after mutate ['STUB1', 'UBA52', 'IL5', 'POLR2I', 'TRA2A', 'RPRD2', 'LSM5', 'CCT7'] 
2025-06-20 00:29:49,733 - Finished with child num after mutate ['STUB1', 'UBA52', 'IL5', 'POLR2I', 'CCT3', 'RFC2', 'LSM5', 'CCT7'] 
2025-06-20 00:29:49,734 - ------ ----- ----- Generation num ----- ----- ----- 18
2025-06-20 00:29:49,791 - Finished with child num after mutate ['STUB1', 'UBA52', 'USP45', 'POLR2I', 'RFC2', 'LSM5', 'CCT7'] 
2025-06-20 00:29:49,854 - Finished with child num after mutate ['STUB1', 'UBA52', 'POLR2I', 'RPRD2', 'BRSK2', 'RFC2', 'LSM5', 'CCT7'] 
2025-06-20 00:29:49,855 - ------ ----- ----- Generation num ----- ----- ----- 19
2025-06-20 00:29:49,923 - Finished with child num after mutate ['STUB1', 'UBA52', 'POLR2I', 'RFC2', 'LSM5', 'CCT7', 'DCAF13'] 
2025-06-20 00:29:49,980 - Finished with child num after mutate ['STUB1', 'UBA52', 'POLR2I', 'EPAS1', 'RFC2', 'LSM5', 'CCT7'] 
2025-06-20 00:29:49,981 - ------ ----- ----- Generation num ----- ----- ----- 20
2025-06-20 00:29:49,982 - ['STUB1', 'UBA52', 'POLR2I', 'RFC2', 'LSM5', 'CCT7', 'DCAF13'] : 0.23566491802281886
2025-06-20 00:29:49,982 - ['STUB1', 'UBA52', 'POLR2I', 'EPAS1', 'RFC2', 'LSM5', 'CCT7'] : 0.24366492291474273
2025-06-20 00:29:49,982 - ['ERCC6L2', 'UBA52', 'IL5', 'POLR2I', 'PIK3R3', 'POLR1E', 'BLNK', 'NPR2', 'LSM5', 'CHUK'] : 0.09432385526585806
2025-06-20 00:29:49,982 - ['UBA52', 'IL5', 'POLR2I', 'ZNF143', 'PIK3R3', 'POLR1E', 'BLNK', 'NELFE', 'LSM5', 'CHUK'] : 0.09507360304407463
2025-06-20 00:29:49,982 - ['UBA52', 'POLR2I', 'IL5', 'ZNF143', 'PIK3R3', 'POLR1E', 'ARHGAP35', 'NELFE', 'LSM5', 'CHUK'] : 0.09579688707688325
2025-06-20 00:29:49,982 - ['UBA52', 'POLR2I', 'IL5', 'ZNF143', 'PPIE', 'PIK3R3', 'POLR1E', 'PPCS', 'LSM5', 'CHUK'] : 0.09653522250482618
2025-06-20 00:29:49,982 - ['UBA52', 'IL5', 'POLR2I', 'ZNF143', 'PIK3R3', 'POLR1E', 'BLNK', 'PPIE', 'LSM5', 'CHUK'] : 0.09661826409464117
2025-06-20 00:29:49,982 - ['UBA52', 'IL5', 'POLR2I', 'PPIE', 'ZNF143', 'POP4', 'PIK3R3', 'LSM5', 'CHUK'] : 0.10292482878220036
2025-06-20 00:29:49,982 - ['UBA52', 'POLR2I', 'IL5', 'ZNF143', 'PIK3R3', 'POLR1E', 'HDAC3', 'NELFE', 'LSM5', 'CHUK'] : 0.1078048587431349
2025-06-20 00:29:49,982 - ['STUB1', 'UBA52', 'IL5', 'POLR2I', 'PPIE', 'DNAH8', 'PIK3R3', 'POLR1E', 'LSM5', 'CHUK'] : 0.11469818924490792
2025-06-20 00:29:49,982 - ['STUB1', 'UBA52', 'IL5', 'POLR2I', 'PPIE', 'FEN1', 'PIK3R3', 'POLR1E', 'LSM5', 'CHUK'] : 0.11808279473042921
2025-06-20 00:29:49,982 - ['UBA52', 'POLR2I', 'IL5', 'ZNF143', 'PPIE', 'PIK3R3', 'POLR1E', 'STUB1', 'LSM5', 'CHUK'] : 0.12076467674844257
2025-06-20 00:29:49,982 - ['STUB1', 'UBA52', 'IL5', 'POLR2I', 'PPIE', 'HNRNPR', 'PIK3R3', 'POLR1E', 'LSM5', 'CHUK'] : 0.12335714413302015
2025-06-20 00:29:49,982 - ['STUB1', 'UBA52', 'IL5', 'POLR2I', 'PPIE', 'CRNKL1', 'PIK3R3', 'POLR1E', 'LSM5', 'CHUK'] : 0.12381284147059836
2025-06-20 00:29:49,982 - ['STUB1', 'UBA52', 'IL5', 'POLR2I', 'PPIE', 'PIK3R3', 'POLR1E', 'LYAR', 'CHUK'] : 0.12435846363558928
2025-06-20 00:29:49,982 - ['STUB1', 'UBA52', 'IL5', 'POLR2I', 'PPIE', 'TRAF3IP1', 'POLR1E', 'LSM5', 'CHUK'] : 0.12438115568120711
2025-06-20 00:29:49,982 - ['STUB1', 'UBA52', 'IL5', 'POLR2I', 'PPIE', 'CRNKL1', 'TAF6', 'POLR1E', 'LSM5', 'CHUK'] : 0.12582570734396567
2025-06-20 00:29:49,982 - ['STUB1', 'UBA52', 'IL5', 'POLR2I', 'PPIE', 'CRNKL1', 'SNRPE', 'TAF6', 'LSM5', 'CHUK'] : 0.12674618853349343
2025-06-20 00:29:49,982 - ['STUB1', 'UBA52', 'IL5', 'POLR2I', 'MNAT1', 'CRNKL1', 'SNRPE', 'TAF6', 'LSM5', 'CHUK'] : 0.12731278702306478
2025-06-20 00:29:49,982 - ['STUB1', 'UBA52', 'IL5', 'POLR2I', 'PPIE', 'RPRD2', 'BRCC3', 'LSM5'] : 0.1354699700919053
2025-06-20 00:29:49,982 - ['STUB1', 'UBA52', 'IL5', 'POLR2I', 'PPIE', 'CCT7', 'POLR1E', 'LSM5'] : 0.15018227566680836
2025-06-20 00:29:49,983 - ['STUB1', 'UBA52', 'IL5', 'POLR2I', 'PPIE', 'RPRD2', 'LSM5', 'CCT7'] : 0.15140627315964772
2025-06-20 00:29:49,983 - ['STUB1', 'UBA52', 'IL5', 'POLR2I', 'TRA2A', 'RPRD2', 'LSM5', 'CCT7'] : 0.15541634330592025
2025-06-20 00:29:49,983 - ['STUB1', 'UBA52', 'IL5', 'POLR2I', 'PPIE', 'DDX5', 'LSM5', 'CCT7'] : 0.19493572238702378
2025-06-20 00:29:49,983 - ['STUB1', 'UBA52', 'POLR2I', 'RPRD2', 'BRSK2', 'RFC2', 'LSM5', 'CCT7'] : 0.20248604390269948
2025-06-20 00:29:49,983 - ['STUB1', 'UBA52', 'IL5', 'POLR2I', 'RFC2', 'RPRD2', 'LSM5', 'CCT7'] : 0.20691553253694067
2025-06-20 00:29:49,983 - ['STUB1', 'UBA52', 'IL5', 'POLR2I', 'CCT3', 'RFC2', 'LSM5', 'CCT7'] : 0.22149057919976678
2025-06-20 00:29:49,983 - ['STUB1', 'UBA52', 'USP45', 'POLR2I', 'RFC2', 'LSM5', 'CCT7'] : 0.23452771522389912
2025-06-20 00:29:49,983 - ['STUB1', 'UBA52', 'ADCY5', 'POLR2I', 'RFC2', 'LSM5', 'CCT7'] : 0.2395638055417452
2025-06-20 00:29:49,983 - ['STUB1', 'UBA52', 'POLR2I', 'SRSF2', 'RFC2', 'LSM5', 'CCT7'] : 0.26210303708490057
2025-06-20 00:29:50,056 - Finished with child num after mutate ['STUB1', 'UBA52', 'POLR2I', 'PRKD2', 'RFC2', 'LSM5', 'CCT7'] 
2025-06-20 00:29:50,112 - Finished with child num after mutate ['STUB1', 'UBA52', 'POLR2I', 'PNPLA2', 'RFC2', 'LSM5', 'CCT7'] 
2025-06-20 00:29:50,114 - ------ ----- ----- Generation num ----- ----- ----- 21
2025-06-20 00:29:50,171 - Finished with child num after mutate ['STUB1', 'UBA52', 'POLR2I', 'POLR2J2', 'RFC2', 'LSM5', 'CCT7'] 
2025-06-20 00:29:50,233 - Finished with child num after mutate ['STUB1', 'UBA52', 'POLR2I', 'XPA', 'RFC2', 'LSM5', 'CCT7'] 
2025-06-20 00:29:50,234 - ------ ----- ----- Generation num ----- ----- ----- 22
2025-06-20 00:29:50,291 - Finished with child num after mutate ['STUB1', 'UBA52', 'POLR2I', 'XPA', 'RFC2', 'SNRNP35', 'CCT7'] 
2025-06-20 00:29:50,349 - Finished with child num after mutate ['STUB1', 'UBA52', 'POLR2I', 'CUX2', 'RFC2', 'LSM5', 'CCT7'] 
2025-06-20 00:29:50,350 - ------ ----- ----- Generation num ----- ----- ----- 23
2025-06-20 00:29:50,406 - Finished with child num after mutate ['STUB1', 'UBA52', 'POLR2I', 'XPA', 'RFC2', 'RPS27A', 'CCT7'] 
2025-06-20 00:29:50,462 - Finished with child num after mutate ['STUB1', 'UBA52', 'POLR2I', 'XPA', 'RFC2', 'SIPA1', 'CCT7'] 
2025-06-20 00:29:50,463 - ------ ----- ----- Generation num ----- ----- ----- 24
2025-06-20 00:29:50,528 - Finished with child num after mutate ['STUB1', 'UBA52', 'POLR2I', 'XPA', 'RFC2', 'POP4', 'CCT7'] 
2025-06-20 00:29:50,584 - Finished with child num after mutate ['STUB1', 'UBA52', 'POLR2I', 'XPA', 'RFC2', 'PSMD7', 'CCT7'] 
2025-06-20 00:29:50,584 - ------ ----- ----- Generation num ----- ----- ----- 25
2025-06-20 00:29:50,640 - Finished with child num after mutate ['STUB1', 'UBA52', 'POLR2I', 'PSMD7', 'XPA', 'RFC2', 'CCT7', 'MCM2'] 
2025-06-20 00:29:50,697 - Finished with child num after mutate ['STUB1', 'UBA52', 'POLR2I', 'XPA', 'RFC2', 'PUF60', 'CCT7'] 
2025-06-20 00:29:50,698 - ------ ----- ----- Generation num ----- ----- ----- 26
2025-06-20 00:29:50,754 - Finished with child num after mutate ['STUB1', 'UBA52', 'POLR2I', 'PSMD7', 'XPA', 'RFC2', 'CCT7', 'DNAH8'] 
2025-06-20 00:29:50,811 - Finished with child num after mutate ['STUB1', 'UBA52', 'POLR2I', 'PSMD7', 'XPA', 'RFC2', 'CCT7', 'XPC'] 
2025-06-20 00:29:50,812 - ------ ----- ----- Generation num ----- ----- ----- 27
2025-06-20 00:29:50,869 - Finished with child num after mutate ['STUB1', 'UBA52', 'POLR2I', 'XPA', 'RFC2', 'DNMT1', 'CCT7'] 
2025-06-20 00:29:50,933 - Finished with child num after mutate ['STUB1', 'UBA52', 'POLR2I', 'XPA', 'RFC2', 'CCT7', 'VPS72'] 
2025-06-20 00:29:50,934 - ------ ----- ----- Generation num ----- ----- ----- 28
2025-06-20 00:29:51,008 - Finished with child num after mutate ['STUB1', 'UBA52', 'POLR2I', 'PSMD7', 'RFC2', 'POLR3B', 'CCT7'] 
2025-06-20 00:29:51,062 - Finished with child num after mutate ['STUB1', 'UBA52', 'POLR2I', 'PSMD7', 'SNX5', 'CCT7'] 
2025-06-20 00:29:51,062 - ------ ----- ----- Generation num ----- ----- ----- 29
2025-06-20 00:29:51,122 - Finished with child num after mutate ['STUB1', 'UBA52', 'POLR2I', 'PSMD7', 'XPA', 'RFC2', 'CCT7', 'EPAS1'] 
2025-06-20 00:29:51,181 - Finished with child num after mutate ['STUB1', 'UBA52', 'POLR2I', 'XPA', 'RFC2', 'CCT7', 'ADCY2'] 
2025-06-20 00:29:51,181 - ------ ----- ----- Generation num ----- ----- ----- 30
2025-06-20 00:29:51,182 - ['STUB1', 'UBA52', 'POLR2I', 'PSMD7', 'XPA', 'RFC2', 'CCT7', 'EPAS1'] : 0.24864687219361975
2025-06-20 00:29:51,182 - ['STUB1', 'UBA52', 'POLR2I', 'XPA', 'RFC2', 'CCT7', 'ADCY2'] : 0.25350691262189173
2025-06-20 00:29:51,182 - ['STUB1', 'UBA52', 'IL5', 'POLR2I', 'TRA2A', 'RPRD2', 'LSM5', 'CCT7'] : 0.15541634330592025
2025-06-20 00:29:51,182 - ['STUB1', 'UBA52', 'IL5', 'POLR2I', 'PPIE', 'DDX5', 'LSM5', 'CCT7'] : 0.19493572238702378
2025-06-20 00:29:51,182 - ['STUB1', 'UBA52', 'POLR2I', 'RPRD2', 'BRSK2', 'RFC2', 'LSM5', 'CCT7'] : 0.20248604390269948
2025-06-20 00:29:51,182 - ['STUB1', 'UBA52', 'IL5', 'POLR2I', 'RFC2', 'RPRD2', 'LSM5', 'CCT7'] : 0.20691553253694067
2025-06-20 00:29:51,182 - ['STUB1', 'UBA52', 'IL5', 'POLR2I', 'CCT3', 'RFC2', 'LSM5', 'CCT7'] : 0.22149057919976678
2025-06-20 00:29:51,182 - ['STUB1', 'UBA52', 'POLR2I', 'CUX2', 'RFC2', 'LSM5', 'CCT7'] : 0.228664385193497
2025-06-20 00:29:51,182 - ['STUB1', 'UBA52', 'POLR2I', 'PNPLA2', 'RFC2', 'LSM5', 'CCT7'] : 0.23049549378822135
2025-06-20 00:29:51,182 - ['STUB1', 'UBA52', 'POLR2I', 'PRKD2', 'RFC2', 'LSM5', 'CCT7'] : 0.2317035603864377
2025-06-20 00:29:51,182 - ['STUB1', 'UBA52', 'USP45', 'POLR2I', 'RFC2', 'LSM5', 'CCT7'] : 0.23452771522389912
2025-06-20 00:29:51,182 - ['STUB1', 'UBA52', 'POLR2I', 'RFC2', 'LSM5', 'CCT7', 'DCAF13'] : 0.23566491802281886
2025-06-20 00:29:51,182 - ['STUB1', 'UBA52', 'POLR2I', 'PSMD7', 'SNX5', 'CCT7'] : 0.23634197538434082
2025-06-20 00:29:51,182 - ['STUB1', 'UBA52', 'POLR2I', 'PSMD7', 'XPA', 'RFC2', 'CCT7', 'DNAH8'] : 0.2382993268891944
2025-06-20 00:29:51,182 - ['STUB1', 'UBA52', 'ADCY5', 'POLR2I', 'RFC2', 'LSM5', 'CCT7'] : 0.2395638055417452
2025-06-20 00:29:51,182 - ['STUB1', 'UBA52', 'POLR2I', 'XPA', 'RFC2', 'SIPA1', 'CCT7'] : 0.2433289941218813
2025-06-20 00:29:51,182 - ['STUB1', 'UBA52', 'POLR2I', 'EPAS1', 'RFC2', 'LSM5', 'CCT7'] : 0.24366492291474273
2025-06-20 00:29:51,183 - ['STUB1', 'UBA52', 'POLR2I', 'XPA', 'RFC2', 'CCT7', 'VPS72'] : 0.2482271107030336
2025-06-20 00:29:51,183 - ['STUB1', 'UBA52', 'POLR2I', 'XPA', 'RFC2', 'POP4', 'CCT7'] : 0.24847676008594938
2025-06-20 00:29:51,183 - ['STUB1', 'UBA52', 'POLR2I', 'POLR2J2', 'RFC2', 'LSM5', 'CCT7'] : 0.25141189414236875
2025-06-20 00:29:51,183 - ['STUB1', 'UBA52', 'POLR2I', 'PSMD7', 'XPA', 'RFC2', 'CCT7', 'MCM2'] : 0.2521462391977525
2025-06-20 00:29:51,183 - ['STUB1', 'UBA52', 'POLR2I', 'PSMD7', 'XPA', 'RFC2', 'CCT7', 'XPC'] : 0.2574631761108266
2025-06-20 00:29:51,183 - ['STUB1', 'UBA52', 'POLR2I', 'XPA', 'RFC2', 'DNMT1', 'CCT7'] : 0.2599072070649734
2025-06-20 00:29:51,183 - ['STUB1', 'UBA52', 'POLR2I', 'XPA', 'RFC2', 'PUF60', 'CCT7'] : 0.2606738388223171
2025-06-20 00:29:51,183 - ['STUB1', 'UBA52', 'POLR2I', 'XPA', 'RFC2', 'RPS27A', 'CCT7'] : 0.2608129147060003
2025-06-20 00:29:51,183 - ['STUB1', 'UBA52', 'POLR2I', 'SRSF2', 'RFC2', 'LSM5', 'CCT7'] : 0.26210303708490057
2025-06-20 00:29:51,183 - ['STUB1', 'UBA52', 'POLR2I', 'XPA', 'RFC2', 'SNRNP35', 'CCT7'] : 0.2625866561548248
2025-06-20 00:29:51,183 - ['STUB1', 'UBA52', 'POLR2I', 'XPA', 'RFC2', 'LSM5', 'CCT7'] : 0.27739783893895165
2025-06-20 00:29:51,183 - ['STUB1', 'UBA52', 'POLR2I', 'PSMD7', 'RFC2', 'POLR3B', 'CCT7'] : 0.2781418942956545
2025-06-20 00:29:51,183 - ['STUB1', 'UBA52', 'POLR2I', 'XPA', 'RFC2', 'PSMD7', 'CCT7'] : 0.2954163021043823
2025-06-20 00:29:51,243 - Finished with child num after mutate ['STUB1', 'UBA52', 'POLR2I', 'SRSF2', 'RFC2', 'ALG3', 'CCT7'] 
2025-06-20 00:29:51,299 - Finished with child num after mutate ['STUB1', 'UBA52', 'POLR2I', 'PSMD7', 'RFC2', 'C5AR1', 'CCT7'] 
2025-06-20 00:29:51,300 - ------ ----- ----- Generation num ----- ----- ----- 31
2025-06-20 00:29:51,357 - Finished with child num after mutate ['STUB1', 'UBA52', 'POLR2I', 'PSMD7', 'UBE2D2', 'XPC', 'CCT7'] 
2025-06-20 00:29:51,414 - Finished with child num after mutate ['STUB1', 'UBA52', 'POLR2I', 'XPA', 'RFC2', 'CCT7', 'RBM14'] 
2025-06-20 00:29:51,415 - ------ ----- ----- Generation num ----- ----- ----- 32
2025-06-20 00:29:51,471 - Finished with child num after mutate ['STUB1', 'UBA52', 'POLR2I', 'PSMD7', 'XPA', 'RFC2', 'CCT7', 'ELAVL1'] 
2025-06-20 00:29:51,532 - Finished with child num after mutate ['STUB1', 'UBA52', 'POLR2I', 'PSMD7', 'XPA', 'RFC2', 'CCT7', 'SNF8'] 
2025-06-20 00:29:51,532 - ------ ----- ----- Generation num ----- ----- ----- 33
2025-06-20 00:29:51,590 - Finished with child num after mutate ['STUB1', 'UBA52', 'POLR2I', 'HNRNPF', 'XPA', 'RFC2', 'CCT7'] 
2025-06-20 00:29:51,650 - Finished with child num after mutate ['STUB1', 'UBA52', 'POLR2I', 'PSMD7', 'XPA', 'RFC2', 'CCT7', 'TADA2B'] 
2025-06-20 00:29:51,651 - ------ ----- ----- Generation num ----- ----- ----- 34
2025-06-20 00:29:51,712 - Finished with child num after mutate ['STUB1', 'UBA52', 'POLR2I', 'PSMD7', 'SF3A1', 'CCT7', 'UBE2D2'] 
2025-06-20 00:29:51,781 - Finished with child num after mutate ['STUB1', 'UBA52', 'POLR2I', 'RAD9A', 'XPA', 'RFC2', 'CCT7'] 
2025-06-20 00:29:51,782 - ------ ----- ----- Generation num ----- ----- ----- 35
2025-06-20 00:29:51,888 - Finished with child num after mutate ['STUB1', 'UBA52', 'POLR2I', 'PSMD7', 'XPA', 'RFC2', 'CCT7', 'BLOC1S1'] 
2025-06-20 00:29:51,956 - Finished with child num after mutate ['STUB1', 'UBA52', 'POLR2I', 'PSMD7', 'XPA', 'RFC2', 'CCT7', 'RPL8'] 
2025-06-20 00:29:51,957 - ------ ----- ----- Generation num ----- ----- ----- 36
2025-06-20 00:29:52,014 - Finished with child num after mutate ['STUB1', 'UBA52', 'POLR2I', 'DUT', 'XPA', 'RFC2', 'CCT7'] 
2025-06-20 00:29:52,071 - Finished with child num after mutate ['STUB1', 'UBA52', 'POLR2I', 'DHX9', 'XPA', 'RFC2', 'CCT7'] 
2025-06-20 00:29:52,072 - ------ ----- ----- Generation num ----- ----- ----- 37
2025-06-20 00:29:52,131 - Finished with child num after mutate ['STUB1', 'UBA52', 'POLR2I', 'PSMD7', 'XPA', 'RFC2', 'CCT7', 'CWC27'] 
2025-06-20 00:29:52,188 - Finished with child num after mutate ['SF3A1', 'STUB1', 'UBA52', 'POLR2I', 'DHX9', 'MRPL12', 'UBE2D2'] 
2025-06-20 00:29:52,189 - ------ ----- ----- Generation num ----- ----- ----- 38
2025-06-20 00:29:52,247 - Finished with child num after mutate ['STUB1', 'UBA52', 'POLR2I', 'PSMD7', 'XPA', 'RFC2', 'CCT7', 'DPYSL4'] 
2025-06-20 00:29:52,316 - Finished with child num after mutate ['SF3A1', 'STUB1', 'UBA52', 'POLR2I', 'PSMD7', 'KAT5', 'UBE2D2'] 
2025-06-20 00:29:52,317 - ------ ----- ----- Generation num ----- ----- ----- 39
2025-06-20 00:29:52,383 - Finished with child num after mutate ['STUB1', 'UBA52', 'POLR2I', 'XPA', 'RFC2', 'PKNOX1', 'CCT7'] 
2025-06-20 00:29:52,440 - Finished with child num after mutate ['STUB1', 'UBA52', 'POLR2I', 'PSMD7', 'XPA', 'RFC2', 'CCT7', 'PRPF6'] 
2025-06-20 00:29:52,441 - ------ ----- ----- Generation num ----- ----- ----- 40
2025-06-20 00:29:52,441 - ['STUB1', 'UBA52', 'POLR2I', 'XPA', 'RFC2', 'PKNOX1', 'CCT7'] : 0.26020802580448443
2025-06-20 00:29:52,441 - ['STUB1', 'UBA52', 'POLR2I', 'PSMD7', 'XPA', 'RFC2', 'CCT7', 'PRPF6'] : 0.2744663976574535
2025-06-20 00:29:52,442 - ['STUB1', 'UBA52', 'POLR2I', 'EPAS1', 'RFC2', 'LSM5', 'CCT7'] : 0.24366492291474273
2025-06-20 00:29:52,442 - ['SF3A1', 'STUB1', 'UBA52', 'POLR2I', 'DHX9', 'MRPL12', 'UBE2D2'] : 0.24491174360060966
2025-06-20 00:29:52,442 - ['STUB1', 'UBA52', 'POLR2I', 'XPA', 'RFC2', 'CCT7', 'RBM14'] : 0.24778056262531117
2025-06-20 00:29:52,442 - ['STUB1', 'UBA52', 'POLR2I', 'XPA', 'RFC2', 'CCT7', 'VPS72'] : 0.2482271107030336
2025-06-20 00:29:52,442 - ['STUB1', 'UBA52', 'POLR2I', 'XPA', 'RFC2', 'POP4', 'CCT7'] : 0.24847676008594938
2025-06-20 00:29:52,442 - ['STUB1', 'UBA52', 'POLR2I', 'PSMD7', 'XPA', 'RFC2', 'CCT7', 'EPAS1'] : 0.24864687219361975
2025-06-20 00:29:52,442 - ['STUB1', 'UBA52', 'POLR2I', 'PSMD7', 'RFC2', 'C5AR1', 'CCT7'] : 0.2489328179468791
2025-06-20 00:29:52,442 - ['STUB1', 'UBA52', 'POLR2I', 'PSMD7', 'XPA', 'RFC2', 'CCT7', 'CWC27'] : 0.25035288971415015
2025-06-20 00:29:52,442 - ['STUB1', 'UBA52', 'POLR2I', 'POLR2J2', 'RFC2', 'LSM5', 'CCT7'] : 0.25141189414236875
2025-06-20 00:29:52,442 - ['STUB1', 'UBA52', 'POLR2I', 'PSMD7', 'XPA', 'RFC2', 'CCT7', 'MCM2'] : 0.2521462391977525
2025-06-20 00:29:52,442 - ['STUB1', 'UBA52', 'POLR2I', 'XPA', 'RFC2', 'CCT7', 'ADCY2'] : 0.25350691262189173
2025-06-20 00:29:52,442 - ['STUB1', 'UBA52', 'POLR2I', 'PSMD7', 'XPA', 'RFC2', 'CCT7', 'XPC'] : 0.2574631761108266
2025-06-20 00:29:52,442 - ['STUB1', 'UBA52', 'POLR2I', 'PSMD7', 'XPA', 'RFC2', 'CCT7', 'ELAVL1'] : 0.2591498168472893
2025-06-20 00:29:52,442 - ['STUB1', 'UBA52', 'POLR2I', 'XPA', 'RFC2', 'DNMT1', 'CCT7'] : 0.2599072070649734
2025-06-20 00:29:52,442 - ['STUB1', 'UBA52', 'POLR2I', 'XPA', 'RFC2', 'PUF60', 'CCT7'] : 0.2606738388223171
2025-06-20 00:29:52,442 - ['STUB1', 'UBA52', 'POLR2I', 'XPA', 'RFC2', 'RPS27A', 'CCT7'] : 0.2608129147060003
2025-06-20 00:29:52,442 - ['SF3A1', 'STUB1', 'UBA52', 'POLR2I', 'PSMD7', 'KAT5', 'UBE2D2'] : 0.2609430608866395
2025-06-20 00:29:52,442 - ['STUB1', 'UBA52', 'POLR2I', 'DUT', 'XPA', 'RFC2', 'CCT7'] : 0.2616202182961155
2025-06-20 00:29:52,442 - ['STUB1', 'UBA52', 'POLR2I', 'HNRNPF', 'XPA', 'RFC2', 'CCT7'] : 0.2616893510708811
2025-06-20 00:29:52,442 - ['STUB1', 'UBA52', 'POLR2I', 'SRSF2', 'RFC2', 'LSM5', 'CCT7'] : 0.26210303708490057
2025-06-20 00:29:52,442 - ['STUB1', 'UBA52', 'POLR2I', 'XPA', 'RFC2', 'SNRNP35', 'CCT7'] : 0.2625866561548248
2025-06-20 00:29:52,443 - ['STUB1', 'UBA52', 'POLR2I', 'PSMD7', 'UBE2D2', 'XPC', 'CCT7'] : 0.26353165822712266
2025-06-20 00:29:52,443 - ['STUB1', 'UBA52', 'POLR2I', 'XPA', 'RFC2', 'LSM5', 'CCT7'] : 0.27739783893895165
2025-06-20 00:29:52,443 - ['STUB1', 'UBA52', 'POLR2I', 'RAD9A', 'XPA', 'RFC2', 'CCT7'] : 0.2779605864780449
2025-06-20 00:29:52,443 - ['STUB1', 'UBA52', 'POLR2I', 'PSMD7', 'RFC2', 'POLR3B', 'CCT7'] : 0.2781418942956545
2025-06-20 00:29:52,443 - ['STUB1', 'UBA52', 'POLR2I', 'DHX9', 'XPA', 'RFC2', 'CCT7'] : 0.2803722309526092
2025-06-20 00:29:52,443 - ['STUB1', 'UBA52', 'POLR2I', 'PSMD7', 'SF3A1', 'CCT7', 'UBE2D2'] : 0.28512128448902396
2025-06-20 00:29:52,443 - ['STUB1', 'UBA52', 'POLR2I', 'XPA', 'RFC2', 'PSMD7', 'CCT7'] : 0.2954163021043823
2025-06-20 00:29:52,501 - Finished with child num after mutate ['STUB1', 'UBA52', 'POLR2I', 'PSMD7', 'XPA', 'RFC2', 'CCT7', 'UBE2A'] 
2025-06-20 00:29:52,565 - Finished with child num after mutate ['STUB1', 'UBA52', 'POLR2I', 'XPA', 'RFC2', 'DEFA1', 'CCT7'] 
2025-06-20 00:29:52,566 - ------ ----- ----- Generation num ----- ----- ----- 41
2025-06-20 00:29:52,628 - Finished with child num after mutate ['STUB1', 'UBA52', 'POLR2I', 'RPS12', 'XPA', 'RFC2', 'CCT7'] 
2025-06-20 00:29:52,687 - Finished with child num after mutate ['STUB1', 'UBA52', 'POLR2I', 'CHUK', 'XPA', 'RFC2', 'CCT7'] 
2025-06-20 00:29:52,687 - ------ ----- ----- Generation num ----- ----- ----- 42
2025-06-20 00:29:52,746 - Finished with child num after mutate ['STUB1', 'UBA52', 'POLR2I', 'PSMD7', 'NME6', 'RFC2', 'UBE2A', 'CCT7'] 
2025-06-20 00:29:52,804 - Finished with child num after mutate ['STUB1', 'UBA52', 'POLR2I', 'XPA', 'RFC2', 'CCT7', 'RPS12', 'SLC2A10'] 
2025-06-20 00:29:52,806 - ------ ----- ----- Generation num ----- ----- ----- 43
2025-06-20 00:29:52,865 - Finished with child num after mutate ['STUB1', 'UBA52', 'POLR2I', 'PSMD7', 'RFC2', 'CCT7', 'RPS12', 'KATNAL2'] 
2025-06-20 00:29:52,941 - Finished with child num after mutate ['STUB1', 'UBA52', 'POLR2I', 'XPA', 'RFC2', 'CCT7', 'DNAH9'] 
2025-06-20 00:29:52,942 - ------ ----- ----- Generation num ----- ----- ----- 44
2025-06-20 00:29:53,029 - Finished with child num after mutate ['COPS3', 'STUB1', 'UBA52', 'POLR2I', 'PSMD7', 'CCT7'] 
2025-06-20 00:29:53,111 - Finished with child num after mutate ['STUB1', 'UBA52', 'POLR2I', 'PSMD7', 'NDUFA7', 'RFC2', 'UBE2A', 'UBE2D2'] 
2025-06-20 00:29:53,112 - ------ ----- ----- Generation num ----- ----- ----- 45
2025-06-20 00:29:53,178 - Finished with child num after mutate ['GRWD1', 'STUB1', 'UBA52', 'POLR2I', 'PSMD7', 'CCT7'] 
2025-06-20 00:29:53,240 - Finished with child num after mutate ['STUB1', 'UBA52', 'POLR2I', 'PSMD7', 'XPA', 'RFC2', 'UBE2D2', 'GTPBP4'] 
2025-06-20 00:29:53,241 - ------ ----- ----- Generation num ----- ----- ----- 46
2025-06-20 00:29:53,308 - Finished with child num after mutate ['STUB1', 'UBA52', 'POLR2I', 'XPA', 'RFC2', 'CCT7', 'RPS12', 'WDR18'] 
2025-06-20 00:29:53,367 - Finished with child num after mutate ['STUB1', 'UBA52', 'POLR2I', 'XPA', 'RFC2', 'CCT7', 'RPS12', 'NSUN2'] 
2025-06-20 00:29:53,368 - ------ ----- ----- Generation num ----- ----- ----- 47
2025-06-20 00:29:53,425 - Finished with child num after mutate ['STUB1', 'UBA52', 'POLR2I', 'PSMD7', 'XPA', 'RFC2', 'CCT7', 'CLPP'] 
2025-06-20 00:29:53,485 - Finished with child num after mutate ['STUB1', 'UBA52', 'POLR2I', 'PSMD7', 'XPA', 'RFC2', 'CCT7', 'NCOR1'] 
2025-06-20 00:29:53,486 - ------ ----- ----- Generation num ----- ----- ----- 48
2025-06-20 00:29:53,550 - Finished with child num after mutate ['STUB1', 'UBA52', 'POLR2I', 'PSMD7', 'EXOSC5', 'CCT7', 'RPS12'] 
2025-06-20 00:29:53,628 - Finished with child num after mutate ['STUB1', 'UBA52', 'POLR2I', 'XPA', 'RFC2', 'CCT7', 'SNRPF'] 
2025-06-20 00:29:53,629 - ------ ----- ----- Generation num ----- ----- ----- 49
2025-06-20 00:29:53,685 - Finished with child num after mutate ['STUB1', 'UBA52', 'POLR2I', 'PSMD7', 'XPA', 'RFC2', 'CCT7', 'NABP2'] 
2025-06-20 00:29:53,742 - Finished with child num after mutate ['STUB1', 'UBA52', 'POLR2I', 'PSMD7', 'EXOSC5', 'CCT7', 'RPS12', 'PSMD10'] 
2025-06-20 00:29:53,744 - ------ ----- ----- Generation num ----- ----- ----- 50
2025-06-20 00:29:53,744 - ['STUB1', 'UBA52', 'POLR2I', 'PSMD7', 'XPA', 'RFC2', 'CCT7', 'NABP2'] : 0.25128383137639615
2025-06-20 00:29:53,744 - ['STUB1', 'UBA52', 'POLR2I', 'PSMD7', 'EXOSC5', 'CCT7', 'RPS12', 'PSMD10'] : 0.2918782500259542
2025-06-20 00:29:53,744 - ['STUB1', 'UBA52', 'POLR2I', 'PSMD7', 'XPA', 'RFC2', 'CCT7', 'XPC'] : 0.2574631761108266
2025-06-20 00:29:53,744 - ['STUB1', 'UBA52', 'POLR2I', 'PSMD7', 'XPA', 'RFC2', 'CCT7', 'ELAVL1'] : 0.2591498168472893
2025-06-20 00:29:53,744 - ['STUB1', 'UBA52', 'POLR2I', 'XPA', 'RFC2', 'DNMT1', 'CCT7'] : 0.2599072070649734
2025-06-20 00:29:53,744 - ['STUB1', 'UBA52', 'POLR2I', 'XPA', 'RFC2', 'PKNOX1', 'CCT7'] : 0.26020802580448443
2025-06-20 00:29:53,744 - ['STUB1', 'UBA52', 'POLR2I', 'XPA', 'RFC2', 'PUF60', 'CCT7'] : 0.2606738388223171
2025-06-20 00:29:53,744 - ['STUB1', 'UBA52', 'POLR2I', 'XPA', 'RFC2', 'RPS27A', 'CCT7'] : 0.2608129147060003
2025-06-20 00:29:53,744 - ['SF3A1', 'STUB1', 'UBA52', 'POLR2I', 'PSMD7', 'KAT5', 'UBE2D2'] : 0.2609430608866395
2025-06-20 00:29:53,744 - ['STUB1', 'UBA52', 'POLR2I', 'XPA', 'RFC2', 'CCT7', 'RPS12', 'NSUN2'] : 0.2610208950590624
2025-06-20 00:29:53,744 - ['STUB1', 'UBA52', 'POLR2I', 'DUT', 'XPA', 'RFC2', 'CCT7'] : 0.2616202182961155
2025-06-20 00:29:53,744 - ['STUB1', 'UBA52', 'POLR2I', 'HNRNPF', 'XPA', 'RFC2', 'CCT7'] : 0.2616893510708811
2025-06-20 00:29:53,744 - ['STUB1', 'UBA52', 'POLR2I', 'XPA', 'RFC2', 'CCT7', 'SNRPF'] : 0.2620003640212071
2025-06-20 00:29:53,744 - ['STUB1', 'UBA52', 'POLR2I', 'SRSF2', 'RFC2', 'LSM5', 'CCT7'] : 0.26210303708490057
2025-06-20 00:29:53,744 - ['STUB1', 'UBA52', 'POLR2I', 'PSMD7', 'NME6', 'RFC2', 'UBE2A', 'CCT7'] : 0.26243605866067754
2025-06-20 00:29:53,744 - ['STUB1', 'UBA52', 'POLR2I', 'XPA', 'RFC2', 'SNRNP35', 'CCT7'] : 0.2625866561548248
2025-06-20 00:29:53,744 - ['STUB1', 'UBA52', 'POLR2I', 'PSMD7', 'UBE2D2', 'XPC', 'CCT7'] : 0.26353165822712266
2025-06-20 00:29:53,744 - ['STUB1', 'UBA52', 'POLR2I', 'PSMD7', 'RFC2', 'CCT7', 'RPS12', 'KATNAL2'] : 0.2662805848608238
2025-06-20 00:29:53,744 - ['STUB1', 'UBA52', 'POLR2I', 'CHUK', 'XPA', 'RFC2', 'CCT7'] : 0.2711759542319844
2025-06-20 00:29:53,744 - ['STUB1', 'UBA52', 'POLR2I', 'PSMD7', 'XPA', 'RFC2', 'CCT7', 'PRPF6'] : 0.2744663976574535
2025-06-20 00:29:53,745 - ['STUB1', 'UBA52', 'POLR2I', 'PSMD7', 'XPA', 'RFC2', 'CCT7', 'CLPP'] : 0.2766037986510997
2025-06-20 00:29:53,745 - ['STUB1', 'UBA52', 'POLR2I', 'XPA', 'RFC2', 'LSM5', 'CCT7'] : 0.27739783893895165
2025-06-20 00:29:53,745 - ['STUB1', 'UBA52', 'POLR2I', 'RAD9A', 'XPA', 'RFC2', 'CCT7'] : 0.2779605864780449
2025-06-20 00:29:53,745 - ['STUB1', 'UBA52', 'POLR2I', 'PSMD7', 'RFC2', 'POLR3B', 'CCT7'] : 0.2781418942956545
2025-06-20 00:29:53,745 - ['STUB1', 'UBA52', 'POLR2I', 'DHX9', 'XPA', 'RFC2', 'CCT7'] : 0.2803722309526092
2025-06-20 00:29:53,745 - ['STUB1', 'UBA52', 'POLR2I', 'PSMD7', 'SF3A1', 'CCT7', 'UBE2D2'] : 0.28512128448902396
2025-06-20 00:29:53,745 - ['STUB1', 'UBA52', 'POLR2I', 'PSMD7', 'XPA', 'RFC2', 'CCT7', 'UBE2A'] : 0.2905452343819672
2025-06-20 00:29:53,745 - ['STUB1', 'UBA52', 'POLR2I', 'XPA', 'RFC2', 'PSMD7', 'CCT7'] : 0.2954163021043823
2025-06-20 00:29:53,745 - ['STUB1', 'UBA52', 'POLR2I', 'RPS12', 'XPA', 'RFC2', 'CCT7'] : 0.30521222010079296
2025-06-20 00:29:53,745 - ['STUB1', 'UBA52', 'POLR2I', 'PSMD7', 'EXOSC5', 'CCT7', 'RPS12'] : 0.31071429772954484
2025-06-20 00:29:53,815 - Finished with child num after mutate ['PSMD10', 'STUB1', 'UBA52', 'POLR2I', 'PSMD7', 'EXOSC5', 'CCT7', 'RPS12', 'PDZD11'] 
2025-06-20 00:29:53,874 - Finished with child num after mutate ['STUB1', 'UBA52', 'POLR2I', 'PSMD7', 'XPA', 'RFC2', 'CCT7', 'SRRM2'] 
2025-06-20 00:29:53,875 - ------ ----- ----- Generation num ----- ----- ----- 51
2025-06-20 00:29:53,941 - Finished with child num after mutate ['STUB1', 'UBA52', 'POLR2I', 'XPA', 'RFC2', 'CCT7', 'NPAS2'] 
2025-06-20 00:29:53,998 - Finished with child num after mutate ['STUB1', 'UBA52', 'POLR2I', 'PSMD7', 'XPA', 'RFC2', 'CCT7', 'HIPK2'] 
2025-06-20 00:29:54,000 - ------ ----- ----- Generation num ----- ----- ----- 52
2025-06-20 00:29:54,067 - Finished with child num after mutate ['STUB1', 'UBA52', 'POLR2I', 'PSMD7', 'EXOSC5', 'CCT7', 'RPS12', 'CD4'] 
2025-06-20 00:29:54,127 - Finished with child num after mutate ['STUB1', 'UBA52', 'POLR2I', 'PSMD7', 'EXOSC5', 'CCT7', 'RPS12', 'ZNF263'] 
2025-06-20 00:29:54,128 - ------ ----- ----- Generation num ----- ----- ----- 53
2025-06-20 00:29:54,188 - Finished with child num after mutate ['STUB1', 'UBA52', 'POLR2I', 'PSMD7', 'EXOSC5', 'CCT7', 'RPS12', 'REXO1'] 
2025-06-20 00:29:54,247 - Finished with child num after mutate ['STUB1', 'UBA52', 'POLR2I', 'PSMD7', 'EXOSC5', 'CCT7', 'RPS12', 'AURKA'] 
2025-06-20 00:29:54,248 - ------ ----- ----- Generation num ----- ----- ----- 54
2025-06-20 00:29:54,329 - Finished with child num after mutate ['VAMP3', 'UBA52', 'POLR2I', 'XPA', 'RFC2', 'RPS12'] 
2025-06-20 00:29:54,386 - Finished with child num after mutate ['STUB1', 'UBA52', 'POLR2I', 'PSMD7', 'EXOSC5', 'CCT7', 'HDAC10'] 
2025-06-20 00:29:54,387 - ------ ----- ----- Generation num ----- ----- ----- 55
2025-06-20 00:29:54,447 - Finished with child num after mutate ['STUB1', 'UBA52', 'POLR2I', 'RFC2', 'CCT7', 'RPS12', 'YBX3'] 
2025-06-20 00:29:54,513 - Finished with child num after mutate ['STUB1', 'UBA52', 'POLR2I', 'PSMD7', 'POLR1E', 'CCT7'] 
2025-06-20 00:29:54,514 - ------ ----- ----- Generation num ----- ----- ----- 56
2025-06-20 00:29:54,571 - Finished with child num after mutate ['SF3A1', 'STUB1', 'UBA52', 'POLR2I', 'PSMD7', 'SPOCD1', 'UBE2D2'] 
2025-06-20 00:29:54,628 - Finished with child num after mutate ['STUB1', 'UBA52', 'POLR2I', 'XPA', 'RFC2', 'CCT7', 'RPS12', 'CDK7'] 
2025-06-20 00:29:54,630 - ------ ----- ----- Generation num ----- ----- ----- 57
2025-06-20 00:29:54,687 - Finished with child num after mutate ['STUB1', 'UBA52', 'POLR2I', 'EXOSC5', 'ZNF184', 'CCT7', 'RPS12'] 
2025-06-20 00:29:54,751 - Finished with child num after mutate ['STUB1', 'UBA52', 'POLR2I', 'PSMD7', 'RFC2', 'CCT7', 'VAMP3'] 
2025-06-20 00:29:54,752 - ------ ----- ----- Generation num ----- ----- ----- 58
2025-06-20 00:29:54,811 - Finished with child num after mutate ['STUB1', 'UBA52', 'POLR2I', 'PSMD7', 'EXOSC5', 'CCT7', 'RPS12', 'NGFR'] 
2025-06-20 00:29:54,874 - Finished with child num after mutate ['UBA52', 'POLR2I', 'RFC2', 'XPA', 'MIOX', 'RPS12'] 
2025-06-20 00:29:54,875 - ------ ----- ----- Generation num ----- ----- ----- 59
2025-06-20 00:29:54,935 - Finished with child num after mutate ['STUB1', 'UBA52', 'POLR2I', 'PSMD7', 'EXOSC5', 'MYF5', 'CCT7', 'RPS12'] 
2025-06-20 00:29:54,991 - Finished with child num after mutate ['STUB1', 'UBA52', 'POLR2I', 'PSMD7', 'XPA', 'RFC2', 'CCT7', 'LIG1'] 
2025-06-20 00:29:54,993 - ------ ----- ----- Generation num ----- ----- ----- 60
2025-06-20 00:29:54,994 - ['STUB1', 'UBA52', 'POLR2I', 'PSMD7', 'EXOSC5', 'MYF5', 'CCT7', 'RPS12'] : 0.24858696074907294
2025-06-20 00:29:54,994 - ['STUB1', 'UBA52', 'POLR2I', 'PSMD7', 'XPA', 'RFC2', 'CCT7', 'LIG1'] : 0.28631586628244277
2025-06-20 00:29:54,994 - ['SF3A1', 'STUB1', 'UBA52', 'POLR2I', 'PSMD7', 'KAT5', 'UBE2D2'] : 0.2609430608866395
2025-06-20 00:29:54,994 - ['STUB1', 'UBA52', 'POLR2I', 'XPA', 'RFC2', 'CCT7', 'RPS12', 'NSUN2'] : 0.2610208950590624
2025-06-20 00:29:54,994 - ['STUB1', 'UBA52', 'POLR2I', 'DUT', 'XPA', 'RFC2', 'CCT7'] : 0.2616202182961155
2025-06-20 00:29:54,994 - ['STUB1', 'UBA52', 'POLR2I', 'HNRNPF', 'XPA', 'RFC2', 'CCT7'] : 0.2616893510708811
2025-06-20 00:29:54,994 - ['STUB1', 'UBA52', 'POLR2I', 'XPA', 'RFC2', 'CCT7', 'SNRPF'] : 0.2620003640212071
2025-06-20 00:29:54,994 - ['STUB1', 'UBA52', 'POLR2I', 'SRSF2', 'RFC2', 'LSM5', 'CCT7'] : 0.26210303708490057
2025-06-20 00:29:54,994 - ['STUB1', 'UBA52', 'POLR2I', 'PSMD7', 'NME6', 'RFC2', 'UBE2A', 'CCT7'] : 0.26243605866067754
2025-06-20 00:29:54,994 - ['STUB1', 'UBA52', 'POLR2I', 'XPA', 'RFC2', 'SNRNP35', 'CCT7'] : 0.2625866561548248
2025-06-20 00:29:54,994 - ['STUB1', 'UBA52', 'POLR2I', 'PSMD7', 'RFC2', 'CCT7', 'VAMP3'] : 0.26341778963807266
2025-06-20 00:29:54,994 - ['STUB1', 'UBA52', 'POLR2I', 'PSMD7', 'UBE2D2', 'XPC', 'CCT7'] : 0.26353165822712266
2025-06-20 00:29:54,994 - ['STUB1', 'UBA52', 'POLR2I', 'PSMD7', 'EXOSC5', 'CCT7', 'RPS12', 'REXO1'] : 0.26503450162492304
2025-06-20 00:29:54,994 - ['STUB1', 'UBA52', 'POLR2I', 'PSMD7', 'RFC2', 'CCT7', 'RPS12', 'KATNAL2'] : 0.2662805848608238
2025-06-20 00:29:54,994 - ['STUB1', 'UBA52', 'POLR2I', 'CHUK', 'XPA', 'RFC2', 'CCT7'] : 0.2711759542319844
2025-06-20 00:29:54,994 - ['STUB1', 'UBA52', 'POLR2I', 'PSMD7', 'XPA', 'RFC2', 'CCT7', 'PRPF6'] : 0.2744663976574535
2025-06-20 00:29:54,994 - ['STUB1', 'UBA52', 'POLR2I', 'PSMD7', 'XPA', 'RFC2', 'CCT7', 'CLPP'] : 0.2766037986510997
2025-06-20 00:29:54,994 - ['STUB1', 'UBA52', 'POLR2I', 'XPA', 'RFC2', 'LSM5', 'CCT7'] : 0.27739783893895165
2025-06-20 00:29:54,994 - ['STUB1', 'UBA52', 'POLR2I', 'RAD9A', 'XPA', 'RFC2', 'CCT7'] : 0.2779605864780449
2025-06-20 00:29:54,994 - ['STUB1', 'UBA52', 'POLR2I', 'PSMD7', 'RFC2', 'POLR3B', 'CCT7'] : 0.2781418942956545
2025-06-20 00:29:54,995 - ['STUB1', 'UBA52', 'POLR2I', 'DHX9', 'XPA', 'RFC2', 'CCT7'] : 0.2803722309526092
2025-06-20 00:29:54,995 - ['VAMP3', 'UBA52', 'POLR2I', 'XPA', 'RFC2', 'RPS12'] : 0.28119355948557767
2025-06-20 00:29:54,995 - ['STUB1', 'UBA52', 'POLR2I', 'PSMD7', 'EXOSC5', 'CCT7', 'RPS12', 'AURKA'] : 0.28128794590480366
2025-06-20 00:29:54,995 - ['STUB1', 'UBA52', 'POLR2I', 'XPA', 'RFC2', 'CCT7', 'RPS12', 'CDK7'] : 0.28260488776132264
2025-06-20 00:29:54,995 - ['STUB1', 'UBA52', 'POLR2I', 'PSMD7', 'SF3A1', 'CCT7', 'UBE2D2'] : 0.28512128448902396
2025-06-20 00:29:54,995 - ['STUB1', 'UBA52', 'POLR2I', 'PSMD7', 'XPA', 'RFC2', 'CCT7', 'UBE2A'] : 0.2905452343819672
2025-06-20 00:29:54,995 - ['STUB1', 'UBA52', 'POLR2I', 'PSMD7', 'EXOSC5', 'CCT7', 'RPS12', 'PSMD10'] : 0.2918782500259542
2025-06-20 00:29:54,995 - ['STUB1', 'UBA52', 'POLR2I', 'XPA', 'RFC2', 'PSMD7', 'CCT7'] : 0.2954163021043823
2025-06-20 00:29:54,995 - ['STUB1', 'UBA52', 'POLR2I', 'RPS12', 'XPA', 'RFC2', 'CCT7'] : 0.30521222010079296
2025-06-20 00:29:54,995 - ['STUB1', 'UBA52', 'POLR2I', 'PSMD7', 'EXOSC5', 'CCT7', 'RPS12'] : 0.31071429772954484
2025-06-20 00:29:55,055 - Finished with child num after mutate ['PSMD10', 'STUB1', 'UBA52', 'POLR2I', 'EXOSC5', 'KLHL20', 'CCT7', 'RPS12'] 
2025-06-20 00:29:55,114 - Finished with child num after mutate ['STUB1', 'UBA52', 'POLR2I', 'PSMD7', 'RFC2', 'CCT7', 'BCL3'] 
2025-06-20 00:29:55,115 - ------ ----- ----- Generation num ----- ----- ----- 61
2025-06-20 00:29:55,172 - Finished with child num after mutate ['STUB1', 'UBA52', 'POLR2I', 'PSMD7', 'XPA', 'RFC2', 'CCT7', 'SIPA1'] 
2025-06-20 00:29:55,231 - Finished with child num after mutate ['CDK7', 'STUB1', 'UBA52', 'POLR2I', 'RPS16', 'RFC2', 'CCT7', 'RPS12'] 
2025-06-20 00:29:55,232 - ------ ----- ----- Generation num ----- ----- ----- 62
2025-06-20 00:29:55,309 - Finished with child num after mutate ['PSMD10', 'KDM4B', 'UBA52', 'POLR2I', 'PSMD7', 'EXOSC5', 'RFC2', 'RPS12'] 
2025-06-20 00:29:55,369 - Finished with child num after mutate ['STUB1', 'UBA52', 'POLR2I', 'TBPL1', 'CCT7', 'RPS12'] 
2025-06-20 00:29:55,370 - ------ ----- ----- Generation num ----- ----- ----- 63
2025-06-20 00:29:55,430 - Finished with child num after mutate ['STUB1', 'UBA52', 'POLR2I', 'PSMD7', 'EXOSC5', 'CCT7', 'RPS12', 'ZFAND1'] 
2025-06-20 00:29:55,519 - Finished with child num after mutate ['TBPL1', 'STUB1', 'UBA52', 'POLR2I', 'CCT7', 'RPS12', 'TCEANC2'] 
2025-06-20 00:29:55,520 - ------ ----- ----- Generation num ----- ----- ----- 64
2025-06-20 00:29:55,578 - Finished with child num after mutate ['STUB1', 'UBA52', 'POLR2I', 'PSMD7', 'EXOSC5', 'CCT7', 'RPS12', 'DERL2'] 
2025-06-20 00:29:55,636 - Finished with child num after mutate ['PSMD10', 'STUB1', 'UBA52', 'POLR2I', 'PSMD7', 'EXOSC5', 'CCT7', 'RPS12', 'PSMD8'] 
2025-06-20 00:29:55,637 - ------ ----- ----- Generation num ----- ----- ----- 65
2025-06-20 00:29:55,701 - Finished with child num after mutate ['PSMD10', 'MCM5', 'UBA52', 'POLR2I', 'PSMD7', 'EXOSC5', 'PSMD8', 'CCT7', 'RPS12'] 
2025-06-20 00:29:55,757 - Finished with child num after mutate ['STUB1', 'UBA52', 'POLR2I', 'PSMD7', 'EXOSC5', 'CCT7', 'RPS12', 'MOCS3'] 
2025-06-20 00:29:55,759 - ------ ----- ----- Generation num ----- ----- ----- 66
2025-06-20 00:29:55,819 - Finished with child num after mutate ['STUB1', 'UBA52', 'POLR2I', 'PSMD7', 'EXOSC5', 'CCT7', 'RPS12', 'ABCC6'] 
2025-06-20 00:29:55,874 - Finished with child num after mutate ['STUB1', 'UBA52', 'POLR2I', 'PSMD7', 'RNF126', 'RFC2', 'UBE2A', 'CCT7'] 
2025-06-20 00:29:55,876 - ------ ----- ----- Generation num ----- ----- ----- 67
2025-06-20 00:29:55,938 - Finished with child num after mutate ['ZNF416', 'UBA52', 'POLR2I', 'PSMD8', 'XPA', 'RFC2', 'RPS12'] 
2025-06-20 00:29:55,997 - Finished with child num after mutate ['PSMD10', 'UBA52', 'POLR2I', 'PSMD7', 'EXOSC5', 'RPL18A', 'CCT7', 'RPS12'] 
2025-06-20 00:29:55,999 - ------ ----- ----- Generation num ----- ----- ----- 68
2025-06-20 00:29:56,056 - Finished with child num after mutate ['PSMD10', 'UBA52', 'FANCE', 'PSMD7', 'RPL18A', 'CCT7', 'RPS12'] 
2025-06-20 00:29:56,114 - Finished with child num after mutate ['PSMD10', 'UBA52', 'POLR2I', 'EXOSC5', 'PSMD8', 'NME8', 'CCT7', 'RPS12'] 
2025-06-20 00:29:56,115 - ------ ----- ----- Generation num ----- ----- ----- 69
2025-06-20 00:29:56,174 - Finished with child num after mutate ['STUB1', 'UBA52', 'POLR2I', 'XPA', 'RFC2', 'CCT7', 'RPS12', 'GNAT3'] 
2025-06-20 00:29:56,232 - Finished with child num after mutate ['PSMD10', 'UBA52', 'POLR2I', 'PSMD7', 'RPL18A', 'EXOSC5', 'CCT7', 'RPS12', 'RIPK2'] 
2025-06-20 00:29:56,233 - ------ ----- ----- Generation num ----- ----- ----- 70
2025-06-20 00:29:56,233 - ['STUB1', 'UBA52', 'POLR2I', 'XPA', 'RFC2', 'CCT7', 'RPS12', 'GNAT3'] : 0.2467405296596527
2025-06-20 00:29:56,233 - ['PSMD10', 'UBA52', 'POLR2I', 'PSMD7', 'RPL18A', 'EXOSC5', 'CCT7', 'RPS12', 'RIPK2'] : 0.2817255304866087
2025-06-20 00:29:56,233 - ['STUB1', 'UBA52', 'POLR2I', 'PSMD7', 'EXOSC5', 'CCT7', 'RPS12', 'ZFAND1'] : 0.2656397998925776
2025-06-20 00:29:56,233 - ['STUB1', 'UBA52', 'POLR2I', 'PSMD7', 'RFC2', 'CCT7', 'RPS12', 'KATNAL2'] : 0.2662805848608238
2025-06-20 00:29:56,233 - ['PSMD10', 'KDM4B', 'UBA52', 'POLR2I', 'PSMD7', 'EXOSC5', 'RFC2', 'RPS12'] : 0.2663482565316671
2025-06-20 00:29:56,233 - ['STUB1', 'UBA52', 'POLR2I', 'CHUK', 'XPA', 'RFC2', 'CCT7'] : 0.2711759542319844
2025-06-20 00:29:56,233 - ['STUB1', 'UBA52', 'POLR2I', 'PSMD7', 'XPA', 'RFC2', 'CCT7', 'PRPF6'] : 0.2744663976574535
2025-06-20 00:29:56,233 - ['STUB1', 'UBA52', 'POLR2I', 'PSMD7', 'XPA', 'RFC2', 'CCT7', 'CLPP'] : 0.2766037986510997
2025-06-20 00:29:56,233 - ['STUB1', 'UBA52', 'POLR2I', 'XPA', 'RFC2', 'LSM5', 'CCT7'] : 0.27739783893895165
2025-06-20 00:29:56,233 - ['STUB1', 'UBA52', 'POLR2I', 'RAD9A', 'XPA', 'RFC2', 'CCT7'] : 0.2779605864780449
2025-06-20 00:29:56,233 - ['STUB1', 'UBA52', 'POLR2I', 'PSMD7', 'RFC2', 'POLR3B', 'CCT7'] : 0.2781418942956545
2025-06-20 00:29:56,233 - ['STUB1', 'UBA52', 'POLR2I', 'DHX9', 'XPA', 'RFC2', 'CCT7'] : 0.2803722309526092
2025-06-20 00:29:56,233 - ['VAMP3', 'UBA52', 'POLR2I', 'XPA', 'RFC2', 'RPS12'] : 0.28119355948557767
2025-06-20 00:29:56,233 - ['STUB1', 'UBA52', 'POLR2I', 'PSMD7', 'EXOSC5', 'CCT7', 'RPS12', 'AURKA'] : 0.28128794590480366
2025-06-20 00:29:56,233 - ['STUB1', 'UBA52', 'POLR2I', 'XPA', 'RFC2', 'CCT7', 'RPS12', 'CDK7'] : 0.28260488776132264
2025-06-20 00:29:56,233 - ['TBPL1', 'STUB1', 'UBA52', 'POLR2I', 'CCT7', 'RPS12', 'TCEANC2'] : 0.2831082483678396
2025-06-20 00:29:56,233 - ['CDK7', 'STUB1', 'UBA52', 'POLR2I', 'RPS16', 'RFC2', 'CCT7', 'RPS12'] : 0.28369274342552314
2025-06-20 00:29:56,233 - ['STUB1', 'UBA52', 'POLR2I', 'PSMD7', 'SF3A1', 'CCT7', 'UBE2D2'] : 0.28512128448902396
2025-06-20 00:29:56,233 - ['PSMD10', 'UBA52', 'POLR2I', 'EXOSC5', 'PSMD8', 'NME8', 'CCT7', 'RPS12'] : 0.2860828313095703
2025-06-20 00:29:56,233 - ['STUB1', 'UBA52', 'POLR2I', 'PSMD7', 'XPA', 'RFC2', 'CCT7', 'LIG1'] : 0.28631586628244277
2025-06-20 00:29:56,234 - ['STUB1', 'UBA52', 'POLR2I', 'PSMD7', 'XPA', 'RFC2', 'CCT7', 'UBE2A'] : 0.2905452343819672
2025-06-20 00:29:56,234 - ['STUB1', 'UBA52', 'POLR2I', 'PSMD7', 'EXOSC5', 'CCT7', 'RPS12', 'PSMD10'] : 0.2918782500259542
2025-06-20 00:29:56,234 - ['STUB1', 'UBA52', 'POLR2I', 'TBPL1', 'CCT7', 'RPS12'] : 0.2947597727680771
2025-06-20 00:29:56,234 - ['STUB1', 'UBA52', 'POLR2I', 'XPA', 'RFC2', 'PSMD7', 'CCT7'] : 0.2954163021043823
2025-06-20 00:29:56,234 - ['PSMD10', 'MCM5', 'UBA52', 'POLR2I', 'PSMD7', 'EXOSC5', 'PSMD8', 'CCT7', 'RPS12'] : 0.30488709559966853
2025-06-20 00:29:56,234 - ['STUB1', 'UBA52', 'POLR2I', 'RPS12', 'XPA', 'RFC2', 'CCT7'] : 0.30521222010079296
2025-06-20 00:29:56,234 - ['STUB1', 'UBA52', 'POLR2I', 'PSMD7', 'EXOSC5', 'CCT7', 'RPS12'] : 0.31071429772954484
2025-06-20 00:29:56,234 - ['PSMD10', 'STUB1', 'UBA52', 'POLR2I', 'PSMD7', 'EXOSC5', 'CCT7', 'RPS12', 'PSMD8'] : 0.31198002723128127
2025-06-20 00:29:56,234 - ['PSMD10', 'UBA52', 'FANCE', 'PSMD7', 'RPL18A', 'CCT7', 'RPS12'] : 0.32008746394720256
2025-06-20 00:29:56,234 - ['PSMD10', 'UBA52', 'POLR2I', 'PSMD7', 'EXOSC5', 'RPL18A', 'CCT7', 'RPS12'] : 0.342555310452516
2025-06-20 00:29:56,296 - Finished with child num after mutate ['PSMD10', 'UBA52', 'POLR2I', 'PSMD7', 'EXOSC5', 'CCT7', 'RPS12', 'USP28'] 
2025-06-20 00:29:56,391 - Finished with child num after mutate ['PSMD10', 'UBA52', 'PSMD7', 'RPL18A', 'FIZ1', 'RPS12'] 
2025-06-20 00:29:56,391 - ------ ----- ----- Generation num ----- ----- ----- 71
2025-06-20 00:29:56,455 - Finished with child num after mutate ['PSMD10', 'UBA52', 'PSMD7', 'RPL18A', 'WNK4', 'CCT7', 'RPS12'] 
2025-06-20 00:29:56,512 - Finished with child num after mutate ['PSMD10', 'UBA52', 'PSMD7', 'RPL18A', 'COX6A1', 'CCT7', 'RPS12'] 
2025-06-20 00:29:56,513 - ------ ----- ----- Generation num ----- ----- ----- 72
2025-06-20 00:29:56,577 - Finished with child num after mutate ['PSMD10', 'UBA52', 'POLR2I', 'PSMD7', 'RPL18A', 'EXOSC5', 'CCT7', 'RPS12', 'PPP2CB'] 
2025-06-20 00:29:56,636 - Finished with child num after mutate ['PSMD10', 'UBA52', 'POLR2I', 'PSMD7', 'RPL18A', 'EXOSC5', 'CCT7', 'RPS12', 'ZBTB24'] 
2025-06-20 00:29:56,637 - ------ ----- ----- Generation num ----- ----- ----- 73
2025-06-20 00:29:56,696 - Finished with child num after mutate ['PSMD10', 'UBA52', 'KLHL20', 'PSMD7', 'RPL18A', 'CCT7', 'RPS12'] 
2025-06-20 00:29:56,762 - Finished with child num after mutate ['PSMD10', 'UBA52', 'PSMD7', 'EXOSC5', 'CDC37', 'CCT7', 'RPS12'] 
2025-06-20 00:29:56,762 - ------ ----- ----- Generation num ----- ----- ----- 74
2025-06-20 00:29:56,822 - Finished with child num after mutate ['PSMD10', 'UBA52', 'POLR2I', 'PSMD7', 'RPL18A', 'EXOSC5', 'CCT7', 'RPS12', 'ECH1'] 
2025-06-20 00:29:56,887 - Finished with child num after mutate ['PSMD10', 'PPP2CB', 'UBA52', 'PRPF19', 'PSMD7', 'RPL18A', 'EXOSC5', 'CCT7', 'RPS12'] 
2025-06-20 00:29:56,889 - ------ ----- ----- Generation num ----- ----- ----- 75
2025-06-20 00:29:56,951 - Finished with child num after mutate ['PSMD10', 'PPP2CB', 'UBA52', 'EGR2', 'PSMD7', 'RPL18A', 'EXOSC5', 'CCT7', 'RPS12'] 
2025-06-20 00:29:57,010 - Finished with child num after mutate ['PSMD10', 'UBA52', 'PSMD7', 'RPL18A', 'MYL12A', 'CCT7', 'RPS12'] 
2025-06-20 00:29:57,011 - ------ ----- ----- Generation num ----- ----- ----- 76
2025-06-20 00:29:57,069 - Finished with child num after mutate ['PSMD10', 'UBA52', 'PSMD7', 'RPL18A', 'EXOSC5', 'ORC2', 'CCT7', 'RPS12'] 
2025-06-20 00:29:57,129 - Finished with child num after mutate ['PSMD10', 'UBA52', 'YBX2', 'PSMD7', 'RPL18A', 'CCT7', 'RPS12'] 
2025-06-20 00:29:57,130 - ------ ----- ----- Generation num ----- ----- ----- 77
2025-06-20 00:29:57,190 - Finished with child num after mutate ['PSMD10', 'PPP2CB', 'UBA52', 'PSMD7', 'PRPF19', 'RPL18A', 'EXOSC5', 'CCT7', 'RPS12', 'CTTNBP2'] 
2025-06-20 00:29:57,253 - Finished with child num after mutate ['PSMD10', 'PPP2CB', 'UBA52', 'PSMD7', 'PRPF19', 'RPL18A', 'EXOSC5', 'CCT7', 'RPS12', 'FGF6'] 
2025-06-20 00:29:57,254 - ------ ----- ----- Generation num ----- ----- ----- 78
2025-06-20 00:29:57,353 - Finished with child num after mutate ['PSMD10', 'UBA52', 'PSMD7', 'RPL18A', 'TPI1', 'CCT7', 'RPS12'] 
2025-06-20 00:29:57,436 - Finished with child num after mutate ['STUB1', 'UBA52', 'POLR2I', 'PSMD7', 'EXOSC5', 'CCT7', 'RPS12', 'TBPL1'] 
2025-06-20 00:29:57,436 - ------ ----- ----- Generation num ----- ----- ----- 79
2025-06-20 00:29:57,491 - Finished with child num after mutate ['PSMD10', 'PPP2CB', 'EIF3D', 'PSMD7', 'RPL18A', 'EXOSC5', 'CCT7', 'RPS12'] 
2025-06-20 00:29:57,571 - Finished with child num after mutate ['PSMD10', 'UBA52', 'PSMD7', 'RPL18A', 'PRPF19', 'EXOSC5', 'CCT7', 'RPS12', 'EIF3E'] 
2025-06-20 00:29:57,572 - ------ ----- ----- Generation num ----- ----- ----- 80
2025-06-20 00:29:57,572 - ['PSMD10', 'PPP2CB', 'EIF3D', 'PSMD7', 'RPL18A', 'EXOSC5', 'CCT7', 'RPS12'] : 0.27729545509176845
2025-06-20 00:29:57,572 - ['PSMD10', 'UBA52', 'PSMD7', 'RPL18A', 'PRPF19', 'EXOSC5', 'CCT7', 'RPS12', 'EIF3E'] : 0.35629287796599596
2025-06-20 00:29:57,572 - ['PSMD10', 'PPP2CB', 'UBA52', 'EGR2', 'PSMD7', 'RPL18A', 'EXOSC5', 'CCT7', 'RPS12'] : 0.286033429004619
2025-06-20 00:29:57,572 - ['PSMD10', 'UBA52', 'POLR2I', 'EXOSC5', 'PSMD8', 'NME8', 'CCT7', 'RPS12'] : 0.2860828313095703
2025-06-20 00:29:57,572 - ['STUB1', 'UBA52', 'POLR2I', 'PSMD7', 'XPA', 'RFC2', 'CCT7', 'LIG1'] : 0.28631586628244277
2025-06-20 00:29:57,572 - ['PSMD10', 'PPP2CB', 'UBA52', 'PSMD7', 'PRPF19', 'RPL18A', 'EXOSC5', 'CCT7', 'RPS12', 'FGF6'] : 0.286836158348465
2025-06-20 00:29:57,572 - ['STUB1', 'UBA52', 'POLR2I', 'PSMD7', 'EXOSC5', 'CCT7', 'RPS12', 'TBPL1'] : 0.2880352431623002
2025-06-20 00:29:57,572 - ['STUB1', 'UBA52', 'POLR2I', 'PSMD7', 'XPA', 'RFC2', 'CCT7', 'UBE2A'] : 0.2905452343819672
2025-06-20 00:29:57,572 - ['PSMD10', 'UBA52', 'POLR2I', 'PSMD7', 'RPL18A', 'EXOSC5', 'CCT7', 'RPS12', 'ECH1'] : 0.29147324953389153
2025-06-20 00:29:57,572 - ['STUB1', 'UBA52', 'POLR2I', 'PSMD7', 'EXOSC5', 'CCT7', 'RPS12', 'PSMD10'] : 0.2918782500259542
2025-06-20 00:29:57,572 - ['STUB1', 'UBA52', 'POLR2I', 'TBPL1', 'CCT7', 'RPS12'] : 0.2947597727680771
2025-06-20 00:29:57,572 - ['STUB1', 'UBA52', 'POLR2I', 'XPA', 'RFC2', 'PSMD7', 'CCT7'] : 0.2954163021043823
2025-06-20 00:29:57,572 - ['PSMD10', 'UBA52', 'PSMD7', 'RPL18A', 'FIZ1', 'RPS12'] : 0.2958992403421171
2025-06-20 00:29:57,572 - ['PSMD10', 'PPP2CB', 'UBA52', 'PSMD7', 'PRPF19', 'RPL18A', 'EXOSC5', 'CCT7', 'RPS12', 'CTTNBP2'] : 0.29747414900840513
2025-06-20 00:29:57,572 - ['PSMD10', 'UBA52', 'YBX2', 'PSMD7', 'RPL18A', 'CCT7', 'RPS12'] : 0.3031093770158189
2025-06-20 00:29:57,572 - ['PSMD10', 'MCM5', 'UBA52', 'POLR2I', 'PSMD7', 'EXOSC5', 'PSMD8', 'CCT7', 'RPS12'] : 0.30488709559966853
2025-06-20 00:29:57,572 - ['STUB1', 'UBA52', 'POLR2I', 'RPS12', 'XPA', 'RFC2', 'CCT7'] : 0.30521222010079296
2025-06-20 00:29:57,572 - ['PSMD10', 'UBA52', 'PSMD7', 'RPL18A', 'MYL12A', 'CCT7', 'RPS12'] : 0.3054506560435677
2025-06-20 00:29:57,572 - ['STUB1', 'UBA52', 'POLR2I', 'PSMD7', 'EXOSC5', 'CCT7', 'RPS12'] : 0.31071429772954484
2025-06-20 00:29:57,573 - ['PSMD10', 'STUB1', 'UBA52', 'POLR2I', 'PSMD7', 'EXOSC5', 'CCT7', 'RPS12', 'PSMD8'] : 0.31198002723128127
2025-06-20 00:29:57,573 - ['PSMD10', 'UBA52', 'PSMD7', 'RPL18A', 'WNK4', 'CCT7', 'RPS12'] : 0.31532912160819315
2025-06-20 00:29:57,573 - ['PSMD10', 'UBA52', 'KLHL20', 'PSMD7', 'RPL18A', 'CCT7', 'RPS12'] : 0.3193264983528984
2025-06-20 00:29:57,573 - ['PSMD10', 'UBA52', 'FANCE', 'PSMD7', 'RPL18A', 'CCT7', 'RPS12'] : 0.32008746394720256
2025-06-20 00:29:57,573 - ['PSMD10', 'UBA52', 'PSMD7', 'EXOSC5', 'CDC37', 'CCT7', 'RPS12'] : 0.3205738883368725
2025-06-20 00:29:57,573 - ['PSMD10', 'UBA52', 'POLR2I', 'PSMD7', 'RPL18A', 'EXOSC5', 'CCT7', 'RPS12', 'PPP2CB'] : 0.32098205744235353
2025-06-20 00:29:57,573 - ['PSMD10', 'UBA52', 'PSMD7', 'RPL18A', 'EXOSC5', 'ORC2', 'CCT7', 'RPS12'] : 0.3230674312897505
2025-06-20 00:29:57,573 - ['PSMD10', 'UBA52', 'PSMD7', 'RPL18A', 'COX6A1', 'CCT7', 'RPS12'] : 0.33247070561799674
2025-06-20 00:29:57,573 - ['PSMD10', 'PPP2CB', 'UBA52', 'PRPF19', 'PSMD7', 'RPL18A', 'EXOSC5', 'CCT7', 'RPS12'] : 0.33615216177783946
2025-06-20 00:29:57,573 - ['PSMD10', 'UBA52', 'POLR2I', 'PSMD7', 'EXOSC5', 'RPL18A', 'CCT7', 'RPS12'] : 0.342555310452516
2025-06-20 00:29:57,573 - ['PSMD10', 'UBA52', 'PSMD7', 'RPL18A', 'TPI1', 'CCT7', 'RPS12'] : 0.37096821556715376
2025-06-20 00:29:57,632 - Finished with child num after mutate ['PSMD10', 'UBA52', 'TPI1', 'PSMD7', 'RPL18A', 'CCT7', 'RPS12', 'ZNF777'] 
2025-06-20 00:29:57,690 - Finished with child num after mutate ['ECH1', 'UBA52', 'PSMD7', 'RPL18A', 'PRPF19', 'EXOSC5', 'EIF3E', 'CCT7', 'RPS12'] 
2025-06-20 00:29:57,692 - ------ ----- ----- Generation num ----- ----- ----- 81
2025-06-20 00:29:57,751 - Finished with child num after mutate ['PSMD10', 'UBA52', 'PSMD7', 'RPL18A', 'PRPF19', 'CCT7', 'RPS12'] 
2025-06-20 00:29:57,811 - Finished with child num after mutate ['PSMD10', 'UBA52', 'POLR2I', 'PSMD7', 'RPL18A', 'EXOSC5', 'CCT7', 'RPS12', 'PLAGL2'] 
2025-06-20 00:29:57,812 - ------ ----- ----- Generation num ----- ----- ----- 82
2025-06-20 00:29:57,870 - Finished with child num after mutate ['PSMD10', 'UBA52', 'TPI1', 'PSMD7', 'RPL18A', 'CCT7', 'RPS12', 'OSGEP'] 
2025-06-20 00:29:57,930 - Finished with child num after mutate ['PSMD10', 'UBA52', 'PSMD7', 'RPL18A', 'PRPF19', 'CCT7', 'RPS12', 'RALY'] 
2025-06-20 00:29:57,931 - ------ ----- ----- Generation num ----- ----- ----- 83
2025-06-20 00:29:57,992 - Finished with child num after mutate ['PSMD10', 'UBA52', 'TPI1', 'PSMD7', 'RPL18A', 'CCT7', 'RPS12', 'MYL12A'] 
2025-06-20 00:29:58,053 - Finished with child num after mutate ['PSMD10', 'UBA52', 'PSMD7', 'RPL18A', 'EXOSC5', 'MZF1', 'CCT7', 'RPS12'] 
2025-06-20 00:29:58,054 - ------ ----- ----- Generation num ----- ----- ----- 84
2025-06-20 00:29:58,114 - Finished with child num after mutate ['CCND1', 'UBA52', 'PSMD7', 'RPL18A', 'PRPF19', 'EXOSC5', 'EIF3E', 'CCT7', 'RPS12'] 
2025-06-20 00:29:58,185 - Finished with child num after mutate ['PSMD10', 'UBA52', 'PSMD7', 'RPL18A', 'PRPF19', 'CCT7', 'RPS12', 'FBL'] 
2025-06-20 00:29:58,186 - ------ ----- ----- Generation num ----- ----- ----- 85
2025-06-20 00:29:58,252 - Finished with child num after mutate ['PSMD10', 'UBA52', 'TPI1', 'PSMD7', 'RPL18A', 'CCT7', 'RPS12', 'ASIC2'] 
2025-06-20 00:29:58,318 - Finished with child num after mutate ['PSMD10', 'UBA52', 'TPI1', 'PSMD7', 'RPL18A', 'CCT7', 'RPS12', 'UBOX5'] 
2025-06-20 00:29:58,319 - ------ ----- ----- Generation num ----- ----- ----- 86
2025-06-20 00:29:58,387 - Finished with child num after mutate ['PSMD10', 'UBA52', 'POLR2I', 'PSMD7', 'EXOSC5', 'CCT7', 'RPS12', 'COX6A1'] 
2025-06-20 00:29:58,447 - Finished with child num after mutate ['TFAP2D', 'UBA52', 'PSMD7', 'RPL18A', 'PRPF19', 'FBL', 'RPS12'] 
2025-06-20 00:29:58,448 - ------ ----- ----- Generation num ----- ----- ----- 87
2025-06-20 00:29:58,548 - Finished with child num after mutate ['PSMD10', 'UBA52', 'TPI1', 'PSMD7', 'RPL18A', 'CCT7', 'RPS12', 'MCM5'] 
2025-06-20 00:29:58,618 - Finished with child num after mutate ['MAZ', 'UBA52', 'PSMD7', 'RPL18A', 'PRPF19', 'EXOSC5', 'EIF3E', 'CCT7', 'RPS12'] 
2025-06-20 00:29:58,619 - ------ ----- ----- Generation num ----- ----- ----- 88
2025-06-20 00:29:58,676 - Finished with child num after mutate ['NME3', 'UBA52', 'TPI1', 'PSMD7', 'RPL18A', 'EXOSC5', 'RPS12'] 
2025-06-20 00:29:58,736 - Finished with child num after mutate ['PSMD10', 'UBA52', 'PSMD7', 'RPL18A', 'PRPF19', 'EIF3E', 'CCT7', 'RPS12', 'PSMA3'] 
2025-06-20 00:29:58,737 - ------ ----- ----- Generation num ----- ----- ----- 89
2025-06-20 00:29:58,819 - Finished with child num after mutate ['DECR2', 'UBA52', 'PSMD7', 'RPL18A', 'PRPF19', 'EXOSC5', 'EIF3E', 'CCT7', 'RPS12'] 
2025-06-20 00:29:58,878 - Finished with child num after mutate ['PSMD10', 'UBA52', 'PSMD7', 'PSMA3', 'RPL18A', 'PRPF19', 'EIF3E', 'CCT7', 'RPS12', 'ERCC1'] 
2025-06-20 00:29:58,879 - ------ ----- ----- Generation num ----- ----- ----- 90
2025-06-20 00:29:58,879 - ['DECR2', 'UBA52', 'PSMD7', 'RPL18A', 'PRPF19', 'EXOSC5', 'EIF3E', 'CCT7', 'RPS12'] : 0.33236767105528275
2025-06-20 00:29:58,879 - ['PSMD10', 'UBA52', 'PSMD7', 'PSMA3', 'RPL18A', 'PRPF19', 'EIF3E', 'CCT7', 'RPS12', 'ERCC1'] : 0.31917947541860525
2025-06-20 00:29:58,879 - ['STUB1', 'UBA52', 'POLR2I', 'RPS12', 'XPA', 'RFC2', 'CCT7'] : 0.30521222010079296
2025-06-20 00:29:58,879 - ['PSMD10', 'UBA52', 'PSMD7', 'RPL18A', 'MYL12A', 'CCT7', 'RPS12'] : 0.3054506560435677
2025-06-20 00:29:58,879 - ['PSMD10', 'UBA52', 'TPI1', 'PSMD7', 'RPL18A', 'CCT7', 'RPS12', 'ASIC2'] : 0.3058658687336192
2025-06-20 00:29:58,879 - ['PSMD10', 'UBA52', 'TPI1', 'PSMD7', 'RPL18A', 'CCT7', 'RPS12', 'MYL12A'] : 0.3079203346003245
2025-06-20 00:29:58,879 - ['PSMD10', 'UBA52', 'TPI1', 'PSMD7', 'RPL18A', 'CCT7', 'RPS12', 'UBOX5'] : 0.3099886140806333
2025-06-20 00:29:58,879 - ['STUB1', 'UBA52', 'POLR2I', 'PSMD7', 'EXOSC5', 'CCT7', 'RPS12'] : 0.31071429772954484
2025-06-20 00:29:58,879 - ['PSMD10', 'STUB1', 'UBA52', 'POLR2I', 'PSMD7', 'EXOSC5', 'CCT7', 'RPS12', 'PSMD8'] : 0.31198002723128127
2025-06-20 00:29:58,879 - ['PSMD10', 'UBA52', 'PSMD7', 'RPL18A', 'WNK4', 'CCT7', 'RPS12'] : 0.31532912160819315
2025-06-20 00:29:58,879 - ['PSMD10', 'UBA52', 'KLHL20', 'PSMD7', 'RPL18A', 'CCT7', 'RPS12'] : 0.3193264983528984
2025-06-20 00:29:58,879 - ['PSMD10', 'UBA52', 'FANCE', 'PSMD7', 'RPL18A', 'CCT7', 'RPS12'] : 0.32008746394720256
2025-06-20 00:29:58,879 - ['PSMD10', 'UBA52', 'PSMD7', 'EXOSC5', 'CDC37', 'CCT7', 'RPS12'] : 0.3205738883368725
2025-06-20 00:29:58,879 - ['PSMD10', 'UBA52', 'POLR2I', 'PSMD7', 'RPL18A', 'EXOSC5', 'CCT7', 'RPS12', 'PPP2CB'] : 0.32098205744235353
2025-06-20 00:29:58,879 - ['MAZ', 'UBA52', 'PSMD7', 'RPL18A', 'PRPF19', 'EXOSC5', 'EIF3E', 'CCT7', 'RPS12'] : 0.3223313251613611
2025-06-20 00:29:58,879 - ['PSMD10', 'UBA52', 'PSMD7', 'RPL18A', 'EXOSC5', 'ORC2', 'CCT7', 'RPS12'] : 0.3230674312897505
2025-06-20 00:29:58,879 - ['PSMD10', 'UBA52', 'TPI1', 'PSMD7', 'RPL18A', 'CCT7', 'RPS12', 'OSGEP'] : 0.32357721264614187
2025-06-20 00:29:58,879 - ['PSMD10', 'UBA52', 'PSMD7', 'RPL18A', 'PRPF19', 'CCT7', 'RPS12', 'RALY'] : 0.3284059141775185
2025-06-20 00:29:58,879 - ['CCND1', 'UBA52', 'PSMD7', 'RPL18A', 'PRPF19', 'EXOSC5', 'EIF3E', 'CCT7', 'RPS12'] : 0.3319895436765999
2025-06-20 00:29:58,879 - ['PSMD10', 'UBA52', 'PSMD7', 'RPL18A', 'COX6A1', 'CCT7', 'RPS12'] : 0.33247070561799674
2025-06-20 00:29:58,880 - ['ECH1', 'UBA52', 'PSMD7', 'RPL18A', 'PRPF19', 'EXOSC5', 'EIF3E', 'CCT7', 'RPS12'] : 0.3335526199266059
2025-06-20 00:29:58,880 - ['PSMD10', 'PPP2CB', 'UBA52', 'PRPF19', 'PSMD7', 'RPL18A', 'EXOSC5', 'CCT7', 'RPS12'] : 0.33615216177783946
2025-06-20 00:29:58,880 - ['PSMD10', 'UBA52', 'TPI1', 'PSMD7', 'RPL18A', 'CCT7', 'RPS12', 'MCM5'] : 0.34133446923065824
2025-06-20 00:29:58,880 - ['PSMD10', 'UBA52', 'POLR2I', 'PSMD7', 'EXOSC5', 'RPL18A', 'CCT7', 'RPS12'] : 0.342555310452516
2025-06-20 00:29:58,880 - ['NME3', 'UBA52', 'TPI1', 'PSMD7', 'RPL18A', 'EXOSC5', 'RPS12'] : 0.3452315160284621
2025-06-20 00:29:58,880 - ['PSMD10', 'UBA52', 'PSMD7', 'RPL18A', 'PRPF19', 'EXOSC5', 'CCT7', 'RPS12', 'EIF3E'] : 0.35629287796599596
2025-06-20 00:29:58,880 - ['PSMD10', 'UBA52', 'PSMD7', 'RPL18A', 'PRPF19', 'CCT7', 'RPS12', 'FBL'] : 0.3604440757944912
2025-06-20 00:29:58,880 - ['PSMD10', 'UBA52', 'PSMD7', 'RPL18A', 'PRPF19', 'CCT7', 'RPS12'] : 0.3672832973768783
2025-06-20 00:29:58,880 - ['PSMD10', 'UBA52', 'PSMD7', 'RPL18A', 'TPI1', 'CCT7', 'RPS12'] : 0.37096821556715376
2025-06-20 00:29:58,880 - ['PSMD10', 'UBA52', 'PSMD7', 'RPL18A', 'PRPF19', 'EIF3E', 'CCT7', 'RPS12', 'PSMA3'] : 0.3753431687221408
2025-06-20 00:29:58,942 - Finished with child num after mutate ['PSMD10', 'UBA52', 'POLR2I', 'PSMD7', 'PRPF19', 'RPL18A', 'CCT7', 'RPS12', 'TGFB1'] 
2025-06-20 00:29:59,000 - Finished with child num after mutate ['PSMD10', 'UBA52', 'PSMD7', 'PSMA3', 'RPL18A', 'EXOSC5', 'EIF3E', 'CCT7', 'RPS12', 'VAMP4'] 
2025-06-20 00:29:59,002 - ------ ----- ----- Generation num ----- ----- ----- 91
2025-06-20 00:29:59,065 - Finished with child num after mutate ['PSMD10', 'UBA52', 'TPI1', 'PSMD7', 'RPL18A', 'CCT7', 'RPS12', 'FBXL12'] 
2025-06-20 00:29:59,123 - Finished with child num after mutate ['PSMD10', 'UBA52', 'PSMD7', 'PSMA3', 'RPL18A', 'PRPF19', 'EIF3E', 'CCT7', 'RPS12', 'PPP2CB'] 
2025-06-20 00:29:59,124 - ------ ----- ----- Generation num ----- ----- ----- 92
2025-06-20 00:29:59,195 - Finished with child num after mutate ['MYL10', 'UBA52', 'POLR2I', 'RPL18A', 'EXOSC5', 'CCT7', 'RPS12'] 
2025-06-20 00:29:59,253 - Finished with child num after mutate ['PSMD10', 'UBA52', 'TPI1', 'PSMD7', 'CCT7', 'RPS12', 'GOLGB1'] 
2025-06-20 00:29:59,254 - ------ ----- ----- Generation num ----- ----- ----- 93
2025-06-20 00:29:59,337 - Finished with child num after mutate ['PSMD10', 'UBA52', 'PSMD7', 'RPL18A', 'PRPF19', 'CCT7', 'RPS12', 'NFYB'] 
2025-06-20 00:29:59,401 - Finished with child num after mutate ['PSMD10', 'PPP2CB', 'UBA52', 'PSMD7', 'PSMA3', 'RPL18A', 'ZFP64', 'EIF3E', 'CCT7', 'RPS12'] 
2025-06-20 00:29:59,402 - ------ ----- ----- Generation num ----- ----- ----- 94
2025-06-20 00:29:59,461 - Finished with child num after mutate ['PSMD10', 'UBA52', 'PSMD7', 'RPL18A', 'PRPF19', 'FBL', 'CCT7', 'RPS12', 'ABTB1'] 
2025-06-20 00:29:59,526 - Finished with child num after mutate ['PSMD10', 'UBA52', 'TPI1', 'PSMD7', 'RPL18A', 'CCT7', 'RPS12', 'NFKB1'] 
2025-06-20 00:29:59,527 - ------ ----- ----- Generation num ----- ----- ----- 95
2025-06-20 00:29:59,589 - Finished with child num after mutate ['PSMD10', 'UBA52', 'TPI1', 'PSMD7', 'RPL18A', 'CCT7', 'RPS12', 'CD4'] 
2025-06-20 00:29:59,649 - Finished with child num after mutate ['PSMD10', 'UBA52', 'PSMD7', 'RPL18A', 'PRPF19', 'FBL', 'CCT7', 'RPS12', 'HSPE1'] 
2025-06-20 00:29:59,649 - ------ ----- ----- Generation num ----- ----- ----- 96
2025-06-20 00:29:59,717 - Finished with child num after mutate ['PSMD10', 'UBA52', 'TPI1', 'PSMD7', 'RPL18A', 'CCT7', 'RPS12', 'DECR2'] 
2025-06-20 00:29:59,781 - Finished with child num after mutate ['REXO1', 'UBA52', 'PSMD7', 'RPL18A', 'PRPF19', 'EXOSC5', 'EIF3E', 'CCT7', 'RPS12'] 
2025-06-20 00:29:59,782 - ------ ----- ----- Generation num ----- ----- ----- 97
2025-06-20 00:29:59,841 - Finished with child num after mutate ['PSMD10', 'UBA52', 'PSMD7', 'RPL18A', 'PRPF19', 'CCT7', 'TBPL1'] 
2025-06-20 00:29:59,899 - Finished with child num after mutate ['PSMD10', 'UBA52', 'PSMD7', 'PSMA3', 'RPL18A', 'ACOT8', 'EIF3E', 'RPS12'] 
2025-06-20 00:29:59,900 - ------ ----- ----- Generation num ----- ----- ----- 98
2025-06-20 00:29:59,965 - Finished with child num after mutate ['PSMD10', 'UBA52', 'PSMD7', 'PRPF19', 'FBL', 'CCT7', 'RPS12', 'EIF1B'] 
2025-06-20 00:30:00,027 - Finished with child num after mutate ['UBA52', 'TPI1', 'RPL18A', 'EXOSC5', 'UMPS', 'RPS12'] 
2025-06-20 00:30:00,028 - ------ ----- ----- Generation num ----- ----- ----- 99
2025-06-20 00:30:00,138 - Finished with child num after mutate ['PSMD10', 'UBA52', 'PSMD7', 'PSMA3', 'RPL18A', 'PRPF19', 'CCT7', 'RPS12', 'GAR1'] 
2025-06-20 00:30:00,204 - Finished with child num after mutate ['UBA52', 'TPI1', 'RPL18A', 'EXOSC5', 'EIF3E', 'UMPS', 'GAPDH'] 
2025-06-20 00:30:00,205 - ------ ----- ----- Generation num ----- ----- ----- 100
2025-06-20 00:30:00,206 - ['PSMD10', 'UBA52', 'PSMD7', 'PSMA3', 'RPL18A', 'PRPF19', 'CCT7', 'RPS12', 'GAR1'] : 0.35501815463481395
2025-06-20 00:30:00,206 - ['UBA52', 'TPI1', 'RPL18A', 'EXOSC5', 'EIF3E', 'UMPS', 'GAPDH'] : 0.37141859837372365
2025-06-20 00:30:00,206 - ['PSMD10', 'UBA52', 'TPI1', 'PSMD7', 'RPL18A', 'CCT7', 'RPS12', 'DECR2'] : 0.3194553774374532
2025-06-20 00:30:00,206 - ['PSMD10', 'UBA52', 'FANCE', 'PSMD7', 'RPL18A', 'CCT7', 'RPS12'] : 0.32008746394720256
2025-06-20 00:30:00,206 - ['PSMD10', 'UBA52', 'PSMD7', 'EXOSC5', 'CDC37', 'CCT7', 'RPS12'] : 0.3205738883368725
2025-06-20 00:30:00,206 - ['PSMD10', 'UBA52', 'POLR2I', 'PSMD7', 'RPL18A', 'EXOSC5', 'CCT7', 'RPS12', 'PPP2CB'] : 0.32098205744235353
2025-06-20 00:30:00,206 - ['MAZ', 'UBA52', 'PSMD7', 'RPL18A', 'PRPF19', 'EXOSC5', 'EIF3E', 'CCT7', 'RPS12'] : 0.3223313251613611
2025-06-20 00:30:00,206 - ['PSMD10', 'UBA52', 'PSMD7', 'RPL18A', 'EXOSC5', 'ORC2', 'CCT7', 'RPS12'] : 0.3230674312897505
2025-06-20 00:30:00,206 - ['PSMD10', 'UBA52', 'TPI1', 'PSMD7', 'RPL18A', 'CCT7', 'RPS12', 'OSGEP'] : 0.32357721264614187
2025-06-20 00:30:00,206 - ['PSMD10', 'UBA52', 'PSMD7', 'PSMA3', 'RPL18A', 'ACOT8', 'EIF3E', 'RPS12'] : 0.32718084030460737
2025-06-20 00:30:00,206 - ['PSMD10', 'UBA52', 'PSMD7', 'RPL18A', 'PRPF19', 'CCT7', 'RPS12', 'RALY'] : 0.3284059141775185
2025-06-20 00:30:00,206 - ['CCND1', 'UBA52', 'PSMD7', 'RPL18A', 'PRPF19', 'EXOSC5', 'EIF3E', 'CCT7', 'RPS12'] : 0.3319895436765999
2025-06-20 00:30:00,206 - ['DECR2', 'UBA52', 'PSMD7', 'RPL18A', 'PRPF19', 'EXOSC5', 'EIF3E', 'CCT7', 'RPS12'] : 0.33236767105528275
2025-06-20 00:30:00,206 - ['PSMD10', 'UBA52', 'PSMD7', 'RPL18A', 'COX6A1', 'CCT7', 'RPS12'] : 0.33247070561799674
2025-06-20 00:30:00,206 - ['ECH1', 'UBA52', 'PSMD7', 'RPL18A', 'PRPF19', 'EXOSC5', 'EIF3E', 'CCT7', 'RPS12'] : 0.3335526199266059
2025-06-20 00:30:00,206 - ['PSMD10', 'UBA52', 'PSMD7', 'PSMA3', 'RPL18A', 'EXOSC5', 'EIF3E', 'CCT7', 'RPS12', 'VAMP4'] : 0.33369382449538
2025-06-20 00:30:00,206 - ['REXO1', 'UBA52', 'PSMD7', 'RPL18A', 'PRPF19', 'EXOSC5', 'EIF3E', 'CCT7', 'RPS12'] : 0.33481787924517104
2025-06-20 00:30:00,206 - ['PSMD10', 'PPP2CB', 'UBA52', 'PRPF19', 'PSMD7', 'RPL18A', 'EXOSC5', 'CCT7', 'RPS12'] : 0.33615216177783946
2025-06-20 00:30:00,206 - ['PSMD10', 'UBA52', 'PSMD7', 'RPL18A', 'PRPF19', 'FBL', 'CCT7', 'RPS12', 'HSPE1'] : 0.34053463468695466
2025-06-20 00:30:00,207 - ['PSMD10', 'UBA52', 'TPI1', 'PSMD7', 'RPL18A', 'CCT7', 'RPS12', 'MCM5'] : 0.34133446923065824
2025-06-20 00:30:00,207 - ['PSMD10', 'UBA52', 'POLR2I', 'PSMD7', 'EXOSC5', 'RPL18A', 'CCT7', 'RPS12'] : 0.342555310452516
2025-06-20 00:30:00,207 - ['NME3', 'UBA52', 'TPI1', 'PSMD7', 'RPL18A', 'EXOSC5', 'RPS12'] : 0.3452315160284621
2025-06-20 00:30:00,207 - ['PSMD10', 'UBA52', 'PSMD7', 'PSMA3', 'RPL18A', 'PRPF19', 'EIF3E', 'CCT7', 'RPS12', 'PPP2CB'] : 0.3455026182020303
2025-06-20 00:30:00,207 - ['PSMD10', 'UBA52', 'TPI1', 'PSMD7', 'RPL18A', 'CCT7', 'RPS12', 'NFKB1'] : 0.34852516727322974
2025-06-20 00:30:00,207 - ['PSMD10', 'UBA52', 'PSMD7', 'RPL18A', 'PRPF19', 'EXOSC5', 'CCT7', 'RPS12', 'EIF3E'] : 0.35629287796599596
2025-06-20 00:30:00,207 - ['PSMD10', 'UBA52', 'PSMD7', 'RPL18A', 'PRPF19', 'CCT7', 'RPS12', 'FBL'] : 0.3604440757944912
2025-06-20 00:30:00,208 - ['PSMD10', 'UBA52', 'PSMD7', 'RPL18A', 'PRPF19', 'CCT7', 'RPS12'] : 0.3672832973768783
2025-06-20 00:30:00,208 - ['PSMD10', 'UBA52', 'PSMD7', 'RPL18A', 'TPI1', 'CCT7', 'RPS12'] : 0.37096821556715376
2025-06-20 00:30:00,208 - ['PSMD10', 'UBA52', 'PSMD7', 'RPL18A', 'PRPF19', 'EIF3E', 'CCT7', 'RPS12', 'PSMA3'] : 0.3753431687221408
2025-06-20 00:30:00,208 - ['UBA52', 'TPI1', 'RPL18A', 'EXOSC5', 'UMPS', 'RPS12'] : 0.39973213811407604
2025-06-20 00:30:00,209 - Run 1 COMPLETED - Fitness: 0.399732 - Size: 6 - Duration: 0:00:14.452738
