2025-06-20 00:33:42,195 - ------ ----- ----- Generation num ----- ----- ----- 0
2025-06-20 00:33:42,252 - Finished with child num after mutate ['APAF1', 'DTYMK', 'BAX', 'HSPD1', 'TNFRSF10A', 'FADD', 'CPEB1', 'ADSL', 'LSM4', 'ANAPC7', 'PRKACB', 'CNOT7', 'RRM2B', 'JUN', 'PAPOLB', 'PDE6D', 'PIK3CA', 'POLR2J3', 'NFKB1', 'POLR2K', 'PPP3CA'] 
2025-06-20 00:33:42,310 - Finished with child num after mutate ['PRKACG', 'POLR1A', 'PRKACA', 'ENO1', 'E2F7', 'CHP', 'INS', 'EXOSC3', 'CDC27', 'PPP3R1', 'ADCY3', 'PIK3R3', 'POLR2B', 'MALT1', 'SLK', 'TNFRSF1A', 'PIK3AP1', 'CD19', 'CDC25C', 'POLR2I', 'BLNK', 'PDE1A', 'TNFRSF10D', 'IRAK2', 'PPP2R1B', 'SKP1', 'GMPR2', 'CASP6', 'CCNE1', 'CALML5', 'CALM1', 'IGF1R', 'POLR3C'] 
2025-06-20 00:33:42,310 - ------ ----- ----- Generation num ----- ----- ----- 1
2025-06-20 00:33:42,366 - Finished with child num after mutate ['PRKACG', 'POLR1A', 'PRKACA', 'ENO1', 'E2F7', 'NTRK1', 'EXOSC3', 'CDC27', 'PPP3R1', 'ADCY3', 'PIK3R3', 'POLR2B', 'NFKBIA', 'MALT1', 'SLK', 'TNFRSF1A', 'PIK3AP1', 'CD19', 'CDC25C', 'POLR2I', 'BLNK', 'PDE1A', 'TNFRSF10D', 'IRAK2', 'PPP2R1B', 'SKP1', 'GMPR2', 'CASP6', 'CCNE1', 'CALML5', 'CALM1', 'IGF1R', 'POLR3C'] 
2025-06-20 00:33:42,423 - Finished with child num after mutate ['PRKACG', 'PRKACA', 'RIPK1', 'PFN4', 'STAG3', 'MAPK1', 'INS', 'MAPK3', 'TNFRSF10A', 'DGUOK', 'PRPS1L1', 'NFATC1', 'XRN2', 'PPP3R2', 'IMPDH1', 'PAPSS2', 'CDC20', 'EXOSC6', 'AK7', 'AK5', 'PDE6D', 'PRKCB', 'PAPSS1', 'PRUNE', 'PDE1B', 'CALM1', 'TP53'] 
2025-06-20 00:33:42,424 - ------ ----- ----- Generation num ----- ----- ----- 2
2025-06-20 00:33:42,478 - Finished with child num after mutate ['PRKACG', 'PRKACA', 'MAP1LC3B2', 'RIPK1', 'EXOG', 'STAG3', 'MAPK1', 'MAPK3', 'TNFRSF10A', 'DGUOK', 'PRPS1L1', 'NFATC1', 'NFKBIA', 'XRN2', 'IMPDH1', 'PAPSS2', 'CDC20', 'EXOSC6', 'AK7', 'AK5', 'PDE6D', 'PRKCB', 'PAPSS1', 'PRUNE', 'PDE1B', 'CALM1', 'TP53'] 
2025-06-20 00:33:42,536 - Finished with child num after mutate ['PRKACG', 'PRKACA', 'ENO1', 'TYK2', 'CHP', 'INS', 'EXOSC3', 'CDC27', 'PPP3R1', 'ADCY3', 'PIK3R3', 'POLR2B', 'PPP3R2', 'MALT1', 'SLK', 'TNFRSF1A', 'PIK3AP1', 'CD19', 'CDC25C', 'POLR2I', 'BLNK', 'PDE1A', 'TNFRSF10D', 'IRAK2', 'PPP2R1B', 'SKP1', 'GMPR2', 'CASP6', 'CCNE1', 'CALML5', 'CALM1', 'IGF1R', 'POLR3C'] 
2025-06-20 00:33:42,537 - ------ ----- ----- Generation num ----- ----- ----- 3
2025-06-20 00:33:42,594 - Finished with child num after mutate ['PRKACG', 'POLR1A', 'PRKACA', 'ENO1', 'E2F7', 'EXOSC3', 'CDC27', 'PPP3R1', 'ADCY3', 'PIK3R3', 'POLR2B', 'NFKBIA', 'MALT1', 'SLK', 'TNFRSF1A', 'PIK3AP1', 'CD19', 'NTRK1', 'BCL10', 'POLR2I', 'BLNK', 'PDE1A', 'TNFRSF10D', 'IRAK2', 'PPP2R1B', 'SKP1', 'GMPR2', 'CASP6', 'CCNE1', 'CALML5', 'CALM1', 'IGF1R', 'POLR3C'] 
2025-06-20 00:33:42,698 - Finished with child num after mutate ['PRKACG', 'POLR1A', 'PRKACA', 'ENO1', 'E2F7', 'EXOSC3', 'CDC27', 'PPP3R1', 'ADCY3', 'PIK3R3', 'POLR2B', 'NFKBIA', 'MALT1', 'SLK', 'TNFRSF1A', 'PIK3AP1', 'CD19', 'NTRK1', 'TNFRSF10A', 'POLR2I', 'BLNK', 'PDE1A', 'TNFRSF10D', 'IRAK2', 'PPP2R1B', 'SKP1', 'GMPR2', 'CASP6', 'CCNE1', 'CALML5', 'CALM1', 'IGF1R', 'POLR3C'] 
2025-06-20 00:33:42,700 - ------ ----- ----- Generation num ----- ----- ----- 4
2025-06-20 00:33:42,835 - Finished with child num after mutate ['PRKACG', 'POLR1A', 'PRKACA', 'ENO1', 'CDK1', 'EXOSC3', 'CDC27', 'PPP3R1', 'ADCY3', 'PIK3R3', 'POLR2B', 'NFKBIA', 'MALT1', 'SLK', 'TNFRSF1A', 'PIK3AP1', 'CD19', 'NTRK1', 'POLR2I', 'BLNK', 'PDE1A', 'TNFRSF10D', 'BCL10', 'IRAK2', 'PPP2R1B', 'SKP1', 'GMPR2', 'CASP6', 'CCNE1', 'CALML5', 'CALM1', 'IGF1R', 'POLR3C'] 
2025-06-20 00:33:42,889 - Finished with child num after mutate ['PRKACG', 'POLR1A', 'PRKACA', 'ENO1', 'SERPINA1', 'EXOSC3', 'CDC27', 'PPP3R1', 'ADCY3', 'TNFRSF10A', 'PIK3R3', 'POLR2B', 'NFKBIA', 'MALT1', 'SLK', 'TNFRSF1A', 'PIK3AP1', 'CD19', 'NTRK1', 'POLR2I', 'BLNK', 'PDE1A', 'TNFRSF10D', 'IRAK2', 'PPP2R1B', 'SKP1', 'GMPR2', 'CASP6', 'CCNE1', 'CALML5', 'CALM1', 'IGF1R', 'POLR3C'] 
2025-06-20 00:33:42,890 - ------ ----- ----- Generation num ----- ----- ----- 5
2025-06-20 00:33:42,947 - Finished with child num after mutate ['PRKACG', 'POLR1A', 'PRKACA', 'ENO1', 'EXOSC3', 'CDC27', 'PPP3R1', 'ADCY3', 'TNFRSF10A', 'LAMB1', 'POLR2B', 'NFKBIA', 'MALT1', 'SLK', 'TNFRSF1A', 'PIK3AP1', 'CD19', 'NTRK1', 'POLR2I', 'BLNK', 'PDE1A', 'TNFRSF10D', 'IRAK2', 'PPP2R1B', 'SKP1', 'GMPR2', 'CASP6', 'CCNE1', 'CALML5', 'CALM1', 'IGF1R', 'SERPINA1', 'POLR3C'] 
2025-06-20 00:33:43,003 - Finished with child num after mutate ['PRKACG', 'POLR1A', 'PRKACA', 'ENO1', 'HSP90AB1', 'EXOSC3', 'CDC27', 'PPP3R1', 'ADCY3', 'PIK3R3', 'POLR2B', 'NFKBIA', 'MALT1', 'SLK', 'TNFRSF1A', 'PIK3AP1', 'CD19', 'NTRK1', 'POLR2I', 'BLNK', 'PDE1A', 'TNFRSF10D', 'BCL10', 'IRAK2', 'PPP2R1B', 'SKP1', 'GMPR2', 'CASP6', 'CCNE1', 'CALML5', 'CALM1', 'IGF1R', 'POLR3C'] 
2025-06-20 00:33:43,004 - ------ ----- ----- Generation num ----- ----- ----- 6
2025-06-20 00:33:43,095 - Finished with child num after mutate ['PRKACG', 'POLR1A', 'PRKACA', 'ENO1', 'CDK1', 'EXOSC3', 'CDC27', 'PPP3R1', 'ADCY3', 'ATAD2B', 'POLR2B', 'NFKBIA', 'MALT1', 'SLK', 'TNFRSF1A', 'PIK3AP1', 'CD19', 'NTRK1', 'POLR2I', 'BLNK', 'PDE1A', 'TNFRSF10D', 'BCL10', 'IRAK2', 'PPP2R1B', 'SKP1', 'GMPR2', 'CASP6', 'CCNE1', 'CALML5', 'CALM1', 'IGF1R', 'POLR3C'] 
2025-06-20 00:33:43,165 - Finished with child num after mutate ['PRKACG', 'POLR1A', 'PRKACA', 'ENO1', 'EXOSC3', 'CDC27', 'PPP3R1', 'ADCY3', 'BPIFC', 'POLR2B', 'NFKBIA', 'MALT1', 'SLK', 'TNFRSF1A', 'PIK3AP1', 'CD19', 'NTRK1', 'POLR2I', 'BLNK', 'PDE1A', 'HSP90AB1', 'TNFRSF10D', 'BCL10', 'IRAK2', 'PPP2R1B', 'SKP1', 'GMPR2', 'CASP6', 'CCNE1', 'CALML5', 'CALM1', 'IGF1R', 'POLR3C'] 
2025-06-20 00:33:43,166 - ------ ----- ----- Generation num ----- ----- ----- 7
2025-06-20 00:33:43,232 - Finished with child num after mutate ['PRKACG', 'POLR1A', 'PRKACA', 'ENO1', 'EGR4', 'EXOSC3', 'CDC27', 'PPP3R1', 'ADCY3', 'PIK3R3', 'POLR2B', 'NFKBIA', 'MALT1', 'SLK', 'TNFRSF1A', 'PIK3AP1', 'CD19', 'NTRK1', 'POLR2I', 'BLNK', 'PDE1A', 'TNFRSF10D', 'BCL10', 'IRAK2', 'PPP2R1B', 'SKP1', 'GMPR2', 'CASP6', 'CCNE1', 'CALML5', 'CALM1', 'IGF1R', 'POLR3C'] 
2025-06-20 00:33:43,347 - Finished with child num after mutate ['PRKACG', 'POLR1A', 'PRKACA', 'ENO1', 'CDK1', 'EXOSC3', 'CDC27', 'PPP3R1', 'ADCY3', 'RNASEL', 'POLR2B', 'NFKBIA', 'MALT1', 'SLK', 'TNFRSF1A', 'PIK3AP1', 'CD19', 'NTRK1', 'POLR2I', 'BLNK', 'PDE1A', 'TNFRSF10D', 'BCL10', 'IRAK2', 'PPP2R1B', 'SKP1', 'GMPR2', 'CASP6', 'CCNE1', 'CALML5', 'CALM1', 'IGF1R', 'POLR3C'] 
2025-06-20 00:33:43,348 - ------ ----- ----- Generation num ----- ----- ----- 8
2025-06-20 00:33:43,403 - Finished with child num after mutate ['PRKACG', 'POLR1A', 'PRKACA', 'ENO1', 'EXOSC3', 'CDC27', 'PPP3R1', 'ADCY3', 'TNFRSF10A', 'POLR2B', 'NFKBIA', 'MALT1', 'SLK', 'TNFRSF1A', 'PIK3AP1', 'CD19', 'NTRK1', 'POLR2I', 'BLNK', 'PDE1A', 'TNFRSF10D', 'F2', 'IRAK2', 'PPP2R1B', 'SKP1', 'GMPR2', 'CASP6', 'CCNE1', 'CALML5', 'CALM1', 'IGF1R', 'SERPINA1', 'POLR3C'] 
2025-06-20 00:33:43,459 - Finished with child num after mutate ['PRKACG', 'PRKACA', 'RIPK1', 'EXOG', 'STAG3', 'MAPK1', 'MAPK3', 'TNFRSF10A', 'DGUOK', 'MAVS', 'LAMB1', 'NFATC1', 'NFKBIA', 'XRN2', 'PPP3R2', 'IMPDH1', 'PAPSS2', 'CDC20', 'EXOSC6', 'AK7', 'AK5', 'PRKCB', 'PAPSS1', 'PRUNE', 'PDE1B', 'CALM1', 'TP53'] 
2025-06-20 00:33:43,460 - ------ ----- ----- Generation num ----- ----- ----- 9
2025-06-20 00:33:43,516 - Finished with child num after mutate ['PRKACG', 'POLR1A', 'PRKACA', 'ENO1', 'EXOSC3', 'CDC27', 'PPP3R1', 'ADCY3', 'TNFRSF10A', 'KRT15', 'POLR2B', 'NFKBIA', 'MALT1', 'SLK', 'TNFRSF1A', 'PIK3AP1', 'CD19', 'NTRK1', 'POLR2I', 'BLNK', 'PDE1A', 'TNFRSF10D', 'IRAK2', 'PPP2R1B', 'SKP1', 'GMPR2', 'CASP6', 'CCNE1', 'CALML5', 'CALM1', 'IGF1R', 'SERPINA1', 'POLR3C'] 
2025-06-20 00:33:43,571 - Finished with child num after mutate ['PRKACG', 'POLR1A', 'PRKACA', 'ENO1', 'EXOSC3', 'CDC27', 'PPP3R1', 'ADCY3', 'TNFRSF10A', 'A2M', 'POLR2B', 'NFKBIA', 'MALT1', 'SLK', 'TNFRSF1A', 'PIK3AP1', 'CD19', 'NTRK1', 'POLR2I', 'BLNK', 'PDE1A', 'TNFRSF10D', 'IRAK2', 'PPP2R1B', 'SKP1', 'GMPR2', 'CASP6', 'CCNE1', 'CALML5', 'CALM1', 'IGF1R', 'SERPINA1', 'POLR3C'] 
2025-06-20 00:33:43,572 - ------ ----- ----- Generation num ----- ----- ----- 10
2025-06-20 00:33:43,627 - Finished with child num after mutate ['PRKACG', 'POLR1A', 'PRKACA', 'ENO1', 'CDK1', 'EXOSC3', 'CDC27', 'PPP3R1', 'ADCY3', 'ATAD2B', 'POLR2B', 'NFKBIA', 'MALT1', 'SLK', 'TNFRSF1A', 'PIK3AP1', 'CD19', 'NTRK1', 'POLR2I', 'BLNK', 'FAM76B', 'TNFRSF10D', 'BCL10', 'IRAK2', 'PPP2R1B', 'SKP1', 'GMPR2', 'CASP6', 'CCNE1', 'CALML5', 'CALM1', 'IGF1R', 'POLR3C'] 
2025-06-20 00:33:43,685 - Finished with child num after mutate ['PRKACG', 'POLR1A', 'PRKACA', 'ENO1', 'CDK1', 'EXOSC3', 'CDC27', 'PPP3R1', 'ADCY3', 'ATAD2B', 'POLR2B', 'NFKBIA', 'MALT1', 'SLK', 'TNFRSF1A', 'PIK3AP1', 'CD19', 'NTRK1', 'POLR2I', 'BLNK', 'PTEN', 'TNFRSF10D', 'BCL10', 'IRAK2', 'PPP2R1B', 'SKP1', 'GMPR2', 'CASP6', 'CCNE1', 'CALML5', 'CALM1', 'IGF1R', 'POLR3C'] 
2025-06-20 00:33:43,685 - ------ ----- ----- Generation num ----- ----- ----- 11
2025-06-20 00:33:43,742 - Finished with child num after mutate ['PRKACG', 'POLR1A', 'PRKACA', 'ENO1', 'CDK1', 'EXOSC3', 'CDC27', 'PPP3R1', 'ADCY3', 'ATAD2B', 'POLR2B', 'NFKBIA', 'MALT1', 'USP34', 'TNFRSF1A', 'PIK3AP1', 'CD19', 'NTRK1', 'POLR2I', 'PTEN', 'BLNK', 'TNFRSF10D', 'BCL10', 'IRAK2', 'PPP2R1B', 'SKP1', 'GMPR2', 'CASP6', 'CCNE1', 'CALML5', 'CALM1', 'IGF1R', 'POLR3C'] 
2025-06-20 00:33:43,798 - Finished with child num after mutate ['PRKACG', 'POLR1A', 'PRKACA', 'ENO1', 'CDK1', 'EXOSC3', 'CDC27', 'PPP3R1', 'ADCY3', 'ATAD2B', 'POLR2B', 'NFKBIA', 'MALT1', 'SLK', 'TNFRSF1A', 'PIK3AP1', 'CD19', 'NTRK1', 'POLR2I', 'BLNK', 'ARL17A', 'TNFRSF10D', 'BCL10', 'IRAK2', 'PPP2R1B', 'SKP1', 'GMPR2', 'CASP6', 'CCNE1', 'CALML5', 'CALM1', 'IGF1R', 'POLR3C'] 
2025-06-20 00:33:43,799 - ------ ----- ----- Generation num ----- ----- ----- 12
2025-06-20 00:33:43,873 - Finished with child num after mutate ['PRKACG', 'POLR1A', 'PRKACA', 'ENO1', 'CDK1', 'ARL8A', 'CDC27', 'PPP3R1', 'ADCY3', 'ATAD2B', 'POLR2B', 'NFKBIA', 'MALT1', 'USP34', 'TNFRSF1A', 'PIK3AP1', 'CD19', 'NTRK1', 'POLR2I', 'PTEN', 'BLNK', 'TNFRSF10D', 'BCL10', 'IRAK2', 'PPP2R1B', 'SKP1', 'GMPR2', 'CASP6', 'CCNE1', 'CALML5', 'CALM1', 'IGF1R', 'POLR3C'] 
2025-06-20 00:33:43,935 - Finished with child num after mutate ['PRKACG', 'POLR1A', 'PRKACA', 'ENO1', 'CDK1', 'EXOSC3', 'CDC27', 'PPP3R1', 'ADCY3', 'ATAD2B', 'POLR2B', 'NFKBIA', 'MALT1', 'FA2H', 'TNFRSF1A', 'PIK3AP1', 'CD19', 'NTRK1', 'POLR2I', 'PTEN', 'BLNK', 'TNFRSF10D', 'BCL10', 'IRAK2', 'PPP2R1B', 'SKP1', 'GMPR2', 'CASP6', 'CCNE1', 'CALML5', 'CALM1', 'IGF1R', 'POLR3C'] 
2025-06-20 00:33:43,937 - ------ ----- ----- Generation num ----- ----- ----- 13
2025-06-20 00:33:44,010 - Finished with child num after mutate ['PRKACG', 'POLR1A', 'PRKACA', 'ENO1', 'CDK1', 'EXOSC3', 'CDC27', 'PPP3R1', 'ADCY3', 'ATAD2B', 'POLR2B', 'NFKBIA', 'MALT1', 'SLK', 'TNFRSF1A', 'PIK3AP1', 'CD19', 'NTRK1', 'POLR2I', 'BLNK', 'RAP2C', 'TNFRSF10D', 'BCL10', 'IRAK2', 'PPP2R1B', 'SKP1', 'GMPR2', 'CASP6', 'CCNE1', 'CALML5', 'CALM1', 'IGF1R', 'POLR3C'] 
2025-06-20 00:33:44,077 - Finished with child num after mutate ['PRKACG', 'POLR1A', 'PRKACA', 'ENO1', 'CDK1', 'EXOSC3', 'CDC27', 'PPP3R1', 'ADCY3', 'ATAD2B', 'POLR2B', 'NFKBIA', 'MALT1', 'SLK', 'TNFRSF1A', 'PIK3AP1', 'CD19', 'NTRK1', 'POLR2I', 'BLNK', 'GRIK2', 'TNFRSF10D', 'BCL10', 'IRAK2', 'PPP2R1B', 'SKP1', 'GMPR2', 'CASP6', 'CCNE1', 'CALML5', 'CALM1', 'IGF1R', 'POLR3C'] 
2025-06-20 00:33:44,078 - ------ ----- ----- Generation num ----- ----- ----- 14
2025-06-20 00:33:44,138 - Finished with child num after mutate ['PRKACG', 'POLR1A', 'PRKACA', 'ENO1', 'CDK1', 'EXOSC3', 'CDC27', 'PPP3R1', 'ADCY3', 'ATAD2B', 'POLR2B', 'NFKBIA', 'MALT1', 'SLK', 'TNFRSF1A', 'PIK3AP1', 'CD19', 'NTRK1', 'POLR2I', 'BLNK', 'NPC1', 'TNFRSF10D', 'BCL10', 'IRAK2', 'PPP2R1B', 'SKP1', 'GMPR2', 'CASP6', 'CCNE1', 'CALML5', 'CALM1', 'IGF1R', 'POLR3C'] 
2025-06-20 00:33:44,193 - Finished with child num after mutate ['PRKACG', 'POLR1A', 'PRKACA', 'ENO1', 'CDK1', 'IRF8', 'CDC27', 'PPP3R1', 'ADCY3', 'ATAD2B', 'POLR2B', 'NFKBIA', 'MALT1', 'USP34', 'TNFRSF1A', 'PIK3AP1', 'CD19', 'NTRK1', 'POLR2I', 'PTEN', 'BLNK', 'TNFRSF10D', 'BCL10', 'IRAK2', 'PPP2R1B', 'SKP1', 'GMPR2', 'CASP6', 'CCNE1', 'CALML5', 'CALM1', 'IGF1R', 'POLR3C'] 
2025-06-20 00:33:44,194 - ------ ----- ----- Generation num ----- ----- ----- 15
2025-06-20 00:33:44,249 - Finished with child num after mutate ['PRKACG', 'POLR1A', 'PRKACA', 'ENO1', 'CDK1', 'EXOSC3', 'CDC27', 'PPP3R1', 'ADCY3', 'ATAD2B', 'ARL17A', 'POLR2B', 'NFKBIA', 'MALT1', 'FTH1', 'TNFRSF1A', 'PIK3AP1', 'CD19', 'NTRK1', 'POLR2I', 'BLNK', 'TNFRSF10D', 'BCL10', 'IRAK2', 'PPP2R1B', 'SKP1', 'GMPR2', 'CASP6', 'CCNE1', 'CALML5', 'CALM1', 'IGF1R', 'POLR3C'] 
2025-06-20 00:33:44,303 - Finished with child num after mutate ['PRKACG', 'POLR1A', 'PRKACA', 'ENO1', 'CDK1', 'RHOH', 'CDC27', 'PPP3R1', 'ADCY3', 'ATAD2B', 'POLR2B', 'NFKBIA', 'MALT1', 'USP34', 'TNFRSF1A', 'PIK3AP1', 'CD19', 'NTRK1', 'POLR2I', 'PTEN', 'BLNK', 'TNFRSF10D', 'BCL10', 'IRAK2', 'PPP2R1B', 'SKP1', 'GMPR2', 'CASP6', 'CCNE1', 'CALML5', 'CALM1', 'IGF1R', 'POLR3C'] 
2025-06-20 00:33:44,304 - ------ ----- ----- Generation num ----- ----- ----- 16
2025-06-20 00:33:44,358 - Finished with child num after mutate ['PRKACG', 'POLR1A', 'PRKACA', 'ENO1', 'FA2H', 'CDK1', 'RAB11A', 'CDC27', 'PPP3R1', 'ADCY3', 'ATAD2B', 'POLR2B', 'NFKBIA', 'MALT1', 'TNFRSF1A', 'PIK3AP1', 'CD19', 'NTRK1', 'POLR2I', 'PTEN', 'BLNK', 'TNFRSF10D', 'BCL10', 'IRAK2', 'PPP2R1B', 'SKP1', 'GMPR2', 'CASP6', 'CCNE1', 'CALML5', 'CALM1', 'IGF1R', 'POLR3C'] 
2025-06-20 00:33:44,413 - Finished with child num after mutate ['PRKACG', 'POLR1A', 'PRKACA', 'ENO1', 'CDK1', 'MYL9', 'CDC27', 'PPP3R1', 'ADCY3', 'ATAD2B', 'POLR2B', 'NFKBIA', 'MALT1', 'USP34', 'TNFRSF1A', 'PIK3AP1', 'CD19', 'NTRK1', 'POLR2I', 'PTEN', 'BLNK', 'TNFRSF10D', 'BCL10', 'IRAK2', 'PPP2R1B', 'SKP1', 'GMPR2', 'CASP6', 'CCNE1', 'CALML5', 'CALM1', 'IGF1R', 'POLR3C'] 
2025-06-20 00:33:44,414 - ------ ----- ----- Generation num ----- ----- ----- 17
2025-06-20 00:33:44,470 - Finished with child num after mutate ['PRKACG', 'POLR1A', 'PRKACA', 'ENO1', 'CDK1', 'CDC27', 'PPP3R1', 'ADCY3', 'ATAD2B', 'POLR2B', 'NFKBIA', 'MALT1', 'USP34', 'TNFRSF1A', 'PIK3AP1', 'ANKRD54', 'NTRK1', 'POLR2I', 'PTEN', 'BLNK', 'RHOH', 'TNFRSF10D', 'BCL10', 'IRAK2', 'PPP2R1B', 'SKP1', 'GMPR2', 'CASP6', 'CCNE1', 'CALML5', 'CALM1', 'IGF1R', 'POLR3C'] 
2025-06-20 00:33:44,534 - Finished with child num after mutate ['PRKACG', 'POLR1A', 'PRKACA', 'ENO1', 'IRF8', 'CDK1', 'CDC27', 'PPP3R1', 'ADCY3', 'ATAD2B', 'POLR2B', 'NFKBIA', 'MALT1', 'USP34', 'TNFRSF1A', 'PIK3AP1', 'HSPBAP1', 'NTRK1', 'POLR2I', 'PTEN', 'BLNK', 'TNFRSF10D', 'BCL10', 'IRAK2', 'PPP2R1B', 'SKP1', 'GMPR2', 'CASP6', 'CCNE1', 'CALML5', 'CALM1', 'IGF1R', 'POLR3C'] 
2025-06-20 00:33:44,534 - ------ ----- ----- Generation num ----- ----- ----- 18
2025-06-20 00:33:44,598 - Finished with child num after mutate ['PRKACG', 'POLR1A', 'PRKACA', 'ENO1', 'CDK1', 'CDC27', 'PPP3R1', 'ADCY3', 'ATAD2B', 'ANKRD54', 'POLR2B', 'NFKBIA', 'MALT1', 'USP34', 'TNFRSF1A', 'FOSL1', 'POLR2I', 'NTRK1', 'PTEN', 'BLNK', 'RHOH', 'TNFRSF10D', 'BCL10', 'IRAK2', 'PPP2R1B', 'SKP1', 'GMPR2', 'CASP6', 'CCNE1', 'CALML5', 'CALM1', 'IGF1R', 'POLR3C'] 
2025-06-20 00:33:44,653 - Finished with child num after mutate ['PRKACG', 'POLR1A', 'PRKACA', 'ENO1', 'CDK1', 'MYL9', 'CDC27', 'PPP3R1', 'ADCY3', 'ATAD2B', 'POLR2B', 'NFKBIA', 'MALT1', 'USP34', 'TNFRSF1A', 'PIK3AP1', 'KIF24', 'NTRK1', 'POLR2I', 'PTEN', 'BLNK', 'TNFRSF10D', 'BCL10', 'IRAK2', 'PPP2R1B', 'SKP1', 'GMPR2', 'CASP6', 'CCNE1', 'CALML5', 'CALM1', 'IGF1R', 'POLR3C'] 
2025-06-20 00:33:44,654 - ------ ----- ----- Generation num ----- ----- ----- 19
2025-06-20 00:33:44,708 - Finished with child num after mutate ['PRKACG', 'POLR1A', 'PRKACA', 'ENO1', 'RAB11A', 'FA2H', 'CDK1', 'CDC27', 'PPP3R1', 'ADCY3', 'ATAD2B', 'POLR2B', 'NFKBIA', 'MALT1', 'TNFRSF1A', 'PIK3AP1', 'NOS2', 'NTRK1', 'POLR2I', 'PTEN', 'BLNK', 'TNFRSF10D', 'BCL10', 'IRAK2', 'PPP2R1B', 'SKP1', 'GMPR2', 'CASP6', 'CCNE1', 'CALML5', 'CALM1', 'IGF1R', 'POLR3C'] 
2025-06-20 00:33:44,763 - Finished with child num after mutate ['PRKACG', 'POLR1A', 'PRKACA', 'ENO1', 'FOSL1', 'CDK1', 'CDC27', 'PPP3R1', 'ADCY3', 'ATAD2B', 'ANKRD54', 'POLR2B', 'NFKBIA', 'MALT1', 'USP34', 'TNFRSF1A', 'POLR2I', 'NTRK1', 'PTEN', 'BLNK', 'RHOH', 'TNFRSF10D', 'BCL10', 'IRAK2', 'PPP2R1B', 'SKP1', 'GMPR2', 'CASP6', 'CCNE1', 'RHEB', 'CALM1', 'IGF1R', 'POLR3C'] 
2025-06-20 00:33:44,764 - ------ ----- ----- Generation num ----- ----- ----- 20
2025-06-20 00:33:44,819 - Finished with child num after mutate ['PRKACG', 'POLR1A', 'PRKACA', 'ENO1', 'RAB11A', 'CDK1', 'CDC27', 'PPP3R1', 'ADCY3', 'ATAD2B', 'POLR2B', 'NFKBIA', 'MALT1', 'TNFRSF1A', 'PIK3AP1', 'CIT', 'NTRK1', 'POLR2I', 'PTEN', 'BLNK', 'TNFRSF10D', 'BCL10', 'IRAK2', 'PPP2R1B', 'SKP1', 'GMPR2', 'CASP6', 'CCNE1', 'CALML5', 'CALM1', 'IGF1R', 'POLR3C'] 
2025-06-20 00:33:44,875 - Finished with child num after mutate ['PRKACG', 'POLR1A', 'PRKACA', 'ENO1', 'IRF8', 'FA2H', 'CDC27', 'PPP3R1', 'ADCY3', 'ATAD2B', 'POLR2B', 'NFKBIA', 'MALT1', 'USP34', 'TNFRSF1A', 'PIK3AP1', 'MELK', 'NTRK1', 'POLR2I', 'PTEN', 'BLNK', 'TNFRSF10D', 'BCL10', 'IRAK2', 'PPP2R1B', 'SKP1', 'GMPR2', 'CASP6', 'CCNE1', 'CALML5', 'CALM1', 'IGF1R', 'POLR3C'] 
2025-06-20 00:33:44,876 - ------ ----- ----- Generation num ----- ----- ----- 21
2025-06-20 00:33:44,931 - Finished with child num after mutate ['ANKRD29', 'POLR1A', 'PRKACA', 'ENO1', 'FOSL1', 'CDK1', 'CDC27', 'PPP3R1', 'ADCY3', 'ATAD2B', 'ANKRD54', 'POLR2B', 'NFKBIA', 'MALT1', 'USP34', 'TNFRSF1A', 'POLR2I', 'NTRK1', 'PTEN', 'BLNK', 'RHEB', 'RHOH', 'TNFRSF10D', 'BCL10', 'IRAK2', 'PPP2R1B', 'SKP1', 'GMPR2', 'CASP6', 'CCNE1', 'CALM1', 'IGF1R', 'POLR3C'] 
2025-06-20 00:33:44,986 - Finished with child num after mutate ['PRKACG', 'POLR1A', 'PRKACA', 'ENO1', 'IRF8', 'CDK1', 'CDC27', 'PPP3R1', 'ADCY3', 'ATAD2B', 'POLR2B', 'NFKBIA', 'MALT1', 'USP34', 'TNFRSF1A', 'PIK3AP1', 'UBA2', 'NTRK1', 'POLR2I', 'PTEN', 'BLNK', 'TNFRSF10D', 'BCL10', 'IRAK2', 'PPP2R1B', 'SKP1', 'GMPR2', 'CASP6', 'CCNE1', 'CALML5', 'CALM1', 'IGF1R', 'POLR3C'] 
2025-06-20 00:33:44,987 - ------ ----- ----- Generation num ----- ----- ----- 22
2025-06-20 00:33:45,040 - Finished with child num after mutate ['POLR1A', 'PRKACA', 'ENO1', 'FOSL1', 'CDK1', 'CDC27', 'PPP3R1', 'ADCY3', 'ATAD2B', 'ANKRD29', 'ANKRD54', 'POLR2B', 'NFKBIA', 'MALT1', 'USP34', 'TNFRSF1A', 'POLR2I', 'NTRK1', 'PTEN', 'BLNK', 'RHEB', 'RHOH', 'TNFRSF10D', 'BCL10', 'IRAK2', 'PPP2R1B', 'SKP1', 'GMPR2', 'CASP6', 'CCNE1', 'CALM1', 'IGF1R', 'TOLLIP'] 
2025-06-20 00:33:45,095 - Finished with child num after mutate ['POLR1A', 'PRKACA', 'ENO1', 'FOSL1', 'CDK1', 'CDC27', 'PPP3R1', 'ADCY3', 'ATAD2B', 'ANKRD29', 'ANKRD54', 'POLR2B', 'NFKBIA', 'MALT1', 'USP34', 'TNFRSF1A', 'POLR2I', 'NTRK1', 'PTEN', 'BLNK', 'RHEB', 'RHOH', 'TNFRSF10D', 'BCL10', 'IRAK2', 'PPP2R1B', 'SKP1', 'GMPR2', 'CASP6', 'CCNE1', 'CALM1', 'IGF1R', 'CYP19A1'] 
2025-06-20 00:33:45,096 - ------ ----- ----- Generation num ----- ----- ----- 23
2025-06-20 00:33:45,156 - Finished with child num after mutate ['POLR1A', 'PRKACA', 'ENO1', 'FOSL1', 'CDK1', 'CDC27', 'PPP3R1', 'ADCY3', 'ATAD2B', 'ANKRD29', 'ANKRD54', 'POLR2B', 'NFKBIA', 'MALT1', 'TAX1BP1', 'USP34', 'TNFRSF1A', 'POLR2I', 'NTRK1', 'PTEN', 'BLNK', 'RHEB', 'RHOH', 'TNFRSF10D', 'BCL10', 'IRAK2', 'PPP2R1B', 'SKP1', 'GMPR2', 'CASP6', 'CCNE1', 'CALM1', 'IGF1R'] 
2025-06-20 00:33:45,211 - Finished with child num after mutate ['POLR1A', 'PRKACA', 'ENO1', 'FOSL1', 'CDK1', 'CDC27', 'PPP3R1', 'ADCY3', 'ATAD2B', 'ANKRD29', 'ANKRD54', 'POLR2B', 'NFKBIA', 'MALT1', 'ATP2B3', 'USP34', 'TNFRSF1A', 'POLR2I', 'NTRK1', 'PTEN', 'BLNK', 'RHEB', 'RHOH', 'TNFRSF10D', 'BCL10', 'IRAK2', 'PPP2R1B', 'SKP1', 'GMPR2', 'CASP6', 'CCNE1', 'CALM1', 'IGF1R'] 
2025-06-20 00:33:45,212 - ------ ----- ----- Generation num ----- ----- ----- 24
2025-06-20 00:33:45,269 - Finished with child num after mutate ['PRKACG', 'POLR1A', 'PRKACA', 'IRF8', 'ENO1', 'CDK1', 'CDC27', 'PPP3R1', 'ADCY3', 'ATAD2B', 'UBA2', 'POLR2B', 'NFKBIA', 'MALT1', 'USP34', 'TNFRSF1A', 'GNAI2', 'POLR2I', 'NTRK1', 'PTEN', 'BLNK', 'TNFRSF10D', 'BCL10', 'IRAK2', 'PPP2R1B', 'SKP1', 'GMPR2', 'CASP6', 'CALML5', 'CALM1', 'IGF1R', 'POLR3C'] 
2025-06-20 00:33:45,324 - Finished with child num after mutate ['POLR1A', 'PRKACA', 'ENO1', 'FOSL1', 'CDK1', 'CDC27', 'PPP3R1', 'ADCY3', 'ATAD2B', 'ANKRD29', 'ANKRD54', 'POLR2B', 'NFKBIA', 'MALT1', 'ZBTB8A', 'TNFRSF1A', 'POLR2I', 'NTRK1', 'PTEN', 'BLNK', 'RHEB', 'RHOH', 'TNFRSF10D', 'BCL10', 'IRAK2', 'PPP2R1B', 'SKP1', 'CASP6', 'CCNE1', 'CALM1', 'ATP2B3', 'IGF1R'] 
2025-06-20 00:33:45,325 - ------ ----- ----- Generation num ----- ----- ----- 25
2025-06-20 00:33:45,379 - Finished with child num after mutate ['POLR1A', 'PRKACA', 'ENO1', 'FOSL1', 'CDK1', 'TAX1BP1', 'CDC27', 'PPP3R1', 'ADCY3', 'ATAD2B', 'ANKRD29', 'ANKRD54', 'POLR2B', 'NFKBIA', 'MALT1', 'PARVA', 'TNFRSF1A', 'POLR2I', 'NTRK1', 'PTEN', 'BLNK', 'RHEB', 'RHOH', 'TNFRSF10D', 'BCL10', 'IRAK2', 'PPP2R1B', 'SKP1', 'GMPR2', 'CASP6', 'CCNE1', 'CALM1', 'IGF1R'] 
2025-06-20 00:33:45,442 - Finished with child num after mutate ['POLR1A', 'PRKACA', 'ENO1', 'FOSL1', 'CDK1', 'CDC27', 'PPP3R1', 'ADCY3', 'ATAD2B', 'ANKRD29', 'ANKRD54', 'POLR2B', 'NFKBIA', 'MALT1', 'ZBTB7A', 'TNFRSF1A', 'POLR2I', 'NTRK1', 'PTEN', 'BLNK', 'RHEB', 'RHOH', 'TNFRSF10D', 'BCL10', 'IRAK2', 'PPP2R1B', 'SKP1', 'GMPR2', 'CASP6', 'CCNE1', 'CALM1', 'ATP2B3', 'IGF1R'] 
2025-06-20 00:33:45,443 - ------ ----- ----- Generation num ----- ----- ----- 26
2025-06-20 00:33:45,497 - Finished with child num after mutate ['POLR1A', 'PRKACA', 'ENO1', 'FOSL1', 'CDK1', 'CDC27', 'PPP3R1', 'ADCY3', 'ATAD2B', 'ANKRD29', 'ANKRD54', 'POLR2B', 'NFKBIA', 'MALT1', 'TNFRSF1A', 'POLR2I', 'NTRK1', 'PTEN', 'BLNK', 'RHEB', 'RHOH', 'TNFRSF10D', 'BCL10', 'IRAK2', 'PPP2R1B', 'SKP1', 'CASP6', 'CCNE1', 'CALM1', 'CDH2', 'ATP2B3'] 
2025-06-20 00:33:45,552 - Finished with child num after mutate ['POLR1A', 'PRKACA', 'ENO1', 'FOSL1', 'CDK1', 'TAX1BP1', 'CDC27', 'PPP3R1', 'ADCY3', 'ATAD2B', 'ANKRD29', 'ANKRD54', 'POLR2B', 'NFKBIA', 'MALT1', 'EFNB1', 'TNFRSF1A', 'POLR2I', 'NTRK1', 'PTEN', 'BLNK', 'RHEB', 'RHOH', 'TNFRSF10D', 'BCL10', 'IRAK2', 'PPP2R1B', 'SKP1', 'GMPR2', 'CASP6', 'CCNE1', 'IGF1R'] 
2025-06-20 00:33:45,553 - ------ ----- ----- Generation num ----- ----- ----- 27
2025-06-20 00:33:45,607 - Finished with child num after mutate ['PRKACG', 'POLR1A', 'PRKACA', 'IRF8', 'CDK1', 'GNAI2', 'CDC27', 'PPP3R1', 'ADCY3', 'ATAD2B', 'POLR2B', 'UBA2', 'NFKBIA', 'MALT1', 'USP34', 'TNFRSF1A', 'POLR2I', 'NTRK1', 'PTEN', 'BLNK', 'TNFRSF10D', 'BCL10', 'IRAK2', 'PPP2R1B', 'SKP1', 'C3', 'CASP6', 'CALML5', 'CALM1', 'IGF1R', 'POLR3C'] 
2025-06-20 00:33:45,663 - Finished with child num after mutate ['POLR1A', 'PRKACA', 'ENO1', 'FOSL1', 'CDC27', 'PPP3R1', 'ADCY3', 'ATAD2B', 'ANKRD29', 'ANKRD54', 'POLR2B', 'NFKBIA', 'MALT1', 'TNFRSF1A', 'POLR2I', 'NTRK1', 'PTEN', 'BLNK', 'RHEB', 'RHOH', 'TNFRSF10D', 'IGF1R', 'BCL10', 'IRAK2', 'PPP2R1B', 'SKP1', 'CASP6', 'CCNE1', 'CALM1', 'TLR2', 'ATP2B3'] 
2025-06-20 00:33:45,664 - ------ ----- ----- Generation num ----- ----- ----- 28
2025-06-20 00:33:45,719 - Finished with child num after mutate ['POLR1A', 'PRKACA', 'ENO1', 'FOSL1', 'CDK1', 'TAX1BP1', 'PPP3R1', 'ADCY3', 'ATAD2B', 'ANKRD29', 'ANKRD54', 'POLR2B', 'NFKBIA', 'MALT1', 'TNFRSF1A', 'POLR2I', 'NTRK1', 'PTEN', 'BLNK', 'RHEB', 'RHOH', 'TNFRSF10D', 'IGF1R', 'BCL10', 'IRAK2', 'PPP2R1B', 'SKP1', 'CASP6', 'CCNE1', 'CALM1', 'SEC61G', 'ATP2B3'] 
2025-06-20 00:33:45,773 - Finished with child num after mutate ['POLR1A', 'PRKACA', 'ENO1', 'FOSL1', 'CDK1', 'CDC27', 'PPP3R1', 'ADCY3', 'ATAD2B', 'ANKRD29', 'ANKRD54', 'POLR2B', 'NFKBIA', 'MALT1', 'TNFRSF1A', 'POLR2I', 'NTRK1', 'PTEN', 'EFNB1', 'BLNK', 'RHEB', 'CAPN1', 'TNFRSF10D', 'BCL10', 'IRAK2', 'PPP2R1B', 'SKP1', 'GMPR2', 'CASP6', 'CCNE1', 'IGF1R'] 
2025-06-20 00:33:45,774 - ------ ----- ----- Generation num ----- ----- ----- 29
2025-06-20 00:33:45,829 - Finished with child num after mutate ['PRKACG', 'POLR1A', 'PRKACA', 'IRF8', 'ENO1', 'CDK1', 'CDC27', 'PPP3R1', 'ADCY3', 'ATAD2B', 'UBA2', 'POLR2B', 'NFKBIA', 'MALT1', 'USP34', 'TNFRSF1A', 'SH3BP2', 'POLR2I', 'NTRK1', 'PTEN', 'BLNK', 'TNFRSF10D', 'BCL10', 'IRAK2', 'PPP2R1B', 'SKP1', 'GMPR2', 'CASP6', 'CCNE1', 'CALML5', 'CALM1', 'IGF1R', 'POLR3C'] 
2025-06-20 00:33:45,884 - Finished with child num after mutate ['PRKACG', 'POLR1A', 'PRKACA', 'IRF8', 'CDK1', 'GNAI2', 'CDC27', 'PPP3R1', 'ADCY3', 'ATAD2B', 'C3', 'UBA2', 'POLR2B', 'NFKBIA', 'MALT1', 'USP34', 'TNFRSF1A', 'POLR2I', 'NTRK1', 'PTEN', 'BLNK', 'TNFRSF10D', 'BCL10', 'IRAK2', 'PPP2R1B', 'SKP1', 'FN1', 'CALML5', 'CALM1', 'IGF1R', 'POLR3C'] 
2025-06-20 00:33:45,884 - ------ ----- ----- Generation num ----- ----- ----- 30
2025-06-20 00:33:45,939 - Finished with child num after mutate ['PRKACG', 'POLR1A', 'PRKACA', 'IRF8', 'CDK1', 'GNAI2', 'CDC27', 'PPP3R1', 'ADCY3', 'ATAD2B', 'C3', 'UBA2', 'POLR2B', 'NFKBIA', 'MALT1', 'USP34', 'TNFRSF1A', 'POLR2I', 'NTRK1', 'PTEN', 'BLNK', 'TNFRSF10D', 'BCL10', 'IRAK2', 'PPP2R1B', 'SKP1', 'ANKRD2', 'CALML5', 'CALM1', 'IGF1R', 'POLR3C'] 
2025-06-20 00:33:45,995 - Finished with child num after mutate ['PRKACG', 'POLR1A', 'PRKACA', 'IRF8', 'ENO1', 'CDK1', 'CDC27', 'PPP3R1', 'ADCY3', 'ATAD2B', 'POLR2B', 'UBA2', 'NFKBIA', 'MALT1', 'USP34', 'TNFRSF1A', 'POLR2I', 'NTRK1', 'PTEN', 'BLNK', 'TNFRSF10D', 'BCL10', 'TNFRSF9', 'IRAK2', 'PPP2R1B', 'SKP1', 'CASP6', 'CCNE1', 'CALML5', 'CALM1', 'IGF1R', 'POLR3C'] 
2025-06-20 00:33:45,996 - ------ ----- ----- Generation num ----- ----- ----- 31
2025-06-20 00:33:46,050 - Finished with child num after mutate ['PRKACG', 'POLR1A', 'PRKACA', 'IRF8', 'CDK1', 'GNAI2', 'CDC27', 'PPP3R1', 'ADCY3', 'ATAD2B', 'C3', 'POLR2B', 'UBA2', 'NFKBIA', 'MALT1', 'USP34', 'TNFRSF1A', 'POLR2I', 'NTRK1', 'PTEN', 'BLNK', 'TNFRSF10D', 'BCL10', 'FN1', 'IRAK2', 'PPP2R1B', 'SKP1', 'PPARG', 'CALM1', 'IGF1R', 'POLR3C'] 
2025-06-20 00:33:46,106 - Finished with child num after mutate ['PRKACG', 'POLR1A', 'PRKACA', 'IRF8', 'CDK1', 'GNAI2', 'CDC27', 'PPP3R1', 'ADCY3', 'ATAD2B', 'C3', 'UBA2', 'POLR2B', 'NFKBIA', 'MALT1', 'USP34', 'TNFRSF1A', 'POLR2I', 'NTRK1', 'PTEN', 'BLNK', 'TNFRSF10D', 'BCL10', 'IRAK2', 'PPP2R1B', 'SKP1', 'RCBTB2', 'CALML5', 'CALM1', 'IGF1R', 'POLR3C'] 
2025-06-20 00:33:46,107 - ------ ----- ----- Generation num ----- ----- ----- 32
2025-06-20 00:33:46,165 - Finished with child num after mutate ['PRKACG', 'POLR1A', 'PRKACA', 'IRF8', 'ENO1', 'CDK1', 'CNTN2', 'CDC27', 'PPP3R1', 'ADCY3', 'ATAD2B', 'POLR2B', 'UBA2', 'NFKBIA', 'MALT1', 'USP34', 'TNFRSF1A', 'POLR2I', 'NTRK1', 'PTEN', 'BLNK', 'TNFRSF10D', 'BCL10', 'IRAK2', 'PPP2R1B', 'SKP1', 'GMPR2', 'CASP6', 'CALML5', 'CALM1', 'IGF1R', 'POLR3C'] 
2025-06-20 00:33:46,219 - Finished with child num after mutate ['PRKACG', 'POLR1A', 'PRKACA', 'IRF8', 'CDK1', 'GNAI2', 'CDC27', 'PPP3R1', 'ADCY3', 'ATAD2B', 'C3', 'UBA2', 'POLR2B', 'NFKBIA', 'MALT1', 'USP34', 'TNFRSF1A', 'POLR2I', 'NTRK1', 'PTEN', 'BLNK', 'TNFRSF10D', 'BCL10', 'IRAK2', 'PPP2R1B', 'SKP1', 'RFX4', 'CALML5', 'CALM1', 'IGF1R', 'POLR3C'] 
2025-06-20 00:33:46,221 - ------ ----- ----- Generation num ----- ----- ----- 33
2025-06-20 00:33:46,349 - Finished with child num after mutate ['POLR1A', 'PRKACA', 'ENO1', 'FOSL1', 'CDK1', 'CDC27', 'PPP3R1', 'ADCY3', 'ATAD2B', 'ANKRD29', 'ANKRD54', 'CAPN1', 'POLR2B', 'NFKBIA', 'MALT1', 'TNFRSF1A', 'POLR2I', 'NTRK1', 'EFNB1', 'BLNK', 'RPL27', 'TNFRSF10D', 'BCL10', 'IRAK2', 'PPP2R1B', 'SKP1', 'GMPR2', 'CASP6', 'CCNE1', 'IGF1R'] 
2025-06-20 00:33:46,444 - Finished with child num after mutate ['PRKACG', 'POLR1A', 'PRKACA', 'IRF8', 'ENO1', 'CDK1', 'CDC27', 'PPP3R1', 'ADCY3', 'ATAD2B', 'UBA2', 'POLR2B', 'NFKBIA', 'MALT1', 'USP34', 'TNFRSF1A', 'POLR2I', 'PTEN', 'TNFRSF9', 'BLNK', 'TNFRSF10D', 'BCL10', 'IRAK2', 'PPP2R1B', 'SKP1', 'NOS3', 'CCNE1', 'CALML5', 'CALM1', 'IGF1R', 'POLR3C'] 
2025-06-20 00:33:46,444 - ------ ----- ----- Generation num ----- ----- ----- 34
2025-06-20 00:33:46,499 - Finished with child num after mutate ['BPI', 'POLR1A', 'PRKACA', 'IRF8', 'CDK1', 'GNAI2', 'CDC27', 'PPP3R1', 'ADCY3', 'ATAD2B', 'C3', 'UBA2', 'POLR2B', 'NFKBIA', 'MALT1', 'USP34', 'TNFRSF1A', 'POLR2I', 'NTRK1', 'PTEN', 'BLNK', 'TNFRSF10D', 'BCL10', 'FN1', 'IRAK2', 'PPP2R1B', 'SKP1', 'CALM1', 'IGF1R', 'PPARG', 'POLR3C'] 
2025-06-20 00:33:46,574 - Finished with child num after mutate ['POLR1A', 'PRKACA', 'ENO1', 'FOSL1', 'CDK1', 'CDC27', 'PPP3R1', 'ADCY3', 'ATAD2B', 'ANKRD29', 'ANKRD54', 'CAPN1', 'RPL27', 'POLR2B', 'NFKBIA', 'MALT1', 'TNFRSF1A', 'POLR2I', 'NTRK1', 'EFNB1', 'BLNK', 'TNFRSF10D', 'BCL10', 'IRAK2', 'PPP2R1B', 'SKP1', 'F2', 'CASP6', 'CCNE1', 'IGF1R'] 
2025-06-20 00:33:46,574 - ------ ----- ----- Generation num ----- ----- ----- 35
2025-06-20 00:33:46,630 - Finished with child num after mutate ['PRKACG', 'POLR1A', 'PRKACA', 'IRF8', 'CDK1', 'GNAI2', 'CDC27', 'PPP3R1', 'ADCY3', 'ATAD2B', 'C3', 'UBA2', 'NFKBIA', 'MALT1', 'USP34', 'TNFRSF1A', 'POLR2I', 'NTRK1', 'PTEN', 'BLNK', 'TNFRSF10D', 'BCL10', 'FN1', 'IRAK2', 'PPP2R1B', 'SKP1', 'TYRP1', 'CALM1', 'IGF1R', 'POLR3C'] 
2025-06-20 00:33:46,685 - Finished with child num after mutate ['PRKACG', 'POLR1A', 'PRKACA', 'IRF8', 'CDK1', 'GNAI2', 'CDC27', 'PPP3R1', 'ADCY3', 'ATAD2B', 'C3', 'POLR2B', 'NFKBIA', 'MALT1', 'RCBTB2', 'TNFRSF1A', 'POLR2I', 'NTRK1', 'PTEN', 'BLNK', 'TNFRSF10D', 'BCL10', 'FN1', 'IRAK2', 'PPP2R1B', 'SKP1', 'CALM1', 'IGF1R', 'PPARG', 'POLR3C'] 
2025-06-20 00:33:46,686 - ------ ----- ----- Generation num ----- ----- ----- 36
2025-06-20 00:33:46,740 - Finished with child num after mutate ['WNT4', 'POLR1A', 'PRKACA', 'IRF8', 'CDK1', 'GNAI2', 'CDC27', 'PPP3R1', 'ADCY3', 'ATAD2B', 'C3', 'UBA2', 'POLR2B', 'NFKBIA', 'MALT1', 'USP34', 'TNFRSF1A', 'POLR2I', 'NTRK1', 'PTEN', 'BLNK', 'TNFRSF10D', 'BCL10', 'FN1', 'IRAK2', 'PPP2R1B', 'SKP1', 'CALM1', 'IGF1R', 'PPARG', 'POLR3C'] 
2025-06-20 00:33:46,795 - Finished with child num after mutate ['LCE3A', 'POLR1A', 'PRKACA', 'IRF8', 'CDK1', 'GNAI2', 'CDC27', 'PPP3R1', 'ADCY3', 'ATAD2B', 'C3', 'UBA2', 'POLR2B', 'NFKBIA', 'MALT1', 'USP34', 'TNFRSF1A', 'POLR2I', 'NTRK1', 'PTEN', 'BLNK', 'TNFRSF10D', 'BCL10', 'FN1', 'IRAK2', 'PPP2R1B', 'SKP1', 'CALM1', 'IGF1R', 'PPARG', 'POLR3C'] 
2025-06-20 00:33:46,796 - ------ ----- ----- Generation num ----- ----- ----- 37
2025-06-20 00:33:46,849 - Finished with child num after mutate ['POLR1A', 'PRKACA', 'IRF8', 'CDK1', 'GNAI2', 'CDC27', 'PPP3R1', 'ADCY3', 'ATAD2B', 'C3', 'POLR2B', 'UBA2', 'NFKBIA', 'MALT1', 'USP34', 'TNFRSF1A', 'POLR2I', 'NTRK1', 'PTEN', 'BLNK', 'TNFRSF10D', 'BCL10', 'FN1', 'IRAK2', 'PPP2R1B', 'SKP1', 'CALM1', 'PGRMC2', 'IGF1R', 'PPARG', 'POLR3C'] 
2025-06-20 00:33:46,904 - Finished with child num after mutate ['POLR1A', 'PRKACA', 'IRF8', 'CDK1', 'GNAI2', 'KRT13', 'CDC27', 'PPP3R1', 'ADCY3', 'ATAD2B', 'C3', 'POLR2B', 'UBA2', 'NFKBIA', 'MALT1', 'USP34', 'TNFRSF1A', 'POLR2I', 'NTRK1', 'PTEN', 'BLNK', 'TNFRSF10D', 'BCL10', 'FN1', 'IRAK2', 'PPP2R1B', 'SKP1', 'CALM1', 'IGF1R', 'PPARG', 'POLR3C'] 
2025-06-20 00:33:46,905 - ------ ----- ----- Generation num ----- ----- ----- 38
2025-06-20 00:33:46,962 - Finished with child num after mutate ['MAP3K7', 'POLR1A', 'PRKACA', 'IRF8', 'CDK1', 'GNAI2', 'CDC27', 'PPP3R1', 'ADCY3', 'ATAD2B', 'C3', 'UBA2', 'POLR2B', 'NFKBIA', 'MALT1', 'USP34', 'TNFRSF1A', 'POLR2I', 'NTRK1', 'PTEN', 'BLNK', 'TNFRSF10D', 'BCL10', 'FN1', 'IRAK2', 'PPP2R1B', 'SKP1', 'CALM1', 'IGF1R', 'PPARG', 'POLR3C'] 
2025-06-20 00:33:47,017 - Finished with child num after mutate ['PSMD2', 'POLR1A', 'PRKACA', 'IRF8', 'CDK1', 'GNAI2', 'CDC27', 'PPP3R1', 'ADCY3', 'ATAD2B', 'C3', 'UBA2', 'POLR2B', 'NFKBIA', 'MALT1', 'USP34', 'TNFRSF1A', 'POLR2I', 'NTRK1', 'PTEN', 'BLNK', 'TNFRSF10D', 'BCL10', 'FN1', 'IRAK2', 'PPP2R1B', 'SKP1', 'CALM1', 'IGF1R', 'PPARG', 'POLR3C'] 
2025-06-20 00:33:47,017 - ------ ----- ----- Generation num ----- ----- ----- 39
2025-06-20 00:33:47,073 - Finished with child num after mutate ['POLR1A', 'PRKACA', 'IRF8', 'PSMD2', 'CDK1', 'GNAI2', 'CDC27', 'PPP3R1', 'ADCY3', 'ATAD2B', 'C3', 'POLR2B', 'UBA2', 'NFKBIA', 'MALT1', 'USP34', 'TNFRSF1A', 'POLR2I', 'NTRK1', 'PTEN', 'BLNK', 'TNFRSF10D', 'BCL10', 'FN1', 'IRAK2', 'PPP2R1B', 'SKP1', 'CALM1', 'IGF1R', 'PPARG', 'HSPA14'] 
2025-06-20 00:33:47,126 - Finished with child num after mutate ['EGR2', 'POLR1A', 'PRKACA', 'IRF8', 'CDK1', 'GNAI2', 'CDC27', 'PPP3R1', 'ADCY3', 'ATAD2B', 'C3', 'UBA2', 'POLR2B', 'NFKBIA', 'MALT1', 'USP34', 'TNFRSF1A', 'POLR2I', 'NTRK1', 'PTEN', 'BLNK', 'TNFRSF10D', 'BCL10', 'FN1', 'IRAK2', 'PPP2R1B', 'SKP1', 'CALM1', 'IGF1R', 'PPARG', 'POLR3C'] 
2025-06-20 00:33:47,127 - ------ ----- ----- Generation num ----- ----- ----- 40
2025-06-20 00:33:47,187 - Finished with child num after mutate ['POLR1A', 'PRKACA', 'IRF8', 'CDK1', 'GNAI2', 'CDC27', 'PPP3R1', 'ADCY3', 'ATAD2B', 'C3', 'UBA2', 'NFKBIA', 'EGR2', 'MALT1', 'USP34', 'TNFRSF1A', 'POLR2I', 'NTRK1', 'PTEN', 'BLNK', 'TNFRSF10D', 'BCL10', 'FN1', 'IRAK2', 'PPP2R1B', 'SKP1', 'CALM1', 'IGF1R', 'PPARG', 'CHRD'] 
2025-06-20 00:33:47,241 - Finished with child num after mutate ['POLR1A', 'PRKACA', 'IRF8', 'CDK1', 'GNAI2', 'CDC27', 'PPP3R1', 'ADCY3', 'ATAD2B', 'C3', 'POLR2B', 'NFKBIA', 'MALT1', 'USP34', 'TNFRSF1A', 'POLR2I', 'NTRK1', 'PTEN', 'BLNK', 'TNFRSF10D', 'BCL10', 'FN1', 'IRAK2', 'PPP2R1B', 'SKP1', 'POLR3C', 'CALM1', 'IGF1R', 'PPARG', 'CHUK'] 
2025-06-20 00:33:47,243 - ------ ----- ----- Generation num ----- ----- ----- 41
2025-06-20 00:33:47,299 - Finished with child num after mutate ['PRKACA', 'IRF8', 'CDK1', 'GNAI2', 'CDC27', 'PPP3R1', 'ADCY3', 'ATAD2B', 'C3', 'POLR2B', 'UBA2', 'NFKBIA', 'EGR2', 'MALT1', 'USP34', 'TNFRSF1A', 'POLR2I', 'NTRK1', 'PTEN', 'BLNK', 'TNFRSF10D', 'BCL10', 'FN1', 'IRAK2', 'PPP2R1B', 'SKP1', 'CALM1', 'IGF1R', 'PPARG', 'RPS15'] 
2025-06-20 00:33:47,356 - Finished with child num after mutate ['POLR1A', 'IRF8', 'CDK1', 'GNAI2', 'CDC27', 'PPP3R1', 'ADCY3', 'ATAD2B', 'C3', 'UBA2', 'NFKBIA', 'EGR2', 'MALT1', 'USP34', 'TNFRSF1A', 'POLR2I', 'CHRD', 'NTRK1', 'PTEN', 'BLNK', 'TNFRSF10D', 'BCL10', 'FN1', 'IRAK2', 'MYL4', 'SKP1', 'CALM1', 'IGF1R', 'PPARG'] 
2025-06-20 00:33:47,357 - ------ ----- ----- Generation num ----- ----- ----- 42
2025-06-20 00:33:47,417 - Finished with child num after mutate ['POLR1A', 'PRKACA', 'IRF8', 'CDK1', 'GNAI2', 'CDC27', 'PPP3R1', 'ADCY3', 'ATAD2B', 'C3', 'POLR2B', 'UBA2', 'NFKBIA', 'EGR2', 'MALT1', 'USP34', 'TNFRSF1A', 'POLR2I', 'NTRK1', 'PTEN', 'BLNK', 'TNFRSF10D', 'BCL10', 'FN1', 'IRAK2', 'PPP2R1B', 'SKP1', 'CALM1', 'IGF1R', 'PPARG', 'ARF6'] 
2025-06-20 00:33:47,472 - Finished with child num after mutate ['PRKACA', 'IRF8', 'CDK1', 'GNAI2', 'CDC27', 'PPP3R1', 'ADCY3', 'ATAD2B', 'C3', 'UBA2', 'POLR2B', 'NFKBIA', 'RPS15', 'EGR2', 'MALT1', 'USP34', 'TNFRSF1A', 'POLR2I', 'NTRK1', 'PTEN', 'BLNK', 'TNFRSF10D', 'BCL10', 'FN1', 'IRAK2', 'RALB', 'SKP1', 'CALM1', 'IGF1R', 'PPARG'] 
2025-06-20 00:33:47,472 - ------ ----- ----- Generation num ----- ----- ----- 43
2025-06-20 00:33:47,526 - Finished with child num after mutate ['POLR1A', 'IRF8', 'CDK1', 'GNAI2', 'CSNK2A2', 'CDC27', 'PPP3R1', 'ADCY3', 'ATAD2B', 'C3', 'UBA2', 'NFKBIA', 'EGR2', 'MALT1', 'USP34', 'TNFRSF1A', 'POLR2I', 'CHRD', 'NTRK1', 'PTEN', 'BLNK', 'TNFRSF10D', 'BCL10', 'FN1', 'IRAK2', 'SKP1', 'CALM1', 'IGF1R', 'PPARG'] 
2025-06-20 00:33:47,589 - Finished with child num after mutate ['POLR1A', 'IRF8', 'CDK1', 'GNAI2', 'MYL1', 'CDC27', 'PPP3R1', 'ADCY3', 'ATAD2B', 'C3', 'UBA2', 'NFKBIA', 'EGR2', 'MALT1', 'USP34', 'TNFRSF1A', 'POLR2I', 'CHRD', 'NTRK1', 'PTEN', 'BLNK', 'TNFRSF10D', 'BCL10', 'FN1', 'IRAK2', 'SKP1', 'CALM1', 'IGF1R', 'PPARG'] 
2025-06-20 00:33:47,589 - ------ ----- ----- Generation num ----- ----- ----- 44
2025-06-20 00:33:47,663 - Finished with child num after mutate ['RAB21', 'IRF8', 'CDK1', 'GNAI2', 'CDC27', 'PPP3R1', 'ADCY3', 'ATAD2B', 'C3', 'UBA2', 'NFKBIA', 'EGR2', 'MALT1', 'USP34', 'TNFRSF1A', 'POLR2I', 'CHRD', 'NTRK1', 'MYL1', 'PTEN', 'BLNK', 'TNFRSF10D', 'BCL10', 'FN1', 'IRAK2', 'SKP1', 'CALM1', 'IGF1R', 'PPARG'] 
2025-06-20 00:33:47,755 - Finished with child num after mutate ['ASB8', 'IRF8', 'CDK1', 'GNAI2', 'CDC27', 'PPP3R1', 'ADCY3', 'ATAD2B', 'C3', 'UBA2', 'NFKBIA', 'EGR2', 'MALT1', 'USP34', 'TNFRSF1A', 'POLR2I', 'CHRD', 'NTRK1', 'PTEN', 'BLNK', 'TNFRSF10D', 'BCL10', 'FN1', 'IRAK2', 'CSNK2A2', 'SKP1', 'CALM1', 'IGF1R', 'PPARG'] 
2025-06-20 00:33:47,756 - ------ ----- ----- Generation num ----- ----- ----- 45
2025-06-20 00:33:47,840 - Finished with child num after mutate ['POLR1A', 'IRF8', 'CDK1', 'GNAI2', 'CAPN14', 'CDC27', 'PPP3R1', 'ADCY3', 'ATAD2B', 'C3', 'UBA2', 'NFKBIA', 'EGR2', 'MALT1', 'USP34', 'TNFRSF1A', 'POLR2I', 'CHRD', 'NTRK1', 'PTEN', 'BLNK', 'TNFRSF10D', 'BCL10', 'FN1', 'IRAK2', 'SKP1', 'CALM1', 'IGF1R', 'PPARG'] 
2025-06-20 00:33:47,907 - Finished with child num after mutate ['IRF8', 'CDK1', 'GNAI2', 'CDC27', 'PPP3R1', 'ADCY3', 'ATAD2B', 'ASB8', 'C3', 'UBA2', 'NFKBIA', 'EGR2', 'MALT1', 'USP34', 'TNFRSF1A', 'POLR2I', 'CHRD', 'NTRK1', 'PTEN', 'BLNK', 'CUBN', 'BCL10', 'FN1', 'IRAK2', 'CSNK2A2', 'SKP1', 'CALM1', 'IGF1R', 'PPARG'] 
2025-06-20 00:33:47,908 - ------ ----- ----- Generation num ----- ----- ----- 46
2025-06-20 00:33:48,001 - Finished with child num after mutate ['IL32', 'IRF8', 'CDK1', 'GNAI2', 'CDC27', 'PPP3R1', 'ADCY3', 'ATAD2B', 'C3', 'UBA2', 'NFKBIA', 'EGR2', 'MALT1', 'USP34', 'TNFRSF1A', 'POLR2I', 'CHRD', 'NTRK1', 'MYL1', 'PTEN', 'BLNK', 'TNFRSF10D', 'BCL10', 'FN1', 'IRAK2', 'SKP1', 'CALM1', 'IGF1R', 'PPARG'] 
2025-06-20 00:33:48,102 - Finished with child num after mutate ['C18orf32', 'IRF8', 'CDK1', 'GNAI2', 'CDC27', 'PPP3R1', 'ADCY3', 'ATAD2B', 'C3', 'UBA2', 'NFKBIA', 'EGR2', 'MALT1', 'USP34', 'TNFRSF1A', 'POLR2I', 'CHRD', 'NTRK1', 'PTEN', 'BLNK', 'TNFRSF10D', 'BCL10', 'FN1', 'IRAK2', 'CSNK2A2', 'SKP1', 'CALM1', 'IGF1R', 'PPARG'] 
2025-06-20 00:33:48,103 - ------ ----- ----- Generation num ----- ----- ----- 47
2025-06-20 00:33:48,162 - Finished with child num after mutate ['RHOF', 'IRF8', 'CDK1', 'GNAI2', 'CDC27', 'PPP3R1', 'ADCY3', 'ATAD2B', 'C3', 'UBA2', 'NFKBIA', 'EGR2', 'MALT1', 'USP34', 'TNFRSF1A', 'POLR2I', 'CHRD', 'NTRK1', 'MYL1', 'PTEN', 'BLNK', 'TNFRSF10D', 'BCL10', 'FN1', 'IRAK2', 'SKP1', 'CALM1', 'IGF1R', 'PPARG'] 
2025-06-20 00:33:48,220 - Finished with child num after mutate ['NEDD9', 'IRF8', 'CDK1', 'GNAI2', 'CDC27', 'PPP3R1', 'ADCY3', 'ATAD2B', 'C3', 'UBA2', 'NFKBIA', 'EGR2', 'MALT1', 'USP34', 'TNFRSF1A', 'POLR2I', 'CHRD', 'NTRK1', 'MYL1', 'PTEN', 'BLNK', 'TNFRSF10D', 'BCL10', 'FN1', 'IRAK2', 'SKP1', 'CALM1', 'IGF1R', 'PPARG'] 
2025-06-20 00:33:48,221 - ------ ----- ----- Generation num ----- ----- ----- 48
2025-06-20 00:33:48,275 - Finished with child num after mutate ['IRF8', 'CDK1', 'GNAI2', 'CDC27', 'PPP3R1', 'ADCY3', 'ASB8', 'C3', 'UBA2', 'NFKBIA', 'EGR2', 'MALT1', 'CACNA1A', 'USP34', 'TNFRSF1A', 'POLR2I', 'CHRD', 'NTRK1', 'PTEN', 'BLNK', 'BCL10', 'FN1', 'IRAK2', 'CSNK2A2', 'SKP1', 'CALM1', 'IGF1R', 'PPARG'] 
2025-06-20 00:33:48,330 - Finished with child num after mutate ['POLR1A', 'IRF8', 'CDK1', 'GNAI2', 'CDC27', 'ATAD2B', 'ADCY3', 'C3', 'UBA2', 'NFKBIA', 'EGR2', 'MALT1', 'USP34', 'TNFRSF1A', 'POLR2I', 'CHRD', 'NTRK1', 'PTEN', 'BLNK', 'CORO1A', 'BCL10', 'FN1', 'IRAK2', 'CSNK2A2', 'SKP1', 'CALM1', 'IGF1R', 'PPARG'] 
2025-06-20 00:33:48,331 - ------ ----- ----- Generation num ----- ----- ----- 49
2025-06-20 00:33:48,395 - Finished with child num after mutate ['IRF8', 'CDK1', 'GNAI2', 'CDC27', 'PPP3R1', 'ADCY3', 'ATAD2B', 'ASB8', 'C3', 'UBA2', 'NFKBIA', 'EGR2', 'MALT1', 'USP34', 'TNFRSF1A', 'POLR2I', 'CHRD', 'NTRK1', 'PTEN', 'BLNK', 'SUMO1', 'BCL10', 'FN1', 'IRAK2', 'CSNK2A2', 'SKP1', 'CALM1', 'IGF1R', 'PPARG'] 
2025-06-20 00:33:48,450 - Finished with child num after mutate ['IRF8', 'CDK1', 'GNAI2', 'CDC27', 'PPP3R1', 'ADCY3', 'ATAD2B', 'ASB8', 'C3', 'UBA2', 'NFKBIA', 'EGR2', 'MALT1', 'USP34', 'TNFRSF1A', 'POLR2I', 'CHRD', 'NTRK1', 'PTEN', 'BLNK', 'WTIP', 'BCL10', 'FN1', 'IRAK2', 'CSNK2A2', 'SKP1', 'CALM1', 'IGF1R', 'PPARG'] 
2025-06-20 00:33:48,451 - ------ ----- ----- Generation num ----- ----- ----- 50
2025-06-20 00:33:48,508 - Finished with child num after mutate ['WDTC1', 'IRF8', 'CDK1', 'GNAI2', 'CORO1A', 'CDC27', 'ATAD2B', 'ADCY3', 'C3', 'UBA2', 'NFKBIA', 'EGR2', 'MALT1', 'USP34', 'TNFRSF1A', 'CHRD', 'NTRK1', 'PTEN', 'BLNK', 'BCL10', 'FN1', 'IRAK2', 'CSNK2A2', 'SKP1', 'CALM1', 'IGF1R', 'PPARG'] 
2025-06-20 00:33:48,562 - Finished with child num after mutate ['MAP3K8', 'IRF8', 'CDK1', 'GNAI2', 'CDC27', 'PPP3R1', 'ADCY3', 'ATAD2B', 'C3', 'UBA2', 'NFKBIA', 'EGR2', 'MALT1', 'POLR2I', 'TNFRSF1A', 'CHRD', 'NTRK1', 'MYL1', 'PTEN', 'BLNK', 'TNFRSF10D', 'BCL10', 'FN1', 'IRAK2', 'SKP1', 'CALM1', 'IGF1R', 'PPARG'] 
2025-06-20 00:33:48,563 - ------ ----- ----- Generation num ----- ----- ----- 51
2025-06-20 00:33:48,619 - Finished with child num after mutate ['IRF8', 'CDK1', 'FGF13', 'SUMO1', 'CDC27', 'PPP3R1', 'ADCY3', 'ATAD2B', 'ASB8', 'C3', 'UBA2', 'NFKBIA', 'EGR2', 'MALT1', 'USP34', 'TNFRSF1A', 'POLR2I', 'CHRD', 'NTRK1', 'PTEN', 'BLNK', 'BCL10', 'FN1', 'IRAK2', 'CSNK2A2', 'SKP1', 'CALM1', 'IGF1R', 'PPARG'] 
2025-06-20 00:33:48,675 - Finished with child num after mutate ['IRF8', 'CDK1', 'IFNGR1', 'SUMO1', 'CDC27', 'PPP3R1', 'ADCY3', 'ATAD2B', 'ASB8', 'C3', 'UBA2', 'NFKBIA', 'EGR2', 'MALT1', 'USP34', 'TNFRSF1A', 'POLR2I', 'CHRD', 'NTRK1', 'PTEN', 'BLNK', 'BCL10', 'FN1', 'IRAK2', 'CSNK2A2', 'SKP1', 'CALM1', 'IGF1R', 'PPARG'] 
2025-06-20 00:33:48,676 - ------ ----- ----- Generation num ----- ----- ----- 52
2025-06-20 00:33:48,730 - Finished with child num after mutate ['IRF8', 'CDK1', 'RPS6KA1', 'SUMO1', 'CDC27', 'PPP3R1', 'ADCY3', 'ATAD2B', 'ASB8', 'C3', 'UBA2', 'NFKBIA', 'EGR2', 'MALT1', 'USP34', 'TNFRSF1A', 'POLR2I', 'CHRD', 'NTRK1', 'PTEN', 'BLNK', 'BCL10', 'FN1', 'IRAK2', 'CSNK2A2', 'SKP1', 'CALM1', 'IGF1R', 'PPARG'] 
2025-06-20 00:33:48,818 - Finished with child num after mutate ['IRF8', 'CDK1', 'PTAFR', 'SUMO1', 'CDC27', 'PPP3R1', 'ADCY3', 'ATAD2B', 'ASB8', 'C3', 'UBA2', 'NFKBIA', 'EGR2', 'MALT1', 'USP34', 'TNFRSF1A', 'POLR2I', 'CHRD', 'NTRK1', 'PTEN', 'BLNK', 'BCL10', 'FN1', 'IRAK2', 'CSNK2A2', 'SKP1', 'CALM1', 'IGF1R', 'PPARG'] 
2025-06-20 00:33:48,819 - ------ ----- ----- Generation num ----- ----- ----- 53
2025-06-20 00:33:48,891 - Finished with child num after mutate ['IRF8', 'CDK1', 'SUMO1', 'CDC27', 'PPP3R1', 'ADCY3', 'ATAD2B', 'FGF13', 'RELB', 'C3', 'UBA2', 'NFKBIA', 'EGR2', 'MALT1', 'USP34', 'TNFRSF1A', 'POLR2I', 'CHRD', 'NTRK1', 'PTEN', 'BLNK', 'BCL10', 'FN1', 'IRAK2', 'CSNK2A2', 'SKP1', 'CALM1', 'IGF1R', 'PPARG'] 
2025-06-20 00:33:48,947 - Finished with child num after mutate ['IRF8', 'CDK1', 'SUMO1', 'CDC27', 'PPP3R1', 'ADCY3', 'ATAD2B', 'ASB8', 'C3', 'UBA2', 'NFKBIA', 'EGR2', 'MALT1', 'USP34', 'TNFRSF1A', 'POLR2I', 'CAT', 'CHRD', 'NTRK1', 'PTEN', 'BLNK', 'BCL10', 'FN1', 'IRAK2', 'CSNK2A2', 'SKP1', 'CALM1', 'IGF1R', 'PPARG'] 
2025-06-20 00:33:48,948 - ------ ----- ----- Generation num ----- ----- ----- 54
2025-06-20 00:33:49,002 - Finished with child num after mutate ['IRF8', 'CDK1', 'SUMO1', 'CDC27', 'PPP3R1', 'ADCY3', 'ATAD2B', 'RFX3', 'C3', 'CAT', 'UBA2', 'NFKBIA', 'EGR2', 'MALT1', 'USP34', 'TNFRSF1A', 'POLR2I', 'CHRD', 'NTRK1', 'PTEN', 'BLNK', 'BCL10', 'FN1', 'IRAK2', 'CSNK2A2', 'SKP1', 'CALM1', 'IGF1R', 'PPARG'] 
2025-06-20 00:33:49,060 - Finished with child num after mutate ['IRF8', 'CDK1', 'SUMO1', 'CDC27', 'PPP3R1', 'ADCY3', 'ATAD2B', 'FGF13', 'HIF1AN', 'C3', 'UBA2', 'NFKBIA', 'EGR2', 'MALT1', 'USP34', 'TNFRSF1A', 'POLR2I', 'CHRD', 'NTRK1', 'PTEN', 'BLNK', 'BCL10', 'FN1', 'IRAK2', 'CSNK2A2', 'SKP1', 'CALM1', 'IGF1R', 'PPARG'] 
2025-06-20 00:33:49,060 - ------ ----- ----- Generation num ----- ----- ----- 55
2025-06-20 00:33:49,131 - Finished with child num after mutate ['IRF8', 'CDK1', 'SUMO1', 'CDC27', 'PPP3R1', 'UBE2I', 'ATAD2B', 'FGF13', 'CAT', 'UBA2', 'NFKBIA', 'EGR2', 'MALT1', 'USP34', 'TNFRSF1A', 'POLR2I', 'CHRD', 'NTRK1', 'PTEN', 'BLNK', 'RELB', 'BCL10', 'FN1', 'IRAK2', 'CSNK2A2', 'SKP1', 'CALM1', 'IGF1R', 'PPARG'] 
2025-06-20 00:33:49,198 - Finished with child num after mutate ['IRF8', 'CDK1', 'SUMO1', 'HSPA2', 'CDC27', 'PPP3R1', 'ADCY3', 'ATAD2B', 'C3', 'UBA2', 'NFKBIA', 'EGR2', 'MALT1', 'USP34', 'TNFRSF1A', 'POLR2I', 'CHRD', 'NTRK1', 'PTEN', 'BLNK', 'BCL10', 'FN1', 'IRAK2', 'CSNK2A2', 'SKP1', 'CALM1', 'IGF1R', 'PPARG'] 
2025-06-20 00:33:49,200 - ------ ----- ----- Generation num ----- ----- ----- 56
2025-06-20 00:33:49,264 - Finished with child num after mutate ['IRF8', 'CDK1', 'UBE2I', 'SUMO1', 'CDC27', 'PPP3R1', 'ATAD2B', 'FGF13', 'CAT', 'UBA2', 'NFKBIA', 'EGR2', 'MALT1', 'ORC5', 'TNFRSF1A', 'POLR2I', 'CHRD', 'NTRK1', 'PTEN', 'BLNK', 'RELB', 'BCL10', 'FN1', 'IRAK2', 'CSNK2A2', 'SKP1', 'CALM1', 'IGF1R', 'PPARG'] 
2025-06-20 00:33:49,425 - Finished with child num after mutate ['IRF8', 'CDK1', 'UBE2I', 'SUMO1', 'CDC27', 'PPP3R1', 'ATAD2B', 'FGF13', 'CAT', 'UBA2', 'NFKBIA', 'EGR2', 'MALT1', 'COX7C', 'TNFRSF1A', 'POLR2I', 'CHRD', 'NTRK1', 'PTEN', 'BLNK', 'RELB', 'BCL10', 'FN1', 'IRAK2', 'CSNK2A2', 'SKP1', 'CALM1', 'IGF1R', 'PPARG'] 
2025-06-20 00:33:49,426 - ------ ----- ----- Generation num ----- ----- ----- 57
2025-06-20 00:33:49,483 - Finished with child num after mutate ['IRF8', 'UBE2I', 'CDK1', 'SUMO1', 'CDC27', 'PPP3R1', 'ATAD2B', 'FGF13', 'NFIL3', 'CAT', 'UBA2', 'NFKBIA', 'EGR2', 'MALT1', 'TNFRSF1A', 'POLR2I', 'CHRD', 'NTRK1', 'PTEN', 'BLNK', 'RELB', 'BCL10', 'FN1', 'IRAK2', 'CSNK2A2', 'SKP1', 'CALM1', 'IGF1R', 'PPARG'] 
2025-06-20 00:33:49,538 - Finished with child num after mutate ['IRF8', 'UBE2I', 'CDK1', 'SUMO1', 'CDC27', 'PPP3R1', 'ATAD2B', 'FGF13', 'MAP3K11', 'CAT', 'UBA2', 'NFKBIA', 'EGR2', 'MALT1', 'TNFRSF1A', 'POLR2I', 'CHRD', 'NTRK1', 'PTEN', 'BLNK', 'RELB', 'BCL10', 'FN1', 'IRAK2', 'CSNK2A2', 'SKP1', 'CALM1', 'IGF1R', 'PPARG'] 
2025-06-20 00:33:49,538 - ------ ----- ----- Generation num ----- ----- ----- 58
2025-06-20 00:33:49,596 - Finished with child num after mutate ['IRF8', 'CDK1', 'SUMO1', 'CDC27', 'PPP3R1', 'ADCY3', 'ATAD2B', 'FGF13', 'RAB1A', 'C3', 'UBA2', 'NFKBIA', 'EGR2', 'MALT1', 'USP34', 'TNFRSF1A', 'POLR2I', 'CHRD', 'NTRK1', 'PTEN', 'BLNK', 'BCL10', 'FN1', 'IRAK2', 'CSNK2A2', 'SKP1', 'CALM1', 'IGF1R', 'PPARG'] 
2025-06-20 00:33:49,652 - Finished with child num after mutate ['IRF8', 'CDK1', 'UBE2I', 'SUMO1', 'CDC27', 'PPP3R1', 'ATAD2B', 'FGF13', 'CAT', 'UBA2', 'NFKBIA', 'EGR2', 'MALT1', 'NOG', 'TNFRSF1A', 'POLR2I', 'CHRD', 'NTRK1', 'PTEN', 'BLNK', 'RELB', 'BCL10', 'FN1', 'IRAK2', 'CSNK2A2', 'SKP1', 'CALM1', 'IGF1R', 'PPARG'] 
2025-06-20 00:33:49,653 - ------ ----- ----- Generation num ----- ----- ----- 59
2025-06-20 00:33:49,708 - Finished with child num after mutate ['IRF8', 'UBE2I', 'CDK1', 'SUMO1', 'CDC27', 'PPP3R1', 'ATAD2B', 'NOG', 'FGF13', 'CAT', 'UBA2', 'NFKBIA', 'EGR2', 'TNFRSF1A', 'MAP3K11', 'POLR2I', 'CHRD', 'NTRK1', 'PTEN', 'BLNK', 'RELB', 'BCL10', 'FN1', 'IRAK2', 'WDFY2', 'SKP1', 'CALM1', 'IGF1R', 'PPARG'] 
2025-06-20 00:33:49,763 - Finished with child num after mutate ['IRF8', 'UBE2I', 'CDK1', 'SUMO1', 'CDC27', 'PPP3R1', 'ATAD2B', 'FGF13', 'CAT', 'UBA2', 'NFKBIA', 'EGR2', 'MALT1', 'TNFRSF1A', 'POLR2I', 'CHRD', 'NTRK1', 'PTEN', 'BLNK', 'RELB', 'BCL10', 'FN1', 'IRAK2', 'SAE1', 'SKP1', 'CALM1', 'IGF1R', 'PPARG'] 
2025-06-20 00:33:49,764 - ------ ----- ----- Generation num ----- ----- ----- 60
2025-06-20 00:33:49,818 - Finished with child num after mutate ['IRF8', 'UBE2I', 'CDK1', 'SUMO1', 'CDC27', 'PPP3R1', 'ATAD2B', 'NOG', 'FGF13', 'CAT', 'UBA2', 'NFKBIA', 'EGR2', 'MALT1', 'TNFRSF1A', 'POLR2I', 'CHRD', 'NTRK1', 'PTEN', 'BLNK', 'RELB', 'BCL10', 'FN1', 'IRAK2', 'KPNA4', 'SKP1', 'CALM1', 'IGF1R', 'PPARG'] 
2025-06-20 00:33:49,872 - Finished with child num after mutate ['IRF8', 'UBE2I', 'CDK1', 'SUMO1', 'CDC27', 'PPP3R1', 'ATAD2B', 'FGF13', 'CAT', 'UBA2', 'NFKBIA', 'EGR2', 'MALT1', 'TNFRSF1A', 'MAP3K11', 'POLR2I', 'CHRD', 'NTRK1', 'PTEN', 'BLNK', 'RELB', 'BCL10', 'FN1', 'IRAK2', 'ANKRD23', 'SKP1', 'CALM1', 'IGF1R', 'PPARG'] 
2025-06-20 00:33:49,873 - ------ ----- ----- Generation num ----- ----- ----- 61
2025-06-20 00:33:49,929 - Finished with child num after mutate ['IRF8', 'UBE2I', 'CDK1', 'WDFY2', 'SUMO1', 'GEM', 'PPP3R1', 'ATAD2B', 'NOG', 'FGF13', 'CAT', 'UBA2', 'NFKBIA', 'EGR2', 'TNFRSF1A', 'MAP3K11', 'POLR2I', 'CHRD', 'NTRK1', 'PTEN', 'BLNK', 'RELB', 'BCL10', 'FN1', 'IRAK2', 'CALM1', 'IGF1R', 'PPARG'] 
2025-06-20 00:33:49,983 - Finished with child num after mutate ['IRF8', 'UBE2I', 'CDK1', 'SAE1', 'SUMO1', 'CDC27', 'PPP3R1', 'ATAD2B', 'FGF13', 'CAT', 'UBA2', 'NFKBIA', 'EGR2', 'MALT1', 'TNFRSF1A', 'POLR2I', 'CHRD', 'NTRK1', 'PTEN', 'BLNK', 'RELB', 'BCL10', 'FN1', 'SFTPC', 'SKP1', 'IGF1R', 'PPARG'] 
2025-06-20 00:33:49,984 - ------ ----- ----- Generation num ----- ----- ----- 62
2025-06-20 00:33:50,039 - Finished with child num after mutate ['IRF8', 'MPO', 'UBE2I', 'CDK1', 'SUMO1', 'CDC27', 'PPP3R1', 'ATAD2B', 'FGF13', 'CAT', 'UBA2', 'NFKBIA', 'EGR2', 'MALT1', 'TNFRSF1A', 'POLR2I', 'CHRD', 'NTRK1', 'PTEN', 'BLNK', 'RELB', 'BCL10', 'FN1', 'CSNK2A2', 'SKP1', 'CALM1', 'NFIL3', 'IGF1R', 'PPARG'] 
2025-06-20 00:33:50,094 - Finished with child num after mutate ['IRF8', 'UBE2I', 'CDK1', 'SAE1', 'SUMO1', 'CDC27', 'PPP3R1', 'ATAD2B', 'FGF13', 'CAT', 'UBA2', 'NFKBIA', 'EGR2', 'MALT1', 'TNFRSF1A', 'POLR2I', 'CHRD', 'NTRK1', 'PTEN', 'BLNK', 'RELB', 'BCL10', 'FN1', 'PELI1', 'SKP1', 'IGF1R', 'PPARG'] 
2025-06-20 00:33:50,095 - ------ ----- ----- Generation num ----- ----- ----- 63
2025-06-20 00:33:50,165 - Finished with child num after mutate ['IRF8', 'UBE2I', 'CDK1', 'SAE1', 'SUMO1', 'CDC27', 'PPP3R1', 'ATAD2B', 'FGF13', 'CAT', 'UBA2', 'NFKBIA', 'EGR2', 'MALT1', 'TNFRSF1A', 'POLR2I', 'CHRD', 'NTRK1', 'PTEN', 'BLNK', 'YWHAH', 'RELB', 'BCL10', 'FN1', 'SKP1', 'IGF1R', 'PPARG'] 
2025-06-20 00:33:50,221 - Finished with child num after mutate ['IRF8', 'UBE2I', 'CDK1', 'SUMO1', 'CDC27', 'PPP3R1', 'ATAD2B', 'FGF13', 'CAT', 'UBA2', 'NFKBIA', 'EGR2', 'MALT1', 'TNFRSF1A', 'MAP3K11', 'POLR2I', 'CHRD', 'NTRK1', 'PTEN', 'BLNK', 'RELB', 'BCL10', 'FN1', 'IRAK2', 'CNPPD1', 'SKP1', 'CALM1', 'IGF1R', 'PPARG'] 
2025-06-20 00:33:50,222 - ------ ----- ----- Generation num ----- ----- ----- 64
2025-06-20 00:33:50,277 - Finished with child num after mutate ['IRF8', 'UBE2I', 'CDK1', 'SAE1', 'SUMO1', 'CDC27', 'PPP3R1', 'ATAD2B', 'FGF13', 'CAT', 'UBA2', 'NFKBIA', 'EGR2', 'MALT1', 'PSMB2', 'TNFRSF1A', 'POLR2I', 'CHRD', 'NTRK1', 'PTEN', 'BLNK', 'RELB', 'BCL10', 'FN1', 'SKP1', 'IGF1R', 'PPARG'] 
2025-06-20 00:33:50,332 - Finished with child num after mutate ['IRF8', 'MYH9', 'UBE2I', 'CDK1', 'SAE1', 'SUMO1', 'CDC27', 'PPP3R1', 'ATAD2B', 'FGF13', 'CAT', 'UBA2', 'NFKBIA', 'EGR2', 'MALT1', 'TNFRSF1A', 'POLR2I', 'CHRD', 'NTRK1', 'PTEN', 'BLNK', 'RELB', 'BCL10', 'FN1', 'SKP1', 'IGF1R', 'PPARG'] 
2025-06-20 00:33:50,332 - ------ ----- ----- Generation num ----- ----- ----- 65
2025-06-20 00:33:50,387 - Finished with child num after mutate ['IRF8', 'UBE2I', 'CDK1', 'SUMO1', 'CDC27', 'PPP3R1', 'ATAD2B', 'NOG', 'DECR1', 'FGF13', 'CAT', 'UBA2', 'NFKBIA', 'EGR2', 'MALT1', 'TNFRSF1A', 'POLR2I', 'CHRD', 'NTRK1', 'PTEN', 'BLNK', 'RELB', 'BCL10', 'FN1', 'IRAK2', 'SKP1', 'CALM1', 'IGF1R', 'PPARG'] 
2025-06-20 00:33:50,442 - Finished with child num after mutate ['IRF8', 'SLC27A1', 'UBE2I', 'CDK1', 'SAE1', 'SUMO1', 'CDC27', 'PPP3R1', 'ATAD2B', 'FGF13', 'CAT', 'UBA2', 'NFKBIA', 'EGR2', 'MALT1', 'TNFRSF1A', 'POLR2I', 'CHRD', 'NTRK1', 'PTEN', 'BLNK', 'RELB', 'BCL10', 'FN1', 'SKP1', 'IGF1R', 'PPARG'] 
2025-06-20 00:33:50,442 - ------ ----- ----- Generation num ----- ----- ----- 66
2025-06-20 00:33:50,497 - Finished with child num after mutate ['IRF8', 'PSMB2', 'UBE2I', 'CDK1', 'SAE1', 'SUMO1', 'CDC27', 'PPP3R1', 'ATAD2B', 'FGF13', 'CAT', 'UBA2', 'NFKBIA', 'EGR2', 'MALT1', 'TNFRSF1A', 'POLR2I', 'TBC1D24', 'NTRK1', 'PTEN', 'BLNK', 'RELB', 'BCL10', 'FN1', 'SKP1', 'IGF1R', 'PPARG'] 
2025-06-20 00:33:50,553 - Finished with child num after mutate ['IRF8', 'PSMB2', 'UBE2I', 'CDK1', 'SAE1', 'SUMO1', 'CDC27', 'PPP3R1', 'ATAD2B', 'FGF13', 'CAT', 'UBA2', 'NFKBIA', 'EGR2', 'MALT1', 'TNFRSF1A', 'POLR2I', 'AXIN2', 'NTRK1', 'PTEN', 'BLNK', 'RELB', 'BCL10', 'FN1', 'SKP1', 'IGF1R', 'PPARG'] 
2025-06-20 00:33:50,554 - ------ ----- ----- Generation num ----- ----- ----- 67
2025-06-20 00:33:50,613 - Finished with child num after mutate ['IRF8', 'PSMB2', 'UBE2I', 'CDK1', 'SAE1', 'SUMO1', 'CDC27', 'PPP3R1', 'ATAD2B', 'FGF13', 'CAT', 'UBA2', 'NFKBIA', 'EGR2', 'MALT1', 'TNFRSF1A', 'POLR2I', 'PPIA', 'NTRK1', 'PTEN', 'BLNK', 'RELB', 'BCL10', 'FN1', 'SKP1', 'IGF1R', 'PPARG'] 
2025-06-20 00:33:50,672 - Finished with child num after mutate ['IRF8', 'MYH9', 'UBE2I', 'CDK1', 'SAE1', 'SUMO1', 'CDC27', 'PPP3R1', 'ATAD2B', 'FGF13', 'CAT', 'UBA2', 'NFKBIA', 'EGR2', 'MALT1', 'TNFRSF1A', 'POLR2I', 'CD69', 'NTRK1', 'PTEN', 'BLNK', 'RELB', 'BCL10', 'FN1', 'SKP1', 'IGF1R', 'PPARG'] 
2025-06-20 00:33:50,673 - ------ ----- ----- Generation num ----- ----- ----- 68
2025-06-20 00:33:50,745 - Finished with child num after mutate ['IRF8', 'MYH9', 'UBE2I', 'CDK1', 'SAE1', 'SUMO1', 'CDC27', 'PPP3R1', 'ATAD2B', 'FIBIN', 'CAT', 'UBA2', 'NFKBIA', 'EGR2', 'MALT1', 'TNFRSF1A', 'POLR2I', 'NTRK1', 'PTEN', 'CD69', 'BLNK', 'RELB', 'BCL10', 'FN1', 'SKP1', 'IGF1R', 'PPARG'] 
2025-06-20 00:33:50,815 - Finished with child num after mutate ['IRF8', 'MYH9', 'UBE2I', 'CDK1', 'SAE1', 'SUMO1', 'CDC27', 'PPP3R1', 'ATAD2B', 'NFKBIB', 'CAT', 'UBA2', 'NFKBIA', 'EGR2', 'MALT1', 'TNFRSF1A', 'POLR2I', 'NTRK1', 'PTEN', 'CD69', 'BLNK', 'RELB', 'BCL10', 'FN1', 'SKP1', 'IGF1R', 'PPARG'] 
2025-06-20 00:33:50,816 - ------ ----- ----- Generation num ----- ----- ----- 69
2025-06-20 00:33:50,870 - Finished with child num after mutate ['IRF8', 'PSMB2', 'UBE2I', 'CDK1', 'SAE1', 'SUMO1', 'CDC27', 'PPP3R1', 'ATAD2B', 'FGF13', 'CAT', 'UBA2', 'NFKBIA', 'EGR2', 'MALT1', 'TNFRSF1A', 'POLR2I', 'CSF3R', 'NTRK1', 'PTEN', 'BLNK', 'RELB', 'BCL10', 'FN1', 'SKP1', 'IGF1R', 'PPARG'] 
2025-06-20 00:33:50,926 - Finished with child num after mutate ['IRF8', 'MYH9', 'UBE2I', 'CDK1', 'SAE1', 'SUMO1', 'CDC27', 'PPP3R1', 'ATAD2B', 'FGF13', 'CAT', 'UBA2', 'NFKBIA', 'EGR2', 'MALT1', 'TNFRSF1A', 'POLR2I', 'ASB18', 'NTRK1', 'PTEN', 'BLNK', 'RELB', 'BCL10', 'FN1', 'SKP1', 'IGF1R', 'PPARG'] 
2025-06-20 00:33:50,926 - ------ ----- ----- Generation num ----- ----- ----- 70
2025-06-20 00:33:50,982 - Finished with child num after mutate ['IRF8', 'MYH9', 'UBE2I', 'CDK1', 'SAE1', 'SUMO1', 'CDC27', 'PPP3R1', 'ATAD2B', 'PLK4', 'CAT', 'UBA2', 'NFKBIA', 'EGR2', 'MALT1', 'TNFRSF1A', 'POLR2I', 'NTRK1', 'PTEN', 'CD69', 'BLNK', 'RELB', 'BCL10', 'FN1', 'SKP1', 'IGF1R', 'PPARG'] 
2025-06-20 00:33:51,037 - Finished with child num after mutate ['PSMB2', 'IRF8', 'UBE2I', 'CDK1', 'SAE1', 'SUMO1', 'CDC27', 'PPP3R1', 'ATAD2B', 'HOXB2', 'CAT', 'UBA2', 'NFKBIA', 'EGR2', 'MALT1', 'PPIA', 'TNFRSF1A', 'POLR2I', 'NTRK1', 'PTEN', 'BLNK', 'RELB', 'BCL10', 'FN1', 'SKP1', 'IGF1R', 'PPARG'] 
2025-06-20 00:33:51,038 - ------ ----- ----- Generation num ----- ----- ----- 71
2025-06-20 00:33:51,093 - Finished with child num after mutate ['PSMB2', 'IRF8', 'UBE2I', 'CDK1', 'SAE1', 'SUMO1', 'CFL1', 'PPP3R1', 'ATAD2B', 'CAT', 'UBA2', 'NFKBIA', 'EGR2', 'MALT1', 'PPIA', 'TNFRSF1A', 'POLR2I', 'NTRK1', 'PTEN', 'BLNK', 'RELB', 'BCL10', 'FN1', 'SKP1', 'IGF1R', 'PPARG', 'NFKBIB'] 
2025-06-20 00:33:51,157 - Finished with child num after mutate ['IRF8', 'MYH9', 'UBE2I', 'CDK1', 'SAE1', 'SUMO1', 'CDC27', 'PPP3R1', 'ATAD2B', 'TBCE', 'CAT', 'UBA2', 'NFKBIA', 'EGR2', 'MALT1', 'TNFRSF1A', 'POLR2I', 'NTRK1', 'PTEN', 'CD69', 'BLNK', 'RELB', 'BCL10', 'FN1', 'SKP1', 'IGF1R', 'PPARG'] 
2025-06-20 00:33:51,158 - ------ ----- ----- Generation num ----- ----- ----- 72
2025-06-20 00:33:51,241 - Finished with child num after mutate ['IRF8', 'MYH9', 'UBE2I', 'CDK1', 'SAE1', 'SUMO1', 'HMGB1', 'PPP3R1', 'ATAD2B', 'CAT', 'UBA2', 'NFKBIA', 'EGR2', 'MALT1', 'TNFRSF1A', 'POLR2I', 'NTRK1', 'PTEN', 'CD69', 'BLNK', 'RELB', 'BCL10', 'FN1', 'SKP1', 'IGF1R', 'PPARG', 'NFKBIB'] 
2025-06-20 00:33:51,296 - Finished with child num after mutate ['IRF8', 'MYH9', 'UBE2I', 'CDK1', 'SAE1', 'SUMO1', 'DDX59', 'PPP3R1', 'ATAD2B', 'CAT', 'UBA2', 'NFKBIA', 'EGR2', 'MALT1', 'TNFRSF1A', 'POLR2I', 'NTRK1', 'PTEN', 'CD69', 'BLNK', 'RELB', 'BCL10', 'FN1', 'SKP1', 'IGF1R', 'PPARG', 'NFKBIB'] 
2025-06-20 00:33:51,296 - ------ ----- ----- Generation num ----- ----- ----- 73
2025-06-20 00:33:51,351 - Finished with child num after mutate ['IRF8', 'MYH9', 'UBE2I', 'CDK1', 'SAE1', 'SUMO1', 'PPP3R1', 'ATAD2B', 'CAT', 'UBA2', 'NFKBIA', 'EGR2', 'MALT1', 'MMP1', 'TNFRSF1A', 'POLR2I', 'NTRK1', 'PTEN', 'CD69', 'BLNK', 'RELB', 'BCL10', 'FN1', 'SKP1', 'IGF1R', 'PPARG', 'NFKBIB'] 
2025-06-20 00:33:51,405 - Finished with child num after mutate ['IRF8', 'MYH9', 'UBE2I', 'CDK1', 'SAE1', 'SUMO1', 'PPP3R1', 'ATAD2B', 'CAT', 'UBA2', 'NFKBIA', 'EGR2', 'MALT1', 'CCNF', 'TNFRSF1A', 'POLR2I', 'NTRK1', 'PTEN', 'CD69', 'BLNK', 'RELB', 'BCL10', 'FN1', 'SKP1', 'IGF1R', 'PPARG', 'NFKBIB'] 
2025-06-20 00:33:51,405 - ------ ----- ----- Generation num ----- ----- ----- 74
2025-06-20 00:33:51,460 - Finished with child num after mutate ['IRF8', 'MYH9', 'UBE2I', 'CDK1', 'SAE1', 'SUMO1', 'PPP3R1', 'ATAD2B', 'TUBB4B', 'CAT', 'UBA2', 'NFKBIA', 'EGR2', 'MALT1', 'TNFRSF1A', 'POLR2I', 'NTRK1', 'PTEN', 'CD69', 'BLNK', 'RELB', 'BCL10', 'FN1', 'SKP1', 'IGF1R', 'PPARG', 'NFKBIB'] 
2025-06-20 00:33:51,514 - Finished with child num after mutate ['IRF8', 'MYH9', 'UBE2I', 'CDK1', 'SAE1', 'SUMO1', 'PPP3R1', 'ATAD2B', 'CAT', 'UBA2', 'NFKBIA', 'EGR2', 'MALT1', 'CDH1', 'TNFRSF1A', 'POLR2I', 'NTRK1', 'PTEN', 'CD69', 'BLNK', 'RELB', 'BCL10', 'FN1', 'SKP1', 'IGF1R', 'PPARG', 'NFKBIB'] 
2025-06-20 00:33:51,515 - ------ ----- ----- Generation num ----- ----- ----- 75
2025-06-20 00:33:51,569 - Finished with child num after mutate ['IRF8', 'MYH9', 'UBE2I', 'CDK1', 'SAE1', 'SUMO1', 'PPP3R1', 'ATAD2B', 'PHLPP2', 'CAT', 'UBA2', 'NFKBIA', 'EGR2', 'MALT1', 'TNFRSF1A', 'POLR2I', 'NTRK1', 'PTEN', 'CD69', 'BLNK', 'RELB', 'BCL10', 'FN1', 'SKP1', 'IGF1R', 'PPARG', 'NFKBIB'] 
2025-06-20 00:33:51,625 - Finished with child num after mutate ['IRF8', 'MYH9', 'UBE2I', 'CDK1', 'SAE1', 'SUMO1', 'PPP3R1', 'ATAD2B', 'DUX4L4', 'CAT', 'UBA2', 'NFKBIA', 'EGR2', 'MALT1', 'TNFRSF1A', 'POLR2I', 'NTRK1', 'PTEN', 'CD69', 'BLNK', 'RELB', 'BCL10', 'FN1', 'SKP1', 'IGF1R', 'PPARG', 'NFKBIB'] 
2025-06-20 00:33:51,626 - ------ ----- ----- Generation num ----- ----- ----- 76
2025-06-20 00:33:51,680 - Finished with child num after mutate ['IRF8', 'MYH9', 'UBE2I', 'CDK1', 'SAE1', 'SUMO1', 'UBE2L3', 'PPP3R1', 'ATAD2B', 'CAT', 'UBA2', 'NFKBIA', 'EGR2', 'MALT1', 'TNFRSF1A', 'POLR2I', 'NTRK1', 'PTEN', 'CD69', 'BLNK', 'RELB', 'BCL10', 'FN1', 'SKP1', 'IGF1R', 'PPARG', 'NFKBIB'] 
2025-06-20 00:33:51,734 - Finished with child num after mutate ['IRF8', 'MYH9', 'UBE2I', 'CDK1', 'SAE1', 'SUMO1', 'PPP3R1', 'ATAD2B', 'CAT', 'UBA2', 'NFKBIA', 'EGR2', 'MALT1', 'FCGR2B', 'TNFRSF1A', 'POLR2I', 'NTRK1', 'PTEN', 'CD69', 'BLNK', 'RELB', 'BCL10', 'FN1', 'SKP1', 'IGF1R', 'PPARG', 'NFKBIB'] 
2025-06-20 00:33:51,735 - ------ ----- ----- Generation num ----- ----- ----- 77
2025-06-20 00:33:51,789 - Finished with child num after mutate ['IRF8', 'MYH9', 'UBE2I', 'CDK1', 'SAE1', 'SUMO1', 'PPP3R1', 'ATAD2B', 'CAT', 'UBA2', 'NFKBIA', 'EGR2', 'MALT1', 'CCL11', 'TNFRSF1A', 'POLR2I', 'NTRK1', 'PTEN', 'CD69', 'BLNK', 'RELB', 'BCL10', 'FN1', 'SKP1', 'IGF1R', 'PPARG', 'NFKBIB'] 
2025-06-20 00:33:51,844 - Finished with child num after mutate ['IRF8', 'MYH9', 'CXCR4', 'UBE2I', 'CDK1', 'SAE1', 'SUMO1', 'PPP3R1', 'ATAD2B', 'CAT', 'UBA2', 'NFKBIA', 'EGR2', 'MALT1', 'TNFRSF1A', 'POLR2I', 'NTRK1', 'PTEN', 'CD69', 'BLNK', 'RELB', 'BCL10', 'FN1', 'SKP1', 'IGF1R', 'PPARG', 'NFKBIB'] 
2025-06-20 00:33:51,844 - ------ ----- ----- Generation num ----- ----- ----- 78
2025-06-20 00:33:51,898 - Finished with child num after mutate ['IRF8', 'MYH9', 'UBE2I', 'CDK1', 'SAE1', 'SUMO1', 'UBE2L3', 'PPP3R1', 'ATAD2B', 'CAT', 'UBA2', 'NFKBIA', 'EGR2', 'MALT1', 'TNFRSF1A', 'POLR2I', 'NTRK1', 'PTEN', 'CD69', 'BLNK', 'RELB', 'BCL10', 'FN1', 'SKP1', 'EIF4EBP1', 'PPARG', 'NFKBIB'] 
2025-06-20 00:33:51,953 - Finished with child num after mutate ['IRF8', 'MYH9', 'UBE2I', 'CDK1', 'SAE1', 'SUMO1', 'UBE2L3', 'PPP3R1', 'ATAD2B', 'CAT', 'UBA2', 'NFKBIA', 'EGR2', 'MALT1', 'TNFRSF1A', 'POLR2I', 'NTRK1', 'PTEN', 'CD69', 'BLNK', 'RELB', 'BCL10', 'FN1', 'SKP1', 'RWDD3', 'PPARG', 'NFKBIB'] 
2025-06-20 00:33:51,954 - ------ ----- ----- Generation num ----- ----- ----- 79
2025-06-20 00:33:52,008 - Finished with child num after mutate ['IRF8', 'CXCR4', 'MYH9', 'UBE2I', 'CDK1', 'SAE1', 'SUMO1', 'PPP3R1', 'ATAD2B', 'CAT', 'UBA2', 'NFKBIA', 'EGR2', 'MALT1', 'TNFRSF1A', 'POLR2I', 'NTRK1', 'PTEN', 'CD69', 'BLNK', 'RELB', 'BCL10', 'FN1', 'SKP1', 'NKX2-5', 'PPARG', 'NFKBIB'] 
2025-06-20 00:33:52,062 - Finished with child num after mutate ['IRF8', 'MYH9', 'UBE2I', 'CDK1', 'SAE1', 'SUMO1', 'UBE2L3', 'PPP3R1', 'ATAD2B', 'CAT', 'UBA2', 'NFKBIA', 'EGR2', 'MALT1', 'TNFRSF1A', 'POLR2I', 'NTRK1', 'PTEN', 'CD69', 'BLNK', 'RELB', 'BCL10', 'FN1', 'SKP1', 'IKBKG', 'PPARG', 'NFKBIB'] 
2025-06-20 00:33:52,063 - ------ ----- ----- Generation num ----- ----- ----- 80
2025-06-20 00:33:52,118 - Finished with child num after mutate ['IRF8', 'MYH9', 'UBE2I', 'CDK1', 'SAE1', 'SUMO1', 'UBE2L3', 'PPP3R1', 'ATAD2B', 'CAT', 'UBA2', 'NFKBIA', 'EGR2', 'MALT1', 'TNFRSF1A', 'POLR2I', 'ZBTB8A', 'PTEN', 'CD69', 'BLNK', 'RELB', 'BCL10', 'FN1', 'SKP1', 'IKBKG', 'PPARG', 'NFKBIB'] 
2025-06-20 00:33:52,172 - Finished with child num after mutate ['IRF8', 'MYH9', 'UBE2I', 'CDK1', 'SAE1', 'SUMO1', 'UBE2L3', 'PPP3R1', 'ATAD2B', 'CAT', 'UBA2', 'NFKBIA', 'EGR2', 'MALT1', 'TNFRSF1A', 'POLR2I', 'ETV6', 'PTEN', 'CD69', 'BLNK', 'RELB', 'BCL10', 'FN1', 'SKP1', 'IKBKG', 'PPARG', 'NFKBIB'] 
2025-06-20 00:33:52,173 - ------ ----- ----- Generation num ----- ----- ----- 81
2025-06-20 00:33:52,232 - Finished with child num after mutate ['IRF8', 'MYH9', 'UBE2I', 'CDK1', 'SAE1', 'SUMO1', 'UBE2L3', 'PPP3R1', 'ATAD2B', 'CAT', 'UBA2', 'NFKBIA', 'EGR2', 'MALT1', 'TNFRSF1A', 'POLR2I', 'NTRK1', 'PTEN', 'CD69', 'BLNK', 'RELB', 'BCL10', 'FN1', 'SKP1', 'SYNE2', 'PPARG', 'NFKBIB'] 
2025-06-20 00:33:52,286 - Finished with child num after mutate ['IRF8', 'MYH9', 'UBE2I', 'CDK1', 'SAE1', 'SUMO1', 'UBE2L3', 'PPP3R1', 'ATAD2B', 'CAT', 'UBA2', 'NFKBIA', 'EGR2', 'MALT1', 'TNFRSF1A', 'POLR2I', 'PMF1', 'PTEN', 'CD69', 'BLNK', 'RELB', 'BCL10', 'FN1', 'SKP1', 'IKBKG', 'PPARG', 'NFKBIB'] 
2025-06-20 00:33:52,287 - ------ ----- ----- Generation num ----- ----- ----- 82
2025-06-20 00:33:52,343 - Finished with child num after mutate ['IRF8', 'MYH9', 'UBE2I', 'CDK1', 'SAE1', 'SUMO1', 'UBE2L3', 'PPP3R1', 'ATAD2B', 'CAT', 'UBA2', 'NFKBIA', 'EGR2', 'MALT1', 'TNFRSF1A', 'POLR2I', 'PLK2', 'PTEN', 'CD69', 'BLNK', 'RELB', 'BCL10', 'FN1', 'SKP1', 'IKBKG', 'PPARG', 'NFKBIB'] 
2025-06-20 00:33:52,398 - Finished with child num after mutate ['IRF8', 'MYH9', 'UBE2I', 'CDK1', 'SAE1', 'SUMO1', 'PPP3R1', 'ATAD2B', 'CAT', 'UBA2', 'NFKBIA', 'EGR2', 'MALT1', 'MITF', 'TNFRSF1A', 'POLR2I', 'NTRK1', 'PTEN', 'CD69', 'BLNK', 'RELB', 'BCL10', 'FN1', 'SKP1', 'IGF1R', 'PPARG', 'NFKBIB'] 
2025-06-20 00:33:52,399 - ------ ----- ----- Generation num ----- ----- ----- 83
2025-06-20 00:33:52,454 - Finished with child num after mutate ['IRF8', 'MYH9', 'UBE2I', 'CDK1', 'SAE1', 'SUMO1', 'PPP3R1', 'ATAD2B', 'CAT', 'UBA2', 'NFKBIA', 'EGR2', 'MALT1', 'RIT2', 'TNFRSF1A', 'POLR2I', 'NTRK1', 'PTEN', 'CD69', 'BLNK', 'RELB', 'BCL10', 'FN1', 'SKP1', 'IGF1R', 'PPARG', 'NFKBIB'] 
2025-06-20 00:33:52,510 - Finished with child num after mutate ['IRF8', 'MYH9', 'UBE2I', 'CDK1', 'SAE1', 'SUMO1', 'UBE2L3', 'PPP3R1', 'ATAD2B', 'CAT', 'UBA2', 'NFKBIA', 'EGR2', 'MALT1', 'TNFRSF1A', 'POLR2I', 'NTRK1', 'PTEN', 'CD69', 'BLNK', 'RELB', 'BCL10', 'FN1', 'SKP1', 'MMP2', 'PPARG', 'NFKBIB'] 
2025-06-20 00:33:52,510 - ------ ----- ----- Generation num ----- ----- ----- 84
2025-06-20 00:33:52,568 - Finished with child num after mutate ['IRF8', 'MYH9', 'UBE2I', 'CDK1', 'SAE1', 'SUMO1', 'UBE2L3', 'PPP3R1', 'ATAD2B', 'MMP2', 'CAT', 'UBA2', 'NFKBIA', 'EGR2', 'MALT1', 'TNFRSF1A', 'BAD', 'NTRK1', 'PTEN', 'CD69', 'BLNK', 'RELB', 'BCL10', 'FN1', 'SKP1', 'PPARG', 'NFKBIB'] 
2025-06-20 00:33:52,625 - Finished with child num after mutate ['IRF8', 'MYH9', 'UBE2I', 'CDK1', 'SAE1', 'SUMO1', 'UBE2L3', 'PPP3R1', 'ATAD2B', 'CAT', 'UBA2', 'NFKBIA', 'EGR2', 'MALT1', 'TSSK6', 'TNFRSF1A', 'POLR2I', 'PTEN', 'CD69', 'BLNK', 'RELB', 'BCL10', 'FN1', 'SKP1', 'IKBKG', 'PPARG', 'NFKBIB'] 
2025-06-20 00:33:52,626 - ------ ----- ----- Generation num ----- ----- ----- 85
2025-06-20 00:33:52,685 - Finished with child num after mutate ['IRF8', 'MYH9', 'UBE2I', 'CDK1', 'SAE1', 'SUMO1', 'UBE2L3', 'PPP3R1', 'ATAD2B', 'MMP2', 'CAT', 'UBA2', 'NFKBIA', 'EGR2', 'MALT1', 'TNFRSF1A', 'NTRK1', 'PTEN', 'CD69', 'BLNK', 'RELB', 'BCL10', 'FN1', 'SKP1', 'TUBA3C', 'PPARG', 'NFKBIB'] 
2025-06-20 00:33:52,740 - Finished with child num after mutate ['IRF8', 'MYH9', 'UBE2I', 'CDK1', 'SAE1', 'SUMO1', 'UBE2L3', 'PPP3R1', 'ATAD2B', 'MMP2', 'CAT', 'UBA2', 'NFKBIA', 'EGR2', 'MALT1', 'TNFRSF1A', 'NTRK1', 'PTEN', 'CD69', 'BLNK', 'RELB', 'BCL10', 'FN1', 'SKP1', 'CAPN6', 'PPARG', 'NFKBIB'] 
2025-06-20 00:33:52,740 - ------ ----- ----- Generation num ----- ----- ----- 86
2025-06-20 00:33:52,798 - Finished with child num after mutate ['IRF8', 'MYH9', 'UBE2I', 'CDK1', 'SAE1', 'SUMO1', 'UBE2L3', 'PPP3R1', 'ATAD2B', 'MMP2', 'CAT', 'UBA2', 'NFKBIA', 'EGR2', 'MALT1', 'TNFRSF1A', 'RARG', 'NTRK1', 'PTEN', 'CD69', 'BLNK', 'RELB', 'BCL10', 'FN1', 'SKP1', 'PPARG', 'NFKBIB'] 
2025-06-20 00:33:52,885 - Finished with child num after mutate ['IRF8', 'MYH9', 'UBE2I', 'CDK1', 'SAE1', 'SUMO1', 'UBE2L3', 'PPP3R1', 'ATAD2B', 'MMP2', 'CAT', 'UBA2', 'NFKBIA', 'EGR2', 'MALT1', 'TNFRSF1A', 'NTRK1', 'PTEN', 'CD69', 'BLNK', 'RELB', 'BCL10', 'FN1', 'SKP1', 'VCAM1', 'PPARG', 'NFKBIB'] 
2025-06-20 00:33:52,886 - ------ ----- ----- Generation num ----- ----- ----- 87
2025-06-20 00:33:52,957 - Finished with child num after mutate ['IRF8', 'MYH9', 'UBE2I', 'CDK1', 'SAE1', 'SUMO1', 'UBE2L3', 'PPP3R1', 'ATAD2B', 'MMP2', 'CAT', 'UBA2', 'NFKBIA', 'EGR2', 'MALT1', 'TNFRSF1A', 'NTRK1', 'PTEN', 'CD69', 'BLNK', 'RELB', 'BCL10', 'FN1', 'SKP1', 'ARL3', 'PPARG', 'NFKBIB'] 
2025-06-20 00:33:53,012 - Finished with child num after mutate ['IRF8', 'CXCR4', 'MYH9', 'UBE2I', 'CDK1', 'SAE1', 'SUMO1', 'PPP3R1', 'ATAD2B', 'CAT', 'UBA2', 'NFKBIA', 'EGR2', 'MALT1', 'TNFRSF1A', 'POLR2I', 'NTRK1', 'PTEN', 'CD69', 'BLNK', 'RELB', 'BCL10', 'FN1', 'SKP1', 'IFI44', 'PPARG', 'NFKBIB'] 
2025-06-20 00:33:53,012 - ------ ----- ----- Generation num ----- ----- ----- 88
2025-06-20 00:33:53,067 - Finished with child num after mutate ['IRF8', 'MYH9', 'UBE2I', 'CDK1', 'SAE1', 'SUMO1', 'UBE2L3', 'PPP3R1', 'ATAD2B', 'MMP2', 'CAT', 'UBA2', 'NFKBIA', 'EGR2', 'TNFRSF1A', 'NTRK1', 'PTEN', 'CD69', 'BLNK', 'RELB', 'BCL10', 'FN1', 'SKP1', 'HPGDS', 'PPARG', 'NFKBIB'] 
2025-06-20 00:33:53,129 - Finished with child num after mutate ['IRF8', 'MYH9', 'UBE2I', 'CDK1', 'SAE1', 'SUMO1', 'UBE2L3', 'PPP3R1', 'ATAD2B', 'MMP2', 'CAT', 'UBA2', 'NFKBIA', 'EGR2', 'LBP', 'POLR2I', 'NTRK1', 'PTEN', 'CD69', 'BLNK', 'RELB', 'BCL10', 'FN1', 'SKP1', 'PPARG', 'NFKBIB'] 
2025-06-20 00:33:53,131 - ------ ----- ----- Generation num ----- ----- ----- 89
2025-06-20 00:33:53,204 - Finished with child num after mutate ['IRF8', 'MYH9', 'UBE2I', 'CDK1', 'SAE1', 'SUMO1', 'NOTCH1', 'PPP3R1', 'ATAD2B', 'MMP2', 'CAT', 'UBA2', 'NFKBIA', 'EGR2', 'MALT1', 'TNFRSF1A', 'POLR2I', 'NTRK1', 'PTEN', 'CD69', 'HPGDS', 'BLNK', 'RELB', 'BCL10', 'FN1', 'PPARG', 'NFKBIB'] 
2025-06-20 00:33:53,361 - Finished with child num after mutate ['IRF8', 'MYH9', 'UBE2I', 'CDK1', 'TLR5', 'SUMO1', 'UBE2L3', 'PPP3R1', 'ATAD2B', 'MMP2', 'CAT', 'UBA2', 'NFKBIA', 'EGR2', 'TNFRSF1A', 'NTRK1', 'PTEN', 'CD69', 'BLNK', 'RELB', 'BCL10', 'FN1', 'SKP1', 'PPARG', 'NFKBIB'] 
2025-06-20 00:33:53,363 - ------ ----- ----- Generation num ----- ----- ----- 90
2025-06-20 00:33:53,451 - Finished with child num after mutate ['IRF8', 'MYH9', 'UBE2I', 'CDK1', 'SAE1', 'SUMO1', 'UBE2L3', 'PPP3R1', 'ATAD2B', 'MMP2', 'CAT', 'UBA2', 'NFKBIA', 'EGR2', 'MALT1', 'TNFRSF1A', 'NTRK1', 'PTEN', 'CD69', 'HDAC6', 'BLNK', 'RELB', 'BCL10', 'FN1', 'SKP1', 'PPARG', 'NFKBIB'] 
2025-06-20 00:33:53,508 - Finished with child num after mutate ['IRF8', 'MYH9', 'UBE2I', 'CDK1', 'DLGAP2', 'SUMO1', 'UBE2L3', 'PPP3R1', 'ATAD2B', 'MMP2', 'CAT', 'UBA2', 'NFKBIA', 'EGR2', 'TNFRSF1A', 'NTRK1', 'PTEN', 'CD69', 'HPGDS', 'BLNK', 'RELB', 'BCL10', 'FN1', 'SKP1', 'PPARG', 'NFKBIB'] 
2025-06-20 00:33:53,509 - ------ ----- ----- Generation num ----- ----- ----- 91
2025-06-20 00:33:53,592 - Finished with child num after mutate ['IRF8', 'MYH9', 'UBE2I', 'CDK1', 'DDB1', 'SUMO1', 'UBE2L3', 'PPP3R1', 'ATAD2B', 'MMP2', 'CAT', 'UBA2', 'NFKBIA', 'EGR2', 'TNFRSF1A', 'NTRK1', 'PTEN', 'CD69', 'HPGDS', 'BLNK', 'RELB', 'BCL10', 'FN1', 'SKP1', 'PPARG', 'NFKBIB'] 
2025-06-20 00:33:53,677 - Finished with child num after mutate ['IRF8', 'MYH9', 'UBE2I', 'CDK1', 'SAE1', 'SUMO1', 'UBE2L3', 'PPP3R1', 'ATAD2B', 'MMP2', 'CAT', 'UBA2', 'NFKBIA', 'EGR2', 'MALT1', 'TNFRSF1A', 'CASP4', 'NTRK1', 'PTEN', 'CD69', 'BLNK', 'RELB', 'BCL10', 'FN1', 'SKP1', 'PPARG', 'NFKBIB'] 
2025-06-20 00:33:53,678 - ------ ----- ----- Generation num ----- ----- ----- 92
2025-06-20 00:33:53,735 - Finished with child num after mutate ['IRF8', 'MYH9', 'UBE2I', 'CDK1', 'EFNB1', 'SUMO1', 'UBE2L3', 'PPP3R1', 'ATAD2B', 'MMP2', 'CAT', 'UBA2', 'NFKBIA', 'EGR2', 'TNFRSF1A', 'NTRK1', 'PTEN', 'CD69', 'HPGDS', 'BLNK', 'RELB', 'BCL10', 'FN1', 'SKP1', 'PPARG', 'NFKBIB'] 
2025-06-20 00:33:53,791 - Finished with child num after mutate ['IRF8', 'MYH9', 'UBE2I', 'CDK1', 'SAE1', 'SUMO1', 'UBE2L3', 'PPP3R1', 'ATAD2B', 'LY96', 'MMP2', 'CAT', 'UBA2', 'NFKBIA', 'EGR2', 'MALT1', 'TNFRSF1A', 'NTRK1', 'PTEN', 'CD69', 'BLNK', 'RELB', 'BCL10', 'FN1', 'SKP1', 'PPARG', 'NFKBIB'] 
2025-06-20 00:33:53,792 - ------ ----- ----- Generation num ----- ----- ----- 93
2025-06-20 00:33:53,846 - Finished with child num after mutate ['IRF8', 'MYH9', 'UBE2I', 'CDK1', 'PI4KA', 'SUMO1', 'UBE2L3', 'PPP3R1', 'ATAD2B', 'MMP2', 'CAT', 'UBA2', 'NFKBIA', 'EGR2', 'TNFRSF1A', 'NTRK1', 'PTEN', 'CD69', 'HPGDS', 'BLNK', 'RELB', 'BCL10', 'FN1', 'SKP1', 'PPARG', 'NFKBIB'] 
2025-06-20 00:33:53,902 - Finished with child num after mutate ['IRF8', 'MYH9', 'UBE2I', 'CDK1', 'SUMO1', 'UBE2L3', 'PPP3R1', 'ATAD2B', 'MMP2', 'IRF3', 'CAT', 'UBA2', 'NFKBIA', 'EGR2', 'TNFRSF1A', 'NTRK1', 'PTEN', 'CD69', 'HPGDS', 'BLNK', 'RELB', 'BCL10', 'FN1', 'SKP1', 'PPARG', 'NFKBIB'] 
2025-06-20 00:33:53,902 - ------ ----- ----- Generation num ----- ----- ----- 94
2025-06-20 00:33:53,957 - Finished with child num after mutate ['IRF8', 'MYH9', 'UBE2I', 'CDK1', 'SUMO1', 'GEM', 'PPP3R1', 'ATAD2B', 'IRF3', 'MMP2', 'CAT', 'UBA2', 'NFKBIA', 'EGR2', 'TNFRSF1A', 'NTRK1', 'PTEN', 'CD69', 'HPGDS', 'BLNK', 'RELB', 'BCL10', 'FN1', 'SKP1', 'PPARG', 'NFKBIB'] 
2025-06-20 00:33:54,110 - Finished with child num after mutate ['IRF8', 'MYH9', 'UBE2I', 'CDK1', 'SAE1', 'SUMO1', 'UBE2L3', 'PPP3R1', 'ATAD2B', 'MMP2', 'CAT', 'UBA2', 'SHARPIN', 'NFKBIA', 'EGR2', 'MALT1', 'TNFRSF1A', 'NTRK1', 'PTEN', 'CD69', 'BLNK', 'RELB', 'BCL10', 'FN1', 'SKP1', 'PPARG', 'NFKBIB'] 
2025-06-20 00:33:54,112 - ------ ----- ----- Generation num ----- ----- ----- 95
2025-06-20 00:33:54,265 - Finished with child num after mutate ['IRF8', 'MYH9', 'UBE2I', 'CDK1', 'SUMO1', 'UBE2L3', 'PPP3R1', 'ATAD2B', 'MMP2', 'CAT', 'UBA2', 'NFKBIA', 'EGR2', 'TNFRSF1A', 'NTRK1', 'PTEN', 'PRKAA2', 'CD69', 'HPGDS', 'BLNK', 'RELB', 'FN1', 'SKP1', 'PPARG', 'NFKBIB'] 
2025-06-20 00:33:54,377 - Finished with child num after mutate ['IRF8', 'CASP2', 'UBE2I', 'TLR5', 'CDK1', 'SUMO1', 'UBE2L3', 'PPP3R1', 'ATAD2B', 'MMP2', 'CAT', 'UBA2', 'NFKBIA', 'EGR2', 'TNFRSF1A', 'NTRK1', 'PTEN', 'CD69', 'BLNK', 'RELB', 'BCL10', 'SKP1', 'PPARG', 'NFKBIB'] 
2025-06-20 00:33:54,378 - ------ ----- ----- Generation num ----- ----- ----- 96
2025-06-20 00:33:54,461 - Finished with child num after mutate ['IRF8', 'MYH9', 'UBE2I', 'TLR5', 'CDK1', 'SUMO1', 'NRL', 'PPP3R1', 'ATAD2B', 'MMP2', 'CAT', 'UBA2', 'NFKBIA', 'EGR2', 'TNFRSF1A', 'NTRK1', 'PTEN', 'CD69', 'BLNK', 'RELB', 'BCL10', 'FN1', 'SKP1', 'PPARG', 'NFKBIB'] 
2025-06-20 00:33:54,541 - Finished with child num after mutate ['IRF8', 'UBE2I', 'TLR5', 'CDK1', 'SUMO1', 'UBE2L3', 'NR4A2', 'PPP3R1', 'ATAD2B', 'MMP2', 'CAT', 'UBA2', 'NFKBIA', 'EGR2', 'TNFRSF1A', 'NTRK1', 'PTEN', 'CD69', 'BLNK', 'RELB', 'BCL10', 'SKP1', 'PPARG', 'NFKBIB'] 
2025-06-20 00:33:54,541 - ------ ----- ----- Generation num ----- ----- ----- 97
2025-06-20 00:33:54,596 - Finished with child num after mutate ['IRF8', 'UBE2I', 'TLR5', 'CDK1', 'SUMO1', 'UBE2L3', 'SCRN2', 'PPP3R1', 'ATAD2B', 'MMP2', 'CAT', 'UBA2', 'NFKBIA', 'EGR2', 'TNFRSF1A', 'NTRK1', 'PTEN', 'CD69', 'BLNK', 'RELB', 'BCL10', 'SKP1', 'PPARG', 'NFKBIB'] 
2025-06-20 00:33:54,667 - Finished with child num after mutate ['IRF8', 'MYH9', 'UBE2I', 'CDK1', 'SUMO1', 'UBE2L3', 'PPP3R1', 'ATAD2B', 'ZFAND3', 'MMP2', 'CAT', 'UBA2', 'NFKBIA', 'EGR2', 'TNFRSF1A', 'NTRK1', 'PTEN', 'CD69', 'HPGDS', 'BLNK', 'RELB', 'FN1', 'SKP1', 'PPARG', 'NFKBIB'] 
2025-06-20 00:33:54,668 - ------ ----- ----- Generation num ----- ----- ----- 98
2025-06-20 00:33:54,777 - Finished with child num after mutate ['IRF8', 'UBE2I', 'TLR5', 'CDK1', 'SUMO1', 'UBE2L3', 'TESK2', 'PPP3R1', 'ATAD2B', 'MMP2', 'CAT', 'UBA2', 'NFKBIA', 'EGR2', 'TNFRSF1A', 'NTRK1', 'PTEN', 'CD69', 'BLNK', 'RELB', 'BCL10', 'SKP1', 'PPARG', 'NFKBIB'] 
2025-06-20 00:33:54,849 - Finished with child num after mutate ['IRF8', 'MYH9', 'UBE2I', 'TLR5', 'CDK1', 'SUMO1', 'TRIM27', 'PPP3R1', 'ATAD2B', 'MMP2', 'CAT', 'UBA2', 'NFKBIA', 'EGR2', 'TNFRSF1A', 'NTRK1', 'PTEN', 'CD69', 'BLNK', 'RELB', 'BCL10', 'FN1', 'SKP1', 'PPARG', 'NFKBIB'] 
2025-06-20 00:33:54,849 - ------ ----- ----- Generation num ----- ----- ----- 99
2025-06-20 00:33:54,905 - Finished with child num after mutate ['IRF8', 'MYH9', 'UBE2I', 'CDK1', 'SUMO1', 'NR3C1', 'PPP3R1', 'ATAD2B', 'IRF3', 'MMP2', 'CAT', 'UBA2', 'NFKBIA', 'EGR2', 'TNFRSF1A', 'NTRK1', 'PTEN', 'CD69', 'HPGDS', 'BLNK', 'RELB', 'BCL10', 'FN1', 'SKP1', 'PPARG', 'NFKBIB'] 
2025-06-20 00:33:54,980 - Finished with child num after mutate ['IRF8', 'MYH9', 'UBE2I', 'TLR5', 'CDK1', 'SUMO1', 'NRK', 'PPP3R1', 'ATAD2B', 'MMP2', 'CAT', 'UBA2', 'NFKBIA', 'EGR2', 'TNFRSF1A', 'NTRK1', 'PTEN', 'CD69', 'BLNK', 'RELB', 'BCL10', 'FN1', 'SKP1', 'PPARG', 'NFKBIB'] 
2025-06-20 00:33:54,981 - ------ ----- ----- Generation num ----- ----- ----- 100
2025-06-20 00:33:54,981 - Run 17 COMPLETED - Fitness: 0.194597 - Size: 26 - Duration: 0:00:14.671761
