2025-06-10 18:53:02,637 - EnhancedGA - === ENHANCED FITNESS THREAD STARTED ===
2025-06-10 18:53:02,638 - EnhancedGA - Algorithm started at 2025-06-10 18:53:02.638733
2025-06-10 18:53:07,335 - EnhancedGA - Gene dictionary created with 891557 entries
2025-06-10 18:53:07,352 - EnhancedGA - Starting evolution...
2025-06-10 18:53:07,352 - EnhancedGA - Using shared initial population: ['NT5C2', 'ANAPC4', 'CNOT8', 'CD79B', 'CARD11', 'IL3RA', 'PDE9A', 'RIPK1', 'RELA', 'CNOT1', 'CDC20', 'MYD88', 'CANT1', 'CHP', 'AMPD1', 'FASLG', 'SPDYA', 'CAMK2G', 'PRUNE', 'GUCY1B3', 'IFITM1', 'POLR3F', 'CNOT6', 'PIK3R2', 'LILRB3', 'NAA38', 'PDE10A', 'GUCY2C', 'PPP1CB', 'MAD2L2', 'CD22', 'RPS6KA3', 'YWHAH', 'DCP1B', 'IKBKB', 'PPP3R2', 'PATL1']
2025-06-10 18:53:07,352 - EnhancedGA - Using shared initial population: ['NT5C2', 'ANAPC4', 'CNOT8', 'CD79B', 'CARD11', 'IL3RA', 'PDE9A', 'RIPK1', 'RELA', 'CNOT1', 'CDC20', 'MYD88', 'CANT1', 'CHP', 'AMPD1', 'FASLG', 'SPDYA', 'CAMK2G', 'PRUNE', 'GUCY1B3', 'IFITM1', 'POLR3F', 'CNOT6', 'PIK3R2', 'LILRB3', 'NAA38', 'PDE10A', 'GUCY2C', 'PPP1CB', 'MAD2L2', 'CD22', 'RPS6KA3', 'YWHAH', 'DCP1B', 'IKBKB', 'PPP3R2', 'PATL1']
2025-06-10 18:53:07,352 - EnhancedGA - Using shared initial population: ['NT5C2', 'ANAPC4', 'CNOT8', 'CD79B', 'CARD11', 'IL3RA', 'PDE9A', 'RIPK1', 'RELA', 'CNOT1', 'CDC20', 'MYD88', 'CANT1', 'CHP', 'AMPD1', 'FASLG', 'SPDYA', 'CAMK2G', 'PRUNE', 'GUCY1B3', 'IFITM1', 'POLR3F', 'CNOT6', 'PIK3R2', 'LILRB3', 'NAA38', 'PDE10A', 'GUCY2C', 'PPP1CB', 'MAD2L2', 'CD22', 'RPS6KA3', 'YWHAH', 'DCP1B', 'IKBKB', 'PPP3R2', 'PATL1']
2025-06-10 18:53:07,352 - EnhancedGA - Using shared initial population: ['NT5C2', 'ANAPC4', 'CNOT8', 'CD79B', 'CARD11', 'IL3RA', 'PDE9A', 'RIPK1', 'RELA', 'CNOT1', 'CDC20', 'MYD88', 'CANT1', 'CHP', 'AMPD1', 'FASLG', 'SPDYA', 'CAMK2G', 'PRUNE', 'GUCY1B3', 'IFITM1', 'POLR3F', 'CNOT6', 'PIK3R2', 'LILRB3', 'NAA38', 'PDE10A', 'GUCY2C', 'PPP1CB', 'MAD2L2', 'CD22', 'RPS6KA3', 'YWHAH', 'DCP1B', 'IKBKB', 'PPP3R2', 'PATL1']
2025-06-10 18:53:07,353 - EnhancedGA - Using shared initial population: ['NT5C2', 'ANAPC4', 'CNOT8', 'CD79B', 'CARD11', 'IL3RA', 'PDE9A', 'RIPK1', 'RELA', 'CNOT1', 'CDC20', 'MYD88', 'CANT1', 'CHP', 'AMPD1', 'FASLG', 'SPDYA', 'CAMK2G', 'PRUNE', 'GUCY1B3', 'IFITM1', 'POLR3F', 'CNOT6', 'PIK3R2', 'LILRB3', 'NAA38', 'PDE10A', 'GUCY2C', 'PPP1CB', 'MAD2L2', 'CD22', 'RPS6KA3', 'YWHAH', 'DCP1B', 'IKBKB', 'PPP3R2', 'PATL1']
2025-06-10 18:53:07,353 - EnhancedGA - Using shared initial population: ['NT5C2', 'ANAPC4', 'CNOT8', 'CD79B', 'CARD11', 'IL3RA', 'PDE9A', 'RIPK1', 'RELA', 'CNOT1', 'CDC20', 'MYD88', 'CANT1', 'CHP', 'AMPD1', 'FASLG', 'SPDYA', 'CAMK2G', 'PRUNE', 'GUCY1B3', 'IFITM1', 'POLR3F', 'CNOT6', 'PIK3R2', 'LILRB3', 'NAA38', 'PDE10A', 'GUCY2C', 'PPP1CB', 'MAD2L2', 'CD22', 'RPS6KA3', 'YWHAH', 'DCP1B', 'IKBKB', 'PPP3R2', 'PATL1']
2025-06-10 18:53:07,353 - EnhancedGA - Using shared initial population: ['NT5C2', 'ANAPC4', 'CNOT8', 'CD79B', 'CARD11', 'IL3RA', 'PDE9A', 'RIPK1', 'RELA', 'CNOT1', 'CDC20', 'MYD88', 'CANT1', 'CHP', 'AMPD1', 'FASLG', 'SPDYA', 'CAMK2G', 'PRUNE', 'GUCY1B3', 'IFITM1', 'POLR3F', 'CNOT6', 'PIK3R2', 'LILRB3', 'NAA38', 'PDE10A', 'GUCY2C', 'PPP1CB', 'MAD2L2', 'CD22', 'RPS6KA3', 'YWHAH', 'DCP1B', 'IKBKB', 'PPP3R2', 'PATL1']
2025-06-10 18:53:07,353 - EnhancedGA - Using shared initial population: ['NT5C2', 'ANAPC4', 'CNOT8', 'CD79B', 'CARD11', 'IL3RA', 'PDE9A', 'RIPK1', 'RELA', 'CNOT1', 'CDC20', 'MYD88', 'CANT1', 'CHP', 'AMPD1', 'FASLG', 'SPDYA', 'CAMK2G', 'PRUNE', 'GUCY1B3', 'IFITM1', 'POLR3F', 'CNOT6', 'PIK3R2', 'LILRB3', 'NAA38', 'PDE10A', 'GUCY2C', 'PPP1CB', 'MAD2L2', 'CD22', 'RPS6KA3', 'YWHAH', 'DCP1B', 'IKBKB', 'PPP3R2', 'PATL1']
2025-06-10 18:53:07,353 - EnhancedGA - Using shared initial population: ['NT5C2', 'ANAPC4', 'CNOT8', 'CD79B', 'CARD11', 'IL3RA', 'PDE9A', 'RIPK1', 'RELA', 'CNOT1', 'CDC20', 'MYD88', 'CANT1', 'CHP', 'AMPD1', 'FASLG', 'SPDYA', 'CAMK2G', 'PRUNE', 'GUCY1B3', 'IFITM1', 'POLR3F', 'CNOT6', 'PIK3R2', 'LILRB3', 'NAA38', 'PDE10A', 'GUCY2C', 'PPP1CB', 'MAD2L2', 'CD22', 'RPS6KA3', 'YWHAH', 'DCP1B', 'IKBKB', 'PPP3R2', 'PATL1']
2025-06-10 18:53:07,353 - EnhancedGA - Using shared initial population: ['NT5C2', 'ANAPC4', 'CNOT8', 'CD79B', 'CARD11', 'IL3RA', 'PDE9A', 'RIPK1', 'RELA', 'CNOT1', 'CDC20', 'MYD88', 'CANT1', 'CHP', 'AMPD1', 'FASLG', 'SPDYA', 'CAMK2G', 'PRUNE', 'GUCY1B3', 'IFITM1', 'POLR3F', 'CNOT6', 'PIK3R2', 'LILRB3', 'NAA38', 'PDE10A', 'GUCY2C', 'PPP1CB', 'MAD2L2', 'CD22', 'RPS6KA3', 'YWHAH', 'DCP1B', 'IKBKB', 'PPP3R2', 'PATL1']
2025-06-10 18:53:07,353 - EnhancedGA - === FITNESS EVALUATION ===
2025-06-10 18:54:19,298 - EnhancedGA - Location pairs: 292/351, Avg location: 0.725
2025-06-10 18:54:19,298 - EnhancedGA - Individual 1: Interaction=0.006, Similarity=0.008, Location=0.725, Fitness=0.151
2025-06-10 18:54:59,144 - EnhancedGA - Location pairs: 292/351, Avg location: 0.725
2025-06-10 18:54:59,144 - EnhancedGA - Individual 2: Interaction=0.006, Similarity=0.008, Location=0.725, Fitness=0.151
2025-06-10 18:55:24,009 - EnhancedGA - Location pairs: 292/351, Avg location: 0.725
2025-06-10 18:55:24,009 - EnhancedGA - Individual 3: Interaction=0.006, Similarity=0.008, Location=0.725, Fitness=0.151
2025-06-10 18:55:55,218 - EnhancedGA - Location pairs: 292/351, Avg location: 0.725
2025-06-10 18:55:55,218 - EnhancedGA - Individual 4: Interaction=0.006, Similarity=0.008, Location=0.725, Fitness=0.151
2025-06-10 18:56:25,330 - EnhancedGA - Location pairs: 292/351, Avg location: 0.725
2025-06-10 18:56:25,330 - EnhancedGA - Individual 5: Interaction=0.006, Similarity=0.008, Location=0.725, Fitness=0.151
2025-06-10 18:56:50,535 - EnhancedGA - Location pairs: 292/351, Avg location: 0.725
2025-06-10 18:56:50,535 - EnhancedGA - Individual 6: Interaction=0.006, Similarity=0.008, Location=0.725, Fitness=0.151
2025-06-10 18:57:13,932 - EnhancedGA - Location pairs: 292/351, Avg location: 0.725
2025-06-10 18:57:13,933 - EnhancedGA - Individual 7: Interaction=0.006, Similarity=0.008, Location=0.725, Fitness=0.151
2025-06-10 18:57:31,616 - EnhancedGA - Location pairs: 292/351, Avg location: 0.725
2025-06-10 18:57:31,616 - EnhancedGA - Individual 8: Interaction=0.006, Similarity=0.008, Location=0.725, Fitness=0.151
2025-06-10 18:57:53,392 - EnhancedGA - Location pairs: 292/351, Avg location: 0.725
2025-06-10 18:57:53,392 - EnhancedGA - Individual 9: Interaction=0.006, Similarity=0.008, Location=0.725, Fitness=0.151
2025-06-10 18:58:12,281 - EnhancedGA - Location pairs: 292/351, Avg location: 0.725
2025-06-10 18:58:12,281 - EnhancedGA - Individual 10: Interaction=0.006, Similarity=0.008, Location=0.725, Fitness=0.151
2025-06-10 18:58:12,281 - EnhancedGA - Fitness list: [0.15073692366826602, 0.15073692366826602, 0.15073692366826602, 0.15073692366826602, 0.15073692366826602, 0.15073692366826602, 0.15073692366826602, 0.15073692366826602, 0.15073692366826602, 0.15073692366826602]
2025-06-10 18:58:12,281 - EnhancedGA - === GENERATION 0 ===
2025-06-10 18:58:12,282 - EnhancedGA - Population size: 10
2025-06-10 18:58:12,282 - EnhancedGA - Individual 1: ['NT5C2', 'ANAPC4', 'CNOT8', 'CD79B', 'CARD11', 'IL3RA', 'PDE9A', 'RIPK1', 'RELA', 'CNOT1', 'CDC20', 'MYD88', 'CANT1', 'CHP', 'AMPD1', 'FASLG', 'SPDYA', 'CAMK2G', 'PRUNE', 'GUCY1B3', 'IFITM1', 'POLR3F', 'CNOT6', 'PIK3R2', 'LILRB3', 'NAA38', 'PDE10A', 'GUCY2C', 'PPP1CB', 'MAD2L2', 'CD22', 'RPS6KA3', 'YWHAH', 'DCP1B', 'IKBKB', 'PPP3R2', 'PATL1'] : 0.15073692366826602
2025-06-10 18:58:12,282 - EnhancedGA - Individual 2: ['NT5C2', 'ANAPC4', 'CNOT8', 'CD79B', 'CARD11', 'IL3RA', 'PDE9A', 'RIPK1', 'RELA', 'CNOT1', 'CDC20', 'MYD88', 'CANT1', 'CHP', 'AMPD1', 'FASLG', 'SPDYA', 'CAMK2G', 'PRUNE', 'GUCY1B3', 'IFITM1', 'POLR3F', 'CNOT6', 'PIK3R2', 'LILRB3', 'NAA38', 'PDE10A', 'GUCY2C', 'PPP1CB', 'MAD2L2', 'CD22', 'RPS6KA3', 'YWHAH', 'DCP1B', 'IKBKB', 'PPP3R2', 'PATL1'] : 0.15073692366826602
2025-06-10 18:58:12,282 - EnhancedGA - Individual 3: ['NT5C2', 'ANAPC4', 'CNOT8', 'CD79B', 'CARD11', 'IL3RA', 'PDE9A', 'RIPK1', 'RELA', 'CNOT1', 'CDC20', 'MYD88', 'CANT1', 'CHP', 'AMPD1', 'FASLG', 'SPDYA', 'CAMK2G', 'PRUNE', 'GUCY1B3', 'IFITM1', 'POLR3F', 'CNOT6', 'PIK3R2', 'LILRB3', 'NAA38', 'PDE10A', 'GUCY2C', 'PPP1CB', 'MAD2L2', 'CD22', 'RPS6KA3', 'YWHAH', 'DCP1B', 'IKBKB', 'PPP3R2', 'PATL1'] : 0.15073692366826602
2025-06-10 18:58:12,282 - EnhancedGA - Individual 4: ['NT5C2', 'ANAPC4', 'CNOT8', 'CD79B', 'CARD11', 'IL3RA', 'PDE9A', 'RIPK1', 'RELA', 'CNOT1', 'CDC20', 'MYD88', 'CANT1', 'CHP', 'AMPD1', 'FASLG', 'SPDYA', 'CAMK2G', 'PRUNE', 'GUCY1B3', 'IFITM1', 'POLR3F', 'CNOT6', 'PIK3R2', 'LILRB3', 'NAA38', 'PDE10A', 'GUCY2C', 'PPP1CB', 'MAD2L2', 'CD22', 'RPS6KA3', 'YWHAH', 'DCP1B', 'IKBKB', 'PPP3R2', 'PATL1'] : 0.15073692366826602
2025-06-10 18:58:12,282 - EnhancedGA - Individual 5: ['NT5C2', 'ANAPC4', 'CNOT8', 'CD79B', 'CARD11', 'IL3RA', 'PDE9A', 'RIPK1', 'RELA', 'CNOT1', 'CDC20', 'MYD88', 'CANT1', 'CHP', 'AMPD1', 'FASLG', 'SPDYA', 'CAMK2G', 'PRUNE', 'GUCY1B3', 'IFITM1', 'POLR3F', 'CNOT6', 'PIK3R2', 'LILRB3', 'NAA38', 'PDE10A', 'GUCY2C', 'PPP1CB', 'MAD2L2', 'CD22', 'RPS6KA3', 'YWHAH', 'DCP1B', 'IKBKB', 'PPP3R2', 'PATL1'] : 0.15073692366826602
2025-06-10 18:58:12,282 - EnhancedGA - Individual 6: ['NT5C2', 'ANAPC4', 'CNOT8', 'CD79B', 'CARD11', 'IL3RA', 'PDE9A', 'RIPK1', 'RELA', 'CNOT1', 'CDC20', 'MYD88', 'CANT1', 'CHP', 'AMPD1', 'FASLG', 'SPDYA', 'CAMK2G', 'PRUNE', 'GUCY1B3', 'IFITM1', 'POLR3F', 'CNOT6', 'PIK3R2', 'LILRB3', 'NAA38', 'PDE10A', 'GUCY2C', 'PPP1CB', 'MAD2L2', 'CD22', 'RPS6KA3', 'YWHAH', 'DCP1B', 'IKBKB', 'PPP3R2', 'PATL1'] : 0.15073692366826602
2025-06-10 18:58:12,282 - EnhancedGA - Individual 7: ['NT5C2', 'ANAPC4', 'CNOT8', 'CD79B', 'CARD11', 'IL3RA', 'PDE9A', 'RIPK1', 'RELA', 'CNOT1', 'CDC20', 'MYD88', 'CANT1', 'CHP', 'AMPD1', 'FASLG', 'SPDYA', 'CAMK2G', 'PRUNE', 'GUCY1B3', 'IFITM1', 'POLR3F', 'CNOT6', 'PIK3R2', 'LILRB3', 'NAA38', 'PDE10A', 'GUCY2C', 'PPP1CB', 'MAD2L2', 'CD22', 'RPS6KA3', 'YWHAH', 'DCP1B', 'IKBKB', 'PPP3R2', 'PATL1'] : 0.15073692366826602
2025-06-10 18:58:12,282 - EnhancedGA - Individual 8: ['NT5C2', 'ANAPC4', 'CNOT8', 'CD79B', 'CARD11', 'IL3RA', 'PDE9A', 'RIPK1', 'RELA', 'CNOT1', 'CDC20', 'MYD88', 'CANT1', 'CHP', 'AMPD1', 'FASLG', 'SPDYA', 'CAMK2G', 'PRUNE', 'GUCY1B3', 'IFITM1', 'POLR3F', 'CNOT6', 'PIK3R2', 'LILRB3', 'NAA38', 'PDE10A', 'GUCY2C', 'PPP1CB', 'MAD2L2', 'CD22', 'RPS6KA3', 'YWHAH', 'DCP1B', 'IKBKB', 'PPP3R2', 'PATL1'] : 0.15073692366826602
2025-06-10 18:58:12,282 - EnhancedGA - Individual 9: ['NT5C2', 'ANAPC4', 'CNOT8', 'CD79B', 'CARD11', 'IL3RA', 'PDE9A', 'RIPK1', 'RELA', 'CNOT1', 'CDC20', 'MYD88', 'CANT1', 'CHP', 'AMPD1', 'FASLG', 'SPDYA', 'CAMK2G', 'PRUNE', 'GUCY1B3', 'IFITM1', 'POLR3F', 'CNOT6', 'PIK3R2', 'LILRB3', 'NAA38', 'PDE10A', 'GUCY2C', 'PPP1CB', 'MAD2L2', 'CD22', 'RPS6KA3', 'YWHAH', 'DCP1B', 'IKBKB', 'PPP3R2', 'PATL1'] : 0.15073692366826602
2025-06-10 18:58:12,282 - EnhancedGA - Individual 10: ['NT5C2', 'ANAPC4', 'CNOT8', 'CD79B', 'CARD11', 'IL3RA', 'PDE9A', 'RIPK1', 'RELA', 'CNOT1', 'CDC20', 'MYD88', 'CANT1', 'CHP', 'AMPD1', 'FASLG', 'SPDYA', 'CAMK2G', 'PRUNE', 'GUCY1B3', 'IFITM1', 'POLR3F', 'CNOT6', 'PIK3R2', 'LILRB3', 'NAA38', 'PDE10A', 'GUCY2C', 'PPP1CB', 'MAD2L2', 'CD22', 'RPS6KA3', 'YWHAH', 'DCP1B', 'IKBKB', 'PPP3R2', 'PATL1'] : 0.15073692366826602
2025-06-10 18:58:12,284 - EnhancedGA - === MUTATION ===
2025-06-10 18:58:12,284 - EnhancedGA - Mutant before mutation: ['NT5C2', 'IKBKB', 'PRUNE', 'CHP', 'PPP1CB', 'MYD88', 'RIPK1', 'FASLG', 'PPP3R2', 'PDE9A', 'GUCY1B3', 'ANAPC4', 'IL3RA', 'CNOT6', 'YWHAH', 'CNOT1', 'CD22', 'NAA38', 'RPS6KA3', 'CDC20', 'PDE10A', 'CARD11', 'POLR3F', 'PATL1', 'LILRB3', 'CANT1', 'AMPD1', 'DCP1B', 'SPDYA', 'MAD2L2', 'CAMK2G', 'CD79B', 'PIK3R2', 'GUCY2C', 'CNOT8', 'IFITM1', 'RELA'] (size: 37)
2025-06-10 18:58:12,284 - EnhancedGA - Best gene: CD22 (score: 0.195)
2025-06-10 18:58:12,284 - EnhancedGA - Worst gene: NT5C2 (score: 0.000)
2025-06-10 18:58:12,355 - EnhancedGA - Gene interaction choice: PDCD1LG2
2025-06-10 18:58:12,355 - EnhancedGA - ***** REPLACEMENT *****
2025-06-10 18:58:12,355 - EnhancedGA - Mutant after mutation: ['PDCD1LG2', 'IKBKB', 'PRUNE', 'CHP', 'PPP1CB', 'MYD88', 'RIPK1', 'FASLG', 'PPP3R2', 'PDE9A', 'GUCY1B3', 'ANAPC4', 'IL3RA', 'CNOT6', 'YWHAH', 'CNOT1', 'CD22', 'NAA38', 'RPS6KA3', 'CDC20', 'PDE10A', 'CARD11', 'POLR3F', 'PATL1', 'LILRB3', 'CANT1', 'AMPD1', 'DCP1B', 'SPDYA', 'MAD2L2', 'CAMK2G', 'CD79B', 'PIK3R2', 'GUCY2C', 'CNOT8', 'IFITM1', 'RELA']
2025-06-10 18:58:12,356 - EnhancedGA - === MUTATION ===
2025-06-10 18:58:12,356 - EnhancedGA - Mutant before mutation: ['NT5C2', 'IKBKB', 'PRUNE', 'CHP', 'PPP1CB', 'MYD88', 'RIPK1', 'FASLG', 'PPP3R2', 'PDE9A', 'GUCY1B3', 'ANAPC4', 'IL3RA', 'CNOT6', 'YWHAH', 'CNOT1', 'CD22', 'NAA38', 'RPS6KA3', 'CDC20', 'PDE10A', 'CARD11', 'POLR3F', 'PATL1', 'LILRB3', 'CANT1', 'AMPD1', 'DCP1B', 'SPDYA', 'MAD2L2', 'CAMK2G', 'CD79B', 'PIK3R2', 'GUCY2C', 'CNOT8', 'IFITM1', 'RELA'] (size: 37)
2025-06-10 18:58:12,356 - EnhancedGA - Best gene: CD22 (score: 0.195)
2025-06-10 18:58:12,356 - EnhancedGA - Worst gene: NT5C2 (score: 0.000)
2025-06-10 18:58:12,434 - EnhancedGA - Gene interaction choice: FCRL4
2025-06-10 18:58:12,434 - EnhancedGA - ***** REPLACEMENT *****
2025-06-10 18:58:12,434 - EnhancedGA - Mutant after mutation: ['FCRL4', 'IKBKB', 'PRUNE', 'CHP', 'PPP1CB', 'MYD88', 'RIPK1', 'FASLG', 'PPP3R2', 'PDE9A', 'GUCY1B3', 'ANAPC4', 'IL3RA', 'CNOT6', 'YWHAH', 'CNOT1', 'CD22', 'NAA38', 'RPS6KA3', 'CDC20', 'PDE10A', 'CARD11', 'POLR3F', 'PATL1', 'LILRB3', 'CANT1', 'AMPD1', 'DCP1B', 'SPDYA', 'MAD2L2', 'CAMK2G', 'CD79B', 'PIK3R2', 'GUCY2C', 'CNOT8', 'IFITM1', 'RELA']
2025-06-10 18:58:12,434 - EnhancedGA - === FITNESS EVALUATION ===
2025-06-10 18:58:29,565 - EnhancedGA - Location pairs: 292/351, Avg location: 0.725
2025-06-10 18:58:29,565 - EnhancedGA - Individual 1: Interaction=0.006, Similarity=0.010, Location=0.725, Fitness=0.152
2025-06-10 18:58:49,382 - EnhancedGA - Location pairs: 282/351, Avg location: 0.730
2025-06-10 18:58:49,382 - EnhancedGA - Individual 2: Interaction=0.006, Similarity=0.009, Location=0.730, Fitness=0.152
2025-06-10 18:58:49,382 - EnhancedGA - Fitness list: [0.1516562125637704, 0.15211143807481017]
2025-06-10 18:58:49,383 - EnhancedGA - === GENERATION 1 ===
2025-06-10 18:58:49,383 - EnhancedGA - Population size: 10
2025-06-10 18:58:49,383 - EnhancedGA - Individual 1: ['PDCD1LG2', 'IKBKB', 'PRUNE', 'CHP', 'PPP1CB', 'MYD88', 'RIPK1', 'FASLG', 'PPP3R2', 'PDE9A', 'GUCY1B3', 'ANAPC4', 'IL3RA', 'CNOT6', 'YWHAH', 'CNOT1', 'CD22', 'NAA38', 'RPS6KA3', 'CDC20', 'PDE10A', 'CARD11', 'POLR3F', 'PATL1', 'LILRB3', 'CANT1', 'AMPD1', 'DCP1B', 'SPDYA', 'MAD2L2', 'CAMK2G', 'CD79B', 'PIK3R2', 'GUCY2C', 'CNOT8', 'IFITM1', 'RELA'] : 0.1516562125637704
2025-06-10 18:58:49,383 - EnhancedGA - Individual 2: ['FCRL4', 'IKBKB', 'PRUNE', 'CHP', 'PPP1CB', 'MYD88', 'RIPK1', 'FASLG', 'PPP3R2', 'PDE9A', 'GUCY1B3', 'ANAPC4', 'IL3RA', 'CNOT6', 'YWHAH', 'CNOT1', 'CD22', 'NAA38', 'RPS6KA3', 'CDC20', 'PDE10A', 'CARD11', 'POLR3F', 'PATL1', 'LILRB3', 'CANT1', 'AMPD1', 'DCP1B', 'SPDYA', 'MAD2L2', 'CAMK2G', 'CD79B', 'PIK3R2', 'GUCY2C', 'CNOT8', 'IFITM1', 'RELA'] : 0.15211143807481017
2025-06-10 18:58:49,383 - EnhancedGA - Individual 3: ['NT5C2', 'ANAPC4', 'CNOT8', 'CD79B', 'CARD11', 'IL3RA', 'PDE9A', 'RIPK1', 'RELA', 'CNOT1', 'CDC20', 'MYD88', 'CANT1', 'CHP', 'AMPD1', 'FASLG', 'SPDYA', 'CAMK2G', 'PRUNE', 'GUCY1B3', 'IFITM1', 'POLR3F', 'CNOT6', 'PIK3R2', 'LILRB3', 'NAA38', 'PDE10A', 'GUCY2C', 'PPP1CB', 'MAD2L2', 'CD22', 'RPS6KA3', 'YWHAH', 'DCP1B', 'IKBKB', 'PPP3R2', 'PATL1'] : 0.15073692366826602
2025-06-10 18:58:49,383 - EnhancedGA - Individual 4: ['NT5C2', 'ANAPC4', 'CNOT8', 'CD79B', 'CARD11', 'IL3RA', 'PDE9A', 'RIPK1', 'RELA', 'CNOT1', 'CDC20', 'MYD88', 'CANT1', 'CHP', 'AMPD1', 'FASLG', 'SPDYA', 'CAMK2G', 'PRUNE', 'GUCY1B3', 'IFITM1', 'POLR3F', 'CNOT6', 'PIK3R2', 'LILRB3', 'NAA38', 'PDE10A', 'GUCY2C', 'PPP1CB', 'MAD2L2', 'CD22', 'RPS6KA3', 'YWHAH', 'DCP1B', 'IKBKB', 'PPP3R2', 'PATL1'] : 0.15073692366826602
2025-06-10 18:58:49,383 - EnhancedGA - Individual 5: ['NT5C2', 'ANAPC4', 'CNOT8', 'CD79B', 'CARD11', 'IL3RA', 'PDE9A', 'RIPK1', 'RELA', 'CNOT1', 'CDC20', 'MYD88', 'CANT1', 'CHP', 'AMPD1', 'FASLG', 'SPDYA', 'CAMK2G', 'PRUNE', 'GUCY1B3', 'IFITM1', 'POLR3F', 'CNOT6', 'PIK3R2', 'LILRB3', 'NAA38', 'PDE10A', 'GUCY2C', 'PPP1CB', 'MAD2L2', 'CD22', 'RPS6KA3', 'YWHAH', 'DCP1B', 'IKBKB', 'PPP3R2', 'PATL1'] : 0.15073692366826602
2025-06-10 18:58:49,383 - EnhancedGA - Individual 6: ['NT5C2', 'ANAPC4', 'CNOT8', 'CD79B', 'CARD11', 'IL3RA', 'PDE9A', 'RIPK1', 'RELA', 'CNOT1', 'CDC20', 'MYD88', 'CANT1', 'CHP', 'AMPD1', 'FASLG', 'SPDYA', 'CAMK2G', 'PRUNE', 'GUCY1B3', 'IFITM1', 'POLR3F', 'CNOT6', 'PIK3R2', 'LILRB3', 'NAA38', 'PDE10A', 'GUCY2C', 'PPP1CB', 'MAD2L2', 'CD22', 'RPS6KA3', 'YWHAH', 'DCP1B', 'IKBKB', 'PPP3R2', 'PATL1'] : 0.15073692366826602
2025-06-10 18:58:49,383 - EnhancedGA - Individual 7: ['NT5C2', 'ANAPC4', 'CNOT8', 'CD79B', 'CARD11', 'IL3RA', 'PDE9A', 'RIPK1', 'RELA', 'CNOT1', 'CDC20', 'MYD88', 'CANT1', 'CHP', 'AMPD1', 'FASLG', 'SPDYA', 'CAMK2G', 'PRUNE', 'GUCY1B3', 'IFITM1', 'POLR3F', 'CNOT6', 'PIK3R2', 'LILRB3', 'NAA38', 'PDE10A', 'GUCY2C', 'PPP1CB', 'MAD2L2', 'CD22', 'RPS6KA3', 'YWHAH', 'DCP1B', 'IKBKB', 'PPP3R2', 'PATL1'] : 0.15073692366826602
2025-06-10 18:58:49,383 - EnhancedGA - Individual 8: ['NT5C2', 'ANAPC4', 'CNOT8', 'CD79B', 'CARD11', 'IL3RA', 'PDE9A', 'RIPK1', 'RELA', 'CNOT1', 'CDC20', 'MYD88', 'CANT1', 'CHP', 'AMPD1', 'FASLG', 'SPDYA', 'CAMK2G', 'PRUNE', 'GUCY1B3', 'IFITM1', 'POLR3F', 'CNOT6', 'PIK3R2', 'LILRB3', 'NAA38', 'PDE10A', 'GUCY2C', 'PPP1CB', 'MAD2L2', 'CD22', 'RPS6KA3', 'YWHAH', 'DCP1B', 'IKBKB', 'PPP3R2', 'PATL1'] : 0.15073692366826602
2025-06-10 18:58:49,383 - EnhancedGA - Individual 9: ['NT5C2', 'ANAPC4', 'CNOT8', 'CD79B', 'CARD11', 'IL3RA', 'PDE9A', 'RIPK1', 'RELA', 'CNOT1', 'CDC20', 'MYD88', 'CANT1', 'CHP', 'AMPD1', 'FASLG', 'SPDYA', 'CAMK2G', 'PRUNE', 'GUCY1B3', 'IFITM1', 'POLR3F', 'CNOT6', 'PIK3R2', 'LILRB3', 'NAA38', 'PDE10A', 'GUCY2C', 'PPP1CB', 'MAD2L2', 'CD22', 'RPS6KA3', 'YWHAH', 'DCP1B', 'IKBKB', 'PPP3R2', 'PATL1'] : 0.15073692366826602
2025-06-10 18:58:49,383 - EnhancedGA - Individual 10: ['NT5C2', 'ANAPC4', 'CNOT8', 'CD79B', 'CARD11', 'IL3RA', 'PDE9A', 'RIPK1', 'RELA', 'CNOT1', 'CDC20', 'MYD88', 'CANT1', 'CHP', 'AMPD1', 'FASLG', 'SPDYA', 'CAMK2G', 'PRUNE', 'GUCY1B3', 'IFITM1', 'POLR3F', 'CNOT6', 'PIK3R2', 'LILRB3', 'NAA38', 'PDE10A', 'GUCY2C', 'PPP1CB', 'MAD2L2', 'CD22', 'RPS6KA3', 'YWHAH', 'DCP1B', 'IKBKB', 'PPP3R2', 'PATL1'] : 0.15073692366826602
2025-06-10 18:58:49,384 - EnhancedGA - === MUTATION ===
2025-06-10 18:58:49,385 - EnhancedGA - Mutant before mutation: ['NT5C2', 'IKBKB', 'PRUNE', 'CHP', 'PPP1CB', 'MYD88', 'RIPK1', 'FASLG', 'PPP3R2', 'PDE9A', 'GUCY1B3', 'ANAPC4', 'IL3RA', 'CNOT6', 'YWHAH', 'CNOT1', 'CD22', 'NAA38', 'RPS6KA3', 'CDC20', 'PDE10A', 'CARD11', 'POLR3F', 'PATL1', 'LILRB3', 'CANT1', 'AMPD1', 'DCP1B', 'SPDYA', 'MAD2L2', 'CAMK2G', 'CD79B', 'PIK3R2', 'GUCY2C', 'CNOT8', 'IFITM1', 'RELA'] (size: 37)
2025-06-10 18:58:49,385 - EnhancedGA - Best gene: CD22 (score: 0.195)
2025-06-10 18:58:49,385 - EnhancedGA - Worst gene: NT5C2 (score: 0.000)
2025-06-10 18:58:49,441 - EnhancedGA - Gene interaction choice: CTDNEP1
2025-06-10 18:58:49,441 - EnhancedGA - ***** REPLACEMENT *****
2025-06-10 18:58:49,441 - EnhancedGA - Mutant after mutation: ['CTDNEP1', 'IKBKB', 'PRUNE', 'CHP', 'PPP1CB', 'MYD88', 'RIPK1', 'FASLG', 'PPP3R2', 'PDE9A', 'GUCY1B3', 'ANAPC4', 'IL3RA', 'CNOT6', 'YWHAH', 'CNOT1', 'CD22', 'NAA38', 'RPS6KA3', 'CDC20', 'PDE10A', 'CARD11', 'POLR3F', 'PATL1', 'LILRB3', 'CANT1', 'AMPD1', 'DCP1B', 'SPDYA', 'MAD2L2', 'CAMK2G', 'CD79B', 'PIK3R2', 'GUCY2C', 'CNOT8', 'IFITM1', 'RELA']
2025-06-10 18:58:49,441 - EnhancedGA - === MUTATION ===
2025-06-10 18:58:49,442 - EnhancedGA - Mutant before mutation: ['NT5C2', 'IKBKB', 'PRUNE', 'CHP', 'PPP1CB', 'MYD88', 'RIPK1', 'FASLG', 'PPP3R2', 'PDE9A', 'GUCY1B3', 'ANAPC4', 'IL3RA', 'CNOT6', 'YWHAH', 'CNOT1', 'CD22', 'NAA38', 'RPS6KA3', 'CDC20', 'PDE10A', 'CARD11', 'POLR3F', 'PATL1', 'LILRB3', 'CANT1', 'AMPD1', 'DCP1B', 'SPDYA', 'MAD2L2', 'CAMK2G', 'CD79B', 'PIK3R2', 'GUCY2C', 'CNOT8', 'IFITM1', 'RELA'] (size: 37)
2025-06-10 18:58:49,442 - EnhancedGA - Best gene: CD22 (score: 0.195)
2025-06-10 18:58:49,442 - EnhancedGA - Worst gene: NT5C2 (score: 0.000)
2025-06-10 18:58:49,494 - EnhancedGA - Gene interaction choice: KLHL38
2025-06-10 18:58:49,494 - EnhancedGA - ***** REPLACEMENT *****
2025-06-10 18:58:49,495 - EnhancedGA - Mutant after mutation: ['KLHL38', 'IKBKB', 'PRUNE', 'CHP', 'PPP1CB', 'MYD88', 'RIPK1', 'FASLG', 'PPP3R2', 'PDE9A', 'GUCY1B3', 'ANAPC4', 'IL3RA', 'CNOT6', 'YWHAH', 'CNOT1', 'CD22', 'NAA38', 'RPS6KA3', 'CDC20', 'PDE10A', 'CARD11', 'POLR3F', 'PATL1', 'LILRB3', 'CANT1', 'AMPD1', 'DCP1B', 'SPDYA', 'MAD2L2', 'CAMK2G', 'CD79B', 'PIK3R2', 'GUCY2C', 'CNOT8', 'IFITM1', 'RELA']
2025-06-10 18:58:49,495 - EnhancedGA - === FITNESS EVALUATION ===
2025-06-10 18:59:08,068 - EnhancedGA - Location pairs: 294/351, Avg location: 0.726
2025-06-10 18:59:08,068 - EnhancedGA - Individual 1: Interaction=0.006, Similarity=0.009, Location=0.726, Fitness=0.151
2025-06-10 18:59:32,981 - EnhancedGA - Location pairs: 292/351, Avg location: 0.725
2025-06-10 18:59:32,981 - EnhancedGA - Individual 2: Interaction=0.006, Similarity=0.010, Location=0.725, Fitness=0.152
2025-06-10 18:59:32,981 - EnhancedGA - Fitness list: [0.15123156189832096, 0.15162708309764433]
2025-06-10 18:59:32,981 - EnhancedGA - === GENERATION 2 ===
2025-06-10 18:59:32,981 - EnhancedGA - Population size: 10
2025-06-10 18:59:32,981 - EnhancedGA - Individual 1: ['CTDNEP1', 'IKBKB', 'PRUNE', 'CHP', 'PPP1CB', 'MYD88', 'RIPK1', 'FASLG', 'PPP3R2', 'PDE9A', 'GUCY1B3', 'ANAPC4', 'IL3RA', 'CNOT6', 'YWHAH', 'CNOT1', 'CD22', 'NAA38', 'RPS6KA3', 'CDC20', 'PDE10A', 'CARD11', 'POLR3F', 'PATL1', 'LILRB3', 'CANT1', 'AMPD1', 'DCP1B', 'SPDYA', 'MAD2L2', 'CAMK2G', 'CD79B', 'PIK3R2', 'GUCY2C', 'CNOT8', 'IFITM1', 'RELA'] : 0.15123156189832096
2025-06-10 18:59:32,981 - EnhancedGA - Individual 2: ['KLHL38', 'IKBKB', 'PRUNE', 'CHP', 'PPP1CB', 'MYD88', 'RIPK1', 'FASLG', 'PPP3R2', 'PDE9A', 'GUCY1B3', 'ANAPC4', 'IL3RA', 'CNOT6', 'YWHAH', 'CNOT1', 'CD22', 'NAA38', 'RPS6KA3', 'CDC20', 'PDE10A', 'CARD11', 'POLR3F', 'PATL1', 'LILRB3', 'CANT1', 'AMPD1', 'DCP1B', 'SPDYA', 'MAD2L2', 'CAMK2G', 'CD79B', 'PIK3R2', 'GUCY2C', 'CNOT8', 'IFITM1', 'RELA'] : 0.15162708309764433
2025-06-10 18:59:32,981 - EnhancedGA - Individual 3: ['NT5C2', 'ANAPC4', 'CNOT8', 'CD79B', 'CARD11', 'IL3RA', 'PDE9A', 'RIPK1', 'RELA', 'CNOT1', 'CDC20', 'MYD88', 'CANT1', 'CHP', 'AMPD1', 'FASLG', 'SPDYA', 'CAMK2G', 'PRUNE', 'GUCY1B3', 'IFITM1', 'POLR3F', 'CNOT6', 'PIK3R2', 'LILRB3', 'NAA38', 'PDE10A', 'GUCY2C', 'PPP1CB', 'MAD2L2', 'CD22', 'RPS6KA3', 'YWHAH', 'DCP1B', 'IKBKB', 'PPP3R2', 'PATL1'] : 0.15073692366826602
2025-06-10 18:59:32,981 - EnhancedGA - Individual 4: ['NT5C2', 'ANAPC4', 'CNOT8', 'CD79B', 'CARD11', 'IL3RA', 'PDE9A', 'RIPK1', 'RELA', 'CNOT1', 'CDC20', 'MYD88', 'CANT1', 'CHP', 'AMPD1', 'FASLG', 'SPDYA', 'CAMK2G', 'PRUNE', 'GUCY1B3', 'IFITM1', 'POLR3F', 'CNOT6', 'PIK3R2', 'LILRB3', 'NAA38', 'PDE10A', 'GUCY2C', 'PPP1CB', 'MAD2L2', 'CD22', 'RPS6KA3', 'YWHAH', 'DCP1B', 'IKBKB', 'PPP3R2', 'PATL1'] : 0.15073692366826602
2025-06-10 18:59:32,981 - EnhancedGA - Individual 5: ['NT5C2', 'ANAPC4', 'CNOT8', 'CD79B', 'CARD11', 'IL3RA', 'PDE9A', 'RIPK1', 'RELA', 'CNOT1', 'CDC20', 'MYD88', 'CANT1', 'CHP', 'AMPD1', 'FASLG', 'SPDYA', 'CAMK2G', 'PRUNE', 'GUCY1B3', 'IFITM1', 'POLR3F', 'CNOT6', 'PIK3R2', 'LILRB3', 'NAA38', 'PDE10A', 'GUCY2C', 'PPP1CB', 'MAD2L2', 'CD22', 'RPS6KA3', 'YWHAH', 'DCP1B', 'IKBKB', 'PPP3R2', 'PATL1'] : 0.15073692366826602
2025-06-10 18:59:32,981 - EnhancedGA - Individual 6: ['NT5C2', 'ANAPC4', 'CNOT8', 'CD79B', 'CARD11', 'IL3RA', 'PDE9A', 'RIPK1', 'RELA', 'CNOT1', 'CDC20', 'MYD88', 'CANT1', 'CHP', 'AMPD1', 'FASLG', 'SPDYA', 'CAMK2G', 'PRUNE', 'GUCY1B3', 'IFITM1', 'POLR3F', 'CNOT6', 'PIK3R2', 'LILRB3', 'NAA38', 'PDE10A', 'GUCY2C', 'PPP1CB', 'MAD2L2', 'CD22', 'RPS6KA3', 'YWHAH', 'DCP1B', 'IKBKB', 'PPP3R2', 'PATL1'] : 0.15073692366826602
2025-06-10 18:59:32,981 - EnhancedGA - Individual 7: ['NT5C2', 'ANAPC4', 'CNOT8', 'CD79B', 'CARD11', 'IL3RA', 'PDE9A', 'RIPK1', 'RELA', 'CNOT1', 'CDC20', 'MYD88', 'CANT1', 'CHP', 'AMPD1', 'FASLG', 'SPDYA', 'CAMK2G', 'PRUNE', 'GUCY1B3', 'IFITM1', 'POLR3F', 'CNOT6', 'PIK3R2', 'LILRB3', 'NAA38', 'PDE10A', 'GUCY2C', 'PPP1CB', 'MAD2L2', 'CD22', 'RPS6KA3', 'YWHAH', 'DCP1B', 'IKBKB', 'PPP3R2', 'PATL1'] : 0.15073692366826602
2025-06-10 18:59:32,981 - EnhancedGA - Individual 8: ['NT5C2', 'ANAPC4', 'CNOT8', 'CD79B', 'CARD11', 'IL3RA', 'PDE9A', 'RIPK1', 'RELA', 'CNOT1', 'CDC20', 'MYD88', 'CANT1', 'CHP', 'AMPD1', 'FASLG', 'SPDYA', 'CAMK2G', 'PRUNE', 'GUCY1B3', 'IFITM1', 'POLR3F', 'CNOT6', 'PIK3R2', 'LILRB3', 'NAA38', 'PDE10A', 'GUCY2C', 'PPP1CB', 'MAD2L2', 'CD22', 'RPS6KA3', 'YWHAH', 'DCP1B', 'IKBKB', 'PPP3R2', 'PATL1'] : 0.15073692366826602
2025-06-10 18:59:32,981 - EnhancedGA - Individual 9: ['PDCD1LG2', 'IKBKB', 'PRUNE', 'CHP', 'PPP1CB', 'MYD88', 'RIPK1', 'FASLG', 'PPP3R2', 'PDE9A', 'GUCY1B3', 'ANAPC4', 'IL3RA', 'CNOT6', 'YWHAH', 'CNOT1', 'CD22', 'NAA38', 'RPS6KA3', 'CDC20', 'PDE10A', 'CARD11', 'POLR3F', 'PATL1', 'LILRB3', 'CANT1', 'AMPD1', 'DCP1B', 'SPDYA', 'MAD2L2', 'CAMK2G', 'CD79B', 'PIK3R2', 'GUCY2C', 'CNOT8', 'IFITM1', 'RELA'] : 0.1516562125637704
2025-06-10 18:59:32,981 - EnhancedGA - Individual 10: ['FCRL4', 'IKBKB', 'PRUNE', 'CHP', 'PPP1CB', 'MYD88', 'RIPK1', 'FASLG', 'PPP3R2', 'PDE9A', 'GUCY1B3', 'ANAPC4', 'IL3RA', 'CNOT6', 'YWHAH', 'CNOT1', 'CD22', 'NAA38', 'RPS6KA3', 'CDC20', 'PDE10A', 'CARD11', 'POLR3F', 'PATL1', 'LILRB3', 'CANT1', 'AMPD1', 'DCP1B', 'SPDYA', 'MAD2L2', 'CAMK2G', 'CD79B', 'PIK3R2', 'GUCY2C', 'CNOT8', 'IFITM1', 'RELA'] : 0.15211143807481017
2025-06-10 18:59:32,983 - EnhancedGA - === MUTATION ===
2025-06-10 18:59:32,983 - EnhancedGA - Mutant before mutation: ['NT5C2', 'IKBKB', 'PRUNE', 'CHP', 'PPP1CB', 'MYD88', 'RIPK1', 'FASLG', 'PPP3R2', 'PDE9A', 'GUCY1B3', 'ANAPC4', 'IL3RA', 'CNOT6', 'YWHAH', 'CNOT1', 'CD22', 'NAA38', 'RPS6KA3', 'CDC20', 'PDE10A', 'CARD11', 'POLR3F', 'PATL1', 'LILRB3', 'CANT1', 'AMPD1', 'DCP1B', 'SPDYA', 'MAD2L2', 'CAMK2G', 'CD79B', 'PIK3R2', 'GUCY2C', 'CNOT8', 'IFITM1', 'RELA'] (size: 37)
2025-06-10 18:59:32,985 - EnhancedGA - Best gene: CD22 (score: 0.195)
2025-06-10 18:59:32,985 - EnhancedGA - Worst gene: NT5C2 (score: 0.000)
2025-06-10 18:59:33,047 - EnhancedGA - Gene interaction choice: TLR7
2025-06-10 18:59:33,047 - EnhancedGA - ***** REPLACEMENT *****
2025-06-10 18:59:33,047 - EnhancedGA - Mutant after mutation: ['TLR7', 'IKBKB', 'PRUNE', 'CHP', 'PPP1CB', 'MYD88', 'RIPK1', 'FASLG', 'PPP3R2', 'PDE9A', 'GUCY1B3', 'ANAPC4', 'IL3RA', 'CNOT6', 'YWHAH', 'CNOT1', 'CD22', 'NAA38', 'RPS6KA3', 'CDC20', 'PDE10A', 'CARD11', 'POLR3F', 'PATL1', 'LILRB3', 'CANT1', 'AMPD1', 'DCP1B', 'SPDYA', 'MAD2L2', 'CAMK2G', 'CD79B', 'PIK3R2', 'GUCY2C', 'CNOT8', 'IFITM1', 'RELA']
2025-06-10 18:59:33,047 - EnhancedGA - === MUTATION ===
2025-06-10 18:59:33,047 - EnhancedGA - Mutant before mutation: ['NT5C2', 'IKBKB', 'PRUNE', 'CHP', 'PPP1CB', 'MYD88', 'RIPK1', 'FASLG', 'PPP3R2', 'PDE9A', 'GUCY1B3', 'ANAPC4', 'IL3RA', 'CNOT6', 'YWHAH', 'CNOT1', 'CD22', 'NAA38', 'RPS6KA3', 'CDC20', 'PDE10A', 'CARD11', 'POLR3F', 'PATL1', 'LILRB3', 'CANT1', 'AMPD1', 'DCP1B', 'SPDYA', 'MAD2L2', 'CAMK2G', 'CD79B', 'PIK3R2', 'GUCY2C', 'CNOT8', 'IFITM1', 'RELA'] (size: 37)
2025-06-10 18:59:33,048 - EnhancedGA - Best gene: CD22 (score: 0.195)
2025-06-10 18:59:33,048 - EnhancedGA - Worst gene: NT5C2 (score: 0.000)
2025-06-10 18:59:33,118 - EnhancedGA - Gene interaction choice: CD37
2025-06-10 18:59:33,118 - EnhancedGA - ***** REPLACEMENT *****
2025-06-10 18:59:33,119 - EnhancedGA - Mutant after mutation: ['CD37', 'IKBKB', 'PRUNE', 'CHP', 'PPP1CB', 'MYD88', 'RIPK1', 'FASLG', 'PPP3R2', 'PDE9A', 'GUCY1B3', 'ANAPC4', 'IL3RA', 'CNOT6', 'YWHAH', 'CNOT1', 'CD22', 'NAA38', 'RPS6KA3', 'CDC20', 'PDE10A', 'CARD11', 'POLR3F', 'PATL1', 'LILRB3', 'CANT1', 'AMPD1', 'DCP1B', 'SPDYA', 'MAD2L2', 'CAMK2G', 'CD79B', 'PIK3R2', 'GUCY2C', 'CNOT8', 'IFITM1', 'RELA']
2025-06-10 18:59:33,119 - EnhancedGA - === FITNESS EVALUATION ===
2025-06-10 18:59:53,822 - EnhancedGA - Location pairs: 300/351, Avg location: 0.727
2025-06-10 18:59:53,822 - EnhancedGA - Individual 1: Interaction=0.007, Similarity=0.010, Location=0.727, Fitness=0.152
2025-06-10 19:00:12,546 - EnhancedGA - Location pairs: 297/351, Avg location: 0.734
2025-06-10 19:00:12,546 - EnhancedGA - Individual 2: Interaction=0.007, Similarity=0.009, Location=0.734, Fitness=0.153
2025-06-10 19:00:12,546 - EnhancedGA - Fitness list: [0.15224616917660092, 0.1532523915120683]
2025-06-10 19:00:12,546 - EnhancedGA - === GENERATION 3 ===
2025-06-10 19:00:12,546 - EnhancedGA - Population size: 10
2025-06-10 19:00:12,546 - EnhancedGA - Individual 1: ['TLR7', 'IKBKB', 'PRUNE', 'CHP', 'PPP1CB', 'MYD88', 'RIPK1', 'FASLG', 'PPP3R2', 'PDE9A', 'GUCY1B3', 'ANAPC4', 'IL3RA', 'CNOT6', 'YWHAH', 'CNOT1', 'CD22', 'NAA38', 'RPS6KA3', 'CDC20', 'PDE10A', 'CARD11', 'POLR3F', 'PATL1', 'LILRB3', 'CANT1', 'AMPD1', 'DCP1B', 'SPDYA', 'MAD2L2', 'CAMK2G', 'CD79B', 'PIK3R2', 'GUCY2C', 'CNOT8', 'IFITM1', 'RELA'] : 0.15224616917660092
2025-06-10 19:00:12,546 - EnhancedGA - Individual 2: ['CD37', 'IKBKB', 'PRUNE', 'CHP', 'PPP1CB', 'MYD88', 'RIPK1', 'FASLG', 'PPP3R2', 'PDE9A', 'GUCY1B3', 'ANAPC4', 'IL3RA', 'CNOT6', 'YWHAH', 'CNOT1', 'CD22', 'NAA38', 'RPS6KA3', 'CDC20', 'PDE10A', 'CARD11', 'POLR3F', 'PATL1', 'LILRB3', 'CANT1', 'AMPD1', 'DCP1B', 'SPDYA', 'MAD2L2', 'CAMK2G', 'CD79B', 'PIK3R2', 'GUCY2C', 'CNOT8', 'IFITM1', 'RELA'] : 0.1532523915120683
2025-06-10 19:00:12,546 - EnhancedGA - Individual 3: ['NT5C2', 'ANAPC4', 'CNOT8', 'CD79B', 'CARD11', 'IL3RA', 'PDE9A', 'RIPK1', 'RELA', 'CNOT1', 'CDC20', 'MYD88', 'CANT1', 'CHP', 'AMPD1', 'FASLG', 'SPDYA', 'CAMK2G', 'PRUNE', 'GUCY1B3', 'IFITM1', 'POLR3F', 'CNOT6', 'PIK3R2', 'LILRB3', 'NAA38', 'PDE10A', 'GUCY2C', 'PPP1CB', 'MAD2L2', 'CD22', 'RPS6KA3', 'YWHAH', 'DCP1B', 'IKBKB', 'PPP3R2', 'PATL1'] : 0.15073692366826602
2025-06-10 19:00:12,546 - EnhancedGA - Individual 4: ['NT5C2', 'ANAPC4', 'CNOT8', 'CD79B', 'CARD11', 'IL3RA', 'PDE9A', 'RIPK1', 'RELA', 'CNOT1', 'CDC20', 'MYD88', 'CANT1', 'CHP', 'AMPD1', 'FASLG', 'SPDYA', 'CAMK2G', 'PRUNE', 'GUCY1B3', 'IFITM1', 'POLR3F', 'CNOT6', 'PIK3R2', 'LILRB3', 'NAA38', 'PDE10A', 'GUCY2C', 'PPP1CB', 'MAD2L2', 'CD22', 'RPS6KA3', 'YWHAH', 'DCP1B', 'IKBKB', 'PPP3R2', 'PATL1'] : 0.15073692366826602
2025-06-10 19:00:12,546 - EnhancedGA - Individual 5: ['NT5C2', 'ANAPC4', 'CNOT8', 'CD79B', 'CARD11', 'IL3RA', 'PDE9A', 'RIPK1', 'RELA', 'CNOT1', 'CDC20', 'MYD88', 'CANT1', 'CHP', 'AMPD1', 'FASLG', 'SPDYA', 'CAMK2G', 'PRUNE', 'GUCY1B3', 'IFITM1', 'POLR3F', 'CNOT6', 'PIK3R2', 'LILRB3', 'NAA38', 'PDE10A', 'GUCY2C', 'PPP1CB', 'MAD2L2', 'CD22', 'RPS6KA3', 'YWHAH', 'DCP1B', 'IKBKB', 'PPP3R2', 'PATL1'] : 0.15073692366826602
2025-06-10 19:00:12,546 - EnhancedGA - Individual 6: ['NT5C2', 'ANAPC4', 'CNOT8', 'CD79B', 'CARD11', 'IL3RA', 'PDE9A', 'RIPK1', 'RELA', 'CNOT1', 'CDC20', 'MYD88', 'CANT1', 'CHP', 'AMPD1', 'FASLG', 'SPDYA', 'CAMK2G', 'PRUNE', 'GUCY1B3', 'IFITM1', 'POLR3F', 'CNOT6', 'PIK3R2', 'LILRB3', 'NAA38', 'PDE10A', 'GUCY2C', 'PPP1CB', 'MAD2L2', 'CD22', 'RPS6KA3', 'YWHAH', 'DCP1B', 'IKBKB', 'PPP3R2', 'PATL1'] : 0.15073692366826602
2025-06-10 19:00:12,546 - EnhancedGA - Individual 7: ['CTDNEP1', 'IKBKB', 'PRUNE', 'CHP', 'PPP1CB', 'MYD88', 'RIPK1', 'FASLG', 'PPP3R2', 'PDE9A', 'GUCY1B3', 'ANAPC4', 'IL3RA', 'CNOT6', 'YWHAH', 'CNOT1', 'CD22', 'NAA38', 'RPS6KA3', 'CDC20', 'PDE10A', 'CARD11', 'POLR3F', 'PATL1', 'LILRB3', 'CANT1', 'AMPD1', 'DCP1B', 'SPDYA', 'MAD2L2', 'CAMK2G', 'CD79B', 'PIK3R2', 'GUCY2C', 'CNOT8', 'IFITM1', 'RELA'] : 0.15123156189832096
2025-06-10 19:00:12,546 - EnhancedGA - Individual 8: ['KLHL38', 'IKBKB', 'PRUNE', 'CHP', 'PPP1CB', 'MYD88', 'RIPK1', 'FASLG', 'PPP3R2', 'PDE9A', 'GUCY1B3', 'ANAPC4', 'IL3RA', 'CNOT6', 'YWHAH', 'CNOT1', 'CD22', 'NAA38', 'RPS6KA3', 'CDC20', 'PDE10A', 'CARD11', 'POLR3F', 'PATL1', 'LILRB3', 'CANT1', 'AMPD1', 'DCP1B', 'SPDYA', 'MAD2L2', 'CAMK2G', 'CD79B', 'PIK3R2', 'GUCY2C', 'CNOT8', 'IFITM1', 'RELA'] : 0.15162708309764433
2025-06-10 19:00:12,546 - EnhancedGA - Individual 9: ['PDCD1LG2', 'IKBKB', 'PRUNE', 'CHP', 'PPP1CB', 'MYD88', 'RIPK1', 'FASLG', 'PPP3R2', 'PDE9A', 'GUCY1B3', 'ANAPC4', 'IL3RA', 'CNOT6', 'YWHAH', 'CNOT1', 'CD22', 'NAA38', 'RPS6KA3', 'CDC20', 'PDE10A', 'CARD11', 'POLR3F', 'PATL1', 'LILRB3', 'CANT1', 'AMPD1', 'DCP1B', 'SPDYA', 'MAD2L2', 'CAMK2G', 'CD79B', 'PIK3R2', 'GUCY2C', 'CNOT8', 'IFITM1', 'RELA'] : 0.1516562125637704
2025-06-10 19:00:12,546 - EnhancedGA - Individual 10: ['FCRL4', 'IKBKB', 'PRUNE', 'CHP', 'PPP1CB', 'MYD88', 'RIPK1', 'FASLG', 'PPP3R2', 'PDE9A', 'GUCY1B3', 'ANAPC4', 'IL3RA', 'CNOT6', 'YWHAH', 'CNOT1', 'CD22', 'NAA38', 'RPS6KA3', 'CDC20', 'PDE10A', 'CARD11', 'POLR3F', 'PATL1', 'LILRB3', 'CANT1', 'AMPD1', 'DCP1B', 'SPDYA', 'MAD2L2', 'CAMK2G', 'CD79B', 'PIK3R2', 'GUCY2C', 'CNOT8', 'IFITM1', 'RELA'] : 0.15211143807481017
2025-06-10 19:00:12,548 - EnhancedGA - === MUTATION ===
2025-06-10 19:00:12,548 - EnhancedGA - Mutant before mutation: ['IKBKB', 'PRUNE', 'CHP', 'PPP1CB', 'MYD88', 'RIPK1', 'FASLG', 'PPP3R2', 'PDE9A', 'GUCY1B3', 'ANAPC4', 'IL3RA', 'RELA', 'YWHAH', 'CNOT6', 'CNOT1', 'NAA38', 'RPS6KA3', 'CDC20', 'FCRL4', 'PDE10A', 'CARD11', 'POLR3F', 'PATL1', 'LILRB3', 'CANT1', 'AMPD1', 'DCP1B', 'SPDYA', 'MAD2L2', 'CAMK2G', 'CD79B', 'PIK3R2', 'GUCY2C', 'CNOT8', 'IFITM1', 'CD22'] (size: 37)
2025-06-10 19:00:12,548 - EnhancedGA - Best gene: CD22 (score: 0.218)
2025-06-10 19:00:12,548 - EnhancedGA - Worst gene: IKBKB (score: 0.000)
2025-06-10 19:00:12,610 - EnhancedGA - Gene interaction choice: ACTR1A
2025-06-10 19:00:12,610 - EnhancedGA - ***** REPLACEMENT *****
2025-06-10 19:00:12,610 - EnhancedGA - Mutant after mutation: ['ACTR1A', 'PRUNE', 'CHP', 'PPP1CB', 'MYD88', 'RIPK1', 'FASLG', 'PPP3R2', 'PDE9A', 'GUCY1B3', 'ANAPC4', 'IL3RA', 'RELA', 'YWHAH', 'CNOT6', 'CNOT1', 'NAA38', 'RPS6KA3', 'CDC20', 'FCRL4', 'PDE10A', 'CARD11', 'POLR3F', 'PATL1', 'LILRB3', 'CANT1', 'AMPD1', 'DCP1B', 'SPDYA', 'MAD2L2', 'CAMK2G', 'CD79B', 'PIK3R2', 'GUCY2C', 'CNOT8', 'IFITM1', 'CD22']
2025-06-10 19:00:12,610 - EnhancedGA - === MUTATION ===
2025-06-10 19:00:12,611 - EnhancedGA - Mutant before mutation: ['IKBKB', 'PRUNE', 'CHP', 'PPP1CB', 'MYD88', 'RIPK1', 'FASLG', 'PPP3R2', 'PDE9A', 'GUCY1B3', 'ANAPC4', 'IL3RA', 'RELA', 'YWHAH', 'CNOT6', 'CNOT1', 'NAA38', 'RPS6KA3', 'CDC20', 'PDE10A', 'CARD11', 'TLR7', 'POLR3F', 'PATL1', 'LILRB3', 'CANT1', 'AMPD1', 'DCP1B', 'SPDYA', 'MAD2L2', 'CAMK2G', 'CD79B', 'PIK3R2', 'GUCY2C', 'CNOT8', 'IFITM1', 'CD22'] (size: 37)
2025-06-10 19:00:12,611 - EnhancedGA - Best gene: CD22 (score: 0.223)
2025-06-10 19:00:12,611 - EnhancedGA - Worst gene: IKBKB (score: 0.000)
2025-06-10 19:00:12,674 - EnhancedGA - Gene interaction choice: SPN
2025-06-10 19:00:12,674 - EnhancedGA - ***** REPLACEMENT *****
2025-06-10 19:00:12,674 - EnhancedGA - Mutant after mutation: ['SPN', 'PRUNE', 'CHP', 'PPP1CB', 'MYD88', 'RIPK1', 'FASLG', 'PPP3R2', 'PDE9A', 'GUCY1B3', 'ANAPC4', 'IL3RA', 'RELA', 'YWHAH', 'CNOT6', 'CNOT1', 'NAA38', 'RPS6KA3', 'CDC20', 'PDE10A', 'CARD11', 'TLR7', 'POLR3F', 'PATL1', 'LILRB3', 'CANT1', 'AMPD1', 'DCP1B', 'SPDYA', 'MAD2L2', 'CAMK2G', 'CD79B', 'PIK3R2', 'GUCY2C', 'CNOT8', 'IFITM1', 'CD22']
2025-06-10 19:00:12,674 - EnhancedGA - === FITNESS EVALUATION ===
2025-06-10 19:00:32,266 - EnhancedGA - Location pairs: 278/351, Avg location: 0.732
2025-06-10 19:00:32,266 - EnhancedGA - Individual 1: Interaction=0.006, Similarity=0.010, Location=0.732, Fitness=0.153
2025-06-10 19:00:50,604 - EnhancedGA - Location pairs: 308/351, Avg location: 0.733
2025-06-10 19:00:50,604 - EnhancedGA - Individual 2: Interaction=0.008, Similarity=0.011, Location=0.733, Fitness=0.154
2025-06-10 19:00:50,604 - EnhancedGA - Fitness list: [0.1528556036699387, 0.15416526627907717]
2025-06-10 19:00:50,604 - EnhancedGA - === GENERATION 4 ===
2025-06-10 19:00:50,604 - EnhancedGA - Population size: 10
2025-06-10 19:00:50,604 - EnhancedGA - Individual 1: ['ACTR1A', 'PRUNE', 'CHP', 'PPP1CB', 'MYD88', 'RIPK1', 'FASLG', 'PPP3R2', 'PDE9A', 'GUCY1B3', 'ANAPC4', 'IL3RA', 'RELA', 'YWHAH', 'CNOT6', 'CNOT1', 'NAA38', 'RPS6KA3', 'CDC20', 'FCRL4', 'PDE10A', 'CARD11', 'POLR3F', 'PATL1', 'LILRB3', 'CANT1', 'AMPD1', 'DCP1B', 'SPDYA', 'MAD2L2', 'CAMK2G', 'CD79B', 'PIK3R2', 'GUCY2C', 'CNOT8', 'IFITM1', 'CD22'] : 0.1528556036699387
2025-06-10 19:00:50,604 - EnhancedGA - Individual 2: ['SPN', 'PRUNE', 'CHP', 'PPP1CB', 'MYD88', 'RIPK1', 'FASLG', 'PPP3R2', 'PDE9A', 'GUCY1B3', 'ANAPC4', 'IL3RA', 'RELA', 'YWHAH', 'CNOT6', 'CNOT1', 'NAA38', 'RPS6KA3', 'CDC20', 'PDE10A', 'CARD11', 'TLR7', 'POLR3F', 'PATL1', 'LILRB3', 'CANT1', 'AMPD1', 'DCP1B', 'SPDYA', 'MAD2L2', 'CAMK2G', 'CD79B', 'PIK3R2', 'GUCY2C', 'CNOT8', 'IFITM1', 'CD22'] : 0.15416526627907717
2025-06-10 19:00:50,604 - EnhancedGA - Individual 3: ['NT5C2', 'ANAPC4', 'CNOT8', 'CD79B', 'CARD11', 'IL3RA', 'PDE9A', 'RIPK1', 'RELA', 'CNOT1', 'CDC20', 'MYD88', 'CANT1', 'CHP', 'AMPD1', 'FASLG', 'SPDYA', 'CAMK2G', 'PRUNE', 'GUCY1B3', 'IFITM1', 'POLR3F', 'CNOT6', 'PIK3R2', 'LILRB3', 'NAA38', 'PDE10A', 'GUCY2C', 'PPP1CB', 'MAD2L2', 'CD22', 'RPS6KA3', 'YWHAH', 'DCP1B', 'IKBKB', 'PPP3R2', 'PATL1'] : 0.15073692366826602
2025-06-10 19:00:50,604 - EnhancedGA - Individual 4: ['NT5C2', 'ANAPC4', 'CNOT8', 'CD79B', 'CARD11', 'IL3RA', 'PDE9A', 'RIPK1', 'RELA', 'CNOT1', 'CDC20', 'MYD88', 'CANT1', 'CHP', 'AMPD1', 'FASLG', 'SPDYA', 'CAMK2G', 'PRUNE', 'GUCY1B3', 'IFITM1', 'POLR3F', 'CNOT6', 'PIK3R2', 'LILRB3', 'NAA38', 'PDE10A', 'GUCY2C', 'PPP1CB', 'MAD2L2', 'CD22', 'RPS6KA3', 'YWHAH', 'DCP1B', 'IKBKB', 'PPP3R2', 'PATL1'] : 0.15073692366826602
2025-06-10 19:00:50,604 - EnhancedGA - Individual 5: ['CTDNEP1', 'IKBKB', 'PRUNE', 'CHP', 'PPP1CB', 'MYD88', 'RIPK1', 'FASLG', 'PPP3R2', 'PDE9A', 'GUCY1B3', 'ANAPC4', 'IL3RA', 'CNOT6', 'YWHAH', 'CNOT1', 'CD22', 'NAA38', 'RPS6KA3', 'CDC20', 'PDE10A', 'CARD11', 'POLR3F', 'PATL1', 'LILRB3', 'CANT1', 'AMPD1', 'DCP1B', 'SPDYA', 'MAD2L2', 'CAMK2G', 'CD79B', 'PIK3R2', 'GUCY2C', 'CNOT8', 'IFITM1', 'RELA'] : 0.15123156189832096
2025-06-10 19:00:50,604 - EnhancedGA - Individual 6: ['KLHL38', 'IKBKB', 'PRUNE', 'CHP', 'PPP1CB', 'MYD88', 'RIPK1', 'FASLG', 'PPP3R2', 'PDE9A', 'GUCY1B3', 'ANAPC4', 'IL3RA', 'CNOT6', 'YWHAH', 'CNOT1', 'CD22', 'NAA38', 'RPS6KA3', 'CDC20', 'PDE10A', 'CARD11', 'POLR3F', 'PATL1', 'LILRB3', 'CANT1', 'AMPD1', 'DCP1B', 'SPDYA', 'MAD2L2', 'CAMK2G', 'CD79B', 'PIK3R2', 'GUCY2C', 'CNOT8', 'IFITM1', 'RELA'] : 0.15162708309764433
2025-06-10 19:00:50,604 - EnhancedGA - Individual 7: ['PDCD1LG2', 'IKBKB', 'PRUNE', 'CHP', 'PPP1CB', 'MYD88', 'RIPK1', 'FASLG', 'PPP3R2', 'PDE9A', 'GUCY1B3', 'ANAPC4', 'IL3RA', 'CNOT6', 'YWHAH', 'CNOT1', 'CD22', 'NAA38', 'RPS6KA3', 'CDC20', 'PDE10A', 'CARD11', 'POLR3F', 'PATL1', 'LILRB3', 'CANT1', 'AMPD1', 'DCP1B', 'SPDYA', 'MAD2L2', 'CAMK2G', 'CD79B', 'PIK3R2', 'GUCY2C', 'CNOT8', 'IFITM1', 'RELA'] : 0.1516562125637704
2025-06-10 19:00:50,604 - EnhancedGA - Individual 8: ['FCRL4', 'IKBKB', 'PRUNE', 'CHP', 'PPP1CB', 'MYD88', 'RIPK1', 'FASLG', 'PPP3R2', 'PDE9A', 'GUCY1B3', 'ANAPC4', 'IL3RA', 'CNOT6', 'YWHAH', 'CNOT1', 'CD22', 'NAA38', 'RPS6KA3', 'CDC20', 'PDE10A', 'CARD11', 'POLR3F', 'PATL1', 'LILRB3', 'CANT1', 'AMPD1', 'DCP1B', 'SPDYA', 'MAD2L2', 'CAMK2G', 'CD79B', 'PIK3R2', 'GUCY2C', 'CNOT8', 'IFITM1', 'RELA'] : 0.15211143807481017
2025-06-10 19:00:50,604 - EnhancedGA - Individual 9: ['TLR7', 'IKBKB', 'PRUNE', 'CHP', 'PPP1CB', 'MYD88', 'RIPK1', 'FASLG', 'PPP3R2', 'PDE9A', 'GUCY1B3', 'ANAPC4', 'IL3RA', 'CNOT6', 'YWHAH', 'CNOT1', 'CD22', 'NAA38', 'RPS6KA3', 'CDC20', 'PDE10A', 'CARD11', 'POLR3F', 'PATL1', 'LILRB3', 'CANT1', 'AMPD1', 'DCP1B', 'SPDYA', 'MAD2L2', 'CAMK2G', 'CD79B', 'PIK3R2', 'GUCY2C', 'CNOT8', 'IFITM1', 'RELA'] : 0.15224616917660092
2025-06-10 19:00:50,604 - EnhancedGA - Individual 10: ['CD37', 'IKBKB', 'PRUNE', 'CHP', 'PPP1CB', 'MYD88', 'RIPK1', 'FASLG', 'PPP3R2', 'PDE9A', 'GUCY1B3', 'ANAPC4', 'IL3RA', 'CNOT6', 'YWHAH', 'CNOT1', 'CD22', 'NAA38', 'RPS6KA3', 'CDC20', 'PDE10A', 'CARD11', 'POLR3F', 'PATL1', 'LILRB3', 'CANT1', 'AMPD1', 'DCP1B', 'SPDYA', 'MAD2L2', 'CAMK2G', 'CD79B', 'PIK3R2', 'GUCY2C', 'CNOT8', 'IFITM1', 'RELA'] : 0.1532523915120683
2025-06-10 19:00:50,606 - EnhancedGA - === MUTATION ===
2025-06-10 19:00:50,606 - EnhancedGA - Mutant before mutation: ['IKBKB', 'PDCD1LG2', 'PRUNE', 'CHP', 'PPP1CB', 'MYD88', 'RIPK1', 'FASLG', 'PPP3R2', 'PDE9A', 'GUCY1B3', 'ANAPC4', 'IL3RA', 'RELA', 'YWHAH', 'CNOT6', 'CNOT1', 'NAA38', 'RPS6KA3', 'CDC20', 'PDE10A', 'CARD11', 'POLR3F', 'PATL1', 'LILRB3', 'CANT1', 'AMPD1', 'DCP1B', 'SPDYA', 'MAD2L2', 'CAMK2G', 'CD79B', 'PIK3R2', 'GUCY2C', 'CNOT8', 'IFITM1', 'CD22'] (size: 37)
2025-06-10 19:00:50,606 - EnhancedGA - Best gene: CD22 (score: 0.216)
2025-06-10 19:00:50,606 - EnhancedGA - Worst gene: IKBKB (score: 0.000)
2025-06-10 19:00:50,661 - EnhancedGA - Gene interaction choice: HCLS1
2025-06-10 19:00:50,661 - EnhancedGA - ***** REPLACEMENT *****
2025-06-10 19:00:50,661 - EnhancedGA - Mutant after mutation: ['HCLS1', 'PDCD1LG2', 'PRUNE', 'CHP', 'PPP1CB', 'MYD88', 'RIPK1', 'FASLG', 'PPP3R2', 'PDE9A', 'GUCY1B3', 'ANAPC4', 'IL3RA', 'RELA', 'YWHAH', 'CNOT6', 'CNOT1', 'NAA38', 'RPS6KA3', 'CDC20', 'PDE10A', 'CARD11', 'POLR3F', 'PATL1', 'LILRB3', 'CANT1', 'AMPD1', 'DCP1B', 'SPDYA', 'MAD2L2', 'CAMK2G', 'CD79B', 'PIK3R2', 'GUCY2C', 'CNOT8', 'IFITM1', 'CD22']
2025-06-10 19:00:50,661 - EnhancedGA - === MUTATION ===
2025-06-10 19:00:50,661 - EnhancedGA - Mutant before mutation: ['IKBKB', 'PRUNE', 'CHP', 'PPP1CB', 'MYD88', 'RIPK1', 'FASLG', 'PPP3R2', 'PDE9A', 'GUCY1B3', 'ANAPC4', 'IL3RA', 'RELA', 'YWHAH', 'CNOT6', 'CNOT1', 'NAA38', 'RPS6KA3', 'CDC20', 'PDE10A', 'CARD11', 'TLR7', 'POLR3F', 'PATL1', 'LILRB3', 'CANT1', 'AMPD1', 'DCP1B', 'SPDYA', 'MAD2L2', 'CAMK2G', 'CD79B', 'PIK3R2', 'GUCY2C', 'CNOT8', 'IFITM1', 'CD22'] (size: 37)
2025-06-10 19:00:50,661 - EnhancedGA - Best gene: CD22 (score: 0.223)
2025-06-10 19:00:50,662 - EnhancedGA - Worst gene: IKBKB (score: 0.000)
2025-06-10 19:00:50,717 - EnhancedGA - Gene interaction choice: CLEC12B
2025-06-10 19:00:50,718 - EnhancedGA - ***** REPLACEMENT *****
2025-06-10 19:00:50,718 - EnhancedGA - Mutant after mutation: ['CLEC12B', 'PRUNE', 'CHP', 'PPP1CB', 'MYD88', 'RIPK1', 'FASLG', 'PPP3R2', 'PDE9A', 'GUCY1B3', 'ANAPC4', 'IL3RA', 'RELA', 'YWHAH', 'CNOT6', 'CNOT1', 'NAA38', 'RPS6KA3', 'CDC20', 'PDE10A', 'CARD11', 'TLR7', 'POLR3F', 'PATL1', 'LILRB3', 'CANT1', 'AMPD1', 'DCP1B', 'SPDYA', 'MAD2L2', 'CAMK2G', 'CD79B', 'PIK3R2', 'GUCY2C', 'CNOT8', 'IFITM1', 'CD22']
2025-06-10 19:00:50,718 - EnhancedGA - === FITNESS EVALUATION ===
2025-06-10 19:01:19,345 - EnhancedGA - Location pairs: 301/351, Avg location: 0.722
2025-06-10 19:01:19,345 - EnhancedGA - Individual 1: Interaction=0.007, Similarity=0.011, Location=0.722, Fitness=0.151
2025-06-10 19:01:46,448 - EnhancedGA - Location pairs: 282/351, Avg location: 0.724
2025-06-10 19:01:46,448 - EnhancedGA - Individual 2: Interaction=0.007, Similarity=0.011, Location=0.724, Fitness=0.152
2025-06-10 19:01:46,448 - EnhancedGA - Fitness list: [0.1514222167551684, 0.15209938122116315]
2025-06-10 19:01:46,449 - EnhancedGA - === GENERATION 5 ===
2025-06-10 19:01:46,449 - EnhancedGA - Population size: 10
2025-06-10 19:01:46,449 - EnhancedGA - Individual 1: ['HCLS1', 'PDCD1LG2', 'PRUNE', 'CHP', 'PPP1CB', 'MYD88', 'RIPK1', 'FASLG', 'PPP3R2', 'PDE9A', 'GUCY1B3', 'ANAPC4', 'IL3RA', 'RELA', 'YWHAH', 'CNOT6', 'CNOT1', 'NAA38', 'RPS6KA3', 'CDC20', 'PDE10A', 'CARD11', 'POLR3F', 'PATL1', 'LILRB3', 'CANT1', 'AMPD1', 'DCP1B', 'SPDYA', 'MAD2L2', 'CAMK2G', 'CD79B', 'PIK3R2', 'GUCY2C', 'CNOT8', 'IFITM1', 'CD22'] : 0.1514222167551684
2025-06-10 19:01:46,449 - EnhancedGA - Individual 2: ['CLEC12B', 'PRUNE', 'CHP', 'PPP1CB', 'MYD88', 'RIPK1', 'FASLG', 'PPP3R2', 'PDE9A', 'GUCY1B3', 'ANAPC4', 'IL3RA', 'RELA', 'YWHAH', 'CNOT6', 'CNOT1', 'NAA38', 'RPS6KA3', 'CDC20', 'PDE10A', 'CARD11', 'TLR7', 'POLR3F', 'PATL1', 'LILRB3', 'CANT1', 'AMPD1', 'DCP1B', 'SPDYA', 'MAD2L2', 'CAMK2G', 'CD79B', 'PIK3R2', 'GUCY2C', 'CNOT8', 'IFITM1', 'CD22'] : 0.15209938122116315
2025-06-10 19:01:46,449 - EnhancedGA - Individual 3: ['CTDNEP1', 'IKBKB', 'PRUNE', 'CHP', 'PPP1CB', 'MYD88', 'RIPK1', 'FASLG', 'PPP3R2', 'PDE9A', 'GUCY1B3', 'ANAPC4', 'IL3RA', 'CNOT6', 'YWHAH', 'CNOT1', 'CD22', 'NAA38', 'RPS6KA3', 'CDC20', 'PDE10A', 'CARD11', 'POLR3F', 'PATL1', 'LILRB3', 'CANT1', 'AMPD1', 'DCP1B', 'SPDYA', 'MAD2L2', 'CAMK2G', 'CD79B', 'PIK3R2', 'GUCY2C', 'CNOT8', 'IFITM1', 'RELA'] : 0.15123156189832096
2025-06-10 19:01:46,449 - EnhancedGA - Individual 4: ['KLHL38', 'IKBKB', 'PRUNE', 'CHP', 'PPP1CB', 'MYD88', 'RIPK1', 'FASLG', 'PPP3R2', 'PDE9A', 'GUCY1B3', 'ANAPC4', 'IL3RA', 'CNOT6', 'YWHAH', 'CNOT1', 'CD22', 'NAA38', 'RPS6KA3', 'CDC20', 'PDE10A', 'CARD11', 'POLR3F', 'PATL1', 'LILRB3', 'CANT1', 'AMPD1', 'DCP1B', 'SPDYA', 'MAD2L2', 'CAMK2G', 'CD79B', 'PIK3R2', 'GUCY2C', 'CNOT8', 'IFITM1', 'RELA'] : 0.15162708309764433
2025-06-10 19:01:46,449 - EnhancedGA - Individual 5: ['PDCD1LG2', 'IKBKB', 'PRUNE', 'CHP', 'PPP1CB', 'MYD88', 'RIPK1', 'FASLG', 'PPP3R2', 'PDE9A', 'GUCY1B3', 'ANAPC4', 'IL3RA', 'CNOT6', 'YWHAH', 'CNOT1', 'CD22', 'NAA38', 'RPS6KA3', 'CDC20', 'PDE10A', 'CARD11', 'POLR3F', 'PATL1', 'LILRB3', 'CANT1', 'AMPD1', 'DCP1B', 'SPDYA', 'MAD2L2', 'CAMK2G', 'CD79B', 'PIK3R2', 'GUCY2C', 'CNOT8', 'IFITM1', 'RELA'] : 0.1516562125637704
2025-06-10 19:01:46,449 - EnhancedGA - Individual 6: ['FCRL4', 'IKBKB', 'PRUNE', 'CHP', 'PPP1CB', 'MYD88', 'RIPK1', 'FASLG', 'PPP3R2', 'PDE9A', 'GUCY1B3', 'ANAPC4', 'IL3RA', 'CNOT6', 'YWHAH', 'CNOT1', 'CD22', 'NAA38', 'RPS6KA3', 'CDC20', 'PDE10A', 'CARD11', 'POLR3F', 'PATL1', 'LILRB3', 'CANT1', 'AMPD1', 'DCP1B', 'SPDYA', 'MAD2L2', 'CAMK2G', 'CD79B', 'PIK3R2', 'GUCY2C', 'CNOT8', 'IFITM1', 'RELA'] : 0.15211143807481017
2025-06-10 19:01:46,449 - EnhancedGA - Individual 7: ['TLR7', 'IKBKB', 'PRUNE', 'CHP', 'PPP1CB', 'MYD88', 'RIPK1', 'FASLG', 'PPP3R2', 'PDE9A', 'GUCY1B3', 'ANAPC4', 'IL3RA', 'CNOT6', 'YWHAH', 'CNOT1', 'CD22', 'NAA38', 'RPS6KA3', 'CDC20', 'PDE10A', 'CARD11', 'POLR3F', 'PATL1', 'LILRB3', 'CANT1', 'AMPD1', 'DCP1B', 'SPDYA', 'MAD2L2', 'CAMK2G', 'CD79B', 'PIK3R2', 'GUCY2C', 'CNOT8', 'IFITM1', 'RELA'] : 0.15224616917660092
2025-06-10 19:01:46,449 - EnhancedGA - Individual 8: ['ACTR1A', 'PRUNE', 'CHP', 'PPP1CB', 'MYD88', 'RIPK1', 'FASLG', 'PPP3R2', 'PDE9A', 'GUCY1B3', 'ANAPC4', 'IL3RA', 'RELA', 'YWHAH', 'CNOT6', 'CNOT1', 'NAA38', 'RPS6KA3', 'CDC20', 'FCRL4', 'PDE10A', 'CARD11', 'POLR3F', 'PATL1', 'LILRB3', 'CANT1', 'AMPD1', 'DCP1B', 'SPDYA', 'MAD2L2', 'CAMK2G', 'CD79B', 'PIK3R2', 'GUCY2C', 'CNOT8', 'IFITM1', 'CD22'] : 0.1528556036699387
2025-06-10 19:01:46,449 - EnhancedGA - Individual 9: ['CD37', 'IKBKB', 'PRUNE', 'CHP', 'PPP1CB', 'MYD88', 'RIPK1', 'FASLG', 'PPP3R2', 'PDE9A', 'GUCY1B3', 'ANAPC4', 'IL3RA', 'CNOT6', 'YWHAH', 'CNOT1', 'CD22', 'NAA38', 'RPS6KA3', 'CDC20', 'PDE10A', 'CARD11', 'POLR3F', 'PATL1', 'LILRB3', 'CANT1', 'AMPD1', 'DCP1B', 'SPDYA', 'MAD2L2', 'CAMK2G', 'CD79B', 'PIK3R2', 'GUCY2C', 'CNOT8', 'IFITM1', 'RELA'] : 0.1532523915120683
2025-06-10 19:01:46,449 - EnhancedGA - Individual 10: ['SPN', 'PRUNE', 'CHP', 'PPP1CB', 'MYD88', 'RIPK1', 'FASLG', 'PPP3R2', 'PDE9A', 'GUCY1B3', 'ANAPC4', 'IL3RA', 'RELA', 'YWHAH', 'CNOT6', 'CNOT1', 'NAA38', 'RPS6KA3', 'CDC20', 'PDE10A', 'CARD11', 'TLR7', 'POLR3F', 'PATL1', 'LILRB3', 'CANT1', 'AMPD1', 'DCP1B', 'SPDYA', 'MAD2L2', 'CAMK2G', 'CD79B', 'PIK3R2', 'GUCY2C', 'CNOT8', 'IFITM1', 'CD22'] : 0.15416526627907717
2025-06-10 19:01:46,451 - EnhancedGA - === MUTATION ===
2025-06-10 19:01:46,451 - EnhancedGA - Mutant before mutation: ['PRUNE', 'CHP', 'PPP1CB', 'MYD88', 'RIPK1', 'FASLG', 'PPP3R2', 'PDE9A', 'GUCY1B3', 'ANAPC4', 'IL3RA', 'YWHAH', 'CNOT6', 'CNOT1', 'CD22', 'NAA38', 'RPS6KA3', 'CDC20', 'PDE10A', 'CARD11', 'TLR7', 'POLR3F', 'PATL1', 'LILRB3', 'CANT1', 'AMPD1', 'SPN', 'DCP1B', 'SPDYA', 'MAD2L2', 'CAMK2G', 'CD79B', 'PIK3R2', 'GUCY2C', 'CNOT8', 'IFITM1', 'RELA'] (size: 37)
2025-06-10 19:01:46,452 - EnhancedGA - Best gene: CD22 (score: 0.260)
2025-06-10 19:01:46,452 - EnhancedGA - Worst gene: PRUNE (score: 0.000)
2025-06-10 19:01:46,509 - EnhancedGA - Gene interaction choice: IL2RB
2025-06-10 19:01:46,510 - EnhancedGA - ***** REPLACEMENT *****
2025-06-10 19:01:46,510 - EnhancedGA - Mutant after mutation: ['IL2RB', 'CHP', 'PPP1CB', 'MYD88', 'RIPK1', 'FASLG', 'PPP3R2', 'PDE9A', 'GUCY1B3', 'ANAPC4', 'IL3RA', 'YWHAH', 'CNOT6', 'CNOT1', 'CD22', 'NAA38', 'RPS6KA3', 'CDC20', 'PDE10A', 'CARD11', 'TLR7', 'POLR3F', 'PATL1', 'LILRB3', 'CANT1', 'AMPD1', 'SPN', 'DCP1B', 'SPDYA', 'MAD2L2', 'CAMK2G', 'CD79B', 'PIK3R2', 'GUCY2C', 'CNOT8', 'IFITM1', 'RELA']
2025-06-10 19:01:46,510 - EnhancedGA - === MUTATION ===
2025-06-10 19:01:46,510 - EnhancedGA - Mutant before mutation: ['IKBKB', 'PRUNE', 'CHP', 'PPP1CB', 'MYD88', 'RIPK1', 'FASLG', 'PPP3R2', 'PDE9A', 'GUCY1B3', 'ANAPC4', 'IL3RA', 'RELA', 'YWHAH', 'CNOT6', 'CNOT1', 'NAA38', 'RPS6KA3', 'CDC20', 'PDE10A', 'CARD11', 'POLR3F', 'PATL1', 'LILRB3', 'CANT1', 'AMPD1', 'CD37', 'DCP1B', 'SPDYA', 'MAD2L2', 'CAMK2G', 'CD79B', 'PIK3R2', 'GUCY2C', 'CNOT8', 'IFITM1', 'CD22'] (size: 37)
2025-06-10 19:01:46,511 - EnhancedGA - Best gene: CD22 (score: 0.233)
2025-06-10 19:01:46,511 - EnhancedGA - Worst gene: IKBKB (score: 0.000)
2025-06-10 19:01:46,563 - EnhancedGA - Gene interaction choice: STK17B
2025-06-10 19:01:46,563 - EnhancedGA - ***** REPLACEMENT *****
2025-06-10 19:01:46,564 - EnhancedGA - Mutant after mutation: ['STK17B', 'PRUNE', 'CHP', 'PPP1CB', 'MYD88', 'RIPK1', 'FASLG', 'PPP3R2', 'PDE9A', 'GUCY1B3', 'ANAPC4', 'IL3RA', 'RELA', 'YWHAH', 'CNOT6', 'CNOT1', 'NAA38', 'RPS6KA3', 'CDC20', 'PDE10A', 'CARD11', 'POLR3F', 'PATL1', 'LILRB3', 'CANT1', 'AMPD1', 'CD37', 'DCP1B', 'SPDYA', 'MAD2L2', 'CAMK2G', 'CD79B', 'PIK3R2', 'GUCY2C', 'CNOT8', 'IFITM1', 'CD22']
2025-06-10 19:01:46,564 - EnhancedGA - === FITNESS EVALUATION ===
2025-06-10 19:02:22,404 - EnhancedGA - Location pairs: 306/351, Avg location: 0.724
2025-06-10 19:02:22,404 - EnhancedGA - Individual 1: Interaction=0.015, Similarity=0.021, Location=0.724, Fitness=0.159
2025-06-10 19:02:45,967 - EnhancedGA - Location pairs: 303/351, Avg location: 0.731
2025-06-10 19:02:45,967 - EnhancedGA - Individual 2: Interaction=0.007, Similarity=0.010, Location=0.731, Fitness=0.153
2025-06-10 19:02:45,967 - EnhancedGA - Fitness list: [0.1591839624222721, 0.1529394886701022]
2025-06-10 19:02:45,967 - EnhancedGA - === GENERATION 6 ===
2025-06-10 19:02:45,967 - EnhancedGA - Population size: 10
2025-06-10 19:02:45,967 - EnhancedGA - Individual 1: ['IL2RB', 'CHP', 'PPP1CB', 'MYD88', 'RIPK1', 'FASLG', 'PPP3R2', 'PDE9A', 'GUCY1B3', 'ANAPC4', 'IL3RA', 'YWHAH', 'CNOT6', 'CNOT1', 'CD22', 'NAA38', 'RPS6KA3', 'CDC20', 'PDE10A', 'CARD11', 'TLR7', 'POLR3F', 'PATL1', 'LILRB3', 'CANT1', 'AMPD1', 'SPN', 'DCP1B', 'SPDYA', 'MAD2L2', 'CAMK2G', 'CD79B', 'PIK3R2', 'GUCY2C', 'CNOT8', 'IFITM1', 'RELA'] : 0.1591839624222721
2025-06-10 19:02:45,967 - EnhancedGA - Individual 2: ['STK17B', 'PRUNE', 'CHP', 'PPP1CB', 'MYD88', 'RIPK1', 'FASLG', 'PPP3R2', 'PDE9A', 'GUCY1B3', 'ANAPC4', 'IL3RA', 'RELA', 'YWHAH', 'CNOT6', 'CNOT1', 'NAA38', 'RPS6KA3', 'CDC20', 'PDE10A', 'CARD11', 'POLR3F', 'PATL1', 'LILRB3', 'CANT1', 'AMPD1', 'CD37', 'DCP1B', 'SPDYA', 'MAD2L2', 'CAMK2G', 'CD79B', 'PIK3R2', 'GUCY2C', 'CNOT8', 'IFITM1', 'CD22'] : 0.1529394886701022
2025-06-10 19:02:45,967 - EnhancedGA - Individual 3: ['KLHL38', 'IKBKB', 'PRUNE', 'CHP', 'PPP1CB', 'MYD88', 'RIPK1', 'FASLG', 'PPP3R2', 'PDE9A', 'GUCY1B3', 'ANAPC4', 'IL3RA', 'CNOT6', 'YWHAH', 'CNOT1', 'CD22', 'NAA38', 'RPS6KA3', 'CDC20', 'PDE10A', 'CARD11', 'POLR3F', 'PATL1', 'LILRB3', 'CANT1', 'AMPD1', 'DCP1B', 'SPDYA', 'MAD2L2', 'CAMK2G', 'CD79B', 'PIK3R2', 'GUCY2C', 'CNOT8', 'IFITM1', 'RELA'] : 0.15162708309764433
2025-06-10 19:02:45,967 - EnhancedGA - Individual 4: ['PDCD1LG2', 'IKBKB', 'PRUNE', 'CHP', 'PPP1CB', 'MYD88', 'RIPK1', 'FASLG', 'PPP3R2', 'PDE9A', 'GUCY1B3', 'ANAPC4', 'IL3RA', 'CNOT6', 'YWHAH', 'CNOT1', 'CD22', 'NAA38', 'RPS6KA3', 'CDC20', 'PDE10A', 'CARD11', 'POLR3F', 'PATL1', 'LILRB3', 'CANT1', 'AMPD1', 'DCP1B', 'SPDYA', 'MAD2L2', 'CAMK2G', 'CD79B', 'PIK3R2', 'GUCY2C', 'CNOT8', 'IFITM1', 'RELA'] : 0.1516562125637704
2025-06-10 19:02:45,967 - EnhancedGA - Individual 5: ['CLEC12B', 'PRUNE', 'CHP', 'PPP1CB', 'MYD88', 'RIPK1', 'FASLG', 'PPP3R2', 'PDE9A', 'GUCY1B3', 'ANAPC4', 'IL3RA', 'RELA', 'YWHAH', 'CNOT6', 'CNOT1', 'NAA38', 'RPS6KA3', 'CDC20', 'PDE10A', 'CARD11', 'TLR7', 'POLR3F', 'PATL1', 'LILRB3', 'CANT1', 'AMPD1', 'DCP1B', 'SPDYA', 'MAD2L2', 'CAMK2G', 'CD79B', 'PIK3R2', 'GUCY2C', 'CNOT8', 'IFITM1', 'CD22'] : 0.15209938122116315
2025-06-10 19:02:45,967 - EnhancedGA - Individual 6: ['FCRL4', 'IKBKB', 'PRUNE', 'CHP', 'PPP1CB', 'MYD88', 'RIPK1', 'FASLG', 'PPP3R2', 'PDE9A', 'GUCY1B3', 'ANAPC4', 'IL3RA', 'CNOT6', 'YWHAH', 'CNOT1', 'CD22', 'NAA38', 'RPS6KA3', 'CDC20', 'PDE10A', 'CARD11', 'POLR3F', 'PATL1', 'LILRB3', 'CANT1', 'AMPD1', 'DCP1B', 'SPDYA', 'MAD2L2', 'CAMK2G', 'CD79B', 'PIK3R2', 'GUCY2C', 'CNOT8', 'IFITM1', 'RELA'] : 0.15211143807481017
2025-06-10 19:02:45,967 - EnhancedGA - Individual 7: ['TLR7', 'IKBKB', 'PRUNE', 'CHP', 'PPP1CB', 'MYD88', 'RIPK1', 'FASLG', 'PPP3R2', 'PDE9A', 'GUCY1B3', 'ANAPC4', 'IL3RA', 'CNOT6', 'YWHAH', 'CNOT1', 'CD22', 'NAA38', 'RPS6KA3', 'CDC20', 'PDE10A', 'CARD11', 'POLR3F', 'PATL1', 'LILRB3', 'CANT1', 'AMPD1', 'DCP1B', 'SPDYA', 'MAD2L2', 'CAMK2G', 'CD79B', 'PIK3R2', 'GUCY2C', 'CNOT8', 'IFITM1', 'RELA'] : 0.15224616917660092
2025-06-10 19:02:45,967 - EnhancedGA - Individual 8: ['ACTR1A', 'PRUNE', 'CHP', 'PPP1CB', 'MYD88', 'RIPK1', 'FASLG', 'PPP3R2', 'PDE9A', 'GUCY1B3', 'ANAPC4', 'IL3RA', 'RELA', 'YWHAH', 'CNOT6', 'CNOT1', 'NAA38', 'RPS6KA3', 'CDC20', 'FCRL4', 'PDE10A', 'CARD11', 'POLR3F', 'PATL1', 'LILRB3', 'CANT1', 'AMPD1', 'DCP1B', 'SPDYA', 'MAD2L2', 'CAMK2G', 'CD79B', 'PIK3R2', 'GUCY2C', 'CNOT8', 'IFITM1', 'CD22'] : 0.1528556036699387
2025-06-10 19:02:45,967 - EnhancedGA - Individual 9: ['CD37', 'IKBKB', 'PRUNE', 'CHP', 'PPP1CB', 'MYD88', 'RIPK1', 'FASLG', 'PPP3R2', 'PDE9A', 'GUCY1B3', 'ANAPC4', 'IL3RA', 'CNOT6', 'YWHAH', 'CNOT1', 'CD22', 'NAA38', 'RPS6KA3', 'CDC20', 'PDE10A', 'CARD11', 'POLR3F', 'PATL1', 'LILRB3', 'CANT1', 'AMPD1', 'DCP1B', 'SPDYA', 'MAD2L2', 'CAMK2G', 'CD79B', 'PIK3R2', 'GUCY2C', 'CNOT8', 'IFITM1', 'RELA'] : 0.1532523915120683
2025-06-10 19:02:45,967 - EnhancedGA - Individual 10: ['SPN', 'PRUNE', 'CHP', 'PPP1CB', 'MYD88', 'RIPK1', 'FASLG', 'PPP3R2', 'PDE9A', 'GUCY1B3', 'ANAPC4', 'IL3RA', 'RELA', 'YWHAH', 'CNOT6', 'CNOT1', 'NAA38', 'RPS6KA3', 'CDC20', 'PDE10A', 'CARD11', 'TLR7', 'POLR3F', 'PATL1', 'LILRB3', 'CANT1', 'AMPD1', 'DCP1B', 'SPDYA', 'MAD2L2', 'CAMK2G', 'CD79B', 'PIK3R2', 'GUCY2C', 'CNOT8', 'IFITM1', 'CD22'] : 0.15416526627907717
2025-06-10 19:02:45,969 - EnhancedGA - === MUTATION ===
2025-06-10 19:02:45,969 - EnhancedGA - Mutant before mutation: ['IKBKB', 'PRUNE', 'CHP', 'MYD88', 'RIPK1', 'FASLG', 'PPP3R2', 'PDE9A', 'GUCY1B3', 'ANAPC4', 'IL3RA', 'RELA', 'YWHAH', 'CNOT6', 'CNOT1', 'NAA38', 'RPS6KA3', 'CDC20', 'PDE10A', 'CARD11', 'POLR3F', 'PATL1', 'LILRB3', 'CANT1', 'AMPD1', 'CD37', 'DCP1B', 'SPDYA', 'MAD2L2', 'CAMK2G', 'CD79B', 'PIK3R2', 'GUCY2C', 'CNOT8', 'IFITM1', 'CD22'] (size: 36)
2025-06-10 19:02:45,970 - EnhancedGA - Best gene: CD22 (score: 0.239)
2025-06-10 19:02:45,970 - EnhancedGA - Worst gene: IKBKB (score: 0.000)
2025-06-10 19:02:46,065 - EnhancedGA - Gene interaction choice: ACTRT3
2025-06-10 19:02:46,065 - EnhancedGA - ***** REPLACEMENT *****
2025-06-10 19:02:46,065 - EnhancedGA - Mutant after mutation: ['ACTRT3', 'PRUNE', 'CHP', 'MYD88', 'RIPK1', 'FASLG', 'PPP3R2', 'PDE9A', 'GUCY1B3', 'ANAPC4', 'IL3RA', 'RELA', 'YWHAH', 'CNOT6', 'CNOT1', 'NAA38', 'RPS6KA3', 'CDC20', 'PDE10A', 'CARD11', 'POLR3F', 'PATL1', 'LILRB3', 'CANT1', 'AMPD1', 'CD37', 'DCP1B', 'SPDYA', 'MAD2L2', 'CAMK2G', 'CD79B', 'PIK3R2', 'GUCY2C', 'CNOT8', 'IFITM1', 'CD22']
2025-06-10 19:02:46,065 - EnhancedGA - === MUTATION ===
2025-06-10 19:02:46,065 - EnhancedGA - Mutant before mutation: ['PRUNE', 'CHP', 'PPP1CB', 'RIPK1', 'FASLG', 'PPP3R2', 'PDE9A', 'GUCY1B3', 'ANAPC4', 'IL3RA', 'YWHAH', 'CNOT6', 'CNOT1', 'CD22', 'NAA38', 'RPS6KA3', 'CDC20', 'PDE10A', 'CARD11', 'TLR7', 'POLR3F', 'PATL1', 'LILRB3', 'CANT1', 'AMPD1', 'SPN', 'DCP1B', 'SPDYA', 'MAD2L2', 'CAMK2G', 'CD79B', 'PIK3R2', 'GUCY2C', 'CNOT8', 'IFITM1', 'RELA'] (size: 36)
2025-06-10 19:02:46,065 - EnhancedGA - Best gene: CD22 (score: 0.267)
2025-06-10 19:02:46,065 - EnhancedGA - Worst gene: PRUNE (score: 0.000)
2025-06-10 19:02:46,151 - EnhancedGA - Gene interaction choice: FLT1
2025-06-10 19:02:46,151 - EnhancedGA - ***** REPLACEMENT *****
2025-06-10 19:02:46,151 - EnhancedGA - Mutant after mutation: ['FLT1', 'CHP', 'PPP1CB', 'RIPK1', 'FASLG', 'PPP3R2', 'PDE9A', 'GUCY1B3', 'ANAPC4', 'IL3RA', 'YWHAH', 'CNOT6', 'CNOT1', 'CD22', 'NAA38', 'RPS6KA3', 'CDC20', 'PDE10A', 'CARD11', 'TLR7', 'POLR3F', 'PATL1', 'LILRB3', 'CANT1', 'AMPD1', 'SPN', 'DCP1B', 'SPDYA', 'MAD2L2', 'CAMK2G', 'CD79B', 'PIK3R2', 'GUCY2C', 'CNOT8', 'IFITM1', 'RELA']
2025-06-10 19:02:46,151 - EnhancedGA - === FITNESS EVALUATION ===
2025-06-10 19:03:17,285 - EnhancedGA - Location pairs: 265/333, Avg location: 0.717
2025-06-10 19:03:17,285 - EnhancedGA - Individual 1: Interaction=0.007, Similarity=0.010, Location=0.717, Fitness=0.150
2025-06-10 19:03:37,230 - EnhancedGA - Location pairs: 274/333, Avg location: 0.726
2025-06-10 19:03:37,230 - EnhancedGA - Individual 2: Interaction=0.009, Similarity=0.012, Location=0.726, Fitness=0.153
2025-06-10 19:03:37,230 - EnhancedGA - Fitness list: [0.15016401733080775, 0.1534833084759325]
2025-06-10 19:03:37,230 - EnhancedGA - === GENERATION 7 ===
2025-06-10 19:03:37,230 - EnhancedGA - Population size: 10
2025-06-10 19:03:37,230 - EnhancedGA - Individual 1: ['ACTRT3', 'PRUNE', 'CHP', 'MYD88', 'RIPK1', 'FASLG', 'PPP3R2', 'PDE9A', 'GUCY1B3', 'ANAPC4', 'IL3RA', 'RELA', 'YWHAH', 'CNOT6', 'CNOT1', 'NAA38', 'RPS6KA3', 'CDC20', 'PDE10A', 'CARD11', 'POLR3F', 'PATL1', 'LILRB3', 'CANT1', 'AMPD1', 'CD37', 'DCP1B', 'SPDYA', 'MAD2L2', 'CAMK2G', 'CD79B', 'PIK3R2', 'GUCY2C', 'CNOT8', 'IFITM1', 'CD22'] : 0.15016401733080775
2025-06-10 19:03:37,230 - EnhancedGA - Individual 2: ['FLT1', 'CHP', 'PPP1CB', 'RIPK1', 'FASLG', 'PPP3R2', 'PDE9A', 'GUCY1B3', 'ANAPC4', 'IL3RA', 'YWHAH', 'CNOT6', 'CNOT1', 'CD22', 'NAA38', 'RPS6KA3', 'CDC20', 'PDE10A', 'CARD11', 'TLR7', 'POLR3F', 'PATL1', 'LILRB3', 'CANT1', 'AMPD1', 'SPN', 'DCP1B', 'SPDYA', 'MAD2L2', 'CAMK2G', 'CD79B', 'PIK3R2', 'GUCY2C', 'CNOT8', 'IFITM1', 'RELA'] : 0.1534833084759325
2025-06-10 19:03:37,230 - EnhancedGA - Individual 3: ['CLEC12B', 'PRUNE', 'CHP', 'PPP1CB', 'MYD88', 'RIPK1', 'FASLG', 'PPP3R2', 'PDE9A', 'GUCY1B3', 'ANAPC4', 'IL3RA', 'RELA', 'YWHAH', 'CNOT6', 'CNOT1', 'NAA38', 'RPS6KA3', 'CDC20', 'PDE10A', 'CARD11', 'TLR7', 'POLR3F', 'PATL1', 'LILRB3', 'CANT1', 'AMPD1', 'DCP1B', 'SPDYA', 'MAD2L2', 'CAMK2G', 'CD79B', 'PIK3R2', 'GUCY2C', 'CNOT8', 'IFITM1', 'CD22'] : 0.15209938122116315
2025-06-10 19:03:37,230 - EnhancedGA - Individual 4: ['FCRL4', 'IKBKB', 'PRUNE', 'CHP', 'PPP1CB', 'MYD88', 'RIPK1', 'FASLG', 'PPP3R2', 'PDE9A', 'GUCY1B3', 'ANAPC4', 'IL3RA', 'CNOT6', 'YWHAH', 'CNOT1', 'CD22', 'NAA38', 'RPS6KA3', 'CDC20', 'PDE10A', 'CARD11', 'POLR3F', 'PATL1', 'LILRB3', 'CANT1', 'AMPD1', 'DCP1B', 'SPDYA', 'MAD2L2', 'CAMK2G', 'CD79B', 'PIK3R2', 'GUCY2C', 'CNOT8', 'IFITM1', 'RELA'] : 0.15211143807481017
2025-06-10 19:03:37,231 - EnhancedGA - Individual 5: ['TLR7', 'IKBKB', 'PRUNE', 'CHP', 'PPP1CB', 'MYD88', 'RIPK1', 'FASLG', 'PPP3R2', 'PDE9A', 'GUCY1B3', 'ANAPC4', 'IL3RA', 'CNOT6', 'YWHAH', 'CNOT1', 'CD22', 'NAA38', 'RPS6KA3', 'CDC20', 'PDE10A', 'CARD11', 'POLR3F', 'PATL1', 'LILRB3', 'CANT1', 'AMPD1', 'DCP1B', 'SPDYA', 'MAD2L2', 'CAMK2G', 'CD79B', 'PIK3R2', 'GUCY2C', 'CNOT8', 'IFITM1', 'RELA'] : 0.15224616917660092
2025-06-10 19:03:37,231 - EnhancedGA - Individual 6: ['ACTR1A', 'PRUNE', 'CHP', 'PPP1CB', 'MYD88', 'RIPK1', 'FASLG', 'PPP3R2', 'PDE9A', 'GUCY1B3', 'ANAPC4', 'IL3RA', 'RELA', 'YWHAH', 'CNOT6', 'CNOT1', 'NAA38', 'RPS6KA3', 'CDC20', 'FCRL4', 'PDE10A', 'CARD11', 'POLR3F', 'PATL1', 'LILRB3', 'CANT1', 'AMPD1', 'DCP1B', 'SPDYA', 'MAD2L2', 'CAMK2G', 'CD79B', 'PIK3R2', 'GUCY2C', 'CNOT8', 'IFITM1', 'CD22'] : 0.1528556036699387
2025-06-10 19:03:37,231 - EnhancedGA - Individual 7: ['STK17B', 'PRUNE', 'CHP', 'PPP1CB', 'MYD88', 'RIPK1', 'FASLG', 'PPP3R2', 'PDE9A', 'GUCY1B3', 'ANAPC4', 'IL3RA', 'RELA', 'YWHAH', 'CNOT6', 'CNOT1', 'NAA38', 'RPS6KA3', 'CDC20', 'PDE10A', 'CARD11', 'POLR3F', 'PATL1', 'LILRB3', 'CANT1', 'AMPD1', 'CD37', 'DCP1B', 'SPDYA', 'MAD2L2', 'CAMK2G', 'CD79B', 'PIK3R2', 'GUCY2C', 'CNOT8', 'IFITM1', 'CD22'] : 0.1529394886701022
2025-06-10 19:03:37,231 - EnhancedGA - Individual 8: ['CD37', 'IKBKB', 'PRUNE', 'CHP', 'PPP1CB', 'MYD88', 'RIPK1', 'FASLG', 'PPP3R2', 'PDE9A', 'GUCY1B3', 'ANAPC4', 'IL3RA', 'CNOT6', 'YWHAH', 'CNOT1', 'CD22', 'NAA38', 'RPS6KA3', 'CDC20', 'PDE10A', 'CARD11', 'POLR3F', 'PATL1', 'LILRB3', 'CANT1', 'AMPD1', 'DCP1B', 'SPDYA', 'MAD2L2', 'CAMK2G', 'CD79B', 'PIK3R2', 'GUCY2C', 'CNOT8', 'IFITM1', 'RELA'] : 0.1532523915120683
2025-06-10 19:03:37,231 - EnhancedGA - Individual 9: ['SPN', 'PRUNE', 'CHP', 'PPP1CB', 'MYD88', 'RIPK1', 'FASLG', 'PPP3R2', 'PDE9A', 'GUCY1B3', 'ANAPC4', 'IL3RA', 'RELA', 'YWHAH', 'CNOT6', 'CNOT1', 'NAA38', 'RPS6KA3', 'CDC20', 'PDE10A', 'CARD11', 'TLR7', 'POLR3F', 'PATL1', 'LILRB3', 'CANT1', 'AMPD1', 'DCP1B', 'SPDYA', 'MAD2L2', 'CAMK2G', 'CD79B', 'PIK3R2', 'GUCY2C', 'CNOT8', 'IFITM1', 'CD22'] : 0.15416526627907717
2025-06-10 19:03:37,231 - EnhancedGA - Individual 10: ['IL2RB', 'CHP', 'PPP1CB', 'MYD88', 'RIPK1', 'FASLG', 'PPP3R2', 'PDE9A', 'GUCY1B3', 'ANAPC4', 'IL3RA', 'YWHAH', 'CNOT6', 'CNOT1', 'CD22', 'NAA38', 'RPS6KA3', 'CDC20', 'PDE10A', 'CARD11', 'TLR7', 'POLR3F', 'PATL1', 'LILRB3', 'CANT1', 'AMPD1', 'SPN', 'DCP1B', 'SPDYA', 'MAD2L2', 'CAMK2G', 'CD79B', 'PIK3R2', 'GUCY2C', 'CNOT8', 'IFITM1', 'RELA'] : 0.1591839624222721
2025-06-10 19:03:37,232 - EnhancedGA - === MUTATION ===
2025-06-10 19:03:37,232 - EnhancedGA - Mutant before mutation: ['IKBKB', 'PRUNE', 'CHP', 'PPP1CB', 'MYD88', 'RIPK1', 'FASLG', 'PPP3R2', 'PDE9A', 'GUCY1B3', 'ANAPC4', 'IL3RA', 'RELA', 'YWHAH', 'CNOT6', 'CNOT1', 'RPS6KA3', 'CDC20', 'PDE10A', 'CARD11', 'POLR3F', 'PATL1', 'LILRB3', 'CANT1', 'AMPD1', 'CD37', 'DCP1B', 'SPDYA', 'MAD2L2', 'CAMK2G', 'CD79B', 'PIK3R2', 'GUCY2C', 'CNOT8', 'IFITM1', 'CD22'] (size: 36)
2025-06-10 19:03:37,233 - EnhancedGA - Best gene: CD22 (score: 0.239)
2025-06-10 19:03:37,233 - EnhancedGA - Worst gene: IKBKB (score: 0.000)
2025-06-10 19:03:37,289 - EnhancedGA - Gene interaction choice: SPEG
2025-06-10 19:03:37,289 - EnhancedGA - ***** REPLACEMENT *****
2025-06-10 19:03:37,289 - EnhancedGA - Mutant after mutation: ['SPEG', 'PRUNE', 'CHP', 'PPP1CB', 'MYD88', 'RIPK1', 'FASLG', 'PPP3R2', 'PDE9A', 'GUCY1B3', 'ANAPC4', 'IL3RA', 'RELA', 'YWHAH', 'CNOT6', 'CNOT1', 'RPS6KA3', 'CDC20', 'PDE10A', 'CARD11', 'POLR3F', 'PATL1', 'LILRB3', 'CANT1', 'AMPD1', 'CD37', 'DCP1B', 'SPDYA', 'MAD2L2', 'CAMK2G', 'CD79B', 'PIK3R2', 'GUCY2C', 'CNOT8', 'IFITM1', 'CD22']
2025-06-10 19:03:37,289 - EnhancedGA - === MUTATION ===
2025-06-10 19:03:37,289 - EnhancedGA - Mutant before mutation: ['PRUNE', 'CHP', 'PPP1CB', 'MYD88', 'RIPK1', 'FASLG', 'PPP3R2', 'PDE9A', 'GUCY1B3', 'ANAPC4', 'IL3RA', 'YWHAH', 'CNOT6', 'CNOT1', 'CD22', 'NAA38', 'CDC20', 'PDE10A', 'CARD11', 'TLR7', 'POLR3F', 'PATL1', 'LILRB3', 'CANT1', 'AMPD1', 'SPN', 'DCP1B', 'SPDYA', 'MAD2L2', 'CAMK2G', 'CD79B', 'PIK3R2', 'GUCY2C', 'CNOT8', 'IFITM1', 'RELA'] (size: 36)
2025-06-10 19:03:37,290 - EnhancedGA - Best gene: CD22 (score: 0.267)
2025-06-10 19:03:37,290 - EnhancedGA - Worst gene: PRUNE (score: 0.000)
2025-06-10 19:03:37,343 - EnhancedGA - Gene interaction choice: FCER2
2025-06-10 19:03:37,343 - EnhancedGA - ***** REPLACEMENT *****
2025-06-10 19:03:37,343 - EnhancedGA - Mutant after mutation: ['FCER2', 'CHP', 'PPP1CB', 'MYD88', 'RIPK1', 'FASLG', 'PPP3R2', 'PDE9A', 'GUCY1B3', 'ANAPC4', 'IL3RA', 'YWHAH', 'CNOT6', 'CNOT1', 'CD22', 'NAA38', 'CDC20', 'PDE10A', 'CARD11', 'TLR7', 'POLR3F', 'PATL1', 'LILRB3', 'CANT1', 'AMPD1', 'SPN', 'DCP1B', 'SPDYA', 'MAD2L2', 'CAMK2G', 'CD79B', 'PIK3R2', 'GUCY2C', 'CNOT8', 'IFITM1', 'RELA']
2025-06-10 19:03:37,343 - EnhancedGA - === FITNESS EVALUATION ===
2025-06-10 19:03:53,592 - EnhancedGA - Location pairs: 270/333, Avg location: 0.736
2025-06-10 19:03:53,593 - EnhancedGA - Individual 1: Interaction=0.008, Similarity=0.011, Location=0.736, Fitness=0.154
2025-06-10 19:04:12,731 - EnhancedGA - Location pairs: 290/333, Avg location: 0.743
2025-06-10 19:04:12,731 - EnhancedGA - Individual 2: Interaction=0.009, Similarity=0.012, Location=0.743, Fitness=0.157
2025-06-10 19:04:12,731 - EnhancedGA - Fitness list: [0.1543330819983616, 0.1573414508066448]
2025-06-10 19:04:12,731 - EnhancedGA - === GENERATION 8 ===
2025-06-10 19:04:12,731 - EnhancedGA - Population size: 10
2025-06-10 19:04:12,731 - EnhancedGA - Individual 1: ['SPEG', 'PRUNE', 'CHP', 'PPP1CB', 'MYD88', 'RIPK1', 'FASLG', 'PPP3R2', 'PDE9A', 'GUCY1B3', 'ANAPC4', 'IL3RA', 'RELA', 'YWHAH', 'CNOT6', 'CNOT1', 'RPS6KA3', 'CDC20', 'PDE10A', 'CARD11', 'POLR3F', 'PATL1', 'LILRB3', 'CANT1', 'AMPD1', 'CD37', 'DCP1B', 'SPDYA', 'MAD2L2', 'CAMK2G', 'CD79B', 'PIK3R2', 'GUCY2C', 'CNOT8', 'IFITM1', 'CD22'] : 0.1543330819983616
2025-06-10 19:04:12,731 - EnhancedGA - Individual 2: ['FCER2', 'CHP', 'PPP1CB', 'MYD88', 'RIPK1', 'FASLG', 'PPP3R2', 'PDE9A', 'GUCY1B3', 'ANAPC4', 'IL3RA', 'YWHAH', 'CNOT6', 'CNOT1', 'CD22', 'NAA38', 'CDC20', 'PDE10A', 'CARD11', 'TLR7', 'POLR3F', 'PATL1', 'LILRB3', 'CANT1', 'AMPD1', 'SPN', 'DCP1B', 'SPDYA', 'MAD2L2', 'CAMK2G', 'CD79B', 'PIK3R2', 'GUCY2C', 'CNOT8', 'IFITM1', 'RELA'] : 0.1573414508066448
2025-06-10 19:04:12,731 - EnhancedGA - Individual 3: ['FCRL4', 'IKBKB', 'PRUNE', 'CHP', 'PPP1CB', 'MYD88', 'RIPK1', 'FASLG', 'PPP3R2', 'PDE9A', 'GUCY1B3', 'ANAPC4', 'IL3RA', 'CNOT6', 'YWHAH', 'CNOT1', 'CD22', 'NAA38', 'RPS6KA3', 'CDC20', 'PDE10A', 'CARD11', 'POLR3F', 'PATL1', 'LILRB3', 'CANT1', 'AMPD1', 'DCP1B', 'SPDYA', 'MAD2L2', 'CAMK2G', 'CD79B', 'PIK3R2', 'GUCY2C', 'CNOT8', 'IFITM1', 'RELA'] : 0.15211143807481017
2025-06-10 19:04:12,731 - EnhancedGA - Individual 4: ['TLR7', 'IKBKB', 'PRUNE', 'CHP', 'PPP1CB', 'MYD88', 'RIPK1', 'FASLG', 'PPP3R2', 'PDE9A', 'GUCY1B3', 'ANAPC4', 'IL3RA', 'CNOT6', 'YWHAH', 'CNOT1', 'CD22', 'NAA38', 'RPS6KA3', 'CDC20', 'PDE10A', 'CARD11', 'POLR3F', 'PATL1', 'LILRB3', 'CANT1', 'AMPD1', 'DCP1B', 'SPDYA', 'MAD2L2', 'CAMK2G', 'CD79B', 'PIK3R2', 'GUCY2C', 'CNOT8', 'IFITM1', 'RELA'] : 0.15224616917660092
2025-06-10 19:04:12,731 - EnhancedGA - Individual 5: ['ACTR1A', 'PRUNE', 'CHP', 'PPP1CB', 'MYD88', 'RIPK1', 'FASLG', 'PPP3R2', 'PDE9A', 'GUCY1B3', 'ANAPC4', 'IL3RA', 'RELA', 'YWHAH', 'CNOT6', 'CNOT1', 'NAA38', 'RPS6KA3', 'CDC20', 'FCRL4', 'PDE10A', 'CARD11', 'POLR3F', 'PATL1', 'LILRB3', 'CANT1', 'AMPD1', 'DCP1B', 'SPDYA', 'MAD2L2', 'CAMK2G', 'CD79B', 'PIK3R2', 'GUCY2C', 'CNOT8', 'IFITM1', 'CD22'] : 0.1528556036699387
2025-06-10 19:04:12,732 - EnhancedGA - Individual 6: ['STK17B', 'PRUNE', 'CHP', 'PPP1CB', 'MYD88', 'RIPK1', 'FASLG', 'PPP3R2', 'PDE9A', 'GUCY1B3', 'ANAPC4', 'IL3RA', 'RELA', 'YWHAH', 'CNOT6', 'CNOT1', 'NAA38', 'RPS6KA3', 'CDC20', 'PDE10A', 'CARD11', 'POLR3F', 'PATL1', 'LILRB3', 'CANT1', 'AMPD1', 'CD37', 'DCP1B', 'SPDYA', 'MAD2L2', 'CAMK2G', 'CD79B', 'PIK3R2', 'GUCY2C', 'CNOT8', 'IFITM1', 'CD22'] : 0.1529394886701022
2025-06-10 19:04:12,732 - EnhancedGA - Individual 7: ['CD37', 'IKBKB', 'PRUNE', 'CHP', 'PPP1CB', 'MYD88', 'RIPK1', 'FASLG', 'PPP3R2', 'PDE9A', 'GUCY1B3', 'ANAPC4', 'IL3RA', 'CNOT6', 'YWHAH', 'CNOT1', 'CD22', 'NAA38', 'RPS6KA3', 'CDC20', 'PDE10A', 'CARD11', 'POLR3F', 'PATL1', 'LILRB3', 'CANT1', 'AMPD1', 'DCP1B', 'SPDYA', 'MAD2L2', 'CAMK2G', 'CD79B', 'PIK3R2', 'GUCY2C', 'CNOT8', 'IFITM1', 'RELA'] : 0.1532523915120683
2025-06-10 19:04:12,732 - EnhancedGA - Individual 8: ['FLT1', 'CHP', 'PPP1CB', 'RIPK1', 'FASLG', 'PPP3R2', 'PDE9A', 'GUCY1B3', 'ANAPC4', 'IL3RA', 'YWHAH', 'CNOT6', 'CNOT1', 'CD22', 'NAA38', 'RPS6KA3', 'CDC20', 'PDE10A', 'CARD11', 'TLR7', 'POLR3F', 'PATL1', 'LILRB3', 'CANT1', 'AMPD1', 'SPN', 'DCP1B', 'SPDYA', 'MAD2L2', 'CAMK2G', 'CD79B', 'PIK3R2', 'GUCY2C', 'CNOT8', 'IFITM1', 'RELA'] : 0.1534833084759325
2025-06-10 19:04:12,732 - EnhancedGA - Individual 9: ['SPN', 'PRUNE', 'CHP', 'PPP1CB', 'MYD88', 'RIPK1', 'FASLG', 'PPP3R2', 'PDE9A', 'GUCY1B3', 'ANAPC4', 'IL3RA', 'RELA', 'YWHAH', 'CNOT6', 'CNOT1', 'NAA38', 'RPS6KA3', 'CDC20', 'PDE10A', 'CARD11', 'TLR7', 'POLR3F', 'PATL1', 'LILRB3', 'CANT1', 'AMPD1', 'DCP1B', 'SPDYA', 'MAD2L2', 'CAMK2G', 'CD79B', 'PIK3R2', 'GUCY2C', 'CNOT8', 'IFITM1', 'CD22'] : 0.15416526627907717
2025-06-10 19:04:12,732 - EnhancedGA - Individual 10: ['IL2RB', 'CHP', 'PPP1CB', 'MYD88', 'RIPK1', 'FASLG', 'PPP3R2', 'PDE9A', 'GUCY1B3', 'ANAPC4', 'IL3RA', 'YWHAH', 'CNOT6', 'CNOT1', 'CD22', 'NAA38', 'RPS6KA3', 'CDC20', 'PDE10A', 'CARD11', 'TLR7', 'POLR3F', 'PATL1', 'LILRB3', 'CANT1', 'AMPD1', 'SPN', 'DCP1B', 'SPDYA', 'MAD2L2', 'CAMK2G', 'CD79B', 'PIK3R2', 'GUCY2C', 'CNOT8', 'IFITM1', 'RELA'] : 0.1591839624222721
2025-06-10 19:04:12,733 - EnhancedGA - === MUTATION ===
2025-06-10 19:04:12,733 - EnhancedGA - Mutant before mutation: ['PRUNE', 'PPP1CB', 'MYD88', 'RIPK1', 'FASLG', 'PPP3R2', 'STK17B', 'PDE9A', 'GUCY1B3', 'ANAPC4', 'IL3RA', 'YWHAH', 'CNOT6', 'CNOT1', 'CD22', 'NAA38', 'RPS6KA3', 'CDC20', 'PDE10A', 'CARD11', 'POLR3F', 'PATL1', 'LILRB3', 'CANT1', 'AMPD1', 'CD37', 'DCP1B', 'SPDYA', 'MAD2L2', 'CAMK2G', 'CD79B', 'PIK3R2', 'GUCY2C', 'CNOT8', 'IFITM1', 'RELA'] (size: 36)
2025-06-10 19:04:12,734 - EnhancedGA - Best gene: CD22 (score: 0.257)
2025-06-10 19:04:12,734 - EnhancedGA - Worst gene: PRUNE (score: 0.000)
2025-06-10 19:04:12,792 - EnhancedGA - Gene interaction choice: CD27
2025-06-10 19:04:12,792 - EnhancedGA - ***** REPLACEMENT *****
2025-06-10 19:04:12,792 - EnhancedGA - Mutant after mutation: ['CD27', 'PPP1CB', 'MYD88', 'RIPK1', 'FASLG', 'PPP3R2', 'STK17B', 'PDE9A', 'GUCY1B3', 'ANAPC4', 'IL3RA', 'YWHAH', 'CNOT6', 'CNOT1', 'CD22', 'NAA38', 'RPS6KA3', 'CDC20', 'PDE10A', 'CARD11', 'POLR3F', 'PATL1', 'LILRB3', 'CANT1', 'AMPD1', 'CD37', 'DCP1B', 'SPDYA', 'MAD2L2', 'CAMK2G', 'CD79B', 'PIK3R2', 'GUCY2C', 'CNOT8', 'IFITM1', 'RELA']
2025-06-10 19:04:12,792 - EnhancedGA - === MUTATION ===
2025-06-10 19:04:12,792 - EnhancedGA - Mutant before mutation: ['CHP', 'MYD88', 'RIPK1', 'FASLG', 'PPP3R2', 'PDE9A', 'GUCY1B3', 'ANAPC4', 'IL3RA', 'RELA', 'CNOT6', 'YWHAH', 'IL2RB', 'CNOT1', 'NAA38', 'RPS6KA3', 'CDC20', 'PDE10A', 'CARD11', 'TLR7', 'POLR3F', 'PATL1', 'LILRB3', 'CANT1', 'AMPD1', 'SPN', 'DCP1B', 'SPDYA', 'MAD2L2', 'CAMK2G', 'CD79B', 'PIK3R2', 'GUCY2C', 'CNOT8', 'IFITM1', 'CD22'] (size: 36)
2025-06-10 19:04:12,793 - EnhancedGA - Best gene: IL2RB (score: 0.342)
2025-06-10 19:04:12,793 - EnhancedGA - Worst gene: CHP (score: 0.000)
2025-06-10 19:04:12,849 - EnhancedGA - Gene interaction choice: BTN3A3
2025-06-10 19:04:12,849 - EnhancedGA - ***** REPLACEMENT *****
2025-06-10 19:04:12,849 - EnhancedGA - Mutant after mutation: ['BTN3A3', 'MYD88', 'RIPK1', 'FASLG', 'PPP3R2', 'PDE9A', 'GUCY1B3', 'ANAPC4', 'IL3RA', 'RELA', 'CNOT6', 'YWHAH', 'IL2RB', 'CNOT1', 'NAA38', 'RPS6KA3', 'CDC20', 'PDE10A', 'CARD11', 'TLR7', 'POLR3F', 'PATL1', 'LILRB3', 'CANT1', 'AMPD1', 'SPN', 'DCP1B', 'SPDYA', 'MAD2L2', 'CAMK2G', 'CD79B', 'PIK3R2', 'GUCY2C', 'CNOT8', 'IFITM1', 'CD22']
2025-06-10 19:04:12,849 - EnhancedGA - === FITNESS EVALUATION ===
2025-06-10 19:04:33,211 - EnhancedGA - Location pairs: 269/333, Avg location: 0.714
2025-06-10 19:04:33,211 - EnhancedGA - Individual 1: Interaction=0.008, Similarity=0.011, Location=0.714, Fitness=0.151
2025-06-10 19:04:52,328 - EnhancedGA - Location pairs: 275/333, Avg location: 0.700
2025-06-10 19:04:52,328 - EnhancedGA - Individual 2: Interaction=0.016, Similarity=0.023, Location=0.700, Fitness=0.156
2025-06-10 19:04:52,328 - EnhancedGA - Fitness list: [0.15076330154286532, 0.15570401621159985]
2025-06-10 19:04:52,328 - EnhancedGA - === GENERATION 9 ===
2025-06-10 19:04:52,328 - EnhancedGA - Population size: 10
2025-06-10 19:04:52,328 - EnhancedGA - Individual 1: ['CD27', 'PPP1CB', 'MYD88', 'RIPK1', 'FASLG', 'PPP3R2', 'STK17B', 'PDE9A', 'GUCY1B3', 'ANAPC4', 'IL3RA', 'YWHAH', 'CNOT6', 'CNOT1', 'CD22', 'NAA38', 'RPS6KA3', 'CDC20', 'PDE10A', 'CARD11', 'POLR3F', 'PATL1', 'LILRB3', 'CANT1', 'AMPD1', 'CD37', 'DCP1B', 'SPDYA', 'MAD2L2', 'CAMK2G', 'CD79B', 'PIK3R2', 'GUCY2C', 'CNOT8', 'IFITM1', 'RELA'] : 0.15076330154286532
2025-06-10 19:04:52,328 - EnhancedGA - Individual 2: ['BTN3A3', 'MYD88', 'RIPK1', 'FASLG', 'PPP3R2', 'PDE9A', 'GUCY1B3', 'ANAPC4', 'IL3RA', 'RELA', 'CNOT6', 'YWHAH', 'IL2RB', 'CNOT1', 'NAA38', 'RPS6KA3', 'CDC20', 'PDE10A', 'CARD11', 'TLR7', 'POLR3F', 'PATL1', 'LILRB3', 'CANT1', 'AMPD1', 'SPN', 'DCP1B', 'SPDYA', 'MAD2L2', 'CAMK2G', 'CD79B', 'PIK3R2', 'GUCY2C', 'CNOT8', 'IFITM1', 'CD22'] : 0.15570401621159985
2025-06-10 19:04:52,328 - EnhancedGA - Individual 3: ['ACTR1A', 'PRUNE', 'CHP', 'PPP1CB', 'MYD88', 'RIPK1', 'FASLG', 'PPP3R2', 'PDE9A', 'GUCY1B3', 'ANAPC4', 'IL3RA', 'RELA', 'YWHAH', 'CNOT6', 'CNOT1', 'NAA38', 'RPS6KA3', 'CDC20', 'FCRL4', 'PDE10A', 'CARD11', 'POLR3F', 'PATL1', 'LILRB3', 'CANT1', 'AMPD1', 'DCP1B', 'SPDYA', 'MAD2L2', 'CAMK2G', 'CD79B', 'PIK3R2', 'GUCY2C', 'CNOT8', 'IFITM1', 'CD22'] : 0.1528556036699387
2025-06-10 19:04:52,328 - EnhancedGA - Individual 4: ['STK17B', 'PRUNE', 'CHP', 'PPP1CB', 'MYD88', 'RIPK1', 'FASLG', 'PPP3R2', 'PDE9A', 'GUCY1B3', 'ANAPC4', 'IL3RA', 'RELA', 'YWHAH', 'CNOT6', 'CNOT1', 'NAA38', 'RPS6KA3', 'CDC20', 'PDE10A', 'CARD11', 'POLR3F', 'PATL1', 'LILRB3', 'CANT1', 'AMPD1', 'CD37', 'DCP1B', 'SPDYA', 'MAD2L2', 'CAMK2G', 'CD79B', 'PIK3R2', 'GUCY2C', 'CNOT8', 'IFITM1', 'CD22'] : 0.1529394886701022
2025-06-10 19:04:52,328 - EnhancedGA - Individual 5: ['CD37', 'IKBKB', 'PRUNE', 'CHP', 'PPP1CB', 'MYD88', 'RIPK1', 'FASLG', 'PPP3R2', 'PDE9A', 'GUCY1B3', 'ANAPC4', 'IL3RA', 'CNOT6', 'YWHAH', 'CNOT1', 'CD22', 'NAA38', 'RPS6KA3', 'CDC20', 'PDE10A', 'CARD11', 'POLR3F', 'PATL1', 'LILRB3', 'CANT1', 'AMPD1', 'DCP1B', 'SPDYA', 'MAD2L2', 'CAMK2G', 'CD79B', 'PIK3R2', 'GUCY2C', 'CNOT8', 'IFITM1', 'RELA'] : 0.1532523915120683
2025-06-10 19:04:52,328 - EnhancedGA - Individual 6: ['FLT1', 'CHP', 'PPP1CB', 'RIPK1', 'FASLG', 'PPP3R2', 'PDE9A', 'GUCY1B3', 'ANAPC4', 'IL3RA', 'YWHAH', 'CNOT6', 'CNOT1', 'CD22', 'NAA38', 'RPS6KA3', 'CDC20', 'PDE10A', 'CARD11', 'TLR7', 'POLR3F', 'PATL1', 'LILRB3', 'CANT1', 'AMPD1', 'SPN', 'DCP1B', 'SPDYA', 'MAD2L2', 'CAMK2G', 'CD79B', 'PIK3R2', 'GUCY2C', 'CNOT8', 'IFITM1', 'RELA'] : 0.1534833084759325
2025-06-10 19:04:52,328 - EnhancedGA - Individual 7: ['SPN', 'PRUNE', 'CHP', 'PPP1CB', 'MYD88', 'RIPK1', 'FASLG', 'PPP3R2', 'PDE9A', 'GUCY1B3', 'ANAPC4', 'IL3RA', 'RELA', 'YWHAH', 'CNOT6', 'CNOT1', 'NAA38', 'RPS6KA3', 'CDC20', 'PDE10A', 'CARD11', 'TLR7', 'POLR3F', 'PATL1', 'LILRB3', 'CANT1', 'AMPD1', 'DCP1B', 'SPDYA', 'MAD2L2', 'CAMK2G', 'CD79B', 'PIK3R2', 'GUCY2C', 'CNOT8', 'IFITM1', 'CD22'] : 0.15416526627907717
2025-06-10 19:04:52,328 - EnhancedGA - Individual 8: ['SPEG', 'PRUNE', 'CHP', 'PPP1CB', 'MYD88', 'RIPK1', 'FASLG', 'PPP3R2', 'PDE9A', 'GUCY1B3', 'ANAPC4', 'IL3RA', 'RELA', 'YWHAH', 'CNOT6', 'CNOT1', 'RPS6KA3', 'CDC20', 'PDE10A', 'CARD11', 'POLR3F', 'PATL1', 'LILRB3', 'CANT1', 'AMPD1', 'CD37', 'DCP1B', 'SPDYA', 'MAD2L2', 'CAMK2G', 'CD79B', 'PIK3R2', 'GUCY2C', 'CNOT8', 'IFITM1', 'CD22'] : 0.1543330819983616
2025-06-10 19:04:52,328 - EnhancedGA - Individual 9: ['FCER2', 'CHP', 'PPP1CB', 'MYD88', 'RIPK1', 'FASLG', 'PPP3R2', 'PDE9A', 'GUCY1B3', 'ANAPC4', 'IL3RA', 'YWHAH', 'CNOT6', 'CNOT1', 'CD22', 'NAA38', 'CDC20', 'PDE10A', 'CARD11', 'TLR7', 'POLR3F', 'PATL1', 'LILRB3', 'CANT1', 'AMPD1', 'SPN', 'DCP1B', 'SPDYA', 'MAD2L2', 'CAMK2G', 'CD79B', 'PIK3R2', 'GUCY2C', 'CNOT8', 'IFITM1', 'RELA'] : 0.1573414508066448
2025-06-10 19:04:52,328 - EnhancedGA - Individual 10: ['IL2RB', 'CHP', 'PPP1CB', 'MYD88', 'RIPK1', 'FASLG', 'PPP3R2', 'PDE9A', 'GUCY1B3', 'ANAPC4', 'IL3RA', 'YWHAH', 'CNOT6', 'CNOT1', 'CD22', 'NAA38', 'RPS6KA3', 'CDC20', 'PDE10A', 'CARD11', 'TLR7', 'POLR3F', 'PATL1', 'LILRB3', 'CANT1', 'AMPD1', 'SPN', 'DCP1B', 'SPDYA', 'MAD2L2', 'CAMK2G', 'CD79B', 'PIK3R2', 'GUCY2C', 'CNOT8', 'IFITM1', 'RELA'] : 0.1591839624222721
2025-06-10 19:04:52,331 - EnhancedGA - === MUTATION ===
2025-06-10 19:04:52,331 - EnhancedGA - Mutant before mutation: ['CHP', 'PPP1CB', 'RIPK1', 'FASLG', 'FLT1', 'PPP3R2', 'PDE9A', 'GUCY1B3', 'ANAPC4', 'IL3RA', 'RELA', 'CNOT6', 'YWHAH', 'CNOT1', 'NAA38', 'RPS6KA3', 'CDC20', 'PDE10A', 'CARD11', 'TLR7', 'PATL1', 'LILRB3', 'CANT1', 'AMPD1', 'SPN', 'DCP1B', 'SPDYA', 'MAD2L2', 'CAMK2G', 'CD79B', 'PIK3R2', 'GUCY2C', 'CNOT8', 'IFITM1', 'CD22'] (size: 35)
2025-06-10 19:04:52,331 - EnhancedGA - Best gene: CD22 (score: 0.295)
2025-06-10 19:04:52,331 - EnhancedGA - Worst gene: CHP (score: 0.000)
2025-06-10 19:04:52,387 - EnhancedGA - Gene interaction choice: MAGEA3
2025-06-10 19:04:52,388 - EnhancedGA - ***** REPLACEMENT *****
2025-06-10 19:04:52,388 - EnhancedGA - Mutant after mutation: ['MAGEA3', 'PPP1CB', 'RIPK1', 'FASLG', 'FLT1', 'PPP3R2', 'PDE9A', 'GUCY1B3', 'ANAPC4', 'IL3RA', 'RELA', 'CNOT6', 'YWHAH', 'CNOT1', 'NAA38', 'RPS6KA3', 'CDC20', 'PDE10A', 'CARD11', 'TLR7', 'PATL1', 'LILRB3', 'CANT1', 'AMPD1', 'SPN', 'DCP1B', 'SPDYA', 'MAD2L2', 'CAMK2G', 'CD79B', 'PIK3R2', 'GUCY2C', 'CNOT8', 'IFITM1', 'CD22']
2025-06-10 19:04:52,388 - EnhancedGA - === MUTATION ===
2025-06-10 19:04:52,388 - EnhancedGA - Mutant before mutation: ['PRUNE', 'CHP', 'PPP1CB', 'MYD88', 'RIPK1', 'FASLG', 'PPP3R2', 'STK17B', 'PDE9A', 'GUCY1B3', 'ANAPC4', 'IL3RA', 'YWHAH', 'CNOT6', 'CNOT1', 'CD22', 'NAA38', 'RPS6KA3', 'CDC20', 'PDE10A', 'POLR3F', 'PATL1', 'LILRB3', 'CANT1', 'AMPD1', 'CD37', 'DCP1B', 'SPDYA', 'MAD2L2', 'CAMK2G', 'CD79B', 'PIK3R2', 'GUCY2C', 'CNOT8', 'IFITM1', 'RELA'] (size: 36)
2025-06-10 19:04:52,388 - EnhancedGA - Best gene: CD22 (score: 0.231)
2025-06-10 19:04:52,388 - EnhancedGA - Worst gene: PRUNE (score: 0.000)
2025-06-10 19:04:52,443 - EnhancedGA - Gene interaction choice: KLHL8
2025-06-10 19:04:52,443 - EnhancedGA - ***** REPLACEMENT *****
2025-06-10 19:04:52,443 - EnhancedGA - Mutant after mutation: ['KLHL8', 'CHP', 'PPP1CB', 'MYD88', 'RIPK1', 'FASLG', 'PPP3R2', 'STK17B', 'PDE9A', 'GUCY1B3', 'ANAPC4', 'IL3RA', 'YWHAH', 'CNOT6', 'CNOT1', 'CD22', 'NAA38', 'RPS6KA3', 'CDC20', 'PDE10A', 'POLR3F', 'PATL1', 'LILRB3', 'CANT1', 'AMPD1', 'CD37', 'DCP1B', 'SPDYA', 'MAD2L2', 'CAMK2G', 'CD79B', 'PIK3R2', 'GUCY2C', 'CNOT8', 'IFITM1', 'RELA']
2025-06-10 19:04:52,443 - EnhancedGA - === FITNESS EVALUATION ===
2025-06-10 19:04:54,689 - EnhancedGA - Location pairs: 261/315, Avg location: 0.722
2025-06-10 19:04:54,689 - EnhancedGA - Individual 1: Interaction=0.009, Similarity=0.014, Location=0.722, Fitness=0.154
2025-06-10 19:05:09,186 - EnhancedGA - Location pairs: 272/333, Avg location: 0.723
2025-06-10 19:05:09,186 - EnhancedGA - Individual 2: Interaction=0.007, Similarity=0.010, Location=0.723, Fitness=0.151
2025-06-10 19:05:09,186 - EnhancedGA - Fitness list: [0.1536889551316655, 0.15143062804924204]
2025-06-10 19:05:09,186 - EnhancedGA - === GENERATION 10 ===
2025-06-10 19:05:09,186 - EnhancedGA - Population size: 10
2025-06-10 19:05:09,186 - EnhancedGA - Individual 1: ['MAGEA3', 'PPP1CB', 'RIPK1', 'FASLG', 'FLT1', 'PPP3R2', 'PDE9A', 'GUCY1B3', 'ANAPC4', 'IL3RA', 'RELA', 'CNOT6', 'YWHAH', 'CNOT1', 'NAA38', 'RPS6KA3', 'CDC20', 'PDE10A', 'CARD11', 'TLR7', 'PATL1', 'LILRB3', 'CANT1', 'AMPD1', 'SPN', 'DCP1B', 'SPDYA', 'MAD2L2', 'CAMK2G', 'CD79B', 'PIK3R2', 'GUCY2C', 'CNOT8', 'IFITM1', 'CD22'] : 0.1536889551316655
2025-06-10 19:05:09,186 - EnhancedGA - Individual 2: ['KLHL8', 'CHP', 'PPP1CB', 'MYD88', 'RIPK1', 'FASLG', 'PPP3R2', 'STK17B', 'PDE9A', 'GUCY1B3', 'ANAPC4', 'IL3RA', 'YWHAH', 'CNOT6', 'CNOT1', 'CD22', 'NAA38', 'RPS6KA3', 'CDC20', 'PDE10A', 'POLR3F', 'PATL1', 'LILRB3', 'CANT1', 'AMPD1', 'CD37', 'DCP1B', 'SPDYA', 'MAD2L2', 'CAMK2G', 'CD79B', 'PIK3R2', 'GUCY2C', 'CNOT8', 'IFITM1', 'RELA'] : 0.15143062804924204
2025-06-10 19:05:09,187 - EnhancedGA - Individual 3: ['STK17B', 'PRUNE', 'CHP', 'PPP1CB', 'MYD88', 'RIPK1', 'FASLG', 'PPP3R2', 'PDE9A', 'GUCY1B3', 'ANAPC4', 'IL3RA', 'RELA', 'YWHAH', 'CNOT6', 'CNOT1', 'NAA38', 'RPS6KA3', 'CDC20', 'PDE10A', 'CARD11', 'POLR3F', 'PATL1', 'LILRB3', 'CANT1', 'AMPD1', 'CD37', 'DCP1B', 'SPDYA', 'MAD2L2', 'CAMK2G', 'CD79B', 'PIK3R2', 'GUCY2C', 'CNOT8', 'IFITM1', 'CD22'] : 0.1529394886701022
2025-06-10 19:05:09,187 - EnhancedGA - Individual 4: ['CD37', 'IKBKB', 'PRUNE', 'CHP', 'PPP1CB', 'MYD88', 'RIPK1', 'FASLG', 'PPP3R2', 'PDE9A', 'GUCY1B3', 'ANAPC4', 'IL3RA', 'CNOT6', 'YWHAH', 'CNOT1', 'CD22', 'NAA38', 'RPS6KA3', 'CDC20', 'PDE10A', 'CARD11', 'POLR3F', 'PATL1', 'LILRB3', 'CANT1', 'AMPD1', 'DCP1B', 'SPDYA', 'MAD2L2', 'CAMK2G', 'CD79B', 'PIK3R2', 'GUCY2C', 'CNOT8', 'IFITM1', 'RELA'] : 0.1532523915120683
2025-06-10 19:05:09,187 - EnhancedGA - Individual 5: ['FLT1', 'CHP', 'PPP1CB', 'RIPK1', 'FASLG', 'PPP3R2', 'PDE9A', 'GUCY1B3', 'ANAPC4', 'IL3RA', 'YWHAH', 'CNOT6', 'CNOT1', 'CD22', 'NAA38', 'RPS6KA3', 'CDC20', 'PDE10A', 'CARD11', 'TLR7', 'POLR3F', 'PATL1', 'LILRB3', 'CANT1', 'AMPD1', 'SPN', 'DCP1B', 'SPDYA', 'MAD2L2', 'CAMK2G', 'CD79B', 'PIK3R2', 'GUCY2C', 'CNOT8', 'IFITM1', 'RELA'] : 0.1534833084759325
2025-06-10 19:05:09,187 - EnhancedGA - Individual 6: ['SPN', 'PRUNE', 'CHP', 'PPP1CB', 'MYD88', 'RIPK1', 'FASLG', 'PPP3R2', 'PDE9A', 'GUCY1B3', 'ANAPC4', 'IL3RA', 'RELA', 'YWHAH', 'CNOT6', 'CNOT1', 'NAA38', 'RPS6KA3', 'CDC20', 'PDE10A', 'CARD11', 'TLR7', 'POLR3F', 'PATL1', 'LILRB3', 'CANT1', 'AMPD1', 'DCP1B', 'SPDYA', 'MAD2L2', 'CAMK2G', 'CD79B', 'PIK3R2', 'GUCY2C', 'CNOT8', 'IFITM1', 'CD22'] : 0.15416526627907717
2025-06-10 19:05:09,187 - EnhancedGA - Individual 7: ['SPEG', 'PRUNE', 'CHP', 'PPP1CB', 'MYD88', 'RIPK1', 'FASLG', 'PPP3R2', 'PDE9A', 'GUCY1B3', 'ANAPC4', 'IL3RA', 'RELA', 'YWHAH', 'CNOT6', 'CNOT1', 'RPS6KA3', 'CDC20', 'PDE10A', 'CARD11', 'POLR3F', 'PATL1', 'LILRB3', 'CANT1', 'AMPD1', 'CD37', 'DCP1B', 'SPDYA', 'MAD2L2', 'CAMK2G', 'CD79B', 'PIK3R2', 'GUCY2C', 'CNOT8', 'IFITM1', 'CD22'] : 0.1543330819983616
2025-06-10 19:05:09,187 - EnhancedGA - Individual 8: ['BTN3A3', 'MYD88', 'RIPK1', 'FASLG', 'PPP3R2', 'PDE9A', 'GUCY1B3', 'ANAPC4', 'IL3RA', 'RELA', 'CNOT6', 'YWHAH', 'IL2RB', 'CNOT1', 'NAA38', 'RPS6KA3', 'CDC20', 'PDE10A', 'CARD11', 'TLR7', 'POLR3F', 'PATL1', 'LILRB3', 'CANT1', 'AMPD1', 'SPN', 'DCP1B', 'SPDYA', 'MAD2L2', 'CAMK2G', 'CD79B', 'PIK3R2', 'GUCY2C', 'CNOT8', 'IFITM1', 'CD22'] : 0.15570401621159985
2025-06-10 19:05:09,187 - EnhancedGA - Individual 9: ['FCER2', 'CHP', 'PPP1CB', 'MYD88', 'RIPK1', 'FASLG', 'PPP3R2', 'PDE9A', 'GUCY1B3', 'ANAPC4', 'IL3RA', 'YWHAH', 'CNOT6', 'CNOT1', 'CD22', 'NAA38', 'CDC20', 'PDE10A', 'CARD11', 'TLR7', 'POLR3F', 'PATL1', 'LILRB3', 'CANT1', 'AMPD1', 'SPN', 'DCP1B', 'SPDYA', 'MAD2L2', 'CAMK2G', 'CD79B', 'PIK3R2', 'GUCY2C', 'CNOT8', 'IFITM1', 'RELA'] : 0.1573414508066448
2025-06-10 19:05:09,187 - EnhancedGA - Individual 10: ['IL2RB', 'CHP', 'PPP1CB', 'MYD88', 'RIPK1', 'FASLG', 'PPP3R2', 'PDE9A', 'GUCY1B3', 'ANAPC4', 'IL3RA', 'YWHAH', 'CNOT6', 'CNOT1', 'CD22', 'NAA38', 'RPS6KA3', 'CDC20', 'PDE10A', 'CARD11', 'TLR7', 'POLR3F', 'PATL1', 'LILRB3', 'CANT1', 'AMPD1', 'SPN', 'DCP1B', 'SPDYA', 'MAD2L2', 'CAMK2G', 'CD79B', 'PIK3R2', 'GUCY2C', 'CNOT8', 'IFITM1', 'RELA'] : 0.1591839624222721
2025-06-10 19:05:09,189 - EnhancedGA - Evolution completed successfully
2025-06-10 19:05:09,189 - EnhancedGA - Best solution: ['IL2RB', 'CHP', 'PPP1CB', 'MYD88', 'RIPK1', 'FASLG', 'PPP3R2', 'PDE9A', 'GUCY1B3', 'ANAPC4', 'IL3RA', 'YWHAH', 'CNOT6', 'CNOT1', 'CD22', 'NAA38', 'RPS6KA3', 'CDC20', 'PDE10A', 'CARD11', 'TLR7', 'POLR3F', 'PATL1', 'LILRB3', 'CANT1', 'AMPD1', 'SPN', 'DCP1B', 'SPDYA', 'MAD2L2', 'CAMK2G', 'CD79B', 'PIK3R2', 'GUCY2C', 'CNOT8', 'IFITM1', 'RELA'] : 0.1591839624222721
2025-06-10 19:05:09,189 - EnhancedGA - Duration: 0:12:06.550386
2025-06-10 19:05:23,290 - EnhancedGA - Location pairs: 306/351, Avg location: 0.724
2025-06-10 19:05:23,306 - EnhancedGA - Results saved to results_enhanced.xlsx
