2025-06-10 18:53:02,637 - OriginalGA - === ORIGINAL FITNESS THREAD STARTED ===
2025-06-10 18:53:02,637 - OriginalGA - Algorithm started at 2025-06-10 18:53:02.637737
2025-06-10 18:53:05,162 - OriginalGA - Gene dictionary created with 891557 entries
2025-06-10 18:53:05,180 - OriginalGA - Starting evolution...
2025-06-10 18:53:05,182 - OriginalGA - Generated community of size 37: ['NT5C2', 'ANAPC4', 'CNOT8', 'CD79B', 'CARD11', 'IL3RA', 'PDE9A', 'RIPK1', 'RELA', 'CNOT1', 'CDC20', 'MYD88', 'CANT1', 'CHP', 'AMPD1', 'FASLG', 'SPDYA', 'CAMK2G', 'PRUNE', 'GUCY1B3', 'IFITM1', 'POLR3F', 'CNOT6', 'PIK3R2', 'LILRB3', 'NAA38', 'PDE10A', 'GUCY2C', 'PPP1CB', 'MAD2L2', 'CD22', 'RPS6KA3', 'YWHAH', 'DCP1B', 'IKBKB', 'PPP3R2', 'PATL1']
2025-06-10 18:53:05,182 - OriginalGA - Created shared initial population: ['NT5C2', 'ANAPC4', 'CNOT8', 'CD79B', 'CARD11', 'IL3RA', 'PDE9A', 'RIPK1', 'RELA', 'CNOT1', 'CDC20', 'MYD88', 'CANT1', 'CHP', 'AMPD1', 'FASLG', 'SPDYA', 'CAMK2G', 'PRUNE', 'GUCY1B3', 'IFITM1', 'POLR3F', 'CNOT6', 'PIK3R2', 'LILRB3', 'NAA38', 'PDE10A', 'GUCY2C', 'PPP1CB', 'MAD2L2', 'CD22', 'RPS6KA3', 'YWHAH', 'DCP1B', 'IKBKB', 'PPP3R2', 'PATL1']
2025-06-10 18:53:05,182 - OriginalGA - Using shared initial population: ['NT5C2', 'ANAPC4', 'CNOT8', 'CD79B', 'CARD11', 'IL3RA', 'PDE9A', 'RIPK1', 'RELA', 'CNOT1', 'CDC20', 'MYD88', 'CANT1', 'CHP', 'AMPD1', 'FASLG', 'SPDYA', 'CAMK2G', 'PRUNE', 'GUCY1B3', 'IFITM1', 'POLR3F', 'CNOT6', 'PIK3R2', 'LILRB3', 'NAA38', 'PDE10A', 'GUCY2C', 'PPP1CB', 'MAD2L2', 'CD22', 'RPS6KA3', 'YWHAH', 'DCP1B', 'IKBKB', 'PPP3R2', 'PATL1']
2025-06-10 18:53:05,182 - OriginalGA - Using shared initial population: ['NT5C2', 'ANAPC4', 'CNOT8', 'CD79B', 'CARD11', 'IL3RA', 'PDE9A', 'RIPK1', 'RELA', 'CNOT1', 'CDC20', 'MYD88', 'CANT1', 'CHP', 'AMPD1', 'FASLG', 'SPDYA', 'CAMK2G', 'PRUNE', 'GUCY1B3', 'IFITM1', 'POLR3F', 'CNOT6', 'PIK3R2', 'LILRB3', 'NAA38', 'PDE10A', 'GUCY2C', 'PPP1CB', 'MAD2L2', 'CD22', 'RPS6KA3', 'YWHAH', 'DCP1B', 'IKBKB', 'PPP3R2', 'PATL1']
2025-06-10 18:53:05,182 - OriginalGA - Using shared initial population: ['NT5C2', 'ANAPC4', 'CNOT8', 'CD79B', 'CARD11', 'IL3RA', 'PDE9A', 'RIPK1', 'RELA', 'CNOT1', 'CDC20', 'MYD88', 'CANT1', 'CHP', 'AMPD1', 'FASLG', 'SPDYA', 'CAMK2G', 'PRUNE', 'GUCY1B3', 'IFITM1', 'POLR3F', 'CNOT6', 'PIK3R2', 'LILRB3', 'NAA38', 'PDE10A', 'GUCY2C', 'PPP1CB', 'MAD2L2', 'CD22', 'RPS6KA3', 'YWHAH', 'DCP1B', 'IKBKB', 'PPP3R2', 'PATL1']
2025-06-10 18:53:05,182 - OriginalGA - Using shared initial population: ['NT5C2', 'ANAPC4', 'CNOT8', 'CD79B', 'CARD11', 'IL3RA', 'PDE9A', 'RIPK1', 'RELA', 'CNOT1', 'CDC20', 'MYD88', 'CANT1', 'CHP', 'AMPD1', 'FASLG', 'SPDYA', 'CAMK2G', 'PRUNE', 'GUCY1B3', 'IFITM1', 'POLR3F', 'CNOT6', 'PIK3R2', 'LILRB3', 'NAA38', 'PDE10A', 'GUCY2C', 'PPP1CB', 'MAD2L2', 'CD22', 'RPS6KA3', 'YWHAH', 'DCP1B', 'IKBKB', 'PPP3R2', 'PATL1']
2025-06-10 18:53:05,182 - OriginalGA - Using shared initial population: ['NT5C2', 'ANAPC4', 'CNOT8', 'CD79B', 'CARD11', 'IL3RA', 'PDE9A', 'RIPK1', 'RELA', 'CNOT1', 'CDC20', 'MYD88', 'CANT1', 'CHP', 'AMPD1', 'FASLG', 'SPDYA', 'CAMK2G', 'PRUNE', 'GUCY1B3', 'IFITM1', 'POLR3F', 'CNOT6', 'PIK3R2', 'LILRB3', 'NAA38', 'PDE10A', 'GUCY2C', 'PPP1CB', 'MAD2L2', 'CD22', 'RPS6KA3', 'YWHAH', 'DCP1B', 'IKBKB', 'PPP3R2', 'PATL1']
2025-06-10 18:53:05,183 - OriginalGA - Using shared initial population: ['NT5C2', 'ANAPC4', 'CNOT8', 'CD79B', 'CARD11', 'IL3RA', 'PDE9A', 'RIPK1', 'RELA', 'CNOT1', 'CDC20', 'MYD88', 'CANT1', 'CHP', 'AMPD1', 'FASLG', 'SPDYA', 'CAMK2G', 'PRUNE', 'GUCY1B3', 'IFITM1', 'POLR3F', 'CNOT6', 'PIK3R2', 'LILRB3', 'NAA38', 'PDE10A', 'GUCY2C', 'PPP1CB', 'MAD2L2', 'CD22', 'RPS6KA3', 'YWHAH', 'DCP1B', 'IKBKB', 'PPP3R2', 'PATL1']
2025-06-10 18:53:05,184 - OriginalGA - Using shared initial population: ['NT5C2', 'ANAPC4', 'CNOT8', 'CD79B', 'CARD11', 'IL3RA', 'PDE9A', 'RIPK1', 'RELA', 'CNOT1', 'CDC20', 'MYD88', 'CANT1', 'CHP', 'AMPD1', 'FASLG', 'SPDYA', 'CAMK2G', 'PRUNE', 'GUCY1B3', 'IFITM1', 'POLR3F', 'CNOT6', 'PIK3R2', 'LILRB3', 'NAA38', 'PDE10A', 'GUCY2C', 'PPP1CB', 'MAD2L2', 'CD22', 'RPS6KA3', 'YWHAH', 'DCP1B', 'IKBKB', 'PPP3R2', 'PATL1']
2025-06-10 18:53:05,184 - OriginalGA - Using shared initial population: ['NT5C2', 'ANAPC4', 'CNOT8', 'CD79B', 'CARD11', 'IL3RA', 'PDE9A', 'RIPK1', 'RELA', 'CNOT1', 'CDC20', 'MYD88', 'CANT1', 'CHP', 'AMPD1', 'FASLG', 'SPDYA', 'CAMK2G', 'PRUNE', 'GUCY1B3', 'IFITM1', 'POLR3F', 'CNOT6', 'PIK3R2', 'LILRB3', 'NAA38', 'PDE10A', 'GUCY2C', 'PPP1CB', 'MAD2L2', 'CD22', 'RPS6KA3', 'YWHAH', 'DCP1B', 'IKBKB', 'PPP3R2', 'PATL1']
2025-06-10 18:53:05,184 - OriginalGA - Using shared initial population: ['NT5C2', 'ANAPC4', 'CNOT8', 'CD79B', 'CARD11', 'IL3RA', 'PDE9A', 'RIPK1', 'RELA', 'CNOT1', 'CDC20', 'MYD88', 'CANT1', 'CHP', 'AMPD1', 'FASLG', 'SPDYA', 'CAMK2G', 'PRUNE', 'GUCY1B3', 'IFITM1', 'POLR3F', 'CNOT6', 'PIK3R2', 'LILRB3', 'NAA38', 'PDE10A', 'GUCY2C', 'PPP1CB', 'MAD2L2', 'CD22', 'RPS6KA3', 'YWHAH', 'DCP1B', 'IKBKB', 'PPP3R2', 'PATL1']
2025-06-10 18:53:05,184 - OriginalGA - === FITNESS EVALUATION ===
2025-06-10 18:53:05,184 - OriginalGA - Individual 1: Interaction=0.006, Similarity=0.008, Fitness=0.007
2025-06-10 18:53:05,184 - OriginalGA - Individual 2: Interaction=0.006, Similarity=0.008, Fitness=0.007
2025-06-10 18:53:05,185 - OriginalGA - Individual 3: Interaction=0.006, Similarity=0.008, Fitness=0.007
2025-06-10 18:53:05,185 - OriginalGA - Individual 4: Interaction=0.006, Similarity=0.008, Fitness=0.007
2025-06-10 18:53:05,185 - OriginalGA - Individual 5: Interaction=0.006, Similarity=0.008, Fitness=0.007
2025-06-10 18:53:05,185 - OriginalGA - Individual 6: Interaction=0.006, Similarity=0.008, Fitness=0.007
2025-06-10 18:53:05,186 - OriginalGA - Individual 7: Interaction=0.006, Similarity=0.008, Fitness=0.007
2025-06-10 18:53:05,186 - OriginalGA - Individual 8: Interaction=0.006, Similarity=0.008, Fitness=0.007
2025-06-10 18:53:05,186 - OriginalGA - Individual 9: Interaction=0.006, Similarity=0.008, Fitness=0.007
2025-06-10 18:53:05,186 - OriginalGA - Individual 10: Interaction=0.006, Similarity=0.008, Fitness=0.007
2025-06-10 18:53:05,186 - OriginalGA - Fitness list: [0.00708553814697638, 0.00708553814697638, 0.00708553814697638, 0.00708553814697638, 0.00708553814697638, 0.00708553814697638, 0.00708553814697638, 0.00708553814697638, 0.00708553814697638, 0.00708553814697638]
2025-06-10 18:53:05,187 - OriginalGA - === GENERATION 0 ===
2025-06-10 18:53:05,187 - OriginalGA - Population size: 10
2025-06-10 18:53:05,187 - OriginalGA - Individual 1: ['NT5C2', 'ANAPC4', 'CNOT8', 'CD79B', 'CARD11', 'IL3RA', 'PDE9A', 'RIPK1', 'RELA', 'CNOT1', 'CDC20', 'MYD88', 'CANT1', 'CHP', 'AMPD1', 'FASLG', 'SPDYA', 'CAMK2G', 'PRUNE', 'GUCY1B3', 'IFITM1', 'POLR3F', 'CNOT6', 'PIK3R2', 'LILRB3', 'NAA38', 'PDE10A', 'GUCY2C', 'PPP1CB', 'MAD2L2', 'CD22', 'RPS6KA3', 'YWHAH', 'DCP1B', 'IKBKB', 'PPP3R2', 'PATL1'] : 0.00708553814697638
2025-06-10 18:53:05,187 - OriginalGA - Individual 2: ['NT5C2', 'ANAPC4', 'CNOT8', 'CD79B', 'CARD11', 'IL3RA', 'PDE9A', 'RIPK1', 'RELA', 'CNOT1', 'CDC20', 'MYD88', 'CANT1', 'CHP', 'AMPD1', 'FASLG', 'SPDYA', 'CAMK2G', 'PRUNE', 'GUCY1B3', 'IFITM1', 'POLR3F', 'CNOT6', 'PIK3R2', 'LILRB3', 'NAA38', 'PDE10A', 'GUCY2C', 'PPP1CB', 'MAD2L2', 'CD22', 'RPS6KA3', 'YWHAH', 'DCP1B', 'IKBKB', 'PPP3R2', 'PATL1'] : 0.00708553814697638
2025-06-10 18:53:05,187 - OriginalGA - Individual 3: ['NT5C2', 'ANAPC4', 'CNOT8', 'CD79B', 'CARD11', 'IL3RA', 'PDE9A', 'RIPK1', 'RELA', 'CNOT1', 'CDC20', 'MYD88', 'CANT1', 'CHP', 'AMPD1', 'FASLG', 'SPDYA', 'CAMK2G', 'PRUNE', 'GUCY1B3', 'IFITM1', 'POLR3F', 'CNOT6', 'PIK3R2', 'LILRB3', 'NAA38', 'PDE10A', 'GUCY2C', 'PPP1CB', 'MAD2L2', 'CD22', 'RPS6KA3', 'YWHAH', 'DCP1B', 'IKBKB', 'PPP3R2', 'PATL1'] : 0.00708553814697638
2025-06-10 18:53:05,187 - OriginalGA - Individual 4: ['NT5C2', 'ANAPC4', 'CNOT8', 'CD79B', 'CARD11', 'IL3RA', 'PDE9A', 'RIPK1', 'RELA', 'CNOT1', 'CDC20', 'MYD88', 'CANT1', 'CHP', 'AMPD1', 'FASLG', 'SPDYA', 'CAMK2G', 'PRUNE', 'GUCY1B3', 'IFITM1', 'POLR3F', 'CNOT6', 'PIK3R2', 'LILRB3', 'NAA38', 'PDE10A', 'GUCY2C', 'PPP1CB', 'MAD2L2', 'CD22', 'RPS6KA3', 'YWHAH', 'DCP1B', 'IKBKB', 'PPP3R2', 'PATL1'] : 0.00708553814697638
2025-06-10 18:53:05,187 - OriginalGA - Individual 5: ['NT5C2', 'ANAPC4', 'CNOT8', 'CD79B', 'CARD11', 'IL3RA', 'PDE9A', 'RIPK1', 'RELA', 'CNOT1', 'CDC20', 'MYD88', 'CANT1', 'CHP', 'AMPD1', 'FASLG', 'SPDYA', 'CAMK2G', 'PRUNE', 'GUCY1B3', 'IFITM1', 'POLR3F', 'CNOT6', 'PIK3R2', 'LILRB3', 'NAA38', 'PDE10A', 'GUCY2C', 'PPP1CB', 'MAD2L2', 'CD22', 'RPS6KA3', 'YWHAH', 'DCP1B', 'IKBKB', 'PPP3R2', 'PATL1'] : 0.00708553814697638
2025-06-10 18:53:05,188 - OriginalGA - Individual 6: ['NT5C2', 'ANAPC4', 'CNOT8', 'CD79B', 'CARD11', 'IL3RA', 'PDE9A', 'RIPK1', 'RELA', 'CNOT1', 'CDC20', 'MYD88', 'CANT1', 'CHP', 'AMPD1', 'FASLG', 'SPDYA', 'CAMK2G', 'PRUNE', 'GUCY1B3', 'IFITM1', 'POLR3F', 'CNOT6', 'PIK3R2', 'LILRB3', 'NAA38', 'PDE10A', 'GUCY2C', 'PPP1CB', 'MAD2L2', 'CD22', 'RPS6KA3', 'YWHAH', 'DCP1B', 'IKBKB', 'PPP3R2', 'PATL1'] : 0.00708553814697638
2025-06-10 18:53:05,188 - OriginalGA - Individual 7: ['NT5C2', 'ANAPC4', 'CNOT8', 'CD79B', 'CARD11', 'IL3RA', 'PDE9A', 'RIPK1', 'RELA', 'CNOT1', 'CDC20', 'MYD88', 'CANT1', 'CHP', 'AMPD1', 'FASLG', 'SPDYA', 'CAMK2G', 'PRUNE', 'GUCY1B3', 'IFITM1', 'POLR3F', 'CNOT6', 'PIK3R2', 'LILRB3', 'NAA38', 'PDE10A', 'GUCY2C', 'PPP1CB', 'MAD2L2', 'CD22', 'RPS6KA3', 'YWHAH', 'DCP1B', 'IKBKB', 'PPP3R2', 'PATL1'] : 0.00708553814697638
2025-06-10 18:53:05,188 - OriginalGA - Individual 8: ['NT5C2', 'ANAPC4', 'CNOT8', 'CD79B', 'CARD11', 'IL3RA', 'PDE9A', 'RIPK1', 'RELA', 'CNOT1', 'CDC20', 'MYD88', 'CANT1', 'CHP', 'AMPD1', 'FASLG', 'SPDYA', 'CAMK2G', 'PRUNE', 'GUCY1B3', 'IFITM1', 'POLR3F', 'CNOT6', 'PIK3R2', 'LILRB3', 'NAA38', 'PDE10A', 'GUCY2C', 'PPP1CB', 'MAD2L2', 'CD22', 'RPS6KA3', 'YWHAH', 'DCP1B', 'IKBKB', 'PPP3R2', 'PATL1'] : 0.00708553814697638
2025-06-10 18:53:05,188 - OriginalGA - Individual 9: ['NT5C2', 'ANAPC4', 'CNOT8', 'CD79B', 'CARD11', 'IL3RA', 'PDE9A', 'RIPK1', 'RELA', 'CNOT1', 'CDC20', 'MYD88', 'CANT1', 'CHP', 'AMPD1', 'FASLG', 'SPDYA', 'CAMK2G', 'PRUNE', 'GUCY1B3', 'IFITM1', 'POLR3F', 'CNOT6', 'PIK3R2', 'LILRB3', 'NAA38', 'PDE10A', 'GUCY2C', 'PPP1CB', 'MAD2L2', 'CD22', 'RPS6KA3', 'YWHAH', 'DCP1B', 'IKBKB', 'PPP3R2', 'PATL1'] : 0.00708553814697638
2025-06-10 18:53:05,188 - OriginalGA - Individual 10: ['NT5C2', 'ANAPC4', 'CNOT8', 'CD79B', 'CARD11', 'IL3RA', 'PDE9A', 'RIPK1', 'RELA', 'CNOT1', 'CDC20', 'MYD88', 'CANT1', 'CHP', 'AMPD1', 'FASLG', 'SPDYA', 'CAMK2G', 'PRUNE', 'GUCY1B3', 'IFITM1', 'POLR3F', 'CNOT6', 'PIK3R2', 'LILRB3', 'NAA38', 'PDE10A', 'GUCY2C', 'PPP1CB', 'MAD2L2', 'CD22', 'RPS6KA3', 'YWHAH', 'DCP1B', 'IKBKB', 'PPP3R2', 'PATL1'] : 0.00708553814697638
2025-06-10 18:53:05,193 - OriginalGA - === MUTATION ===
2025-06-10 18:53:05,193 - OriginalGA - Mutant before mutation: ['NT5C2', 'IKBKB', 'PRUNE', 'CHP', 'PPP1CB', 'MYD88', 'RIPK1', 'FASLG', 'PPP3R2', 'PDE9A', 'GUCY1B3', 'ANAPC4', 'IL3RA', 'CNOT6', 'YWHAH', 'CNOT1', 'CD22', 'NAA38', 'RPS6KA3', 'CDC20', 'PDE10A', 'CARD11', 'POLR3F', 'PATL1', 'LILRB3', 'CANT1', 'AMPD1', 'DCP1B', 'SPDYA', 'MAD2L2', 'CAMK2G', 'CD79B', 'PIK3R2', 'GUCY2C', 'CNOT8', 'IFITM1', 'RELA'] (size: 37)
2025-06-10 18:53:05,194 - OriginalGA - Best gene: CD22 (score: 0.195)
2025-06-10 18:53:05,194 - OriginalGA - Worst gene: NT5C2 (score: 0.000)
2025-06-10 18:53:05,255 - OriginalGA - Gene interaction choice: MYLK
2025-06-10 18:53:05,255 - OriginalGA - ***** REPLACEMENT *****
2025-06-10 18:53:05,255 - OriginalGA - Mutant after mutation: ['MYLK', 'IKBKB', 'PRUNE', 'CHP', 'PPP1CB', 'MYD88', 'RIPK1', 'FASLG', 'PPP3R2', 'PDE9A', 'GUCY1B3', 'ANAPC4', 'IL3RA', 'CNOT6', 'YWHAH', 'CNOT1', 'CD22', 'NAA38', 'RPS6KA3', 'CDC20', 'PDE10A', 'CARD11', 'POLR3F', 'PATL1', 'LILRB3', 'CANT1', 'AMPD1', 'DCP1B', 'SPDYA', 'MAD2L2', 'CAMK2G', 'CD79B', 'PIK3R2', 'GUCY2C', 'CNOT8', 'IFITM1', 'RELA']
2025-06-10 18:53:05,255 - OriginalGA - === MUTATION ===
2025-06-10 18:53:05,256 - OriginalGA - Mutant before mutation: ['NT5C2', 'IKBKB', 'PRUNE', 'CHP', 'PPP1CB', 'MYD88', 'RIPK1', 'FASLG', 'PPP3R2', 'PDE9A', 'GUCY1B3', 'ANAPC4', 'IL3RA', 'CNOT6', 'YWHAH', 'CNOT1', 'CD22', 'NAA38', 'RPS6KA3', 'CDC20', 'PDE10A', 'CARD11', 'POLR3F', 'PATL1', 'LILRB3', 'CANT1', 'AMPD1', 'DCP1B', 'SPDYA', 'MAD2L2', 'CAMK2G', 'CD79B', 'PIK3R2', 'GUCY2C', 'CNOT8', 'IFITM1', 'RELA'] (size: 37)
2025-06-10 18:53:05,256 - OriginalGA - Best gene: CD22 (score: 0.195)
2025-06-10 18:53:05,256 - OriginalGA - Worst gene: NT5C2 (score: 0.000)
2025-06-10 18:53:05,313 - OriginalGA - Gene interaction choice: ACTBL2
2025-06-10 18:53:05,313 - OriginalGA - ***** REPLACEMENT *****
2025-06-10 18:53:05,313 - OriginalGA - Mutant after mutation: ['ACTBL2', 'IKBKB', 'PRUNE', 'CHP', 'PPP1CB', 'MYD88', 'RIPK1', 'FASLG', 'PPP3R2', 'PDE9A', 'GUCY1B3', 'ANAPC4', 'IL3RA', 'CNOT6', 'YWHAH', 'CNOT1', 'CD22', 'NAA38', 'RPS6KA3', 'CDC20', 'PDE10A', 'CARD11', 'POLR3F', 'PATL1', 'LILRB3', 'CANT1', 'AMPD1', 'DCP1B', 'SPDYA', 'MAD2L2', 'CAMK2G', 'CD79B', 'PIK3R2', 'GUCY2C', 'CNOT8', 'IFITM1', 'RELA']
2025-06-10 18:53:05,314 - OriginalGA - === FITNESS EVALUATION ===
2025-06-10 18:53:05,315 - OriginalGA - Individual 1: Interaction=0.006, Similarity=0.009, Fitness=0.008
2025-06-10 18:53:05,316 - OriginalGA - Individual 2: Interaction=0.006, Similarity=0.009, Fitness=0.008
2025-06-10 18:53:05,316 - OriginalGA - Fitness list: [0.007545248148482047, 0.007556953060341758]
2025-06-10 18:53:05,317 - OriginalGA - === GENERATION 1 ===
2025-06-10 18:53:05,317 - OriginalGA - Population size: 10
2025-06-10 18:53:05,317 - OriginalGA - Individual 1: ['MYLK', 'IKBKB', 'PRUNE', 'CHP', 'PPP1CB', 'MYD88', 'RIPK1', 'FASLG', 'PPP3R2', 'PDE9A', 'GUCY1B3', 'ANAPC4', 'IL3RA', 'CNOT6', 'YWHAH', 'CNOT1', 'CD22', 'NAA38', 'RPS6KA3', 'CDC20', 'PDE10A', 'CARD11', 'POLR3F', 'PATL1', 'LILRB3', 'CANT1', 'AMPD1', 'DCP1B', 'SPDYA', 'MAD2L2', 'CAMK2G', 'CD79B', 'PIK3R2', 'GUCY2C', 'CNOT8', 'IFITM1', 'RELA'] : 0.007545248148482047
2025-06-10 18:53:05,317 - OriginalGA - Individual 2: ['ACTBL2', 'IKBKB', 'PRUNE', 'CHP', 'PPP1CB', 'MYD88', 'RIPK1', 'FASLG', 'PPP3R2', 'PDE9A', 'GUCY1B3', 'ANAPC4', 'IL3RA', 'CNOT6', 'YWHAH', 'CNOT1', 'CD22', 'NAA38', 'RPS6KA3', 'CDC20', 'PDE10A', 'CARD11', 'POLR3F', 'PATL1', 'LILRB3', 'CANT1', 'AMPD1', 'DCP1B', 'SPDYA', 'MAD2L2', 'CAMK2G', 'CD79B', 'PIK3R2', 'GUCY2C', 'CNOT8', 'IFITM1', 'RELA'] : 0.007556953060341758
2025-06-10 18:53:05,317 - OriginalGA - Individual 3: ['NT5C2', 'ANAPC4', 'CNOT8', 'CD79B', 'CARD11', 'IL3RA', 'PDE9A', 'RIPK1', 'RELA', 'CNOT1', 'CDC20', 'MYD88', 'CANT1', 'CHP', 'AMPD1', 'FASLG', 'SPDYA', 'CAMK2G', 'PRUNE', 'GUCY1B3', 'IFITM1', 'POLR3F', 'CNOT6', 'PIK3R2', 'LILRB3', 'NAA38', 'PDE10A', 'GUCY2C', 'PPP1CB', 'MAD2L2', 'CD22', 'RPS6KA3', 'YWHAH', 'DCP1B', 'IKBKB', 'PPP3R2', 'PATL1'] : 0.00708553814697638
2025-06-10 18:53:05,317 - OriginalGA - Individual 4: ['NT5C2', 'ANAPC4', 'CNOT8', 'CD79B', 'CARD11', 'IL3RA', 'PDE9A', 'RIPK1', 'RELA', 'CNOT1', 'CDC20', 'MYD88', 'CANT1', 'CHP', 'AMPD1', 'FASLG', 'SPDYA', 'CAMK2G', 'PRUNE', 'GUCY1B3', 'IFITM1', 'POLR3F', 'CNOT6', 'PIK3R2', 'LILRB3', 'NAA38', 'PDE10A', 'GUCY2C', 'PPP1CB', 'MAD2L2', 'CD22', 'RPS6KA3', 'YWHAH', 'DCP1B', 'IKBKB', 'PPP3R2', 'PATL1'] : 0.00708553814697638
2025-06-10 18:53:05,317 - OriginalGA - Individual 5: ['NT5C2', 'ANAPC4', 'CNOT8', 'CD79B', 'CARD11', 'IL3RA', 'PDE9A', 'RIPK1', 'RELA', 'CNOT1', 'CDC20', 'MYD88', 'CANT1', 'CHP', 'AMPD1', 'FASLG', 'SPDYA', 'CAMK2G', 'PRUNE', 'GUCY1B3', 'IFITM1', 'POLR3F', 'CNOT6', 'PIK3R2', 'LILRB3', 'NAA38', 'PDE10A', 'GUCY2C', 'PPP1CB', 'MAD2L2', 'CD22', 'RPS6KA3', 'YWHAH', 'DCP1B', 'IKBKB', 'PPP3R2', 'PATL1'] : 0.00708553814697638
2025-06-10 18:53:05,318 - OriginalGA - Individual 6: ['NT5C2', 'ANAPC4', 'CNOT8', 'CD79B', 'CARD11', 'IL3RA', 'PDE9A', 'RIPK1', 'RELA', 'CNOT1', 'CDC20', 'MYD88', 'CANT1', 'CHP', 'AMPD1', 'FASLG', 'SPDYA', 'CAMK2G', 'PRUNE', 'GUCY1B3', 'IFITM1', 'POLR3F', 'CNOT6', 'PIK3R2', 'LILRB3', 'NAA38', 'PDE10A', 'GUCY2C', 'PPP1CB', 'MAD2L2', 'CD22', 'RPS6KA3', 'YWHAH', 'DCP1B', 'IKBKB', 'PPP3R2', 'PATL1'] : 0.00708553814697638
2025-06-10 18:53:05,318 - OriginalGA - Individual 7: ['NT5C2', 'ANAPC4', 'CNOT8', 'CD79B', 'CARD11', 'IL3RA', 'PDE9A', 'RIPK1', 'RELA', 'CNOT1', 'CDC20', 'MYD88', 'CANT1', 'CHP', 'AMPD1', 'FASLG', 'SPDYA', 'CAMK2G', 'PRUNE', 'GUCY1B3', 'IFITM1', 'POLR3F', 'CNOT6', 'PIK3R2', 'LILRB3', 'NAA38', 'PDE10A', 'GUCY2C', 'PPP1CB', 'MAD2L2', 'CD22', 'RPS6KA3', 'YWHAH', 'DCP1B', 'IKBKB', 'PPP3R2', 'PATL1'] : 0.00708553814697638
2025-06-10 18:53:05,319 - OriginalGA - Individual 8: ['NT5C2', 'ANAPC4', 'CNOT8', 'CD79B', 'CARD11', 'IL3RA', 'PDE9A', 'RIPK1', 'RELA', 'CNOT1', 'CDC20', 'MYD88', 'CANT1', 'CHP', 'AMPD1', 'FASLG', 'SPDYA', 'CAMK2G', 'PRUNE', 'GUCY1B3', 'IFITM1', 'POLR3F', 'CNOT6', 'PIK3R2', 'LILRB3', 'NAA38', 'PDE10A', 'GUCY2C', 'PPP1CB', 'MAD2L2', 'CD22', 'RPS6KA3', 'YWHAH', 'DCP1B', 'IKBKB', 'PPP3R2', 'PATL1'] : 0.00708553814697638
2025-06-10 18:53:05,319 - OriginalGA - Individual 9: ['NT5C2', 'ANAPC4', 'CNOT8', 'CD79B', 'CARD11', 'IL3RA', 'PDE9A', 'RIPK1', 'RELA', 'CNOT1', 'CDC20', 'MYD88', 'CANT1', 'CHP', 'AMPD1', 'FASLG', 'SPDYA', 'CAMK2G', 'PRUNE', 'GUCY1B3', 'IFITM1', 'POLR3F', 'CNOT6', 'PIK3R2', 'LILRB3', 'NAA38', 'PDE10A', 'GUCY2C', 'PPP1CB', 'MAD2L2', 'CD22', 'RPS6KA3', 'YWHAH', 'DCP1B', 'IKBKB', 'PPP3R2', 'PATL1'] : 0.00708553814697638
2025-06-10 18:53:05,320 - OriginalGA - Individual 10: ['NT5C2', 'ANAPC4', 'CNOT8', 'CD79B', 'CARD11', 'IL3RA', 'PDE9A', 'RIPK1', 'RELA', 'CNOT1', 'CDC20', 'MYD88', 'CANT1', 'CHP', 'AMPD1', 'FASLG', 'SPDYA', 'CAMK2G', 'PRUNE', 'GUCY1B3', 'IFITM1', 'POLR3F', 'CNOT6', 'PIK3R2', 'LILRB3', 'NAA38', 'PDE10A', 'GUCY2C', 'PPP1CB', 'MAD2L2', 'CD22', 'RPS6KA3', 'YWHAH', 'DCP1B', 'IKBKB', 'PPP3R2', 'PATL1'] : 0.00708553814697638
2025-06-10 18:53:05,322 - OriginalGA - === MUTATION ===
2025-06-10 18:53:05,322 - OriginalGA - Mutant before mutation: ['NT5C2', 'IKBKB', 'PRUNE', 'CHP', 'PPP1CB', 'MYD88', 'RIPK1', 'FASLG', 'PPP3R2', 'PDE9A', 'GUCY1B3', 'ANAPC4', 'IL3RA', 'CNOT6', 'YWHAH', 'CNOT1', 'CD22', 'NAA38', 'RPS6KA3', 'CDC20', 'PDE10A', 'CARD11', 'POLR3F', 'PATL1', 'LILRB3', 'CANT1', 'AMPD1', 'DCP1B', 'SPDYA', 'MAD2L2', 'CAMK2G', 'CD79B', 'PIK3R2', 'GUCY2C', 'CNOT8', 'IFITM1', 'RELA'] (size: 37)
2025-06-10 18:53:05,323 - OriginalGA - Best gene: CD22 (score: 0.195)
2025-06-10 18:53:05,323 - OriginalGA - Worst gene: NT5C2 (score: 0.000)
2025-06-10 18:53:05,385 - OriginalGA - Gene interaction choice: EYS
2025-06-10 18:53:05,385 - OriginalGA - ***** REPLACEMENT *****
2025-06-10 18:53:05,385 - OriginalGA - Mutant after mutation: ['EYS', 'IKBKB', 'PRUNE', 'CHP', 'PPP1CB', 'MYD88', 'RIPK1', 'FASLG', 'PPP3R2', 'PDE9A', 'GUCY1B3', 'ANAPC4', 'IL3RA', 'CNOT6', 'YWHAH', 'CNOT1', 'CD22', 'NAA38', 'RPS6KA3', 'CDC20', 'PDE10A', 'CARD11', 'POLR3F', 'PATL1', 'LILRB3', 'CANT1', 'AMPD1', 'DCP1B', 'SPDYA', 'MAD2L2', 'CAMK2G', 'CD79B', 'PIK3R2', 'GUCY2C', 'CNOT8', 'IFITM1', 'RELA']
2025-06-10 18:53:05,385 - OriginalGA - === MUTATION ===
2025-06-10 18:53:05,385 - OriginalGA - Mutant before mutation: ['NT5C2', 'IKBKB', 'PRUNE', 'CHP', 'PPP1CB', 'MYD88', 'RIPK1', 'FASLG', 'PPP3R2', 'PDE9A', 'GUCY1B3', 'ANAPC4', 'IL3RA', 'CNOT6', 'YWHAH', 'CNOT1', 'CD22', 'NAA38', 'RPS6KA3', 'CDC20', 'PDE10A', 'CARD11', 'POLR3F', 'PATL1', 'LILRB3', 'CANT1', 'AMPD1', 'DCP1B', 'SPDYA', 'MAD2L2', 'CAMK2G', 'CD79B', 'PIK3R2', 'GUCY2C', 'CNOT8', 'IFITM1', 'RELA'] (size: 37)
2025-06-10 18:53:05,386 - OriginalGA - Best gene: CD22 (score: 0.195)
2025-06-10 18:53:05,386 - OriginalGA - Worst gene: NT5C2 (score: 0.000)
2025-06-10 18:53:05,447 - OriginalGA - Gene interaction choice: ST6GALNAC6
2025-06-10 18:53:05,447 - OriginalGA - ***** REPLACEMENT *****
2025-06-10 18:53:05,447 - OriginalGA - Mutant after mutation: ['ST6GALNAC6', 'IKBKB', 'PRUNE', 'CHP', 'PPP1CB', 'MYD88', 'RIPK1', 'FASLG', 'PPP3R2', 'PDE9A', 'GUCY1B3', 'ANAPC4', 'IL3RA', 'CNOT6', 'YWHAH', 'CNOT1', 'CD22', 'NAA38', 'RPS6KA3', 'CDC20', 'PDE10A', 'CARD11', 'POLR3F', 'PATL1', 'LILRB3', 'CANT1', 'AMPD1', 'DCP1B', 'SPDYA', 'MAD2L2', 'CAMK2G', 'CD79B', 'PIK3R2', 'GUCY2C', 'CNOT8', 'IFITM1', 'RELA']
2025-06-10 18:53:05,447 - OriginalGA - === FITNESS EVALUATION ===
2025-06-10 18:53:05,447 - OriginalGA - Individual 1: Interaction=0.006, Similarity=0.009, Fitness=0.008
2025-06-10 18:53:05,449 - OriginalGA - Individual 2: Interaction=0.006, Similarity=0.009, Fitness=0.008
2025-06-10 18:53:05,449 - OriginalGA - Fitness list: [0.007534576499523505, 0.007672717725875819]
2025-06-10 18:53:05,449 - OriginalGA - === GENERATION 2 ===
2025-06-10 18:53:05,450 - OriginalGA - Population size: 10
2025-06-10 18:53:05,450 - OriginalGA - Individual 1: ['EYS', 'IKBKB', 'PRUNE', 'CHP', 'PPP1CB', 'MYD88', 'RIPK1', 'FASLG', 'PPP3R2', 'PDE9A', 'GUCY1B3', 'ANAPC4', 'IL3RA', 'CNOT6', 'YWHAH', 'CNOT1', 'CD22', 'NAA38', 'RPS6KA3', 'CDC20', 'PDE10A', 'CARD11', 'POLR3F', 'PATL1', 'LILRB3', 'CANT1', 'AMPD1', 'DCP1B', 'SPDYA', 'MAD2L2', 'CAMK2G', 'CD79B', 'PIK3R2', 'GUCY2C', 'CNOT8', 'IFITM1', 'RELA'] : 0.007534576499523505
2025-06-10 18:53:05,451 - OriginalGA - Individual 2: ['ST6GALNAC6', 'IKBKB', 'PRUNE', 'CHP', 'PPP1CB', 'MYD88', 'RIPK1', 'FASLG', 'PPP3R2', 'PDE9A', 'GUCY1B3', 'ANAPC4', 'IL3RA', 'CNOT6', 'YWHAH', 'CNOT1', 'CD22', 'NAA38', 'RPS6KA3', 'CDC20', 'PDE10A', 'CARD11', 'POLR3F', 'PATL1', 'LILRB3', 'CANT1', 'AMPD1', 'DCP1B', 'SPDYA', 'MAD2L2', 'CAMK2G', 'CD79B', 'PIK3R2', 'GUCY2C', 'CNOT8', 'IFITM1', 'RELA'] : 0.007672717725875819
2025-06-10 18:53:05,451 - OriginalGA - Individual 3: ['NT5C2', 'ANAPC4', 'CNOT8', 'CD79B', 'CARD11', 'IL3RA', 'PDE9A', 'RIPK1', 'RELA', 'CNOT1', 'CDC20', 'MYD88', 'CANT1', 'CHP', 'AMPD1', 'FASLG', 'SPDYA', 'CAMK2G', 'PRUNE', 'GUCY1B3', 'IFITM1', 'POLR3F', 'CNOT6', 'PIK3R2', 'LILRB3', 'NAA38', 'PDE10A', 'GUCY2C', 'PPP1CB', 'MAD2L2', 'CD22', 'RPS6KA3', 'YWHAH', 'DCP1B', 'IKBKB', 'PPP3R2', 'PATL1'] : 0.00708553814697638
2025-06-10 18:53:05,451 - OriginalGA - Individual 4: ['NT5C2', 'ANAPC4', 'CNOT8', 'CD79B', 'CARD11', 'IL3RA', 'PDE9A', 'RIPK1', 'RELA', 'CNOT1', 'CDC20', 'MYD88', 'CANT1', 'CHP', 'AMPD1', 'FASLG', 'SPDYA', 'CAMK2G', 'PRUNE', 'GUCY1B3', 'IFITM1', 'POLR3F', 'CNOT6', 'PIK3R2', 'LILRB3', 'NAA38', 'PDE10A', 'GUCY2C', 'PPP1CB', 'MAD2L2', 'CD22', 'RPS6KA3', 'YWHAH', 'DCP1B', 'IKBKB', 'PPP3R2', 'PATL1'] : 0.00708553814697638
2025-06-10 18:53:05,451 - OriginalGA - Individual 5: ['NT5C2', 'ANAPC4', 'CNOT8', 'CD79B', 'CARD11', 'IL3RA', 'PDE9A', 'RIPK1', 'RELA', 'CNOT1', 'CDC20', 'MYD88', 'CANT1', 'CHP', 'AMPD1', 'FASLG', 'SPDYA', 'CAMK2G', 'PRUNE', 'GUCY1B3', 'IFITM1', 'POLR3F', 'CNOT6', 'PIK3R2', 'LILRB3', 'NAA38', 'PDE10A', 'GUCY2C', 'PPP1CB', 'MAD2L2', 'CD22', 'RPS6KA3', 'YWHAH', 'DCP1B', 'IKBKB', 'PPP3R2', 'PATL1'] : 0.00708553814697638
2025-06-10 18:53:05,451 - OriginalGA - Individual 6: ['NT5C2', 'ANAPC4', 'CNOT8', 'CD79B', 'CARD11', 'IL3RA', 'PDE9A', 'RIPK1', 'RELA', 'CNOT1', 'CDC20', 'MYD88', 'CANT1', 'CHP', 'AMPD1', 'FASLG', 'SPDYA', 'CAMK2G', 'PRUNE', 'GUCY1B3', 'IFITM1', 'POLR3F', 'CNOT6', 'PIK3R2', 'LILRB3', 'NAA38', 'PDE10A', 'GUCY2C', 'PPP1CB', 'MAD2L2', 'CD22', 'RPS6KA3', 'YWHAH', 'DCP1B', 'IKBKB', 'PPP3R2', 'PATL1'] : 0.00708553814697638
2025-06-10 18:53:05,451 - OriginalGA - Individual 7: ['NT5C2', 'ANAPC4', 'CNOT8', 'CD79B', 'CARD11', 'IL3RA', 'PDE9A', 'RIPK1', 'RELA', 'CNOT1', 'CDC20', 'MYD88', 'CANT1', 'CHP', 'AMPD1', 'FASLG', 'SPDYA', 'CAMK2G', 'PRUNE', 'GUCY1B3', 'IFITM1', 'POLR3F', 'CNOT6', 'PIK3R2', 'LILRB3', 'NAA38', 'PDE10A', 'GUCY2C', 'PPP1CB', 'MAD2L2', 'CD22', 'RPS6KA3', 'YWHAH', 'DCP1B', 'IKBKB', 'PPP3R2', 'PATL1'] : 0.00708553814697638
2025-06-10 18:53:05,451 - OriginalGA - Individual 8: ['NT5C2', 'ANAPC4', 'CNOT8', 'CD79B', 'CARD11', 'IL3RA', 'PDE9A', 'RIPK1', 'RELA', 'CNOT1', 'CDC20', 'MYD88', 'CANT1', 'CHP', 'AMPD1', 'FASLG', 'SPDYA', 'CAMK2G', 'PRUNE', 'GUCY1B3', 'IFITM1', 'POLR3F', 'CNOT6', 'PIK3R2', 'LILRB3', 'NAA38', 'PDE10A', 'GUCY2C', 'PPP1CB', 'MAD2L2', 'CD22', 'RPS6KA3', 'YWHAH', 'DCP1B', 'IKBKB', 'PPP3R2', 'PATL1'] : 0.00708553814697638
2025-06-10 18:53:05,452 - OriginalGA - Individual 9: ['MYLK', 'IKBKB', 'PRUNE', 'CHP', 'PPP1CB', 'MYD88', 'RIPK1', 'FASLG', 'PPP3R2', 'PDE9A', 'GUCY1B3', 'ANAPC4', 'IL3RA', 'CNOT6', 'YWHAH', 'CNOT1', 'CD22', 'NAA38', 'RPS6KA3', 'CDC20', 'PDE10A', 'CARD11', 'POLR3F', 'PATL1', 'LILRB3', 'CANT1', 'AMPD1', 'DCP1B', 'SPDYA', 'MAD2L2', 'CAMK2G', 'CD79B', 'PIK3R2', 'GUCY2C', 'CNOT8', 'IFITM1', 'RELA'] : 0.007545248148482047
2025-06-10 18:53:05,452 - OriginalGA - Individual 10: ['ACTBL2', 'IKBKB', 'PRUNE', 'CHP', 'PPP1CB', 'MYD88', 'RIPK1', 'FASLG', 'PPP3R2', 'PDE9A', 'GUCY1B3', 'ANAPC4', 'IL3RA', 'CNOT6', 'YWHAH', 'CNOT1', 'CD22', 'NAA38', 'RPS6KA3', 'CDC20', 'PDE10A', 'CARD11', 'POLR3F', 'PATL1', 'LILRB3', 'CANT1', 'AMPD1', 'DCP1B', 'SPDYA', 'MAD2L2', 'CAMK2G', 'CD79B', 'PIK3R2', 'GUCY2C', 'CNOT8', 'IFITM1', 'RELA'] : 0.007556953060341758
2025-06-10 18:53:05,456 - OriginalGA - === MUTATION ===
2025-06-10 18:53:05,457 - OriginalGA - Mutant before mutation: ['NT5C2', 'IKBKB', 'PRUNE', 'CHP', 'PPP1CB', 'MYD88', 'RIPK1', 'FASLG', 'PPP3R2', 'PDE9A', 'GUCY1B3', 'ANAPC4', 'IL3RA', 'CNOT6', 'YWHAH', 'CNOT1', 'CD22', 'NAA38', 'RPS6KA3', 'CDC20', 'PDE10A', 'CARD11', 'POLR3F', 'PATL1', 'LILRB3', 'CANT1', 'AMPD1', 'DCP1B', 'SPDYA', 'MAD2L2', 'CAMK2G', 'CD79B', 'GUCY2C', 'CNOT8', 'IFITM1', 'RELA'] (size: 36)
2025-06-10 18:53:05,458 - OriginalGA - Best gene: CD22 (score: 0.200)
2025-06-10 18:53:05,459 - OriginalGA - Worst gene: NT5C2 (score: 0.000)
2025-06-10 18:53:05,546 - OriginalGA - Gene interaction choice: TCF3
2025-06-10 18:53:05,546 - OriginalGA - ***** REPLACEMENT *****
2025-06-10 18:53:05,547 - OriginalGA - Mutant after mutation: ['TCF3', 'IKBKB', 'PRUNE', 'CHP', 'PPP1CB', 'MYD88', 'RIPK1', 'FASLG', 'PPP3R2', 'PDE9A', 'GUCY1B3', 'ANAPC4', 'IL3RA', 'CNOT6', 'YWHAH', 'CNOT1', 'CD22', 'NAA38', 'RPS6KA3', 'CDC20', 'PDE10A', 'CARD11', 'POLR3F', 'PATL1', 'LILRB3', 'CANT1', 'AMPD1', 'DCP1B', 'SPDYA', 'MAD2L2', 'CAMK2G', 'CD79B', 'GUCY2C', 'CNOT8', 'IFITM1', 'RELA']
2025-06-10 18:53:05,547 - OriginalGA - === MUTATION ===
2025-06-10 18:53:05,547 - OriginalGA - Mutant before mutation: ['IKBKB', 'PRUNE', 'CHP', 'PPP1CB', 'MYD88', 'RIPK1', 'FASLG', 'PPP3R2', 'PDE9A', 'GUCY1B3', 'ANAPC4', 'IL3RA', 'RELA', 'YWHAH', 'CNOT6', 'CNOT1', 'NAA38', 'RPS6KA3', 'CDC20', 'ST6GALNAC6', 'PDE10A', 'CARD11', 'POLR3F', 'LILRB3', 'CANT1', 'AMPD1', 'DCP1B', 'SPDYA', 'MAD2L2', 'CAMK2G', 'CD79B', 'PIK3R2', 'GUCY2C', 'CNOT8', 'IFITM1', 'CD22'] (size: 36)
2025-06-10 18:53:05,548 - OriginalGA - Best gene: CD22 (score: 0.224)
2025-06-10 18:53:05,548 - OriginalGA - Worst gene: IKBKB (score: 0.000)
2025-06-10 18:53:05,607 - OriginalGA - Gene interaction choice: POTEF
2025-06-10 18:53:05,608 - OriginalGA - ***** REPLACEMENT *****
2025-06-10 18:53:05,608 - OriginalGA - Mutant after mutation: ['POTEF', 'PRUNE', 'CHP', 'PPP1CB', 'MYD88', 'RIPK1', 'FASLG', 'PPP3R2', 'PDE9A', 'GUCY1B3', 'ANAPC4', 'IL3RA', 'RELA', 'YWHAH', 'CNOT6', 'CNOT1', 'NAA38', 'RPS6KA3', 'CDC20', 'ST6GALNAC6', 'PDE10A', 'CARD11', 'POLR3F', 'LILRB3', 'CANT1', 'AMPD1', 'DCP1B', 'SPDYA', 'MAD2L2', 'CAMK2G', 'CD79B', 'PIK3R2', 'GUCY2C', 'CNOT8', 'IFITM1', 'CD22']
2025-06-10 18:53:05,608 - OriginalGA - === FITNESS EVALUATION ===
2025-06-10 18:53:05,609 - OriginalGA - Individual 1: Interaction=0.006, Similarity=0.009, Fitness=0.007
2025-06-10 18:53:05,609 - OriginalGA - Individual 2: Interaction=0.007, Similarity=0.010, Fitness=0.009
2025-06-10 18:53:05,609 - OriginalGA - Fitness list: [0.007489913723793635, 0.008581235887347207]
2025-06-10 18:53:05,609 - OriginalGA - === GENERATION 3 ===
2025-06-10 18:53:05,609 - OriginalGA - Population size: 10
2025-06-10 18:53:05,609 - OriginalGA - Individual 1: ['TCF3', 'IKBKB', 'PRUNE', 'CHP', 'PPP1CB', 'MYD88', 'RIPK1', 'FASLG', 'PPP3R2', 'PDE9A', 'GUCY1B3', 'ANAPC4', 'IL3RA', 'CNOT6', 'YWHAH', 'CNOT1', 'CD22', 'NAA38', 'RPS6KA3', 'CDC20', 'PDE10A', 'CARD11', 'POLR3F', 'PATL1', 'LILRB3', 'CANT1', 'AMPD1', 'DCP1B', 'SPDYA', 'MAD2L2', 'CAMK2G', 'CD79B', 'GUCY2C', 'CNOT8', 'IFITM1', 'RELA'] : 0.007489913723793635
2025-06-10 18:53:05,609 - OriginalGA - Individual 2: ['POTEF', 'PRUNE', 'CHP', 'PPP1CB', 'MYD88', 'RIPK1', 'FASLG', 'PPP3R2', 'PDE9A', 'GUCY1B3', 'ANAPC4', 'IL3RA', 'RELA', 'YWHAH', 'CNOT6', 'CNOT1', 'NAA38', 'RPS6KA3', 'CDC20', 'ST6GALNAC6', 'PDE10A', 'CARD11', 'POLR3F', 'LILRB3', 'CANT1', 'AMPD1', 'DCP1B', 'SPDYA', 'MAD2L2', 'CAMK2G', 'CD79B', 'PIK3R2', 'GUCY2C', 'CNOT8', 'IFITM1', 'CD22'] : 0.008581235887347207
2025-06-10 18:53:05,609 - OriginalGA - Individual 3: ['NT5C2', 'ANAPC4', 'CNOT8', 'CD79B', 'CARD11', 'IL3RA', 'PDE9A', 'RIPK1', 'RELA', 'CNOT1', 'CDC20', 'MYD88', 'CANT1', 'CHP', 'AMPD1', 'FASLG', 'SPDYA', 'CAMK2G', 'PRUNE', 'GUCY1B3', 'IFITM1', 'POLR3F', 'CNOT6', 'PIK3R2', 'LILRB3', 'NAA38', 'PDE10A', 'GUCY2C', 'PPP1CB', 'MAD2L2', 'CD22', 'RPS6KA3', 'YWHAH', 'DCP1B', 'IKBKB', 'PPP3R2', 'PATL1'] : 0.00708553814697638
2025-06-10 18:53:05,609 - OriginalGA - Individual 4: ['NT5C2', 'ANAPC4', 'CNOT8', 'CD79B', 'CARD11', 'IL3RA', 'PDE9A', 'RIPK1', 'RELA', 'CNOT1', 'CDC20', 'MYD88', 'CANT1', 'CHP', 'AMPD1', 'FASLG', 'SPDYA', 'CAMK2G', 'PRUNE', 'GUCY1B3', 'IFITM1', 'POLR3F', 'CNOT6', 'PIK3R2', 'LILRB3', 'NAA38', 'PDE10A', 'GUCY2C', 'PPP1CB', 'MAD2L2', 'CD22', 'RPS6KA3', 'YWHAH', 'DCP1B', 'IKBKB', 'PPP3R2', 'PATL1'] : 0.00708553814697638
2025-06-10 18:53:05,609 - OriginalGA - Individual 5: ['NT5C2', 'ANAPC4', 'CNOT8', 'CD79B', 'CARD11', 'IL3RA', 'PDE9A', 'RIPK1', 'RELA', 'CNOT1', 'CDC20', 'MYD88', 'CANT1', 'CHP', 'AMPD1', 'FASLG', 'SPDYA', 'CAMK2G', 'PRUNE', 'GUCY1B3', 'IFITM1', 'POLR3F', 'CNOT6', 'PIK3R2', 'LILRB3', 'NAA38', 'PDE10A', 'GUCY2C', 'PPP1CB', 'MAD2L2', 'CD22', 'RPS6KA3', 'YWHAH', 'DCP1B', 'IKBKB', 'PPP3R2', 'PATL1'] : 0.00708553814697638
2025-06-10 18:53:05,610 - OriginalGA - Individual 6: ['NT5C2', 'ANAPC4', 'CNOT8', 'CD79B', 'CARD11', 'IL3RA', 'PDE9A', 'RIPK1', 'RELA', 'CNOT1', 'CDC20', 'MYD88', 'CANT1', 'CHP', 'AMPD1', 'FASLG', 'SPDYA', 'CAMK2G', 'PRUNE', 'GUCY1B3', 'IFITM1', 'POLR3F', 'CNOT6', 'PIK3R2', 'LILRB3', 'NAA38', 'PDE10A', 'GUCY2C', 'PPP1CB', 'MAD2L2', 'CD22', 'RPS6KA3', 'YWHAH', 'DCP1B', 'IKBKB', 'PPP3R2', 'PATL1'] : 0.00708553814697638
2025-06-10 18:53:05,610 - OriginalGA - Individual 7: ['EYS', 'IKBKB', 'PRUNE', 'CHP', 'PPP1CB', 'MYD88', 'RIPK1', 'FASLG', 'PPP3R2', 'PDE9A', 'GUCY1B3', 'ANAPC4', 'IL3RA', 'CNOT6', 'YWHAH', 'CNOT1', 'CD22', 'NAA38', 'RPS6KA3', 'CDC20', 'PDE10A', 'CARD11', 'POLR3F', 'PATL1', 'LILRB3', 'CANT1', 'AMPD1', 'DCP1B', 'SPDYA', 'MAD2L2', 'CAMK2G', 'CD79B', 'PIK3R2', 'GUCY2C', 'CNOT8', 'IFITM1', 'RELA'] : 0.007534576499523505
2025-06-10 18:53:05,610 - OriginalGA - Individual 8: ['MYLK', 'IKBKB', 'PRUNE', 'CHP', 'PPP1CB', 'MYD88', 'RIPK1', 'FASLG', 'PPP3R2', 'PDE9A', 'GUCY1B3', 'ANAPC4', 'IL3RA', 'CNOT6', 'YWHAH', 'CNOT1', 'CD22', 'NAA38', 'RPS6KA3', 'CDC20', 'PDE10A', 'CARD11', 'POLR3F', 'PATL1', 'LILRB3', 'CANT1', 'AMPD1', 'DCP1B', 'SPDYA', 'MAD2L2', 'CAMK2G', 'CD79B', 'PIK3R2', 'GUCY2C', 'CNOT8', 'IFITM1', 'RELA'] : 0.007545248148482047
2025-06-10 18:53:05,610 - OriginalGA - Individual 9: ['ACTBL2', 'IKBKB', 'PRUNE', 'CHP', 'PPP1CB', 'MYD88', 'RIPK1', 'FASLG', 'PPP3R2', 'PDE9A', 'GUCY1B3', 'ANAPC4', 'IL3RA', 'CNOT6', 'YWHAH', 'CNOT1', 'CD22', 'NAA38', 'RPS6KA3', 'CDC20', 'PDE10A', 'CARD11', 'POLR3F', 'PATL1', 'LILRB3', 'CANT1', 'AMPD1', 'DCP1B', 'SPDYA', 'MAD2L2', 'CAMK2G', 'CD79B', 'PIK3R2', 'GUCY2C', 'CNOT8', 'IFITM1', 'RELA'] : 0.007556953060341758
2025-06-10 18:53:05,610 - OriginalGA - Individual 10: ['ST6GALNAC6', 'IKBKB', 'PRUNE', 'CHP', 'PPP1CB', 'MYD88', 'RIPK1', 'FASLG', 'PPP3R2', 'PDE9A', 'GUCY1B3', 'ANAPC4', 'IL3RA', 'CNOT6', 'YWHAH', 'CNOT1', 'CD22', 'NAA38', 'RPS6KA3', 'CDC20', 'PDE10A', 'CARD11', 'POLR3F', 'PATL1', 'LILRB3', 'CANT1', 'AMPD1', 'DCP1B', 'SPDYA', 'MAD2L2', 'CAMK2G', 'CD79B', 'PIK3R2', 'GUCY2C', 'CNOT8', 'IFITM1', 'RELA'] : 0.007672717725875819
2025-06-10 18:53:05,613 - OriginalGA - === MUTATION ===
2025-06-10 18:53:05,613 - OriginalGA - Mutant before mutation: ['IKBKB', 'PRUNE', 'CHP', 'PPP1CB', 'MYD88', 'RIPK1', 'FASLG', 'PPP3R2', 'PDE9A', 'GUCY1B3', 'ANAPC4', 'IL3RA', 'RELA', 'YWHAH', 'CNOT6', 'CNOT1', 'NAA38', 'RPS6KA3', 'CDC20', 'ST6GALNAC6', 'PDE10A', 'CARD11', 'POLR3F', 'PATL1', 'LILRB3', 'CANT1', 'AMPD1', 'DCP1B', 'SPDYA', 'MAD2L2', 'CAMK2G', 'CD79B', 'PIK3R2', 'GUCY2C', 'CNOT8', 'IFITM1', 'CD22'] (size: 37)
2025-06-10 18:53:05,614 - OriginalGA - Best gene: CD22 (score: 0.217)
2025-06-10 18:53:05,614 - OriginalGA - Worst gene: IKBKB (score: 0.000)
2025-06-10 18:53:05,710 - OriginalGA - Gene interaction choice: GPR18
2025-06-10 18:53:05,710 - OriginalGA - ***** REPLACEMENT *****
2025-06-10 18:53:05,710 - OriginalGA - Mutant after mutation: ['GPR18', 'PRUNE', 'CHP', 'PPP1CB', 'MYD88', 'RIPK1', 'FASLG', 'PPP3R2', 'PDE9A', 'GUCY1B3', 'ANAPC4', 'IL3RA', 'RELA', 'YWHAH', 'CNOT6', 'CNOT1', 'NAA38', 'RPS6KA3', 'CDC20', 'ST6GALNAC6', 'PDE10A', 'CARD11', 'POLR3F', 'PATL1', 'LILRB3', 'CANT1', 'AMPD1', 'DCP1B', 'SPDYA', 'MAD2L2', 'CAMK2G', 'CD79B', 'PIK3R2', 'GUCY2C', 'CNOT8', 'IFITM1', 'CD22']
2025-06-10 18:53:05,711 - OriginalGA - === MUTATION ===
2025-06-10 18:53:05,711 - OriginalGA - Mutant before mutation: ['POTEF', 'PRUNE', 'CHP', 'PPP1CB', 'MYD88', 'RIPK1', 'FASLG', 'PPP3R2', 'PDE9A', 'GUCY1B3', 'IL3RA', 'ANAPC4', 'YWHAH', 'CNOT6', 'CNOT1', 'CD22', 'NAA38', 'RPS6KA3', 'CDC20', 'ST6GALNAC6', 'PDE10A', 'CARD11', 'POLR3F', 'LILRB3', 'CANT1', 'AMPD1', 'DCP1B', 'SPDYA', 'MAD2L2', 'CAMK2G', 'CD79B', 'PIK3R2', 'GUCY2C', 'CNOT8', 'IFITM1', 'RELA'] (size: 36)
2025-06-10 18:53:05,711 - OriginalGA - Best gene: CD22 (score: 0.242)
2025-06-10 18:53:05,712 - OriginalGA - Worst gene: PRUNE (score: 0.000)
2025-06-10 18:53:05,777 - OriginalGA - Gene interaction choice: TREM2
2025-06-10 18:53:05,777 - OriginalGA - ***** REPLACEMENT *****
2025-06-10 18:53:05,777 - OriginalGA - Mutant after mutation: ['POTEF', 'TREM2', 'CHP', 'PPP1CB', 'MYD88', 'RIPK1', 'FASLG', 'PPP3R2', 'PDE9A', 'GUCY1B3', 'IL3RA', 'ANAPC4', 'YWHAH', 'CNOT6', 'CNOT1', 'CD22', 'NAA38', 'RPS6KA3', 'CDC20', 'ST6GALNAC6', 'PDE10A', 'CARD11', 'POLR3F', 'LILRB3', 'CANT1', 'AMPD1', 'DCP1B', 'SPDYA', 'MAD2L2', 'CAMK2G', 'CD79B', 'PIK3R2', 'GUCY2C', 'CNOT8', 'IFITM1', 'RELA']
2025-06-10 18:53:05,777 - OriginalGA - === FITNESS EVALUATION ===
2025-06-10 18:53:05,777 - OriginalGA - Individual 1: Interaction=0.007, Similarity=0.010, Fitness=0.008
2025-06-10 18:53:05,778 - OriginalGA - Individual 2: Interaction=0.007, Similarity=0.011, Fitness=0.009
2025-06-10 18:53:05,778 - OriginalGA - Fitness list: [0.00816553966492456, 0.009157896830025089]
2025-06-10 18:53:05,778 - OriginalGA - === GENERATION 4 ===
2025-06-10 18:53:05,778 - OriginalGA - Population size: 10
2025-06-10 18:53:05,778 - OriginalGA - Individual 1: ['GPR18', 'PRUNE', 'CHP', 'PPP1CB', 'MYD88', 'RIPK1', 'FASLG', 'PPP3R2', 'PDE9A', 'GUCY1B3', 'ANAPC4', 'IL3RA', 'RELA', 'YWHAH', 'CNOT6', 'CNOT1', 'NAA38', 'RPS6KA3', 'CDC20', 'ST6GALNAC6', 'PDE10A', 'CARD11', 'POLR3F', 'PATL1', 'LILRB3', 'CANT1', 'AMPD1', 'DCP1B', 'SPDYA', 'MAD2L2', 'CAMK2G', 'CD79B', 'PIK3R2', 'GUCY2C', 'CNOT8', 'IFITM1', 'CD22'] : 0.00816553966492456
2025-06-10 18:53:05,778 - OriginalGA - Individual 2: ['POTEF', 'TREM2', 'CHP', 'PPP1CB', 'MYD88', 'RIPK1', 'FASLG', 'PPP3R2', 'PDE9A', 'GUCY1B3', 'IL3RA', 'ANAPC4', 'YWHAH', 'CNOT6', 'CNOT1', 'CD22', 'NAA38', 'RPS6KA3', 'CDC20', 'ST6GALNAC6', 'PDE10A', 'CARD11', 'POLR3F', 'LILRB3', 'CANT1', 'AMPD1', 'DCP1B', 'SPDYA', 'MAD2L2', 'CAMK2G', 'CD79B', 'PIK3R2', 'GUCY2C', 'CNOT8', 'IFITM1', 'RELA'] : 0.009157896830025089
2025-06-10 18:53:05,778 - OriginalGA - Individual 3: ['NT5C2', 'ANAPC4', 'CNOT8', 'CD79B', 'CARD11', 'IL3RA', 'PDE9A', 'RIPK1', 'RELA', 'CNOT1', 'CDC20', 'MYD88', 'CANT1', 'CHP', 'AMPD1', 'FASLG', 'SPDYA', 'CAMK2G', 'PRUNE', 'GUCY1B3', 'IFITM1', 'POLR3F', 'CNOT6', 'PIK3R2', 'LILRB3', 'NAA38', 'PDE10A', 'GUCY2C', 'PPP1CB', 'MAD2L2', 'CD22', 'RPS6KA3', 'YWHAH', 'DCP1B', 'IKBKB', 'PPP3R2', 'PATL1'] : 0.00708553814697638
2025-06-10 18:53:05,778 - OriginalGA - Individual 4: ['NT5C2', 'ANAPC4', 'CNOT8', 'CD79B', 'CARD11', 'IL3RA', 'PDE9A', 'RIPK1', 'RELA', 'CNOT1', 'CDC20', 'MYD88', 'CANT1', 'CHP', 'AMPD1', 'FASLG', 'SPDYA', 'CAMK2G', 'PRUNE', 'GUCY1B3', 'IFITM1', 'POLR3F', 'CNOT6', 'PIK3R2', 'LILRB3', 'NAA38', 'PDE10A', 'GUCY2C', 'PPP1CB', 'MAD2L2', 'CD22', 'RPS6KA3', 'YWHAH', 'DCP1B', 'IKBKB', 'PPP3R2', 'PATL1'] : 0.00708553814697638
2025-06-10 18:53:05,778 - OriginalGA - Individual 5: ['TCF3', 'IKBKB', 'PRUNE', 'CHP', 'PPP1CB', 'MYD88', 'RIPK1', 'FASLG', 'PPP3R2', 'PDE9A', 'GUCY1B3', 'ANAPC4', 'IL3RA', 'CNOT6', 'YWHAH', 'CNOT1', 'CD22', 'NAA38', 'RPS6KA3', 'CDC20', 'PDE10A', 'CARD11', 'POLR3F', 'PATL1', 'LILRB3', 'CANT1', 'AMPD1', 'DCP1B', 'SPDYA', 'MAD2L2', 'CAMK2G', 'CD79B', 'GUCY2C', 'CNOT8', 'IFITM1', 'RELA'] : 0.007489913723793635
2025-06-10 18:53:05,778 - OriginalGA - Individual 6: ['EYS', 'IKBKB', 'PRUNE', 'CHP', 'PPP1CB', 'MYD88', 'RIPK1', 'FASLG', 'PPP3R2', 'PDE9A', 'GUCY1B3', 'ANAPC4', 'IL3RA', 'CNOT6', 'YWHAH', 'CNOT1', 'CD22', 'NAA38', 'RPS6KA3', 'CDC20', 'PDE10A', 'CARD11', 'POLR3F', 'PATL1', 'LILRB3', 'CANT1', 'AMPD1', 'DCP1B', 'SPDYA', 'MAD2L2', 'CAMK2G', 'CD79B', 'PIK3R2', 'GUCY2C', 'CNOT8', 'IFITM1', 'RELA'] : 0.007534576499523505
2025-06-10 18:53:05,778 - OriginalGA - Individual 7: ['MYLK', 'IKBKB', 'PRUNE', 'CHP', 'PPP1CB', 'MYD88', 'RIPK1', 'FASLG', 'PPP3R2', 'PDE9A', 'GUCY1B3', 'ANAPC4', 'IL3RA', 'CNOT6', 'YWHAH', 'CNOT1', 'CD22', 'NAA38', 'RPS6KA3', 'CDC20', 'PDE10A', 'CARD11', 'POLR3F', 'PATL1', 'LILRB3', 'CANT1', 'AMPD1', 'DCP1B', 'SPDYA', 'MAD2L2', 'CAMK2G', 'CD79B', 'PIK3R2', 'GUCY2C', 'CNOT8', 'IFITM1', 'RELA'] : 0.007545248148482047
2025-06-10 18:53:05,779 - OriginalGA - Individual 8: ['ACTBL2', 'IKBKB', 'PRUNE', 'CHP', 'PPP1CB', 'MYD88', 'RIPK1', 'FASLG', 'PPP3R2', 'PDE9A', 'GUCY1B3', 'ANAPC4', 'IL3RA', 'CNOT6', 'YWHAH', 'CNOT1', 'CD22', 'NAA38', 'RPS6KA3', 'CDC20', 'PDE10A', 'CARD11', 'POLR3F', 'PATL1', 'LILRB3', 'CANT1', 'AMPD1', 'DCP1B', 'SPDYA', 'MAD2L2', 'CAMK2G', 'CD79B', 'PIK3R2', 'GUCY2C', 'CNOT8', 'IFITM1', 'RELA'] : 0.007556953060341758
2025-06-10 18:53:05,779 - OriginalGA - Individual 9: ['ST6GALNAC6', 'IKBKB', 'PRUNE', 'CHP', 'PPP1CB', 'MYD88', 'RIPK1', 'FASLG', 'PPP3R2', 'PDE9A', 'GUCY1B3', 'ANAPC4', 'IL3RA', 'CNOT6', 'YWHAH', 'CNOT1', 'CD22', 'NAA38', 'RPS6KA3', 'CDC20', 'PDE10A', 'CARD11', 'POLR3F', 'PATL1', 'LILRB3', 'CANT1', 'AMPD1', 'DCP1B', 'SPDYA', 'MAD2L2', 'CAMK2G', 'CD79B', 'PIK3R2', 'GUCY2C', 'CNOT8', 'IFITM1', 'RELA'] : 0.007672717725875819
2025-06-10 18:53:05,779 - OriginalGA - Individual 10: ['POTEF', 'PRUNE', 'CHP', 'PPP1CB', 'MYD88', 'RIPK1', 'FASLG', 'PPP3R2', 'PDE9A', 'GUCY1B3', 'ANAPC4', 'IL3RA', 'RELA', 'YWHAH', 'CNOT6', 'CNOT1', 'NAA38', 'RPS6KA3', 'CDC20', 'ST6GALNAC6', 'PDE10A', 'CARD11', 'POLR3F', 'LILRB3', 'CANT1', 'AMPD1', 'DCP1B', 'SPDYA', 'MAD2L2', 'CAMK2G', 'CD79B', 'PIK3R2', 'GUCY2C', 'CNOT8', 'IFITM1', 'CD22'] : 0.008581235887347207
2025-06-10 18:53:05,781 - OriginalGA - === MUTATION ===
2025-06-10 18:53:05,781 - OriginalGA - Mutant before mutation: ['IKBKB', 'PRUNE', 'CHP', 'PPP1CB', 'MYD88', 'RIPK1', 'FASLG', 'PPP3R2', 'PDE9A', 'GUCY1B3', 'ANAPC4', 'IL3RA', 'RELA', 'YWHAH', 'CNOT6', 'CNOT1', 'NAA38', 'RPS6KA3', 'CDC20', 'PDE10A', 'CARD11', 'POLR3F', 'PATL1', 'LILRB3', 'CANT1', 'AMPD1', 'DCP1B', 'SPDYA', 'EYS', 'MAD2L2', 'CAMK2G', 'CD79B', 'PIK3R2', 'GUCY2C', 'CNOT8', 'IFITM1', 'CD22'] (size: 37)
2025-06-10 18:53:05,782 - OriginalGA - Best gene: CD22 (score: 0.212)
2025-06-10 18:53:05,782 - OriginalGA - Worst gene: IKBKB (score: 0.000)
2025-06-10 18:53:05,862 - OriginalGA - Gene interaction choice: FCRLA
2025-06-10 18:53:05,862 - OriginalGA - ***** REPLACEMENT *****
2025-06-10 18:53:05,862 - OriginalGA - Mutant after mutation: ['FCRLA', 'PRUNE', 'CHP', 'PPP1CB', 'MYD88', 'RIPK1', 'FASLG', 'PPP3R2', 'PDE9A', 'GUCY1B3', 'ANAPC4', 'IL3RA', 'RELA', 'YWHAH', 'CNOT6', 'CNOT1', 'NAA38', 'RPS6KA3', 'CDC20', 'PDE10A', 'CARD11', 'POLR3F', 'PATL1', 'LILRB3', 'CANT1', 'AMPD1', 'DCP1B', 'SPDYA', 'EYS', 'MAD2L2', 'CAMK2G', 'CD79B', 'PIK3R2', 'GUCY2C', 'CNOT8', 'IFITM1', 'CD22']
2025-06-10 18:53:05,862 - OriginalGA - === MUTATION ===
2025-06-10 18:53:05,862 - OriginalGA - Mutant before mutation: ['IKBKB', 'PRUNE', 'CHP', 'PPP1CB', 'MYD88', 'RIPK1', 'FASLG', 'PPP3R2', 'PDE9A', 'GUCY1B3', 'ANAPC4', 'IL3RA', 'RELA', 'YWHAH', 'CNOT6', 'ACTBL2', 'CNOT1', 'NAA38', 'RPS6KA3', 'CDC20', 'PDE10A', 'CARD11', 'POLR3F', 'PATL1', 'LILRB3', 'CANT1', 'AMPD1', 'DCP1B', 'SPDYA', 'MAD2L2', 'CAMK2G', 'CD79B', 'PIK3R2', 'GUCY2C', 'CNOT8', 'IFITM1', 'CD22'] (size: 37)
2025-06-10 18:53:05,863 - OriginalGA - Best gene: CD22 (score: 0.213)
2025-06-10 18:53:05,863 - OriginalGA - Worst gene: IKBKB (score: 0.000)
2025-06-10 18:53:05,939 - OriginalGA - Gene interaction choice: ACTL9
2025-06-10 18:53:05,939 - OriginalGA - ***** REPLACEMENT *****
2025-06-10 18:53:05,939 - OriginalGA - Mutant after mutation: ['ACTL9', 'PRUNE', 'CHP', 'PPP1CB', 'MYD88', 'RIPK1', 'FASLG', 'PPP3R2', 'PDE9A', 'GUCY1B3', 'ANAPC4', 'IL3RA', 'RELA', 'YWHAH', 'CNOT6', 'ACTBL2', 'CNOT1', 'NAA38', 'RPS6KA3', 'CDC20', 'PDE10A', 'CARD11', 'POLR3F', 'PATL1', 'LILRB3', 'CANT1', 'AMPD1', 'DCP1B', 'SPDYA', 'MAD2L2', 'CAMK2G', 'CD79B', 'PIK3R2', 'GUCY2C', 'CNOT8', 'IFITM1', 'CD22']
2025-06-10 18:53:05,939 - OriginalGA - === FITNESS EVALUATION ===
2025-06-10 18:53:05,939 - OriginalGA - Individual 1: Interaction=0.007, Similarity=0.010, Fitness=0.008
2025-06-10 18:53:05,940 - OriginalGA - Individual 2: Interaction=0.006, Similarity=0.010, Fitness=0.008
2025-06-10 18:53:05,940 - OriginalGA - Fitness list: [0.00825627376069445, 0.007952553548047508]
2025-06-10 18:53:05,940 - OriginalGA - === GENERATION 5 ===
2025-06-10 18:53:05,940 - OriginalGA - Population size: 10
2025-06-10 18:53:05,940 - OriginalGA - Individual 1: ['FCRLA', 'PRUNE', 'CHP', 'PPP1CB', 'MYD88', 'RIPK1', 'FASLG', 'PPP3R2', 'PDE9A', 'GUCY1B3', 'ANAPC4', 'IL3RA', 'RELA', 'YWHAH', 'CNOT6', 'CNOT1', 'NAA38', 'RPS6KA3', 'CDC20', 'PDE10A', 'CARD11', 'POLR3F', 'PATL1', 'LILRB3', 'CANT1', 'AMPD1', 'DCP1B', 'SPDYA', 'EYS', 'MAD2L2', 'CAMK2G', 'CD79B', 'PIK3R2', 'GUCY2C', 'CNOT8', 'IFITM1', 'CD22'] : 0.00825627376069445
2025-06-10 18:53:05,940 - OriginalGA - Individual 2: ['ACTL9', 'PRUNE', 'CHP', 'PPP1CB', 'MYD88', 'RIPK1', 'FASLG', 'PPP3R2', 'PDE9A', 'GUCY1B3', 'ANAPC4', 'IL3RA', 'RELA', 'YWHAH', 'CNOT6', 'ACTBL2', 'CNOT1', 'NAA38', 'RPS6KA3', 'CDC20', 'PDE10A', 'CARD11', 'POLR3F', 'PATL1', 'LILRB3', 'CANT1', 'AMPD1', 'DCP1B', 'SPDYA', 'MAD2L2', 'CAMK2G', 'CD79B', 'PIK3R2', 'GUCY2C', 'CNOT8', 'IFITM1', 'CD22'] : 0.007952553548047508
2025-06-10 18:53:05,940 - OriginalGA - Individual 3: ['TCF3', 'IKBKB', 'PRUNE', 'CHP', 'PPP1CB', 'MYD88', 'RIPK1', 'FASLG', 'PPP3R2', 'PDE9A', 'GUCY1B3', 'ANAPC4', 'IL3RA', 'CNOT6', 'YWHAH', 'CNOT1', 'CD22', 'NAA38', 'RPS6KA3', 'CDC20', 'PDE10A', 'CARD11', 'POLR3F', 'PATL1', 'LILRB3', 'CANT1', 'AMPD1', 'DCP1B', 'SPDYA', 'MAD2L2', 'CAMK2G', 'CD79B', 'GUCY2C', 'CNOT8', 'IFITM1', 'RELA'] : 0.007489913723793635
2025-06-10 18:53:05,940 - OriginalGA - Individual 4: ['EYS', 'IKBKB', 'PRUNE', 'CHP', 'PPP1CB', 'MYD88', 'RIPK1', 'FASLG', 'PPP3R2', 'PDE9A', 'GUCY1B3', 'ANAPC4', 'IL3RA', 'CNOT6', 'YWHAH', 'CNOT1', 'CD22', 'NAA38', 'RPS6KA3', 'CDC20', 'PDE10A', 'CARD11', 'POLR3F', 'PATL1', 'LILRB3', 'CANT1', 'AMPD1', 'DCP1B', 'SPDYA', 'MAD2L2', 'CAMK2G', 'CD79B', 'PIK3R2', 'GUCY2C', 'CNOT8', 'IFITM1', 'RELA'] : 0.007534576499523505
2025-06-10 18:53:05,940 - OriginalGA - Individual 5: ['MYLK', 'IKBKB', 'PRUNE', 'CHP', 'PPP1CB', 'MYD88', 'RIPK1', 'FASLG', 'PPP3R2', 'PDE9A', 'GUCY1B3', 'ANAPC4', 'IL3RA', 'CNOT6', 'YWHAH', 'CNOT1', 'CD22', 'NAA38', 'RPS6KA3', 'CDC20', 'PDE10A', 'CARD11', 'POLR3F', 'PATL1', 'LILRB3', 'CANT1', 'AMPD1', 'DCP1B', 'SPDYA', 'MAD2L2', 'CAMK2G', 'CD79B', 'PIK3R2', 'GUCY2C', 'CNOT8', 'IFITM1', 'RELA'] : 0.007545248148482047
2025-06-10 18:53:05,940 - OriginalGA - Individual 6: ['ACTBL2', 'IKBKB', 'PRUNE', 'CHP', 'PPP1CB', 'MYD88', 'RIPK1', 'FASLG', 'PPP3R2', 'PDE9A', 'GUCY1B3', 'ANAPC4', 'IL3RA', 'CNOT6', 'YWHAH', 'CNOT1', 'CD22', 'NAA38', 'RPS6KA3', 'CDC20', 'PDE10A', 'CARD11', 'POLR3F', 'PATL1', 'LILRB3', 'CANT1', 'AMPD1', 'DCP1B', 'SPDYA', 'MAD2L2', 'CAMK2G', 'CD79B', 'PIK3R2', 'GUCY2C', 'CNOT8', 'IFITM1', 'RELA'] : 0.007556953060341758
2025-06-10 18:53:05,941 - OriginalGA - Individual 7: ['ST6GALNAC6', 'IKBKB', 'PRUNE', 'CHP', 'PPP1CB', 'MYD88', 'RIPK1', 'FASLG', 'PPP3R2', 'PDE9A', 'GUCY1B3', 'ANAPC4', 'IL3RA', 'CNOT6', 'YWHAH', 'CNOT1', 'CD22', 'NAA38', 'RPS6KA3', 'CDC20', 'PDE10A', 'CARD11', 'POLR3F', 'PATL1', 'LILRB3', 'CANT1', 'AMPD1', 'DCP1B', 'SPDYA', 'MAD2L2', 'CAMK2G', 'CD79B', 'PIK3R2', 'GUCY2C', 'CNOT8', 'IFITM1', 'RELA'] : 0.007672717725875819
2025-06-10 18:53:05,941 - OriginalGA - Individual 8: ['GPR18', 'PRUNE', 'CHP', 'PPP1CB', 'MYD88', 'RIPK1', 'FASLG', 'PPP3R2', 'PDE9A', 'GUCY1B3', 'ANAPC4', 'IL3RA', 'RELA', 'YWHAH', 'CNOT6', 'CNOT1', 'NAA38', 'RPS6KA3', 'CDC20', 'ST6GALNAC6', 'PDE10A', 'CARD11', 'POLR3F', 'PATL1', 'LILRB3', 'CANT1', 'AMPD1', 'DCP1B', 'SPDYA', 'MAD2L2', 'CAMK2G', 'CD79B', 'PIK3R2', 'GUCY2C', 'CNOT8', 'IFITM1', 'CD22'] : 0.00816553966492456
2025-06-10 18:53:05,941 - OriginalGA - Individual 9: ['POTEF', 'PRUNE', 'CHP', 'PPP1CB', 'MYD88', 'RIPK1', 'FASLG', 'PPP3R2', 'PDE9A', 'GUCY1B3', 'ANAPC4', 'IL3RA', 'RELA', 'YWHAH', 'CNOT6', 'CNOT1', 'NAA38', 'RPS6KA3', 'CDC20', 'ST6GALNAC6', 'PDE10A', 'CARD11', 'POLR3F', 'LILRB3', 'CANT1', 'AMPD1', 'DCP1B', 'SPDYA', 'MAD2L2', 'CAMK2G', 'CD79B', 'PIK3R2', 'GUCY2C', 'CNOT8', 'IFITM1', 'CD22'] : 0.008581235887347207
2025-06-10 18:53:05,942 - OriginalGA - Individual 10: ['POTEF', 'TREM2', 'CHP', 'PPP1CB', 'MYD88', 'RIPK1', 'FASLG', 'PPP3R2', 'PDE9A', 'GUCY1B3', 'IL3RA', 'ANAPC4', 'YWHAH', 'CNOT6', 'CNOT1', 'CD22', 'NAA38', 'RPS6KA3', 'CDC20', 'ST6GALNAC6', 'PDE10A', 'CARD11', 'POLR3F', 'LILRB3', 'CANT1', 'AMPD1', 'DCP1B', 'SPDYA', 'MAD2L2', 'CAMK2G', 'CD79B', 'PIK3R2', 'GUCY2C', 'CNOT8', 'IFITM1', 'RELA'] : 0.009157896830025089
2025-06-10 18:53:05,944 - OriginalGA - === MUTATION ===
2025-06-10 18:53:05,945 - OriginalGA - Mutant before mutation: ['PRUNE', 'CHP', 'PPP1CB', 'MYD88', 'RIPK1', 'FASLG', 'PPP3R2', 'PDE9A', 'GUCY1B3', 'ANAPC4', 'IL3RA', 'YWHAH', 'CNOT6', 'CNOT1', 'CD22', 'NAA38', 'RPS6KA3', 'CDC20', 'PDE10A', 'FCRLA', 'CARD11', 'POLR3F', 'PATL1', 'LILRB3', 'CANT1', 'AMPD1', 'DCP1B', 'SPDYA', 'EYS', 'MAD2L2', 'CAMK2G', 'CD79B', 'PIK3R2', 'GUCY2C', 'CNOT8', 'IFITM1', 'RELA'] (size: 37)
2025-06-10 18:53:05,945 - OriginalGA - Best gene: CD22 (score: 0.240)
2025-06-10 18:53:05,945 - OriginalGA - Worst gene: PRUNE (score: 0.000)
2025-06-10 18:53:06,003 - OriginalGA - Gene interaction choice: ANKHD1
2025-06-10 18:53:06,004 - OriginalGA - ***** REPLACEMENT *****
2025-06-10 18:53:06,004 - OriginalGA - Mutant after mutation: ['ANKHD1', 'CHP', 'PPP1CB', 'MYD88', 'RIPK1', 'FASLG', 'PPP3R2', 'PDE9A', 'GUCY1B3', 'ANAPC4', 'IL3RA', 'YWHAH', 'CNOT6', 'CNOT1', 'CD22', 'NAA38', 'RPS6KA3', 'CDC20', 'PDE10A', 'FCRLA', 'CARD11', 'POLR3F', 'PATL1', 'LILRB3', 'CANT1', 'AMPD1', 'DCP1B', 'SPDYA', 'EYS', 'MAD2L2', 'CAMK2G', 'CD79B', 'PIK3R2', 'GUCY2C', 'CNOT8', 'IFITM1', 'RELA']
2025-06-10 18:53:06,004 - OriginalGA - === MUTATION ===
2025-06-10 18:53:06,004 - OriginalGA - Mutant before mutation: ['IKBKB', 'PRUNE', 'CHP', 'PPP1CB', 'MYD88', 'RIPK1', 'FASLG', 'PPP3R2', 'PDE9A', 'GUCY1B3', 'ANAPC4', 'IL3RA', 'RELA', 'YWHAH', 'CNOT6', 'CNOT1', 'NAA38', 'RPS6KA3', 'CDC20', 'PDE10A', 'MYLK', 'CARD11', 'POLR3F', 'PATL1', 'LILRB3', 'CANT1', 'AMPD1', 'DCP1B', 'SPDYA', 'MAD2L2', 'CAMK2G', 'CD79B', 'PIK3R2', 'GUCY2C', 'CNOT8', 'IFITM1', 'CD22'] (size: 37)
2025-06-10 18:53:06,004 - OriginalGA - Best gene: CD22 (score: 0.212)
2025-06-10 18:53:06,004 - OriginalGA - Worst gene: IKBKB (score: 0.000)
2025-06-10 18:53:06,060 - OriginalGA - Gene interaction choice: IL6ST
2025-06-10 18:53:06,060 - OriginalGA - ***** REPLACEMENT *****
2025-06-10 18:53:06,061 - OriginalGA - Mutant after mutation: ['IL6ST', 'PRUNE', 'CHP', 'PPP1CB', 'MYD88', 'RIPK1', 'FASLG', 'PPP3R2', 'PDE9A', 'GUCY1B3', 'ANAPC4', 'IL3RA', 'RELA', 'YWHAH', 'CNOT6', 'CNOT1', 'NAA38', 'RPS6KA3', 'CDC20', 'PDE10A', 'MYLK', 'CARD11', 'POLR3F', 'PATL1', 'LILRB3', 'CANT1', 'AMPD1', 'DCP1B', 'SPDYA', 'MAD2L2', 'CAMK2G', 'CD79B', 'PIK3R2', 'GUCY2C', 'CNOT8', 'IFITM1', 'CD22']
2025-06-10 18:53:06,061 - OriginalGA - === FITNESS EVALUATION ===
2025-06-10 18:53:06,061 - OriginalGA - Individual 1: Interaction=0.007, Similarity=0.010, Fitness=0.009
2025-06-10 18:53:06,062 - OriginalGA - Individual 2: Interaction=0.007, Similarity=0.010, Fitness=0.009
2025-06-10 18:53:06,062 - OriginalGA - Fitness list: [0.00874544149986219, 0.008844751967826067]
2025-06-10 18:53:06,062 - OriginalGA - === GENERATION 6 ===
2025-06-10 18:53:06,062 - OriginalGA - Population size: 10
2025-06-10 18:53:06,062 - OriginalGA - Individual 1: ['ANKHD1', 'CHP', 'PPP1CB', 'MYD88', 'RIPK1', 'FASLG', 'PPP3R2', 'PDE9A', 'GUCY1B3', 'ANAPC4', 'IL3RA', 'YWHAH', 'CNOT6', 'CNOT1', 'CD22', 'NAA38', 'RPS6KA3', 'CDC20', 'PDE10A', 'FCRLA', 'CARD11', 'POLR3F', 'PATL1', 'LILRB3', 'CANT1', 'AMPD1', 'DCP1B', 'SPDYA', 'EYS', 'MAD2L2', 'CAMK2G', 'CD79B', 'PIK3R2', 'GUCY2C', 'CNOT8', 'IFITM1', 'RELA'] : 0.00874544149986219
2025-06-10 18:53:06,062 - OriginalGA - Individual 2: ['IL6ST', 'PRUNE', 'CHP', 'PPP1CB', 'MYD88', 'RIPK1', 'FASLG', 'PPP3R2', 'PDE9A', 'GUCY1B3', 'ANAPC4', 'IL3RA', 'RELA', 'YWHAH', 'CNOT6', 'CNOT1', 'NAA38', 'RPS6KA3', 'CDC20', 'PDE10A', 'MYLK', 'CARD11', 'POLR3F', 'PATL1', 'LILRB3', 'CANT1', 'AMPD1', 'DCP1B', 'SPDYA', 'MAD2L2', 'CAMK2G', 'CD79B', 'PIK3R2', 'GUCY2C', 'CNOT8', 'IFITM1', 'CD22'] : 0.008844751967826067
2025-06-10 18:53:06,062 - OriginalGA - Individual 3: ['MYLK', 'IKBKB', 'PRUNE', 'CHP', 'PPP1CB', 'MYD88', 'RIPK1', 'FASLG', 'PPP3R2', 'PDE9A', 'GUCY1B3', 'ANAPC4', 'IL3RA', 'CNOT6', 'YWHAH', 'CNOT1', 'CD22', 'NAA38', 'RPS6KA3', 'CDC20', 'PDE10A', 'CARD11', 'POLR3F', 'PATL1', 'LILRB3', 'CANT1', 'AMPD1', 'DCP1B', 'SPDYA', 'MAD2L2', 'CAMK2G', 'CD79B', 'PIK3R2', 'GUCY2C', 'CNOT8', 'IFITM1', 'RELA'] : 0.007545248148482047
2025-06-10 18:53:06,062 - OriginalGA - Individual 4: ['ACTBL2', 'IKBKB', 'PRUNE', 'CHP', 'PPP1CB', 'MYD88', 'RIPK1', 'FASLG', 'PPP3R2', 'PDE9A', 'GUCY1B3', 'ANAPC4', 'IL3RA', 'CNOT6', 'YWHAH', 'CNOT1', 'CD22', 'NAA38', 'RPS6KA3', 'CDC20', 'PDE10A', 'CARD11', 'POLR3F', 'PATL1', 'LILRB3', 'CANT1', 'AMPD1', 'DCP1B', 'SPDYA', 'MAD2L2', 'CAMK2G', 'CD79B', 'PIK3R2', 'GUCY2C', 'CNOT8', 'IFITM1', 'RELA'] : 0.007556953060341758
2025-06-10 18:53:06,062 - OriginalGA - Individual 5: ['ST6GALNAC6', 'IKBKB', 'PRUNE', 'CHP', 'PPP1CB', 'MYD88', 'RIPK1', 'FASLG', 'PPP3R2', 'PDE9A', 'GUCY1B3', 'ANAPC4', 'IL3RA', 'CNOT6', 'YWHAH', 'CNOT1', 'CD22', 'NAA38', 'RPS6KA3', 'CDC20', 'PDE10A', 'CARD11', 'POLR3F', 'PATL1', 'LILRB3', 'CANT1', 'AMPD1', 'DCP1B', 'SPDYA', 'MAD2L2', 'CAMK2G', 'CD79B', 'PIK3R2', 'GUCY2C', 'CNOT8', 'IFITM1', 'RELA'] : 0.007672717725875819
2025-06-10 18:53:06,062 - OriginalGA - Individual 6: ['ACTL9', 'PRUNE', 'CHP', 'PPP1CB', 'MYD88', 'RIPK1', 'FASLG', 'PPP3R2', 'PDE9A', 'GUCY1B3', 'ANAPC4', 'IL3RA', 'RELA', 'YWHAH', 'CNOT6', 'ACTBL2', 'CNOT1', 'NAA38', 'RPS6KA3', 'CDC20', 'PDE10A', 'CARD11', 'POLR3F', 'PATL1', 'LILRB3', 'CANT1', 'AMPD1', 'DCP1B', 'SPDYA', 'MAD2L2', 'CAMK2G', 'CD79B', 'PIK3R2', 'GUCY2C', 'CNOT8', 'IFITM1', 'CD22'] : 0.007952553548047508
2025-06-10 18:53:06,062 - OriginalGA - Individual 7: ['GPR18', 'PRUNE', 'CHP', 'PPP1CB', 'MYD88', 'RIPK1', 'FASLG', 'PPP3R2', 'PDE9A', 'GUCY1B3', 'ANAPC4', 'IL3RA', 'RELA', 'YWHAH', 'CNOT6', 'CNOT1', 'NAA38', 'RPS6KA3', 'CDC20', 'ST6GALNAC6', 'PDE10A', 'CARD11', 'POLR3F', 'PATL1', 'LILRB3', 'CANT1', 'AMPD1', 'DCP1B', 'SPDYA', 'MAD2L2', 'CAMK2G', 'CD79B', 'PIK3R2', 'GUCY2C', 'CNOT8', 'IFITM1', 'CD22'] : 0.00816553966492456
2025-06-10 18:53:06,062 - OriginalGA - Individual 8: ['FCRLA', 'PRUNE', 'CHP', 'PPP1CB', 'MYD88', 'RIPK1', 'FASLG', 'PPP3R2', 'PDE9A', 'GUCY1B3', 'ANAPC4', 'IL3RA', 'RELA', 'YWHAH', 'CNOT6', 'CNOT1', 'NAA38', 'RPS6KA3', 'CDC20', 'PDE10A', 'CARD11', 'POLR3F', 'PATL1', 'LILRB3', 'CANT1', 'AMPD1', 'DCP1B', 'SPDYA', 'EYS', 'MAD2L2', 'CAMK2G', 'CD79B', 'PIK3R2', 'GUCY2C', 'CNOT8', 'IFITM1', 'CD22'] : 0.00825627376069445
2025-06-10 18:53:06,063 - OriginalGA - Individual 9: ['POTEF', 'PRUNE', 'CHP', 'PPP1CB', 'MYD88', 'RIPK1', 'FASLG', 'PPP3R2', 'PDE9A', 'GUCY1B3', 'ANAPC4', 'IL3RA', 'RELA', 'YWHAH', 'CNOT6', 'CNOT1', 'NAA38', 'RPS6KA3', 'CDC20', 'ST6GALNAC6', 'PDE10A', 'CARD11', 'POLR3F', 'LILRB3', 'CANT1', 'AMPD1', 'DCP1B', 'SPDYA', 'MAD2L2', 'CAMK2G', 'CD79B', 'PIK3R2', 'GUCY2C', 'CNOT8', 'IFITM1', 'CD22'] : 0.008581235887347207
2025-06-10 18:53:06,063 - OriginalGA - Individual 10: ['POTEF', 'TREM2', 'CHP', 'PPP1CB', 'MYD88', 'RIPK1', 'FASLG', 'PPP3R2', 'PDE9A', 'GUCY1B3', 'IL3RA', 'ANAPC4', 'YWHAH', 'CNOT6', 'CNOT1', 'CD22', 'NAA38', 'RPS6KA3', 'CDC20', 'ST6GALNAC6', 'PDE10A', 'CARD11', 'POLR3F', 'LILRB3', 'CANT1', 'AMPD1', 'DCP1B', 'SPDYA', 'MAD2L2', 'CAMK2G', 'CD79B', 'PIK3R2', 'GUCY2C', 'CNOT8', 'IFITM1', 'RELA'] : 0.009157896830025089
2025-06-10 18:53:06,066 - OriginalGA - === MUTATION ===
2025-06-10 18:53:06,066 - OriginalGA - Mutant before mutation: ['POTEF', 'CHP', 'PPP1CB', 'MYD88', 'RIPK1', 'FASLG', 'PPP3R2', 'PDE9A', 'GUCY1B3', 'ANAPC4', 'IL3RA', 'RELA', 'CNOT6', 'YWHAH', 'CNOT1', 'NAA38', 'RPS6KA3', 'CDC20', 'ST6GALNAC6', 'PDE10A', 'CARD11', 'POLR3F', 'LILRB3', 'CANT1', 'AMPD1', 'TREM2', 'DCP1B', 'SPDYA', 'MAD2L2', 'CAMK2G', 'CD79B', 'PIK3R2', 'CNOT8', 'IFITM1', 'CD22'] (size: 35)
2025-06-10 18:53:06,067 - OriginalGA - Best gene: CD22 (score: 0.272)
2025-06-10 18:53:06,067 - OriginalGA - Worst gene: CHP (score: 0.000)
2025-06-10 18:53:06,124 - OriginalGA - Gene interaction choice: PNOC
2025-06-10 18:53:06,124 - OriginalGA - ***** REPLACEMENT *****
2025-06-10 18:53:06,124 - OriginalGA - Mutant after mutation: ['POTEF', 'PNOC', 'PPP1CB', 'MYD88', 'RIPK1', 'FASLG', 'PPP3R2', 'PDE9A', 'GUCY1B3', 'ANAPC4', 'IL3RA', 'RELA', 'CNOT6', 'YWHAH', 'CNOT1', 'NAA38', 'RPS6KA3', 'CDC20', 'ST6GALNAC6', 'PDE10A', 'CARD11', 'POLR3F', 'LILRB3', 'CANT1', 'AMPD1', 'TREM2', 'DCP1B', 'SPDYA', 'MAD2L2', 'CAMK2G', 'CD79B', 'PIK3R2', 'CNOT8', 'IFITM1', 'CD22']
2025-06-10 18:53:06,124 - OriginalGA - === MUTATION ===
2025-06-10 18:53:06,124 - OriginalGA - Mutant before mutation: ['IKBKB', 'PRUNE', 'CHP', 'PPP1CB', 'MYD88', 'RIPK1', 'FASLG', 'PPP3R2', 'PDE9A', 'GUCY1B3', 'ANAPC4', 'IL3RA', 'RELA', 'YWHAH', 'CNOT6', 'ACTBL2', 'CNOT1', 'NAA38', 'RPS6KA3', 'CDC20', 'PDE10A', 'CARD11', 'POLR3F', 'PATL1', 'LILRB3', 'CANT1', 'AMPD1', 'DCP1B', 'SPDYA', 'MAD2L2', 'CAMK2G', 'CD79B', 'GUCY2C', 'CNOT8', 'IFITM1', 'CD22'] (size: 36)
2025-06-10 18:53:06,125 - OriginalGA - Best gene: CD22 (score: 0.219)
2025-06-10 18:53:06,125 - OriginalGA - Worst gene: IKBKB (score: 0.000)
2025-06-10 18:53:06,184 - OriginalGA - Gene interaction choice: KBTBD2
2025-06-10 18:53:06,184 - OriginalGA - ***** REPLACEMENT *****
2025-06-10 18:53:06,185 - OriginalGA - Mutant after mutation: ['KBTBD2', 'PRUNE', 'CHP', 'PPP1CB', 'MYD88', 'RIPK1', 'FASLG', 'PPP3R2', 'PDE9A', 'GUCY1B3', 'ANAPC4', 'IL3RA', 'RELA', 'YWHAH', 'CNOT6', 'ACTBL2', 'CNOT1', 'NAA38', 'RPS6KA3', 'CDC20', 'PDE10A', 'CARD11', 'POLR3F', 'PATL1', 'LILRB3', 'CANT1', 'AMPD1', 'DCP1B', 'SPDYA', 'MAD2L2', 'CAMK2G', 'CD79B', 'GUCY2C', 'CNOT8', 'IFITM1', 'CD22']
2025-06-10 18:53:06,185 - OriginalGA - === FITNESS EVALUATION ===
2025-06-10 18:53:06,185 - OriginalGA - Individual 1: Interaction=0.008, Similarity=0.012, Fitness=0.010
2025-06-10 18:53:06,185 - OriginalGA - Individual 2: Interaction=0.007, Similarity=0.010, Fitness=0.008
2025-06-10 18:53:06,185 - OriginalGA - Fitness list: [0.010209211737604466, 0.00816004583242217]
2025-06-10 18:53:06,191 - OriginalGA - === GENERATION 7 ===
2025-06-10 18:53:06,191 - OriginalGA - Population size: 10
2025-06-10 18:53:06,191 - OriginalGA - Individual 1: ['POTEF', 'PNOC', 'PPP1CB', 'MYD88', 'RIPK1', 'FASLG', 'PPP3R2', 'PDE9A', 'GUCY1B3', 'ANAPC4', 'IL3RA', 'RELA', 'CNOT6', 'YWHAH', 'CNOT1', 'NAA38', 'RPS6KA3', 'CDC20', 'ST6GALNAC6', 'PDE10A', 'CARD11', 'POLR3F', 'LILRB3', 'CANT1', 'AMPD1', 'TREM2', 'DCP1B', 'SPDYA', 'MAD2L2', 'CAMK2G', 'CD79B', 'PIK3R2', 'CNOT8', 'IFITM1', 'CD22'] : 0.010209211737604466
2025-06-10 18:53:06,191 - OriginalGA - Individual 2: ['KBTBD2', 'PRUNE', 'CHP', 'PPP1CB', 'MYD88', 'RIPK1', 'FASLG', 'PPP3R2', 'PDE9A', 'GUCY1B3', 'ANAPC4', 'IL3RA', 'RELA', 'YWHAH', 'CNOT6', 'ACTBL2', 'CNOT1', 'NAA38', 'RPS6KA3', 'CDC20', 'PDE10A', 'CARD11', 'POLR3F', 'PATL1', 'LILRB3', 'CANT1', 'AMPD1', 'DCP1B', 'SPDYA', 'MAD2L2', 'CAMK2G', 'CD79B', 'GUCY2C', 'CNOT8', 'IFITM1', 'CD22'] : 0.00816004583242217
2025-06-10 18:53:06,191 - OriginalGA - Individual 3: ['ST6GALNAC6', 'IKBKB', 'PRUNE', 'CHP', 'PPP1CB', 'MYD88', 'RIPK1', 'FASLG', 'PPP3R2', 'PDE9A', 'GUCY1B3', 'ANAPC4', 'IL3RA', 'CNOT6', 'YWHAH', 'CNOT1', 'CD22', 'NAA38', 'RPS6KA3', 'CDC20', 'PDE10A', 'CARD11', 'POLR3F', 'PATL1', 'LILRB3', 'CANT1', 'AMPD1', 'DCP1B', 'SPDYA', 'MAD2L2', 'CAMK2G', 'CD79B', 'PIK3R2', 'GUCY2C', 'CNOT8', 'IFITM1', 'RELA'] : 0.007672717725875819
2025-06-10 18:53:06,193 - OriginalGA - Individual 4: ['ACTL9', 'PRUNE', 'CHP', 'PPP1CB', 'MYD88', 'RIPK1', 'FASLG', 'PPP3R2', 'PDE9A', 'GUCY1B3', 'ANAPC4', 'IL3RA', 'RELA', 'YWHAH', 'CNOT6', 'ACTBL2', 'CNOT1', 'NAA38', 'RPS6KA3', 'CDC20', 'PDE10A', 'CARD11', 'POLR3F', 'PATL1', 'LILRB3', 'CANT1', 'AMPD1', 'DCP1B', 'SPDYA', 'MAD2L2', 'CAMK2G', 'CD79B', 'PIK3R2', 'GUCY2C', 'CNOT8', 'IFITM1', 'CD22'] : 0.007952553548047508
2025-06-10 18:53:06,193 - OriginalGA - Individual 5: ['GPR18', 'PRUNE', 'CHP', 'PPP1CB', 'MYD88', 'RIPK1', 'FASLG', 'PPP3R2', 'PDE9A', 'GUCY1B3', 'ANAPC4', 'IL3RA', 'RELA', 'YWHAH', 'CNOT6', 'CNOT1', 'NAA38', 'RPS6KA3', 'CDC20', 'ST6GALNAC6', 'PDE10A', 'CARD11', 'POLR3F', 'PATL1', 'LILRB3', 'CANT1', 'AMPD1', 'DCP1B', 'SPDYA', 'MAD2L2', 'CAMK2G', 'CD79B', 'PIK3R2', 'GUCY2C', 'CNOT8', 'IFITM1', 'CD22'] : 0.00816553966492456
2025-06-10 18:53:06,193 - OriginalGA - Individual 6: ['FCRLA', 'PRUNE', 'CHP', 'PPP1CB', 'MYD88', 'RIPK1', 'FASLG', 'PPP3R2', 'PDE9A', 'GUCY1B3', 'ANAPC4', 'IL3RA', 'RELA', 'YWHAH', 'CNOT6', 'CNOT1', 'NAA38', 'RPS6KA3', 'CDC20', 'PDE10A', 'CARD11', 'POLR3F', 'PATL1', 'LILRB3', 'CANT1', 'AMPD1', 'DCP1B', 'SPDYA', 'EYS', 'MAD2L2', 'CAMK2G', 'CD79B', 'PIK3R2', 'GUCY2C', 'CNOT8', 'IFITM1', 'CD22'] : 0.00825627376069445
2025-06-10 18:53:06,193 - OriginalGA - Individual 7: ['POTEF', 'PRUNE', 'CHP', 'PPP1CB', 'MYD88', 'RIPK1', 'FASLG', 'PPP3R2', 'PDE9A', 'GUCY1B3', 'ANAPC4', 'IL3RA', 'RELA', 'YWHAH', 'CNOT6', 'CNOT1', 'NAA38', 'RPS6KA3', 'CDC20', 'ST6GALNAC6', 'PDE10A', 'CARD11', 'POLR3F', 'LILRB3', 'CANT1', 'AMPD1', 'DCP1B', 'SPDYA', 'MAD2L2', 'CAMK2G', 'CD79B', 'PIK3R2', 'GUCY2C', 'CNOT8', 'IFITM1', 'CD22'] : 0.008581235887347207
2025-06-10 18:53:06,193 - OriginalGA - Individual 8: ['ANKHD1', 'CHP', 'PPP1CB', 'MYD88', 'RIPK1', 'FASLG', 'PPP3R2', 'PDE9A', 'GUCY1B3', 'ANAPC4', 'IL3RA', 'YWHAH', 'CNOT6', 'CNOT1', 'CD22', 'NAA38', 'RPS6KA3', 'CDC20', 'PDE10A', 'FCRLA', 'CARD11', 'POLR3F', 'PATL1', 'LILRB3', 'CANT1', 'AMPD1', 'DCP1B', 'SPDYA', 'EYS', 'MAD2L2', 'CAMK2G', 'CD79B', 'PIK3R2', 'GUCY2C', 'CNOT8', 'IFITM1', 'RELA'] : 0.00874544149986219
2025-06-10 18:53:06,194 - OriginalGA - Individual 9: ['IL6ST', 'PRUNE', 'CHP', 'PPP1CB', 'MYD88', 'RIPK1', 'FASLG', 'PPP3R2', 'PDE9A', 'GUCY1B3', 'ANAPC4', 'IL3RA', 'RELA', 'YWHAH', 'CNOT6', 'CNOT1', 'NAA38', 'RPS6KA3', 'CDC20', 'PDE10A', 'MYLK', 'CARD11', 'POLR3F', 'PATL1', 'LILRB3', 'CANT1', 'AMPD1', 'DCP1B', 'SPDYA', 'MAD2L2', 'CAMK2G', 'CD79B', 'PIK3R2', 'GUCY2C', 'CNOT8', 'IFITM1', 'CD22'] : 0.008844751967826067
2025-06-10 18:53:06,194 - OriginalGA - Individual 10: ['POTEF', 'TREM2', 'CHP', 'PPP1CB', 'MYD88', 'RIPK1', 'FASLG', 'PPP3R2', 'PDE9A', 'GUCY1B3', 'IL3RA', 'ANAPC4', 'YWHAH', 'CNOT6', 'CNOT1', 'CD22', 'NAA38', 'RPS6KA3', 'CDC20', 'ST6GALNAC6', 'PDE10A', 'CARD11', 'POLR3F', 'LILRB3', 'CANT1', 'AMPD1', 'DCP1B', 'SPDYA', 'MAD2L2', 'CAMK2G', 'CD79B', 'PIK3R2', 'GUCY2C', 'CNOT8', 'IFITM1', 'RELA'] : 0.009157896830025089
2025-06-10 18:53:06,196 - OriginalGA - === MUTATION ===
2025-06-10 18:53:06,197 - OriginalGA - Mutant before mutation: ['PRUNE', 'CHP', 'PPP1CB', 'MYD88', 'RIPK1', 'FASLG', 'PPP3R2', 'PDE9A', 'GUCY1B3', 'ANAPC4', 'IL3RA', 'YWHAH', 'CNOT6', 'CD22', 'NAA38', 'RPS6KA3', 'CDC20', 'PDE10A', 'FCRLA', 'CARD11', 'POLR3F', 'PATL1', 'LILRB3', 'CANT1', 'AMPD1', 'DCP1B', 'SPDYA', 'EYS', 'MAD2L2', 'CAMK2G', 'CD79B', 'PIK3R2', 'GUCY2C', 'CNOT8', 'IFITM1', 'RELA'] (size: 36)
2025-06-10 18:53:06,198 - OriginalGA - Best gene: CD22 (score: 0.227)
2025-06-10 18:53:06,199 - OriginalGA - Worst gene: PRUNE (score: 0.000)
2025-06-10 18:53:06,265 - OriginalGA - Gene interaction choice: BCL2L1
2025-06-10 18:53:06,265 - OriginalGA - ***** REPLACEMENT *****
2025-06-10 18:53:06,265 - OriginalGA - Mutant after mutation: ['BCL2L1', 'CHP', 'PPP1CB', 'MYD88', 'RIPK1', 'FASLG', 'PPP3R2', 'PDE9A', 'GUCY1B3', 'ANAPC4', 'IL3RA', 'YWHAH', 'CNOT6', 'CD22', 'NAA38', 'RPS6KA3', 'CDC20', 'PDE10A', 'FCRLA', 'CARD11', 'POLR3F', 'PATL1', 'LILRB3', 'CANT1', 'AMPD1', 'DCP1B', 'SPDYA', 'EYS', 'MAD2L2', 'CAMK2G', 'CD79B', 'PIK3R2', 'GUCY2C', 'CNOT8', 'IFITM1', 'RELA']
2025-06-10 18:53:06,268 - OriginalGA - === MUTATION ===
2025-06-10 18:53:06,268 - OriginalGA - Mutant before mutation: ['POTEF', 'PPP1CB', 'MYD88', 'RIPK1', 'FASLG', 'PPP3R2', 'PDE9A', 'GUCY1B3', 'ANAPC4', 'IL3RA', 'YWHAH', 'CNOT6', 'CNOT1', 'CD22', 'RPS6KA3', 'CDC20', 'ST6GALNAC6', 'PDE10A', 'CNOT8', 'CARD11', 'POLR3F', 'LILRB3', 'CANT1', 'AMPD1', 'TREM2', 'DCP1B', 'SPDYA', 'MAD2L2', 'CAMK2G', 'CD79B', 'PIK3R2', 'PNOC', 'IFITM1', 'RELA'] (size: 34)
2025-06-10 18:53:06,268 - OriginalGA - Best gene: CD22 (score: 0.300)
2025-06-10 18:53:06,268 - OriginalGA - Worst gene: MYD88 (score: 0.000)
2025-06-10 18:53:06,328 - OriginalGA - Gene interaction choice: CCR7
2025-06-10 18:53:06,329 - OriginalGA - ***** REPLACEMENT *****
2025-06-10 18:53:06,329 - OriginalGA - Mutant after mutation: ['POTEF', 'PPP1CB', 'CCR7', 'RIPK1', 'FASLG', 'PPP3R2', 'PDE9A', 'GUCY1B3', 'ANAPC4', 'IL3RA', 'YWHAH', 'CNOT6', 'CNOT1', 'CD22', 'RPS6KA3', 'CDC20', 'ST6GALNAC6', 'PDE10A', 'CNOT8', 'CARD11', 'POLR3F', 'LILRB3', 'CANT1', 'AMPD1', 'TREM2', 'DCP1B', 'SPDYA', 'MAD2L2', 'CAMK2G', 'CD79B', 'PIK3R2', 'PNOC', 'IFITM1', 'RELA']
2025-06-10 18:53:06,329 - OriginalGA - === FITNESS EVALUATION ===
2025-06-10 18:53:06,330 - OriginalGA - Individual 1: Interaction=0.007, Similarity=0.010, Fitness=0.009
2025-06-10 18:53:06,331 - OriginalGA - Individual 2: Interaction=0.012, Similarity=0.016, Fitness=0.014
2025-06-10 18:53:06,331 - OriginalGA - Fitness list: [0.00876416265550675, 0.01397444342319342]
2025-06-10 18:53:06,332 - OriginalGA - === GENERATION 8 ===
2025-06-10 18:53:06,332 - OriginalGA - Population size: 10
2025-06-10 18:53:06,333 - OriginalGA - Individual 1: ['BCL2L1', 'CHP', 'PPP1CB', 'MYD88', 'RIPK1', 'FASLG', 'PPP3R2', 'PDE9A', 'GUCY1B3', 'ANAPC4', 'IL3RA', 'YWHAH', 'CNOT6', 'CD22', 'NAA38', 'RPS6KA3', 'CDC20', 'PDE10A', 'FCRLA', 'CARD11', 'POLR3F', 'PATL1', 'LILRB3', 'CANT1', 'AMPD1', 'DCP1B', 'SPDYA', 'EYS', 'MAD2L2', 'CAMK2G', 'CD79B', 'PIK3R2', 'GUCY2C', 'CNOT8', 'IFITM1', 'RELA'] : 0.00876416265550675
2025-06-10 18:53:06,333 - OriginalGA - Individual 2: ['POTEF', 'PPP1CB', 'CCR7', 'RIPK1', 'FASLG', 'PPP3R2', 'PDE9A', 'GUCY1B3', 'ANAPC4', 'IL3RA', 'YWHAH', 'CNOT6', 'CNOT1', 'CD22', 'RPS6KA3', 'CDC20', 'ST6GALNAC6', 'PDE10A', 'CNOT8', 'CARD11', 'POLR3F', 'LILRB3', 'CANT1', 'AMPD1', 'TREM2', 'DCP1B', 'SPDYA', 'MAD2L2', 'CAMK2G', 'CD79B', 'PIK3R2', 'PNOC', 'IFITM1', 'RELA'] : 0.01397444342319342
2025-06-10 18:53:06,334 - OriginalGA - Individual 3: ['KBTBD2', 'PRUNE', 'CHP', 'PPP1CB', 'MYD88', 'RIPK1', 'FASLG', 'PPP3R2', 'PDE9A', 'GUCY1B3', 'ANAPC4', 'IL3RA', 'RELA', 'YWHAH', 'CNOT6', 'ACTBL2', 'CNOT1', 'NAA38', 'RPS6KA3', 'CDC20', 'PDE10A', 'CARD11', 'POLR3F', 'PATL1', 'LILRB3', 'CANT1', 'AMPD1', 'DCP1B', 'SPDYA', 'MAD2L2', 'CAMK2G', 'CD79B', 'GUCY2C', 'CNOT8', 'IFITM1', 'CD22'] : 0.00816004583242217
2025-06-10 18:53:06,334 - OriginalGA - Individual 4: ['GPR18', 'PRUNE', 'CHP', 'PPP1CB', 'MYD88', 'RIPK1', 'FASLG', 'PPP3R2', 'PDE9A', 'GUCY1B3', 'ANAPC4', 'IL3RA', 'RELA', 'YWHAH', 'CNOT6', 'CNOT1', 'NAA38', 'RPS6KA3', 'CDC20', 'ST6GALNAC6', 'PDE10A', 'CARD11', 'POLR3F', 'PATL1', 'LILRB3', 'CANT1', 'AMPD1', 'DCP1B', 'SPDYA', 'MAD2L2', 'CAMK2G', 'CD79B', 'PIK3R2', 'GUCY2C', 'CNOT8', 'IFITM1', 'CD22'] : 0.00816553966492456
2025-06-10 18:53:06,335 - OriginalGA - Individual 5: ['FCRLA', 'PRUNE', 'CHP', 'PPP1CB', 'MYD88', 'RIPK1', 'FASLG', 'PPP3R2', 'PDE9A', 'GUCY1B3', 'ANAPC4', 'IL3RA', 'RELA', 'YWHAH', 'CNOT6', 'CNOT1', 'NAA38', 'RPS6KA3', 'CDC20', 'PDE10A', 'CARD11', 'POLR3F', 'PATL1', 'LILRB3', 'CANT1', 'AMPD1', 'DCP1B', 'SPDYA', 'EYS', 'MAD2L2', 'CAMK2G', 'CD79B', 'PIK3R2', 'GUCY2C', 'CNOT8', 'IFITM1', 'CD22'] : 0.00825627376069445
2025-06-10 18:53:06,335 - OriginalGA - Individual 6: ['POTEF', 'PRUNE', 'CHP', 'PPP1CB', 'MYD88', 'RIPK1', 'FASLG', 'PPP3R2', 'PDE9A', 'GUCY1B3', 'ANAPC4', 'IL3RA', 'RELA', 'YWHAH', 'CNOT6', 'CNOT1', 'NAA38', 'RPS6KA3', 'CDC20', 'ST6GALNAC6', 'PDE10A', 'CARD11', 'POLR3F', 'LILRB3', 'CANT1', 'AMPD1', 'DCP1B', 'SPDYA', 'MAD2L2', 'CAMK2G', 'CD79B', 'PIK3R2', 'GUCY2C', 'CNOT8', 'IFITM1', 'CD22'] : 0.008581235887347207
2025-06-10 18:53:06,335 - OriginalGA - Individual 7: ['ANKHD1', 'CHP', 'PPP1CB', 'MYD88', 'RIPK1', 'FASLG', 'PPP3R2', 'PDE9A', 'GUCY1B3', 'ANAPC4', 'IL3RA', 'YWHAH', 'CNOT6', 'CNOT1', 'CD22', 'NAA38', 'RPS6KA3', 'CDC20', 'PDE10A', 'FCRLA', 'CARD11', 'POLR3F', 'PATL1', 'LILRB3', 'CANT1', 'AMPD1', 'DCP1B', 'SPDYA', 'EYS', 'MAD2L2', 'CAMK2G', 'CD79B', 'PIK3R2', 'GUCY2C', 'CNOT8', 'IFITM1', 'RELA'] : 0.00874544149986219
2025-06-10 18:53:06,336 - OriginalGA - Individual 8: ['IL6ST', 'PRUNE', 'CHP', 'PPP1CB', 'MYD88', 'RIPK1', 'FASLG', 'PPP3R2', 'PDE9A', 'GUCY1B3', 'ANAPC4', 'IL3RA', 'RELA', 'YWHAH', 'CNOT6', 'CNOT1', 'NAA38', 'RPS6KA3', 'CDC20', 'PDE10A', 'MYLK', 'CARD11', 'POLR3F', 'PATL1', 'LILRB3', 'CANT1', 'AMPD1', 'DCP1B', 'SPDYA', 'MAD2L2', 'CAMK2G', 'CD79B', 'PIK3R2', 'GUCY2C', 'CNOT8', 'IFITM1', 'CD22'] : 0.008844751967826067
2025-06-10 18:53:06,336 - OriginalGA - Individual 9: ['POTEF', 'TREM2', 'CHP', 'PPP1CB', 'MYD88', 'RIPK1', 'FASLG', 'PPP3R2', 'PDE9A', 'GUCY1B3', 'IL3RA', 'ANAPC4', 'YWHAH', 'CNOT6', 'CNOT1', 'CD22', 'NAA38', 'RPS6KA3', 'CDC20', 'ST6GALNAC6', 'PDE10A', 'CARD11', 'POLR3F', 'LILRB3', 'CANT1', 'AMPD1', 'DCP1B', 'SPDYA', 'MAD2L2', 'CAMK2G', 'CD79B', 'PIK3R2', 'GUCY2C', 'CNOT8', 'IFITM1', 'RELA'] : 0.009157896830025089
2025-06-10 18:53:06,336 - OriginalGA - Individual 10: ['POTEF', 'PNOC', 'PPP1CB', 'MYD88', 'RIPK1', 'FASLG', 'PPP3R2', 'PDE9A', 'GUCY1B3', 'ANAPC4', 'IL3RA', 'RELA', 'CNOT6', 'YWHAH', 'CNOT1', 'NAA38', 'RPS6KA3', 'CDC20', 'ST6GALNAC6', 'PDE10A', 'CARD11', 'POLR3F', 'LILRB3', 'CANT1', 'AMPD1', 'TREM2', 'DCP1B', 'SPDYA', 'MAD2L2', 'CAMK2G', 'CD79B', 'PIK3R2', 'CNOT8', 'IFITM1', 'CD22'] : 0.010209211737604466
2025-06-10 18:53:06,339 - OriginalGA - === MUTATION ===
2025-06-10 18:53:06,339 - OriginalGA - Mutant before mutation: ['IL6ST', 'PRUNE', 'CHP', 'PPP1CB', 'MYD88', 'RIPK1', 'FASLG', 'PPP3R2', 'PDE9A', 'GUCY1B3', 'ANAPC4', 'IL3RA', 'YWHAH', 'CNOT6', 'CNOT1', 'CD22', 'NAA38', 'RPS6KA3', 'CDC20', 'PDE10A', 'CARD11', 'POLR3F', 'PATL1', 'LILRB3', 'CANT1', 'AMPD1', 'DCP1B', 'SPDYA', 'MAD2L2', 'CAMK2G', 'CD79B', 'PIK3R2', 'GUCY2C', 'CNOT8', 'IFITM1', 'RELA'] (size: 36)
2025-06-10 18:53:06,339 - OriginalGA - Best gene: CD22 (score: 0.221)
2025-06-10 18:53:06,339 - OriginalGA - Worst gene: PRUNE (score: 0.000)
2025-06-10 18:53:06,405 - OriginalGA - Gene interaction choice: TPBG
2025-06-10 18:53:06,407 - OriginalGA - ***** REPLACEMENT *****
2025-06-10 18:53:06,407 - OriginalGA - Mutant after mutation: ['IL6ST', 'TPBG', 'CHP', 'PPP1CB', 'MYD88', 'RIPK1', 'FASLG', 'PPP3R2', 'PDE9A', 'GUCY1B3', 'ANAPC4', 'IL3RA', 'YWHAH', 'CNOT6', 'CNOT1', 'CD22', 'NAA38', 'RPS6KA3', 'CDC20', 'PDE10A', 'CARD11', 'POLR3F', 'PATL1', 'LILRB3', 'CANT1', 'AMPD1', 'DCP1B', 'SPDYA', 'MAD2L2', 'CAMK2G', 'CD79B', 'PIK3R2', 'GUCY2C', 'CNOT8', 'IFITM1', 'RELA']
2025-06-10 18:53:06,408 - OriginalGA - === MUTATION ===
2025-06-10 18:53:06,413 - OriginalGA - Mutant before mutation: ['POTEF', 'PPP1CB', 'MYD88', 'RIPK1', 'FASLG', 'PPP3R2', 'PDE9A', 'GUCY1B3', 'ANAPC4', 'IL3RA', 'YWHAH', 'CNOT6', 'CNOT1', 'CD22', 'NAA38', 'RPS6KA3', 'CDC20', 'ST6GALNAC6', 'PDE10A', 'CNOT8', 'MYLK', 'POLR3F', 'LILRB3', 'CANT1', 'AMPD1', 'TREM2', 'DCP1B', 'SPDYA', 'MAD2L2', 'CAMK2G', 'CD79B', 'PIK3R2', 'PNOC', 'IFITM1', 'RELA'] (size: 35)
2025-06-10 18:53:06,413 - OriginalGA - Best gene: CD22 (score: 0.284)
2025-06-10 18:53:06,414 - OriginalGA - Worst gene: MYD88 (score: 0.000)
2025-06-10 18:53:06,479 - OriginalGA - Gene interaction choice: B3GAT1
2025-06-10 18:53:06,479 - OriginalGA - ***** REPLACEMENT *****
2025-06-10 18:53:06,480 - OriginalGA - Mutant after mutation: ['POTEF', 'PPP1CB', 'B3GAT1', 'RIPK1', 'FASLG', 'PPP3R2', 'PDE9A', 'GUCY1B3', 'ANAPC4', 'IL3RA', 'YWHAH', 'CNOT6', 'CNOT1', 'CD22', 'NAA38', 'RPS6KA3', 'CDC20', 'ST6GALNAC6', 'PDE10A', 'CNOT8', 'MYLK', 'POLR3F', 'LILRB3', 'CANT1', 'AMPD1', 'TREM2', 'DCP1B', 'SPDYA', 'MAD2L2', 'CAMK2G', 'CD79B', 'PIK3R2', 'PNOC', 'IFITM1', 'RELA']
2025-06-10 18:53:06,480 - OriginalGA - === FITNESS EVALUATION ===
2025-06-10 18:53:06,480 - OriginalGA - Individual 1: Interaction=0.008, Similarity=0.011, Fitness=0.010
2025-06-10 18:53:06,483 - OriginalGA - Individual 2: Interaction=0.008, Similarity=0.013, Fitness=0.011
2025-06-10 18:53:06,483 - OriginalGA - Fitness list: [0.009531444499945044, 0.010708795770077401]
2025-06-10 18:53:06,483 - OriginalGA - === GENERATION 9 ===
2025-06-10 18:53:06,491 - OriginalGA - Population size: 10
2025-06-10 18:53:06,491 - OriginalGA - Individual 1: ['IL6ST', 'TPBG', 'CHP', 'PPP1CB', 'MYD88', 'RIPK1', 'FASLG', 'PPP3R2', 'PDE9A', 'GUCY1B3', 'ANAPC4', 'IL3RA', 'YWHAH', 'CNOT6', 'CNOT1', 'CD22', 'NAA38', 'RPS6KA3', 'CDC20', 'PDE10A', 'CARD11', 'POLR3F', 'PATL1', 'LILRB3', 'CANT1', 'AMPD1', 'DCP1B', 'SPDYA', 'MAD2L2', 'CAMK2G', 'CD79B', 'PIK3R2', 'GUCY2C', 'CNOT8', 'IFITM1', 'RELA'] : 0.009531444499945044
2025-06-10 18:53:06,492 - OriginalGA - Individual 2: ['POTEF', 'PPP1CB', 'B3GAT1', 'RIPK1', 'FASLG', 'PPP3R2', 'PDE9A', 'GUCY1B3', 'ANAPC4', 'IL3RA', 'YWHAH', 'CNOT6', 'CNOT1', 'CD22', 'NAA38', 'RPS6KA3', 'CDC20', 'ST6GALNAC6', 'PDE10A', 'CNOT8', 'MYLK', 'POLR3F', 'LILRB3', 'CANT1', 'AMPD1', 'TREM2', 'DCP1B', 'SPDYA', 'MAD2L2', 'CAMK2G', 'CD79B', 'PIK3R2', 'PNOC', 'IFITM1', 'RELA'] : 0.010708795770077401
2025-06-10 18:53:06,492 - OriginalGA - Individual 3: ['FCRLA', 'PRUNE', 'CHP', 'PPP1CB', 'MYD88', 'RIPK1', 'FASLG', 'PPP3R2', 'PDE9A', 'GUCY1B3', 'ANAPC4', 'IL3RA', 'RELA', 'YWHAH', 'CNOT6', 'CNOT1', 'NAA38', 'RPS6KA3', 'CDC20', 'PDE10A', 'CARD11', 'POLR3F', 'PATL1', 'LILRB3', 'CANT1', 'AMPD1', 'DCP1B', 'SPDYA', 'EYS', 'MAD2L2', 'CAMK2G', 'CD79B', 'PIK3R2', 'GUCY2C', 'CNOT8', 'IFITM1', 'CD22'] : 0.00825627376069445
2025-06-10 18:53:06,492 - OriginalGA - Individual 4: ['POTEF', 'PRUNE', 'CHP', 'PPP1CB', 'MYD88', 'RIPK1', 'FASLG', 'PPP3R2', 'PDE9A', 'GUCY1B3', 'ANAPC4', 'IL3RA', 'RELA', 'YWHAH', 'CNOT6', 'CNOT1', 'NAA38', 'RPS6KA3', 'CDC20', 'ST6GALNAC6', 'PDE10A', 'CARD11', 'POLR3F', 'LILRB3', 'CANT1', 'AMPD1', 'DCP1B', 'SPDYA', 'MAD2L2', 'CAMK2G', 'CD79B', 'PIK3R2', 'GUCY2C', 'CNOT8', 'IFITM1', 'CD22'] : 0.008581235887347207
2025-06-10 18:53:06,497 - OriginalGA - Individual 5: ['ANKHD1', 'CHP', 'PPP1CB', 'MYD88', 'RIPK1', 'FASLG', 'PPP3R2', 'PDE9A', 'GUCY1B3', 'ANAPC4', 'IL3RA', 'YWHAH', 'CNOT6', 'CNOT1', 'CD22', 'NAA38', 'RPS6KA3', 'CDC20', 'PDE10A', 'FCRLA', 'CARD11', 'POLR3F', 'PATL1', 'LILRB3', 'CANT1', 'AMPD1', 'DCP1B', 'SPDYA', 'EYS', 'MAD2L2', 'CAMK2G', 'CD79B', 'PIK3R2', 'GUCY2C', 'CNOT8', 'IFITM1', 'RELA'] : 0.00874544149986219
2025-06-10 18:53:06,497 - OriginalGA - Individual 6: ['BCL2L1', 'CHP', 'PPP1CB', 'MYD88', 'RIPK1', 'FASLG', 'PPP3R2', 'PDE9A', 'GUCY1B3', 'ANAPC4', 'IL3RA', 'YWHAH', 'CNOT6', 'CD22', 'NAA38', 'RPS6KA3', 'CDC20', 'PDE10A', 'FCRLA', 'CARD11', 'POLR3F', 'PATL1', 'LILRB3', 'CANT1', 'AMPD1', 'DCP1B', 'SPDYA', 'EYS', 'MAD2L2', 'CAMK2G', 'CD79B', 'PIK3R2', 'GUCY2C', 'CNOT8', 'IFITM1', 'RELA'] : 0.00876416265550675
2025-06-10 18:53:06,497 - OriginalGA - Individual 7: ['IL6ST', 'PRUNE', 'CHP', 'PPP1CB', 'MYD88', 'RIPK1', 'FASLG', 'PPP3R2', 'PDE9A', 'GUCY1B3', 'ANAPC4', 'IL3RA', 'RELA', 'YWHAH', 'CNOT6', 'CNOT1', 'NAA38', 'RPS6KA3', 'CDC20', 'PDE10A', 'MYLK', 'CARD11', 'POLR3F', 'PATL1', 'LILRB3', 'CANT1', 'AMPD1', 'DCP1B', 'SPDYA', 'MAD2L2', 'CAMK2G', 'CD79B', 'PIK3R2', 'GUCY2C', 'CNOT8', 'IFITM1', 'CD22'] : 0.008844751967826067
2025-06-10 18:53:06,497 - OriginalGA - Individual 8: ['POTEF', 'TREM2', 'CHP', 'PPP1CB', 'MYD88', 'RIPK1', 'FASLG', 'PPP3R2', 'PDE9A', 'GUCY1B3', 'IL3RA', 'ANAPC4', 'YWHAH', 'CNOT6', 'CNOT1', 'CD22', 'NAA38', 'RPS6KA3', 'CDC20', 'ST6GALNAC6', 'PDE10A', 'CARD11', 'POLR3F', 'LILRB3', 'CANT1', 'AMPD1', 'DCP1B', 'SPDYA', 'MAD2L2', 'CAMK2G', 'CD79B', 'PIK3R2', 'GUCY2C', 'CNOT8', 'IFITM1', 'RELA'] : 0.009157896830025089
2025-06-10 18:53:06,497 - OriginalGA - Individual 9: ['POTEF', 'PNOC', 'PPP1CB', 'MYD88', 'RIPK1', 'FASLG', 'PPP3R2', 'PDE9A', 'GUCY1B3', 'ANAPC4', 'IL3RA', 'RELA', 'CNOT6', 'YWHAH', 'CNOT1', 'NAA38', 'RPS6KA3', 'CDC20', 'ST6GALNAC6', 'PDE10A', 'CARD11', 'POLR3F', 'LILRB3', 'CANT1', 'AMPD1', 'TREM2', 'DCP1B', 'SPDYA', 'MAD2L2', 'CAMK2G', 'CD79B', 'PIK3R2', 'CNOT8', 'IFITM1', 'CD22'] : 0.010209211737604466
2025-06-10 18:53:06,497 - OriginalGA - Individual 10: ['POTEF', 'PPP1CB', 'CCR7', 'RIPK1', 'FASLG', 'PPP3R2', 'PDE9A', 'GUCY1B3', 'ANAPC4', 'IL3RA', 'YWHAH', 'CNOT6', 'CNOT1', 'CD22', 'RPS6KA3', 'CDC20', 'ST6GALNAC6', 'PDE10A', 'CNOT8', 'CARD11', 'POLR3F', 'LILRB3', 'CANT1', 'AMPD1', 'TREM2', 'DCP1B', 'SPDYA', 'MAD2L2', 'CAMK2G', 'CD79B', 'PIK3R2', 'PNOC', 'IFITM1', 'RELA'] : 0.01397444342319342
2025-06-10 18:53:06,499 - OriginalGA - === MUTATION ===
2025-06-10 18:53:06,499 - OriginalGA - Mutant before mutation: ['POTEF', 'CHP', 'PPP1CB', 'MYD88', 'RIPK1', 'FASLG', 'PPP3R2', 'PDE9A', 'GUCY1B3', 'ANAPC4', 'IL3RA', 'RELA', 'CNOT6', 'YWHAH', 'CNOT1', 'NAA38', 'RPS6KA3', 'CDC20', 'ST6GALNAC6', 'PDE10A', 'CARD11', 'POLR3F', 'LILRB3', 'CANT1', 'AMPD1', 'TREM2', 'DCP1B', 'SPDYA', 'MAD2L2', 'CAMK2G', 'CD79B', 'PIK3R2', 'GUCY2C', 'CNOT8', 'IFITM1', 'CD22'] (size: 36)
2025-06-10 18:53:06,500 - OriginalGA - Best gene: CD22 (score: 0.264)
2025-06-10 18:53:06,500 - OriginalGA - Worst gene: CHP (score: 0.000)
2025-06-10 18:53:06,557 - OriginalGA - Gene interaction choice: EPCAM
2025-06-10 18:53:06,561 - OriginalGA - ***** REPLACEMENT *****
2025-06-10 18:53:06,574 - OriginalGA - Mutant after mutation: ['POTEF', 'EPCAM', 'PPP1CB', 'MYD88', 'RIPK1', 'FASLG', 'PPP3R2', 'PDE9A', 'GUCY1B3', 'ANAPC4', 'IL3RA', 'RELA', 'CNOT6', 'YWHAH', 'CNOT1', 'NAA38', 'RPS6KA3', 'CDC20', 'ST6GALNAC6', 'PDE10A', 'CARD11', 'POLR3F', 'LILRB3', 'CANT1', 'AMPD1', 'TREM2', 'DCP1B', 'SPDYA', 'MAD2L2', 'CAMK2G', 'CD79B', 'PIK3R2', 'GUCY2C', 'CNOT8', 'IFITM1', 'CD22']
2025-06-10 18:53:06,593 - OriginalGA - === MUTATION ===
2025-06-10 18:53:06,593 - OriginalGA - Mutant before mutation: ['POTEF', 'PPP1CB', 'MYD88', 'RIPK1', 'FASLG', 'PPP3R2', 'PDE9A', 'GUCY1B3', 'ANAPC4', 'IL3RA', 'YWHAH', 'CNOT6', 'CNOT1', 'CD22', 'NAA38', 'RPS6KA3', 'CDC20', 'ST6GALNAC6', 'PDE10A', 'CNOT8', 'CARD11', 'POLR3F', 'LILRB3', 'CANT1', 'AMPD1', 'TREM2', 'DCP1B', 'SPDYA', 'MAD2L2', 'CAMK2G', 'CD79B', 'PIK3R2', 'PNOC', 'IFITM1', 'RELA'] (size: 35)
2025-06-10 18:53:06,594 - OriginalGA - Best gene: CD22 (score: 0.291)
2025-06-10 18:53:06,594 - OriginalGA - Worst gene: MYD88 (score: 0.000)
2025-06-10 18:53:06,708 - OriginalGA - Gene interaction choice: KLHL7
2025-06-10 18:53:06,708 - OriginalGA - ***** REPLACEMENT *****
2025-06-10 18:53:06,709 - OriginalGA - Mutant after mutation: ['POTEF', 'PPP1CB', 'KLHL7', 'RIPK1', 'FASLG', 'PPP3R2', 'PDE9A', 'GUCY1B3', 'ANAPC4', 'IL3RA', 'YWHAH', 'CNOT6', 'CNOT1', 'CD22', 'NAA38', 'RPS6KA3', 'CDC20', 'ST6GALNAC6', 'PDE10A', 'CNOT8', 'CARD11', 'POLR3F', 'LILRB3', 'CANT1', 'AMPD1', 'TREM2', 'DCP1B', 'SPDYA', 'MAD2L2', 'CAMK2G', 'CD79B', 'PIK3R2', 'PNOC', 'IFITM1', 'RELA']
2025-06-10 18:53:06,709 - OriginalGA - === FITNESS EVALUATION ===
2025-06-10 18:53:06,709 - OriginalGA - Individual 1: Interaction=0.008, Similarity=0.012, Fitness=0.010
2025-06-10 18:53:06,709 - OriginalGA - Individual 2: Interaction=0.008, Similarity=0.013, Fitness=0.011
2025-06-10 18:53:06,709 - OriginalGA - Fitness list: [0.009828344139361286, 0.010782858351132034]
2025-06-10 18:53:06,709 - OriginalGA - === GENERATION 10 ===
2025-06-10 18:53:06,709 - OriginalGA - Population size: 10
2025-06-10 18:53:06,709 - OriginalGA - Individual 1: ['POTEF', 'EPCAM', 'PPP1CB', 'MYD88', 'RIPK1', 'FASLG', 'PPP3R2', 'PDE9A', 'GUCY1B3', 'ANAPC4', 'IL3RA', 'RELA', 'CNOT6', 'YWHAH', 'CNOT1', 'NAA38', 'RPS6KA3', 'CDC20', 'ST6GALNAC6', 'PDE10A', 'CARD11', 'POLR3F', 'LILRB3', 'CANT1', 'AMPD1', 'TREM2', 'DCP1B', 'SPDYA', 'MAD2L2', 'CAMK2G', 'CD79B', 'PIK3R2', 'GUCY2C', 'CNOT8', 'IFITM1', 'CD22'] : 0.009828344139361286
2025-06-10 18:53:06,710 - OriginalGA - Individual 2: ['POTEF', 'PPP1CB', 'KLHL7', 'RIPK1', 'FASLG', 'PPP3R2', 'PDE9A', 'GUCY1B3', 'ANAPC4', 'IL3RA', 'YWHAH', 'CNOT6', 'CNOT1', 'CD22', 'NAA38', 'RPS6KA3', 'CDC20', 'ST6GALNAC6', 'PDE10A', 'CNOT8', 'CARD11', 'POLR3F', 'LILRB3', 'CANT1', 'AMPD1', 'TREM2', 'DCP1B', 'SPDYA', 'MAD2L2', 'CAMK2G', 'CD79B', 'PIK3R2', 'PNOC', 'IFITM1', 'RELA'] : 0.010782858351132034
2025-06-10 18:53:06,710 - OriginalGA - Individual 3: ['ANKHD1', 'CHP', 'PPP1CB', 'MYD88', 'RIPK1', 'FASLG', 'PPP3R2', 'PDE9A', 'GUCY1B3', 'ANAPC4', 'IL3RA', 'YWHAH', 'CNOT6', 'CNOT1', 'CD22', 'NAA38', 'RPS6KA3', 'CDC20', 'PDE10A', 'FCRLA', 'CARD11', 'POLR3F', 'PATL1', 'LILRB3', 'CANT1', 'AMPD1', 'DCP1B', 'SPDYA', 'EYS', 'MAD2L2', 'CAMK2G', 'CD79B', 'PIK3R2', 'GUCY2C', 'CNOT8', 'IFITM1', 'RELA'] : 0.00874544149986219
2025-06-10 18:53:06,710 - OriginalGA - Individual 4: ['BCL2L1', 'CHP', 'PPP1CB', 'MYD88', 'RIPK1', 'FASLG', 'PPP3R2', 'PDE9A', 'GUCY1B3', 'ANAPC4', 'IL3RA', 'YWHAH', 'CNOT6', 'CD22', 'NAA38', 'RPS6KA3', 'CDC20', 'PDE10A', 'FCRLA', 'CARD11', 'POLR3F', 'PATL1', 'LILRB3', 'CANT1', 'AMPD1', 'DCP1B', 'SPDYA', 'EYS', 'MAD2L2', 'CAMK2G', 'CD79B', 'PIK3R2', 'GUCY2C', 'CNOT8', 'IFITM1', 'RELA'] : 0.00876416265550675
2025-06-10 18:53:06,710 - OriginalGA - Individual 5: ['IL6ST', 'PRUNE', 'CHP', 'PPP1CB', 'MYD88', 'RIPK1', 'FASLG', 'PPP3R2', 'PDE9A', 'GUCY1B3', 'ANAPC4', 'IL3RA', 'RELA', 'YWHAH', 'CNOT6', 'CNOT1', 'NAA38', 'RPS6KA3', 'CDC20', 'PDE10A', 'MYLK', 'CARD11', 'POLR3F', 'PATL1', 'LILRB3', 'CANT1', 'AMPD1', 'DCP1B', 'SPDYA', 'MAD2L2', 'CAMK2G', 'CD79B', 'PIK3R2', 'GUCY2C', 'CNOT8', 'IFITM1', 'CD22'] : 0.008844751967826067
2025-06-10 18:53:06,710 - OriginalGA - Individual 6: ['POTEF', 'TREM2', 'CHP', 'PPP1CB', 'MYD88', 'RIPK1', 'FASLG', 'PPP3R2', 'PDE9A', 'GUCY1B3', 'IL3RA', 'ANAPC4', 'YWHAH', 'CNOT6', 'CNOT1', 'CD22', 'NAA38', 'RPS6KA3', 'CDC20', 'ST6GALNAC6', 'PDE10A', 'CARD11', 'POLR3F', 'LILRB3', 'CANT1', 'AMPD1', 'DCP1B', 'SPDYA', 'MAD2L2', 'CAMK2G', 'CD79B', 'PIK3R2', 'GUCY2C', 'CNOT8', 'IFITM1', 'RELA'] : 0.009157896830025089
2025-06-10 18:53:06,710 - OriginalGA - Individual 7: ['IL6ST', 'TPBG', 'CHP', 'PPP1CB', 'MYD88', 'RIPK1', 'FASLG', 'PPP3R2', 'PDE9A', 'GUCY1B3', 'ANAPC4', 'IL3RA', 'YWHAH', 'CNOT6', 'CNOT1', 'CD22', 'NAA38', 'RPS6KA3', 'CDC20', 'PDE10A', 'CARD11', 'POLR3F', 'PATL1', 'LILRB3', 'CANT1', 'AMPD1', 'DCP1B', 'SPDYA', 'MAD2L2', 'CAMK2G', 'CD79B', 'PIK3R2', 'GUCY2C', 'CNOT8', 'IFITM1', 'RELA'] : 0.009531444499945044
2025-06-10 18:53:06,720 - OriginalGA - Individual 8: ['POTEF', 'PNOC', 'PPP1CB', 'MYD88', 'RIPK1', 'FASLG', 'PPP3R2', 'PDE9A', 'GUCY1B3', 'ANAPC4', 'IL3RA', 'RELA', 'CNOT6', 'YWHAH', 'CNOT1', 'NAA38', 'RPS6KA3', 'CDC20', 'ST6GALNAC6', 'PDE10A', 'CARD11', 'POLR3F', 'LILRB3', 'CANT1', 'AMPD1', 'TREM2', 'DCP1B', 'SPDYA', 'MAD2L2', 'CAMK2G', 'CD79B', 'PIK3R2', 'CNOT8', 'IFITM1', 'CD22'] : 0.010209211737604466
2025-06-10 18:53:06,720 - OriginalGA - Individual 9: ['POTEF', 'PPP1CB', 'B3GAT1', 'RIPK1', 'FASLG', 'PPP3R2', 'PDE9A', 'GUCY1B3', 'ANAPC4', 'IL3RA', 'YWHAH', 'CNOT6', 'CNOT1', 'CD22', 'NAA38', 'RPS6KA3', 'CDC20', 'ST6GALNAC6', 'PDE10A', 'CNOT8', 'MYLK', 'POLR3F', 'LILRB3', 'CANT1', 'AMPD1', 'TREM2', 'DCP1B', 'SPDYA', 'MAD2L2', 'CAMK2G', 'CD79B', 'PIK3R2', 'PNOC', 'IFITM1', 'RELA'] : 0.010708795770077401
2025-06-10 18:53:06,720 - OriginalGA - Individual 10: ['POTEF', 'PPP1CB', 'CCR7', 'RIPK1', 'FASLG', 'PPP3R2', 'PDE9A', 'GUCY1B3', 'ANAPC4', 'IL3RA', 'YWHAH', 'CNOT6', 'CNOT1', 'CD22', 'RPS6KA3', 'CDC20', 'ST6GALNAC6', 'PDE10A', 'CNOT8', 'CARD11', 'POLR3F', 'LILRB3', 'CANT1', 'AMPD1', 'TREM2', 'DCP1B', 'SPDYA', 'MAD2L2', 'CAMK2G', 'CD79B', 'PIK3R2', 'PNOC', 'IFITM1', 'RELA'] : 0.01397444342319342
2025-06-10 18:53:06,728 - OriginalGA - Evolution completed successfully
2025-06-10 18:53:06,728 - OriginalGA - Best solution: ['POTEF', 'PPP1CB', 'CCR7', 'RIPK1', 'FASLG', 'PPP3R2', 'PDE9A', 'GUCY1B3', 'ANAPC4', 'IL3RA', 'YWHAH', 'CNOT6', 'CNOT1', 'CD22', 'RPS6KA3', 'CDC20', 'ST6GALNAC6', 'PDE10A', 'CNOT8', 'CARD11', 'POLR3F', 'LILRB3', 'CANT1', 'AMPD1', 'TREM2', 'DCP1B', 'SPDYA', 'MAD2L2', 'CAMK2G', 'CD79B', 'PIK3R2', 'PNOC', 'IFITM1', 'RELA'] : 0.01397444342319342
2025-06-10 18:53:06,728 - OriginalGA - Duration: 0:00:04.090368
2025-06-10 18:53:06,914 - OriginalGA - Results saved to results_original.xlsx
